#
# There is insufficient memory for the Java Runtime Environment to continue.
# Native memory allocation (malloc) failed to allocate 1019856 bytes for Chunk::new
# Possible reasons:
#   The system is out of physical RAM or swap space
#   The process is running with CompressedOops enabled, and the Java Heap may be blocking the growth of the native heap
# Possible solutions:
#   Reduce memory load on the system
#   Increase physical memory or swap space
#   Check if swap backing store is full
#   Decrease Java heap size (-Xmx/-Xms)
#   Decrease number of Java threads
#   Decrease Java thread stack sizes (-Xss)
#   Set larger code cache with -XX:ReservedCodeCacheSize=
#   JVM is running with Zero Based Compressed Oops mode in which the Java heap is
#     placed in the first 32GB address space. The Java Heap base address is the
#     maximum limit for the native heap growth. Please use -XX:HeapBaseMinAddress
#     to set the Java Heap base and to place the Java Heap above 32GB virtual address.
# This output file may be truncated or incomplete.
#
#  Out of Memory Error (allocation.cpp:389), pid=15920, tid=0x00000000000090e8
#
# JRE version: Java(TM) SE Runtime Environment (8.0_261-b12) (build 1.8.0_261-b12)
# Java VM: Java HotSpot(TM) 64-Bit Server VM (25.261-b12 mixed mode windows-amd64 compressed oops)
# Failed to write core dump. Minidumps are not enabled by default on client versions of Windows
#

---------------  T H R E A D  ---------------

Current thread (0x000001899b41c800):  JavaThread "C2 CompilerThread1" daemon [_thread_in_native, id=37096, stack(0x0000006a36700000,0x0000006a36800000)]

Stack: [0x0000006a36700000,0x0000006a36800000]
Native frames: (J=compiled Java code, j=interpreted, Vv=VM code, C=native code)
V  [jvm.dll+0x33e5f9]
V  [jvm.dll+0x2850e2]
V  [jvm.dll+0x285d8d]
V  [jvm.dll+0x27c895]
V  [jvm.dll+0xe4d6c]
V  [jvm.dll+0xe556c]
V  [jvm.dll+0x461812]
V  [jvm.dll+0x49cc3d]
V  [jvm.dll+0x450e26]
V  [jvm.dll+0x44eb84]
V  [jvm.dll+0x439bc7]
V  [jvm.dll+0xbbbcb]
V  [jvm.dll+0xba22b]
V  [jvm.dll+0x24d962]
V  [jvm.dll+0x2a1cfc]
C  [ucrtbase.dll+0x26c0c]
C  [KERNEL32.DLL+0x155a0]
C  [ntdll.dll+0x485b]


Current CompileTask:
C2:   3954 1776 %     4       miniprojtemplate.GameTimer::handle @ 278 (1780 bytes)


---------------  P R O C E S S  ---------------

Java Threads: ( => current thread )
  0x00000189a5cc0800 JavaThread "Thread-223" [_thread_blocked, id=33416, stack(0x0000006a3b500000,0x0000006a3b600000)]
  0x00000189a5cc2800 JavaThread "Thread-222" [_thread_blocked, id=33460, stack(0x0000006a3b400000,0x0000006a3b500000)]
  0x00000189a5cc2000 JavaThread "Thread-221" [_thread_blocked, id=15884, stack(0x0000006a3b300000,0x0000006a3b400000)]
  0x00000189a5cc5800 JavaThread "Thread-220" [_thread_blocked, id=23200, stack(0x0000006a3b200000,0x0000006a3b300000)]
  0x00000189a5cc6800 JavaThread "Thread-219" [_thread_blocked, id=17924, stack(0x0000006a3b100000,0x0000006a3b200000)]
  0x00000189a5cc1000 JavaThread "Thread-218" [_thread_blocked, id=20648, stack(0x0000006a3b000000,0x0000006a3b100000)]
  0x00000189a5cc4000 JavaThread "Thread-217" [_thread_blocked, id=9852, stack(0x0000006a3af00000,0x0000006a3b000000)]
  0x00000189a5cbf800 JavaThread "Thread-216" [_thread_blocked, id=38736, stack(0x0000006a3ae00000,0x0000006a3af00000)]
  0x00000189a5cc3800 JavaThread "Thread-215" [_thread_blocked, id=18068, stack(0x0000006a3ad00000,0x0000006a3ae00000)]
  0x00000189a5cc5000 JavaThread "Thread-214" [_thread_blocked, id=28988, stack(0x0000006a3ac00000,0x0000006a3ad00000)]
  0x00000189a5cb8000 JavaThread "Thread-213" [_thread_blocked, id=30976, stack(0x0000006a3ab00000,0x0000006a3ac00000)]
  0x00000189a5cbd800 JavaThread "Thread-212" [_thread_blocked, id=28748, stack(0x0000006a3aa00000,0x0000006a3ab00000)]
  0x00000189a5cbc800 JavaThread "Thread-211" [_thread_blocked, id=9028, stack(0x0000006a3a900000,0x0000006a3aa00000)]
  0x00000189a5cbc000 JavaThread "Thread-210" [_thread_blocked, id=6612, stack(0x0000006a3a800000,0x0000006a3a900000)]
  0x00000189a5cb9000 JavaThread "Thread-209" [_thread_blocked, id=17116, stack(0x0000006a3a700000,0x0000006a3a800000)]
  0x00000189a5cbe000 JavaThread "Thread-208" [_thread_blocked, id=11584, stack(0x0000006a3a600000,0x0000006a3a700000)]
  0x00000189a5cba800 JavaThread "Thread-207" [_thread_blocked, id=28804, stack(0x0000006a3a500000,0x0000006a3a600000)]
  0x00000189a5cb9800 JavaThread "Thread-206" [_thread_blocked, id=9116, stack(0x0000006a3a400000,0x0000006a3a500000)]
  0x00000189a5cbf000 JavaThread "Thread-205" [_thread_blocked, id=16176, stack(0x0000006a3a300000,0x0000006a3a400000)]
  0x00000189a5cb7800 JavaThread "Thread-204" [_thread_blocked, id=2596, stack(0x0000006a3a200000,0x0000006a3a300000)]
  0x00000189a5cbb000 JavaThread "Thread-203" [_thread_blocked, id=31396, stack(0x0000006a3a100000,0x0000006a3a200000)]
  0x00000189a5b27800 JavaThread "Thread-202" [_thread_blocked, id=11588, stack(0x0000006a3a000000,0x0000006a3a100000)]
  0x00000189a5b24800 JavaThread "Thread-201" [_thread_blocked, id=32544, stack(0x0000006a39f00000,0x0000006a3a000000)]
  0x00000189a5b23800 JavaThread "Thread-200" [_thread_blocked, id=38328, stack(0x0000006a39e00000,0x0000006a39f00000)]
  0x00000189a5b2a800 JavaThread "Thread-199" [_thread_blocked, id=15972, stack(0x0000006a39d00000,0x0000006a39e00000)]
  0x00000189a5b26000 JavaThread "Thread-198" [_thread_blocked, id=11328, stack(0x0000006a39c00000,0x0000006a39d00000)]
  0x00000189a5b23000 JavaThread "Thread-197" [_thread_blocked, id=22544, stack(0x0000006a39b00000,0x0000006a39c00000)]
  0x00000189a5b29000 JavaThread "Thread-196" [_thread_blocked, id=32536, stack(0x0000006a39a00000,0x0000006a39b00000)]
  0x00000189a5b29800 JavaThread "Thread-195" [_thread_blocked, id=19348, stack(0x0000006a39900000,0x0000006a39a00000)]
  0x00000189a5b25000 JavaThread "Thread-194" [_thread_blocked, id=16456, stack(0x0000006a39800000,0x0000006a39900000)]
  0x00000189a5b26800 JavaThread "Thread-193" [_thread_blocked, id=3888, stack(0x0000006a39700000,0x0000006a39800000)]
  0x00000189a5b28000 JavaThread "Thread-192" [_thread_blocked, id=13596, stack(0x0000006a39600000,0x0000006a39700000)]
  0x00000189a5b1b800 JavaThread "Thread-191" [_thread_blocked, id=31176, stack(0x0000006a39500000,0x0000006a39600000)]
  0x00000189a5b22000 JavaThread "Thread-190" [_thread_blocked, id=37088, stack(0x0000006a39400000,0x0000006a39500000)]
  0x00000189a5b21800 JavaThread "Thread-189" [_thread_blocked, id=26536, stack(0x0000006a39300000,0x0000006a39400000)]
  0x00000189a5b1f000 JavaThread "Thread-188" [_thread_blocked, id=17688, stack(0x0000006a39200000,0x0000006a39300000)]
  0x00000189a5b1e800 JavaThread "Thread-187" [_thread_blocked, id=23884, stack(0x0000006a39100000,0x0000006a39200000)]
  0x00000189a5b1d800 JavaThread "Thread-186" [_thread_blocked, id=38840, stack(0x0000006a39000000,0x0000006a39100000)]
  0x00000189a5b20800 JavaThread "Thread-185" [_thread_blocked, id=15436, stack(0x0000006a38f00000,0x0000006a39000000)]
  0x00000189a5b1c000 JavaThread "Thread-184" [_thread_blocked, id=10616, stack(0x0000006a38e00000,0x0000006a38f00000)]
  0x00000189a5b20000 JavaThread "Thread-183" [_thread_blocked, id=36224, stack(0x0000006a38d00000,0x0000006a38e00000)]
  0x00000189a5b1d000 JavaThread "Thread-182" [_thread_blocked, id=32044, stack(0x0000006a38c00000,0x0000006a38d00000)]
  0x000001899e41d800 JavaThread "Timer-0" daemon [_thread_blocked, id=31272, stack(0x0000006a38200000,0x0000006a38300000)]
  0x000001899e41a800 JavaThread "Media Resource Disposer" daemon [_thread_blocked, id=29168, stack(0x0000006a38100000,0x0000006a38200000)]
  0x000001899e41a000 JavaThread "Prism Font Disposer" daemon [_thread_blocked, id=4580, stack(0x0000006a38000000,0x0000006a38100000)]
  0x000001899e412800 JavaThread "JFXMedia Player EventQueueThread" daemon [_thread_blocked, id=2936, stack(0x0000006a37700000,0x0000006a37800000)]
  0x000001899e419000 JavaThread "Thread-3" daemon [_thread_in_native, id=34136, stack(0x0000006a37200000,0x0000006a37300000)]
  0x000001899e411800 JavaThread "JavaFX-Launcher" [_thread_blocked, id=1144, stack(0x0000006a37300000,0x0000006a37400000)]
  0x000001899df94800 JavaThread "JavaFX Application Thread" [_thread_in_native, id=36568, stack(0x0000006a36f00000,0x0000006a37000000)]
  0x0000018980671800 JavaThread "Thread-1" daemon [_thread_blocked, id=21432, stack(0x0000006a36e00000,0x0000006a36f00000)]
  0x000001899df52000 JavaThread "QuantumRenderer-0" daemon [_thread_in_native, id=28176, stack(0x0000006a36c00000,0x0000006a36d00000)]
  0x000001899b45e800 JavaThread "Service Thread" daemon [_thread_blocked, id=17240, stack(0x0000006a36a00000,0x0000006a36b00000)]
  0x000001899b433000 JavaThread "C1 CompilerThread3" daemon [_thread_blocked, id=3056, stack(0x0000006a36900000,0x0000006a36a00000)]
  0x000001899b427800 JavaThread "C2 CompilerThread2" daemon [_thread_blocked, id=5240, stack(0x0000006a36800000,0x0000006a36900000)]
=>0x000001899b41c800 JavaThread "C2 CompilerThread1" daemon [_thread_in_native, id=37096, stack(0x0000006a36700000,0x0000006a36800000)]
  0x000001899b41a800 JavaThread "C2 CompilerThread0" daemon [_thread_blocked, id=20576, stack(0x0000006a36600000,0x0000006a36700000)]
  0x000001899b417800 JavaThread "Attach Listener" daemon [_thread_blocked, id=8612, stack(0x0000006a36500000,0x0000006a36600000)]
  0x000001899b417000 JavaThread "Signal Dispatcher" daemon [_thread_blocked, id=17764, stack(0x0000006a36400000,0x0000006a36500000)]
  0x000001899b3f7000 JavaThread "Finalizer" daemon [_thread_blocked, id=780, stack(0x0000006a36300000,0x0000006a36400000)]
  0x000001899b3cf800 JavaThread "Reference Handler" daemon [_thread_blocked, id=10336, stack(0x0000006a36200000,0x0000006a36300000)]
  0x00000189806a1800 JavaThread "main" [_thread_blocked, id=27728, stack(0x0000006a35600000,0x0000006a35700000)]

Other Threads:
  0x000001899b3c6800 VMThread [stack: 0x0000006a36100000,0x0000006a36200000] [id=19136]
  0x000001899d932800 WatcherThread [stack: 0x0000006a36b00000,0x0000006a36c00000] [id=15632]

VM state:not at safepoint (normal execution)

VM Mutex/Monitor currently owned by a thread: None

heap address: 0x00000006c2c00000, size: 4052 MB, Compressed Oops mode: Zero based, Oop shift amount: 3
Narrow klass base: 0x0000000000000000, Narrow klass shift: 3
Compressed class space size: 1073741824 Address: 0x00000007c0000000

Heap:
 PSYoungGen      total 258560K, used 67093K [0x000000076b980000, 0x000000077c000000, 0x00000007c0000000)
  eden space 251392K, 25% used [0x000000076b980000,0x000000076f7c0a28,0x000000077af00000)
  from space 7168K, 46% used [0x000000077b900000,0x000000077bc44a90,0x000000077c000000)
  to   space 8704K, 0% used [0x000000077af00000,0x000000077af00000,0x000000077b780000)
 ParOldGen       total 278528K, used 196363K [0x00000006c2c00000, 0x00000006d3c00000, 0x000000076b980000)
  object space 278528K, 70% used [0x00000006c2c00000,0x00000006cebc2f40,0x00000006d3c00000)
 Metaspace       used 14934K, capacity 15510K, committed 15616K, reserved 1062912K
  class space    used 2032K, capacity 2207K, committed 2304K, reserved 1048576K

Card table byte_map: [0x0000018991540000,0x0000018991d30000] byte_map_base: 0x000001898df2a000

Marking Bits: (ParMarkBitMap*) 0x000000006bb84fb0
 Begin Bits: [0x0000018992280000, 0x00000189961d0000)
 End Bits:   [0x00000189961d0000, 0x000001899a120000)

Polling page: 0x0000018982150000

CodeCache: size=245760Kb used=6161Kb max_used=6173Kb free=239598Kb
 bounds [0x0000018982180000, 0x0000018982790000, 0x0000018991180000]
 total_blobs=2468 nmethods=1800 adapters=580
 compilation: enabled

Compilation events (10 events):
Event: 3.939 Thread 0x000001899b433000 1786       3       com.sun.javafx.text.PrismTextLayout::initCache (276 bytes)
Event: 3.939 Thread 0x000001899b433000 nmethod 1786 0x00000189827740d0 code [0x00000189827742c0, 0x0000018982774e20]
Event: 3.939 Thread 0x000001899b433000 1787       3       com.sun.javafx.text.PrismTextLayout::getText (112 bytes)
Event: 3.939 Thread 0x000001899b433000 nmethod 1787 0x0000018982773310 code [0x00000189827734e0, 0x0000018982773d30]
Event: 3.939 Thread 0x000001899b433000 1789   !   3       com.sun.javafx.text.GlyphLayout::getInstance (42 bytes)
Event: 3.939 Thread 0x000001899b433000 nmethod 1789 0x0000018982782850 code [0x0000018982782a20, 0x00000189827830a0]
Event: 3.939 Thread 0x000001899b433000 1790       3       com.sun.javafx.text.GlyphLayout::dispose (12 bytes)
Event: 3.939 Thread 0x000001899b433000 nmethod 1790 0x0000018982772ed0 code [0x0000018982773020, 0x00000189827731d8]
Event: 3.939 Thread 0x000001899b433000 1791       3       com.sun.javafx.text.PrismTextLayout::isSimpleLayout (51 bytes)
Event: 3.939 Thread 0x000001899b433000 nmethod 1791 0x000001898277c750 code [0x000001898277c8c0, 0x000001898277cb78]

GC Heap History (10 events):
Event: 1.587 GC heap before
{Heap before GC invocations=3 (full 0):
 PSYoungGen      total 75776K, used 52710K [0x000000076b980000, 0x0000000774d80000, 0x00000007c0000000)
  eden space 65024K, 72% used [0x000000076b980000,0x000000076e7c8b30,0x000000076f900000)
  from space 10752K, 49% used [0x0000000770380000,0x00000007708b0fa0,0x0000000770e00000)
  to   space 10752K, 0% used [0x000000076f900000,0x000000076f900000,0x0000000770380000)
 ParOldGen       total 173568K, used 45024K [0x00000006c2c00000, 0x00000006cd580000, 0x000000076b980000)
  object space 173568K, 25% used [0x00000006c2c00000,0x00000006c57f8020,0x00000006cd580000)
 Metaspace       used 9298K, capacity 9568K, committed 9856K, reserved 1058816K
  class space    used 1201K, capacity 1305K, committed 1408K, reserved 1048576K
Event: 1.599 GC heap after
Heap after GC invocations=3 (full 0):
 PSYoungGen      total 75776K, used 5283K [0x000000076b980000, 0x0000000774d80000, 0x00000007c0000000)
  eden space 65024K, 0% used [0x000000076b980000,0x000000076b980000,0x000000076f900000)
  from space 10752K, 49% used [0x000000076f900000,0x000000076fe28fa0,0x0000000770380000)
  to   space 10752K, 0% used [0x0000000774300000,0x0000000774300000,0x0000000774d80000)
 ParOldGen       total 173568K, used 90032K [0x00000006c2c00000, 0x00000006cd580000, 0x000000076b980000)
  object space 173568K, 51% used [0x00000006c2c00000,0x00000006c83ec040,0x00000006cd580000)
 Metaspace       used 9298K, capacity 9568K, committed 9856K, reserved 1058816K
  class space    used 1201K, capacity 1305K, committed 1408K, reserved 1048576K
}
Event: 1.613 GC heap before
{Heap before GC invocations=4 (full 0):
 PSYoungGen      total 75776K, used 51880K [0x000000076b980000, 0x0000000774d80000, 0x00000007c0000000)
  eden space 65024K, 71% used [0x000000076b980000,0x000000076e701120,0x000000076f900000)
  from space 10752K, 49% used [0x000000076f900000,0x000000076fe28fa0,0x0000000770380000)
  to   space 10752K, 0% used [0x0000000774300000,0x0000000774300000,0x0000000774d80000)
 ParOldGen       total 173568K, used 90032K [0x00000006c2c00000, 0x00000006cd580000, 0x000000076b980000)
  object space 173568K, 51% used [0x00000006c2c00000,0x00000006c83ec040,0x00000006cd580000)
 Metaspace       used 9298K, capacity 9568K, committed 9856K, reserved 1058816K
  class space    used 1201K, capacity 1305K, committed 1408K, reserved 1048576K
Event: 1.625 GC heap after
Heap after GC invocations=4 (full 0):
 PSYoungGen      total 140800K, used 5235K [0x000000076b980000, 0x0000000774d80000, 0x00000007c0000000)
  eden space 130048K, 0% used [0x000000076b980000,0x000000076b980000,0x0000000773880000)
  from space 10752K, 48% used [0x0000000774300000,0x000000077481cfb0,0x0000000774d80000)
  to   space 10752K, 0% used [0x0000000773880000,0x0000000773880000,0x0000000774300000)
 ParOldGen       total 173568K, used 135032K [0x00000006c2c00000, 0x00000006cd580000, 0x000000076b980000)
  object space 173568K, 77% used [0x00000006c2c00000,0x00000006cafde060,0x00000006cd580000)
 Metaspace       used 9298K, capacity 9568K, committed 9856K, reserved 1058816K
  class space    used 1201K, capacity 1305K, committed 1408K, reserved 1048576K
}
Event: 1.625 GC heap before
{Heap before GC invocations=5 (full 1):
 PSYoungGen      total 140800K, used 5235K [0x000000076b980000, 0x0000000774d80000, 0x00000007c0000000)
  eden space 130048K, 0% used [0x000000076b980000,0x000000076b980000,0x0000000773880000)
  from space 10752K, 48% used [0x0000000774300000,0x000000077481cfb0,0x0000000774d80000)
  to   space 10752K, 0% used [0x0000000773880000,0x0000000773880000,0x0000000774300000)
 ParOldGen       total 173568K, used 135032K [0x00000006c2c00000, 0x00000006cd580000, 0x000000076b980000)
  object space 173568K, 77% used [0x00000006c2c00000,0x00000006cafde060,0x00000006cd580000)
 Metaspace       used 9298K, capacity 9568K, committed 9856K, reserved 1058816K
  class space    used 1201K, capacity 1305K, committed 1408K, reserved 1048576K
Event: 1.645 GC heap after
Heap after GC invocations=5 (full 1):
 PSYoungGen      total 140800K, used 0K [0x000000076b980000, 0x0000000774d80000, 0x00000007c0000000)
  eden space 130048K, 0% used [0x000000076b980000,0x000000076b980000,0x0000000773880000)
  from space 10752K, 0% used [0x0000000774300000,0x0000000774300000,0x0000000774d80000)
  to   space 10752K, 0% used [0x0000000773880000,0x0000000773880000,0x0000000774300000)
 ParOldGen       total 278528K, used 140088K [0x00000006c2c00000, 0x00000006d3c00000, 0x000000076b980000)
  object space 278528K, 50% used [0x00000006c2c00000,0x00000006cb4ce2f0,0x00000006d3c00000)
 Metaspace       used 9298K, capacity 9568K, committed 9856K, reserved 1058816K
  class space    used 1201K, capacity 1305K, committed 1408K, reserved 1048576K
}
Event: 2.726 GC heap before
{Heap before GC invocations=6 (full 1):
 PSYoungGen      total 140800K, used 130048K [0x000000076b980000, 0x0000000774d80000, 0x00000007c0000000)
  eden space 130048K, 100% used [0x000000076b980000,0x0000000773880000,0x0000000773880000)
  from space 10752K, 0% used [0x0000000774300000,0x0000000774300000,0x0000000774d80000)
  to   space 10752K, 0% used [0x0000000773880000,0x0000000773880000,0x0000000774300000)
 ParOldGen       total 278528K, used 140088K [0x00000006c2c00000, 0x00000006d3c00000, 0x000000076b980000)
  object space 278528K, 50% used [0x00000006c2c00000,0x00000006cb4ce2f0,0x00000006d3c00000)
 Metaspace       used 14184K, capacity 14746K, committed 14976K, reserved 1062912K
  class space    used 1987K, capacity 2133K, committed 2176K, reserved 1048576K
Event: 2.741 GC heap after
Heap after GC invocations=6 (full 1):
 PSYoungGen      total 140800K, used 8462K [0x000000076b980000, 0x000000077c100000, 0x00000007c0000000)
  eden space 130048K, 0% used [0x000000076b980000,0x000000076b980000,0x0000000773880000)
  from space 10752K, 78% used [0x0000000773880000,0x00000007740c3aa0,0x0000000774300000)
  to   space 8192K, 0% used [0x000000077b900000,0x000000077b900000,0x000000077c100000)
 ParOldGen       total 278528K, used 168224K [0x00000006c2c00000, 0x00000006d3c00000, 0x000000076b980000)
  object space 278528K, 60% used [0x00000006c2c00000,0x00000006cd048310,0x00000006d3c00000)
 Metaspace       used 14184K, capacity 14746K, committed 14976K, reserved 1062912K
  class space    used 1987K, capacity 2133K, committed 2176K, reserved 1048576K
}
Event: 3.415 GC heap before
{Heap before GC invocations=7 (full 1):
 PSYoungGen      total 140800K, used 138510K [0x000000076b980000, 0x000000077c100000, 0x00000007c0000000)
  eden space 130048K, 100% used [0x000000076b980000,0x0000000773880000,0x0000000773880000)
  from space 10752K, 78% used [0x0000000773880000,0x00000007740c3aa0,0x0000000774300000)
  to   space 8192K, 0% used [0x000000077b900000,0x000000077b900000,0x000000077c100000)
 ParOldGen       total 278528K, used 168224K [0x00000006c2c00000, 0x00000006d3c00000, 0x000000076b980000)
  object space 278528K, 60% used [0x00000006c2c00000,0x00000006cd048310,0x00000006d3c00000)
 Metaspace       used 14604K, capacity 15238K, committed 15360K, reserved 1062912K
  class space    used 2031K, capacity 2207K, committed 2304K, reserved 1048576K
Event: 3.426 GC heap after
Heap after GC invocations=7 (full 1):
 PSYoungGen      total 258560K, used 3346K [0x000000076b980000, 0x000000077c000000, 0x00000007c0000000)
  eden space 251392K, 0% used [0x000000076b980000,0x000000076b980000,0x000000077af00000)
  from space 7168K, 46% used [0x000000077b900000,0x000000077bc44a90,0x000000077c000000)
  to   space 8704K, 0% used [0x000000077af00000,0x000000077af00000,0x000000077b780000)
 ParOldGen       total 278528K, used 196363K [0x00000006c2c00000, 0x00000006d3c00000, 0x000000076b980000)
  object space 278528K, 70% used [0x00000006c2c00000,0x00000006cebc2f40,0x00000006d3c00000)
 Metaspace       used 14604K, capacity 15238K, committed 15360K, reserved 1062912K
  class space    used 2031K, capacity 2207K, committed 2304K, reserved 1048576K
}

Deoptimization events (10 events):
Event: 3.191 Thread 0x000001899df94800 Uncommon trap: reason=predicate action=maybe_recompile pc=0x000001898240dc70 method=com.sun.javafx.iio.gif.GIFImageLoader2.decodePalette([B[[BIIIIII)Ljava/nio/ByteBuffer; @ 35
Event: 3.192 Thread 0x000001899df94800 Uncommon trap: reason=unstable_if action=reinterpret pc=0x00000189824040a4 method=com.sun.javafx.iio.common.RoughScaler.putSourceScanline([BI)Z @ 33
Event: 3.199 Thread 0x000001899df94800 Uncommon trap: reason=unstable_if action=reinterpret pc=0x0000018982414d54 method=com.sun.javafx.image.impl.ByteBgra$ToByteBgraPreConv.doConvert([BII[BIIII)V @ 75
Event: 3.200 Thread 0x000001899df94800 Uncommon trap: reason=unstable_if action=reinterpret pc=0x000001898241d5d0 method=com.sun.javafx.image.impl.ByteBgra$ToByteBgraPreConv.doConvert([BII[BIIII)V @ 75
Event: 3.216 Thread 0x000001899df94800 Uncommon trap: reason=unstable_if action=reinterpret pc=0x0000018982590d1c method=com.sun.javafx.iio.gif.GIFImageLoader2.restoreToBackground([BIIII)V @ 7
Event: 3.275 Thread 0x000001899df94800 Uncommon trap: reason=bimorphic action=maybe_recompile pc=0x000001898259b688 method=java.io.BufferedInputStream.read([BII)I @ 101
Event: 3.275 Thread 0x000001899df94800 Uncommon trap: reason=bimorphic action=maybe_recompile pc=0x000001898259b688 method=java.io.BufferedInputStream.read([BII)I @ 101
Event: 3.275 Thread 0x000001899df94800 Uncommon trap: reason=bimorphic action=maybe_recompile pc=0x000001898259b688 method=java.io.BufferedInputStream.read([BII)I @ 101
Event: 3.275 Thread 0x000001899df94800 Uncommon trap: reason=bimorphic action=maybe_recompile pc=0x000001898259b688 method=java.io.BufferedInputStream.read([BII)I @ 101
Event: 3.393 Thread 0x000001899df94800 Uncommon trap: reason=unstable_if action=reinterpret pc=0x00000189825e97d0 method=java.util.ArrayList$Itr.checkForComodification()V @ 11

Classes redefined (0 events):
No events

Internal exceptions (10 events):
Event: 1.480 Thread 0x000001899df94800 Exception <a 'java/lang/NullPointerException'> (0x000000076ebdbfb0) thrown at [C:\jenkins\workspace\8-2-build-windows-amd64-cygwin\jdk8u261\295\hotspot\src\share\vm\interpreter\linkResolver.cpp, line 1185]
Event: 1.480 Thread 0x000001899df94800 Exception <a 'java/lang/NullPointerException'> (0x000000076ebdbfb0) thrown at [C:\jenkins\workspace\8-2-build-windows-amd64-cygwin\jdk8u261\295\hotspot\src\share\vm\prims\jvm.cpp, line 1516]
Event: 3.393 Thread 0x000001899df94800 Exception <a 'java/util/ConcurrentModificationException'> (0x0000000772fd9e78) thrown at [C:\jenkins\workspace\8-2-build-windows-amd64-cygwin\jdk8u261\295\hotspot\src\share\vm\prims\jvm.cpp, line 1516]
Event: 3.398 Thread 0x000001899df94800 Exception <a 'java/util/ConcurrentModificationException'> (0x0000000772fe0268) thrown at [C:\jenkins\workspace\8-2-build-windows-amd64-cygwin\jdk8u261\295\hotspot\src\share\vm\prims\jvm.cpp, line 1516]
Event: 3.526 Thread 0x000001899df94800 Exception <a 'java/util/ConcurrentModificationException'> (0x000000076bbf5ff8) thrown at [C:\jenkins\workspace\8-2-build-windows-amd64-cygwin\jdk8u261\295\hotspot\src\share\vm\prims\jvm.cpp, line 1516]
Event: 3.528 Thread 0x000001899df94800 Exception <a 'java/util/ConcurrentModificationException'> (0x000000076bbfba28) thrown at [C:\jenkins\workspace\8-2-build-windows-amd64-cygwin\jdk8u261\295\hotspot\src\share\vm\prims\jvm.cpp, line 1516]
Event: 3.764 Thread 0x000001899df94800 Exception <a 'java/util/ConcurrentModificationException'> (0x000000076d4a4a88) thrown at [C:\jenkins\workspace\8-2-build-windows-amd64-cygwin\jdk8u261\295\hotspot\src\share\vm\prims\jvm.cpp, line 1516]
Event: 3.767 Thread 0x000001899df94800 Exception <a 'java/util/ConcurrentModificationException'> (0x000000076d4aa4d0) thrown at [C:\jenkins\workspace\8-2-build-windows-amd64-cygwin\jdk8u261\295\hotspot\src\share\vm\prims\jvm.cpp, line 1516]
Event: 3.782 Thread 0x000001899df94800 Exception <a 'java/util/ConcurrentModificationException'> (0x000000076d4b01b8) thrown at [C:\jenkins\workspace\8-2-build-windows-amd64-cygwin\jdk8u261\295\hotspot\src\share\vm\prims\jvm.cpp, line 1516]
Event: 3.799 Thread 0x000001899df94800 Exception <a 'java/util/ConcurrentModificationException'> (0x000000076d4b5c00) thrown at [C:\jenkins\workspace\8-2-build-windows-amd64-cygwin\jdk8u261\295\hotspot\src\share\vm\prims\jvm.cpp, line 1516]

Events (10 events):
Event: 3.881 Thread 0x00000189a5db7800 Thread added: 0x00000189a5db7800
Event: 3.881 Thread 0x00000189a5db7800 Thread exited: 0x00000189a5db7800
Event: 3.920 Thread 0x00000189a5dae800 Thread added: 0x00000189a5dae800
Event: 3.921 Thread 0x00000189a5dae800 Thread exited: 0x00000189a5dae800
Event: 3.921 Thread 0x00000189a5dae800 Thread added: 0x00000189a5dae800
Event: 3.921 Thread 0x00000189a5dae800 Thread exited: 0x00000189a5dae800
Event: 3.921 Thread 0x00000189a5dae800 Thread added: 0x00000189a5dae800
Event: 3.921 Thread 0x00000189a5dae800 Thread exited: 0x00000189a5dae800
Event: 3.921 Thread 0x00000189a5dae800 Thread added: 0x00000189a5dae800
Event: 3.921 Thread 0x00000189a5dae800 Thread exited: 0x00000189a5dae800


Dynamic libraries:
0x00007ff730cc0000 - 0x00007ff730d07000 	C:\Program Files\Java\jre1.8.0_261\bin\javaw.exe
0x00007ffffc060000 - 0x00007ffffc269000 	C:\WINDOWS\SYSTEM32\ntdll.dll
0x00007ffffae20000 - 0x00007ffffaede000 	C:\WINDOWS\System32\KERNEL32.DLL
0x00007ffff9760000 - 0x00007ffff9adb000 	C:\WINDOWS\System32\KERNELBASE.dll
0x00007ffffa730000 - 0x00007ffffa7de000 	C:\WINDOWS\System32\ADVAPI32.dll
0x00007ffffa3b0000 - 0x00007ffffa453000 	C:\WINDOWS\System32\msvcrt.dll
0x00007ffffa5c0000 - 0x00007ffffa65e000 	C:\WINDOWS\System32\sechost.dll
0x00007ffffb490000 - 0x00007ffffb5b0000 	C:\WINDOWS\System32\RPCRT4.dll
0x00007ffffab80000 - 0x00007ffffad2d000 	C:\WINDOWS\System32\USER32.dll
0x00007ffff9c00000 - 0x00007ffff9c26000 	C:\WINDOWS\System32\win32u.dll
0x00007ffffb070000 - 0x00007ffffb099000 	C:\WINDOWS\System32\GDI32.dll
0x00007ffff9c30000 - 0x00007ffff9d48000 	C:\WINDOWS\System32\gdi32full.dll
0x00007ffff9b60000 - 0x00007ffff9bfd000 	C:\WINDOWS\System32\msvcp_win.dll
0x00007ffff9dc0000 - 0x00007ffff9ed1000 	C:\WINDOWS\System32\ucrtbase.dll
0x00007fffdc480000 - 0x00007fffdc725000 	C:\WINDOWS\WinSxS\amd64_microsoft.windows.common-controls_6595b64144ccf1df_6.0.22000.120_none_9d947278b86cc467\COMCTL32.dll
0x00007ffffaee0000 - 0x00007ffffaf12000 	C:\WINDOWS\System32\IMM32.DLL
0x00007ffff6350000 - 0x00007ffff6365000 	C:\Program Files\Java\jre1.8.0_261\bin\vcruntime140.dll
0x00007fffe7be0000 - 0x00007fffe7c7b000 	C:\Program Files\Java\jre1.8.0_261\bin\msvcp140.dll
0x000000006b390000 - 0x000000006bbfc000 	C:\Program Files\Java\jre1.8.0_261\bin\server\jvm.dll
0x00007ffffb060000 - 0x00007ffffb068000 	C:\WINDOWS\System32\PSAPI.DLL
0x00007ffff68d0000 - 0x00007ffff68d9000 	C:\WINDOWS\SYSTEM32\WSOCK32.dll
0x00007fffe8e50000 - 0x00007fffe8e83000 	C:\WINDOWS\SYSTEM32\WINMM.dll
0x00007ffff4310000 - 0x00007ffff431a000 	C:\WINDOWS\SYSTEM32\VERSION.dll
0x00007ffffa460000 - 0x00007ffffa4cf000 	C:\WINDOWS\System32\WS2_32.dll
0x00007ffff8660000 - 0x00007ffff8678000 	C:\WINDOWS\SYSTEM32\kernel.appcore.dll
0x00007ffff68a0000 - 0x00007ffff68b0000 	C:\Program Files\Java\jre1.8.0_261\bin\verify.dll
0x00007ffff4520000 - 0x00007ffff454b000 	C:\Program Files\Java\jre1.8.0_261\bin\java.dll
0x00007ffff4ba0000 - 0x00007ffff4bb8000 	C:\Program Files\Java\jre1.8.0_261\bin\zip.dll
0x00007ffffb6b0000 - 0x00007ffffbe67000 	C:\WINDOWS\System32\SHELL32.dll
0x00007ffff75f0000 - 0x00007ffff7e55000 	C:\WINDOWS\SYSTEM32\windows.storage.dll
0x00007ffffa7e0000 - 0x00007ffffab58000 	C:\WINDOWS\System32\combase.dll
0x00007ffff7480000 - 0x00007ffff75e6000 	C:\WINDOWS\SYSTEM32\wintypes.dll
0x00007ffffad30000 - 0x00007ffffae1a000 	C:\WINDOWS\System32\SHCORE.dll
0x00007ffffa350000 - 0x00007ffffa3ad000 	C:\WINDOWS\System32\shlwapi.dll
0x00007ffff9460000 - 0x00007ffff9481000 	C:\WINDOWS\SYSTEM32\profapi.dll
0x000001899dcb0000 - 0x000001899dcb3000 	C:\Program Files\Java\jre1.8.0_261\bin\api-ms-win-core-console-l1-1-0.dll
0x000001899dcc0000 - 0x000001899dcc3000 	C:\Program Files\Java\jre1.8.0_261\bin\api-ms-win-core-datetime-l1-1-0.dll
0x000001899dcd0000 - 0x000001899dcd3000 	C:\Program Files\Java\jre1.8.0_261\bin\api-ms-win-core-debug-l1-1-0.dll
0x000001899dce0000 - 0x000001899dce3000 	C:\Program Files\Java\jre1.8.0_261\bin\api-ms-win-core-errorhandling-l1-1-0.dll
0x000001899dcf0000 - 0x000001899dcf4000 	C:\Program Files\Java\jre1.8.0_261\bin\api-ms-win-core-file-l1-1-0.dll
0x000001899dd00000 - 0x000001899dd03000 	C:\Program Files\Java\jre1.8.0_261\bin\api-ms-win-core-file-l1-2-0.dll
0x000001899dd10000 - 0x000001899dd13000 	C:\Program Files\Java\jre1.8.0_261\bin\api-ms-win-core-file-l2-1-0.dll
0x000001899dd20000 - 0x000001899dd23000 	C:\Program Files\Java\jre1.8.0_261\bin\api-ms-win-core-handle-l1-1-0.dll
0x000001899dd30000 - 0x000001899dd33000 	C:\Program Files\Java\jre1.8.0_261\bin\api-ms-win-core-heap-l1-1-0.dll
0x000001899dd40000 - 0x000001899dd43000 	C:\Program Files\Java\jre1.8.0_261\bin\api-ms-win-core-interlocked-l1-1-0.dll
0x000001899dd50000 - 0x000001899dd53000 	C:\Program Files\Java\jre1.8.0_261\bin\api-ms-win-core-libraryloader-l1-1-0.dll
0x000001899dd60000 - 0x000001899dd63000 	C:\Program Files\Java\jre1.8.0_261\bin\api-ms-win-core-localization-l1-2-0.dll
0x000001899dd70000 - 0x000001899dd73000 	C:\Program Files\Java\jre1.8.0_261\bin\api-ms-win-core-memory-l1-1-0.dll
0x000001899dd80000 - 0x000001899dd83000 	C:\Program Files\Java\jre1.8.0_261\bin\api-ms-win-core-namedpipe-l1-1-0.dll
0x000001899dd90000 - 0x000001899dd93000 	C:\Program Files\Java\jre1.8.0_261\bin\api-ms-win-core-processenvironment-l1-1-0.dll
0x000001899dda0000 - 0x000001899dda3000 	C:\Program Files\Java\jre1.8.0_261\bin\api-ms-win-core-processthreads-l1-1-0.dll
0x000001899ddb0000 - 0x000001899ddb3000 	C:\Program Files\Java\jre1.8.0_261\bin\api-ms-win-core-processthreads-l1-1-1.dll
0x000001899ddc0000 - 0x000001899ddc3000 	C:\Program Files\Java\jre1.8.0_261\bin\api-ms-win-core-profile-l1-1-0.dll
0x000001899ddd0000 - 0x000001899ddd3000 	C:\Program Files\Java\jre1.8.0_261\bin\api-ms-win-core-rtlsupport-l1-1-0.dll
0x000001899dde0000 - 0x000001899dde3000 	C:\Program Files\Java\jre1.8.0_261\bin\api-ms-win-core-string-l1-1-0.dll
0x000001899ddf0000 - 0x000001899ddf3000 	C:\Program Files\Java\jre1.8.0_261\bin\api-ms-win-core-synch-l1-1-0.dll
0x000001899de00000 - 0x000001899de03000 	C:\Program Files\Java\jre1.8.0_261\bin\api-ms-win-core-synch-l1-2-0.dll
0x000001899de10000 - 0x000001899de13000 	C:\Program Files\Java\jre1.8.0_261\bin\api-ms-win-core-sysinfo-l1-1-0.dll
0x000001899de20000 - 0x000001899de23000 	C:\Program Files\Java\jre1.8.0_261\bin\api-ms-win-core-timezone-l1-1-0.dll
0x000001899de30000 - 0x000001899de33000 	C:\Program Files\Java\jre1.8.0_261\bin\api-ms-win-core-util-l1-1-0.dll
0x000001899de40000 - 0x000001899de43000 	C:\Program Files\Java\jre1.8.0_261\bin\api-ms-win-crt-conio-l1-1-0.dll
0x000001899de50000 - 0x000001899de54000 	C:\Program Files\Java\jre1.8.0_261\bin\api-ms-win-crt-convert-l1-1-0.dll
0x000001899de60000 - 0x000001899de63000 	C:\Program Files\Java\jre1.8.0_261\bin\api-ms-win-crt-environment-l1-1-0.dll
0x000001899de70000 - 0x000001899de73000 	C:\Program Files\Java\jre1.8.0_261\bin\api-ms-win-crt-filesystem-l1-1-0.dll
0x000001899de80000 - 0x000001899de83000 	C:\Program Files\Java\jre1.8.0_261\bin\api-ms-win-crt-heap-l1-1-0.dll
0x000001899de90000 - 0x000001899de93000 	C:\Program Files\Java\jre1.8.0_261\bin\api-ms-win-crt-locale-l1-1-0.dll
0x000001899dea0000 - 0x000001899dea5000 	C:\Program Files\Java\jre1.8.0_261\bin\api-ms-win-crt-math-l1-1-0.dll
0x000001899deb0000 - 0x000001899deb5000 	C:\Program Files\Java\jre1.8.0_261\bin\api-ms-win-crt-multibyte-l1-1-0.dll
0x000001899dec0000 - 0x000001899ded0000 	C:\Program Files\Java\jre1.8.0_261\bin\api-ms-win-crt-private-l1-1-0.dll
0x000001899ded0000 - 0x000001899ded3000 	C:\Program Files\Java\jre1.8.0_261\bin\api-ms-win-crt-process-l1-1-0.dll
0x000001899dee0000 - 0x000001899dee4000 	C:\Program Files\Java\jre1.8.0_261\bin\api-ms-win-crt-runtime-l1-1-0.dll
0x000001899def0000 - 0x000001899def4000 	C:\Program Files\Java\jre1.8.0_261\bin\api-ms-win-crt-stdio-l1-1-0.dll
0x000001899df00000 - 0x000001899df04000 	C:\Program Files\Java\jre1.8.0_261\bin\api-ms-win-crt-string-l1-1-0.dll
0x000001899df10000 - 0x000001899df13000 	C:\Program Files\Java\jre1.8.0_261\bin\api-ms-win-crt-time-l1-1-0.dll
0x000001899df20000 - 0x000001899df23000 	C:\Program Files\Java\jre1.8.0_261\bin\api-ms-win-crt-utility-l1-1-0.dll
0x00007fffe6840000 - 0x00007fffe693c000 	C:\Program Files\Java\jre1.8.0_261\bin\ucrtbase.dll
0x00007fffe79c0000 - 0x00007fffe7a11000 	C:\Program Files\Java\jre1.8.0_261\bin\concrt140.dll
0x00007fffe7f80000 - 0x00007fffe7fa3000 	C:\Program Files\Java\jre1.8.0_261\bin\prism_d3d.dll
0x00007fffd9ec0000 - 0x00007fffda066000 	C:\WINDOWS\system32\d3d9.dll
0x00007ffff6fb0000 - 0x00007ffff6fdf000 	C:\WINDOWS\SYSTEM32\dwmapi.dll
0x00007ffff6df0000 - 0x00007ffff6e28000 	C:\WINDOWS\SYSTEM32\dxcore.dll
0x00007ffff6b40000 - 0x00007ffff6bec000 	C:\WINDOWS\system32\uxtheme.dll
0x00007ffff2ce0000 - 0x00007ffff2d24000 	C:\WINDOWS\SYSTEM32\directxdatabasehelper.dll
0x00007ffff8680000 - 0x00007ffff86b4000 	C:\WINDOWS\SYSTEM32\ntmarta.dll
0x00007ffff8dc0000 - 0x00007ffff8dd2000 	C:\WINDOWS\SYSTEM32\msasn1.dll
0x00007ffff14b0000 - 0x00007ffff14e1000 	C:\WINDOWS\SYSTEM32\cryptnet.dll
0x00007ffff9530000 - 0x00007ffff9692000 	C:\WINDOWS\System32\CRYPT32.dll
0x00007ffff8d50000 - 0x00007ffff8d5c000 	C:\WINDOWS\SYSTEM32\cryptbase.dll
0x00007ffff9d50000 - 0x00007ffff9db8000 	C:\WINDOWS\System32\WINTRUST.DLL
0x00007ffffb5b0000 - 0x00007ffffb5cf000 	C:\WINDOWS\System32\imagehlp.dll
0x00007ffff8d30000 - 0x00007ffff8d48000 	C:\WINDOWS\SYSTEM32\CRYPTSP.dll
0x00007ffff85c0000 - 0x00007ffff85f5000 	C:\WINDOWS\system32\rsaenh.dll
0x00007ffff9ae0000 - 0x00007ffff9b5f000 	C:\WINDOWS\System32\bcryptPrimitives.dll
0x00007ffff8f10000 - 0x00007ffff8f37000 	C:\WINDOWS\SYSTEM32\bcrypt.dll
0x00007fffd8180000 - 0x00007fffd81c5000 	C:\Program Files\Java\jre1.8.0_261\bin\glass.dll
0x00007ffffa4d0000 - 0x00007ffffa5bc000 	C:\WINDOWS\System32\COMDLG32.dll
0x00007ffffbe80000 - 0x00007ffffc01a000 	C:\WINDOWS\System32\ole32.dll
0x00007ffffaf80000 - 0x00007ffffb056000 	C:\WINDOWS\System32\OLEAUT32.dll
0x00007fffb26a0000 - 0x00007fffb27d9000 	C:\ProgramData\A-Volute\A-Volute.Nahimic\Modules\Scheduled\x64\AudioDevProps2.dll
0x00007ffffb260000 - 0x00007ffffb37d000 	C:\WINDOWS\System32\MSCTF.dll
0x00007fffbe9a0000 - 0x00007fffbeab7000 	C:\WINDOWS\System32\DriverStore\FileRepository\nvmii.inf_amd64_417542b70c8bb20a\nvldumdx.dll
0x00007ffff1360000 - 0x00007ffff14a9000 	C:\WINDOWS\SYSTEM32\drvstore.dll
0x00007ffff9270000 - 0x00007ffff929c000 	C:\WINDOWS\SYSTEM32\devobj.dll
0x00007ffff9220000 - 0x00007ffff926c000 	C:\WINDOWS\SYSTEM32\cfgmgr32.dll
0x00007ffff8e50000 - 0x00007ffff8e91000 	C:\WINDOWS\SYSTEM32\wldp.dll
0x00007fff8aa00000 - 0x00007fff8c20a000 	C:\WINDOWS\System32\DriverStore\FileRepository\nvmii.inf_amd64_417542b70c8bb20a\nvd3dumx.dll
0x00007fff93450000 - 0x00007fff93717000 	C:\WINDOWS\system32\nvspcap64.dll
0x00007ffff8b70000 - 0x00007ffff8b94000 	C:\WINDOWS\SYSTEM32\gpapi.dll
0x00007fffb1c70000 - 0x00007fffb1e1f000 	C:\WINDOWS\System32\DriverStore\FileRepository\iigd_dch.inf_amd64_51f685305808e3a5\igdumdim64.dll
0x00007fff981a0000 - 0x00007fff9b243000 	C:\WINDOWS\System32\DriverStore\FileRepository\iigd_dch.inf_amd64_51f685305808e3a5\igd9dxva64.dll
0x00007ffff9ee0000 - 0x00007ffffa34c000 	C:\WINDOWS\System32\SETUPAPI.dll
0x00007fffed990000 - 0x00007fffedd99000 	C:\WINDOWS\System32\DriverStore\FileRepository\iigd_dch.inf_amd64_51f685305808e3a5\igdgmm64.dll
0x00007fff9cec0000 - 0x00007fff9cee7000 	C:\WINDOWS\System32\DriverStore\FileRepository\iigd_dch.inf_amd64_51f685305808e3a5\igdinfo64.dll
0x00007fffe9740000 - 0x00007fffeced4000 	C:\WINDOWS\System32\DriverStore\FileRepository\iigd_dch.inf_amd64_51f685305808e3a5\igc64.dll
0x00007fffd4c80000 - 0x00007fffd4d1b000 	C:\Program Files\Java\jre1.8.0_261\bin\glib-lite.dll
0x00007fffb78b0000 - 0x00007fffb7991000 	C:\Program Files\Java\jre1.8.0_261\bin\gstreamer-lite.dll
0x00007fffa5b40000 - 0x00007fffa5be2000 	C:\WINDOWS\SYSTEM32\DSOUND.dll
0x00007fffa5a80000 - 0x00007fffa5b31000 	C:\WINDOWS\SYSTEM32\ResampleDmo.DLL
0x00007fffe8db0000 - 0x00007fffe8dd9000 	C:\WINDOWS\SYSTEM32\winmmbase.dll
0x00007ffff7e70000 - 0x00007ffff7ebd000 	C:\WINDOWS\SYSTEM32\powrprof.dll
0x00007fffd4800000 - 0x00007fffd480b000 	C:\WINDOWS\SYSTEM32\msdmo.dll
0x00007ffff7f60000 - 0x00007ffff7f73000 	C:\WINDOWS\SYSTEM32\UMPDC.dll
0x00007ffff4b70000 - 0x00007ffff4b97000 	C:\Program Files\Java\jre1.8.0_261\bin\jfxmedia.dll
0x00007ffff4100000 - 0x00007ffff411c000 	C:\Program Files\Java\jre1.8.0_261\bin\net.dll
0x00007ffff8b00000 - 0x00007ffff8b67000 	C:\WINDOWS\system32\mswsock.dll
0x00007ffff36f0000 - 0x00007ffff3703000 	C:\Program Files\Java\jre1.8.0_261\bin\nio.dll
0x00007ffffb5d0000 - 0x00007ffffb685000 	C:\WINDOWS\System32\clbcatq.dll
0x00007ffff5a50000 - 0x00007ffff5b47000 	C:\WINDOWS\system32\propsys.dll

VM Arguments:
jvm_args: -Dfile.encoding=Cp1252 
java_command: miniprojtemplate.Main
java_class_path (initial): C:\Users\innoj\workspace\MiniProject (2).zip_expanded\MiniProject\bin;C:\Users\innoj\Desktop\Inno_general files\java\eclipse\plugins\org.eclipse.fx.ide.css.jfx8_2.4.0.201605112122.jar
Launcher Type: SUN_STANDARD

Environment Variables:
PATH=C:/Program Files/Java/jre1.8.0_261/bin/server;C:/Program Files/Java/jre1.8.0_261/bin;C:/Program Files/Java/jre1.8.0_261/lib/amd64;C:\Program Files (x86)\Common Files\Oracle\Java\javapath;C:\Windows\system32;C:\Windows;C:\Windows\System32\Wbem;C:\Windows\System32\WindowsPowerShell\v1.0\;C:\Windows\System32\OpenSSH\;C:\WINDOWS\system32;C:\WINDOWS;C:\WINDOWS\System32\Wbem;C:\WINDOWS\System32\WindowsPowerShell\v1.0\;C:\WINDOWS\System32\OpenSSH\;C:\Program Files\NVIDIA Corporation\NVIDIA NvDLISR;C:\Program Files (x86)\NVIDIA Corporation\PhysX\Common;C:\Program Files\Java\jdk1.8.0_261\bin;C:\Program Files\dotnet\;C:\Users\innoj\AppData\Local\Programs\Python\Python310\Scripts\;C:\Users\innoj\AppData\Local\Programs\Python\Python310\;C:\Users\innoj\AppData\Local\Microsoft\WindowsApps;C:\Users\innoj\AppData\Local\atom\bin;C:\Users\innoj\AppData\Local\Programs\Microsoft VS Code\bin;C:\MinGW\bin;;C:\Users\innoj\Desktop\Inno_general files\java\eclipse;
USERNAME=innoj
OS=Windows_NT
PROCESSOR_IDENTIFIER=Intel64 Family 6 Model 165 Stepping 2, GenuineIntel



---------------  S Y S T E M  ---------------

OS: Windows 10.0 , 64 bit Build 22000 (10.0.22000.1335)

CPU:total 12 (initial active 12) (6 cores per cpu, 2 threads per core) family 6 model 165 stepping 2, cmov, cx8, fxsr, mmx, sse, sse2, sse3, ssse3, sse4.1, sse4.2, popcnt, avx, avx2, aes, clmul, erms, 3dnowpref, lzcnt, ht, tsc, tscinvbit, bmi1, bmi2, adx

Memory: 4k page, physical 16594732k(1097148k free), swap 66926380k(4244k free)

vm_info: Java HotSpot(TM) 64-Bit Server VM (25.261-b12) for windows-amd64 JRE (1.8.0_261-b12), built on Jun 18 2020 06:56:32 by "" with unknown MS VC++:1916

time: Tue Jan 10 12:48:53 2023
timezone: Malay Peninsula Standard Time
elapsed time: 3 seconds (0d 0h 0m 3s)

