#
# There is insufficient memory for the Java Runtime Environment to continue.
# Native memory allocation (malloc) failed to allocate 104368 bytes for Chunk::new
# Possible reasons:
#   The system is out of physical RAM or swap space
#   The process is running with CompressedOops enabled, and the Java Heap may be blocking the growth of the native heap
# Possible solutions:
#   Reduce memory load on the system
#   Increase physical memory or swap space
#   Check if swap backing store is full
#   Decrease Java heap size (-Xmx/-Xms)
#   Decrease number of Java threads
#   Decrease Java thread stack sizes (-Xss)
#   Set larger code cache with -XX:ReservedCodeCacheSize=
#   JVM is running with Zero Based Compressed Oops mode in which the Java heap is
#     placed in the first 32GB address space. The Java Heap base address is the
#     maximum limit for the native heap growth. Please use -XX:HeapBaseMinAddress
#     to set the Java Heap base and to place the Java Heap above 32GB virtual address.
# This output file may be truncated or incomplete.
#
#  Out of Memory Error (allocation.cpp:389), pid=20596, tid=0x0000000000008f74
#
# JRE version: Java(TM) SE Runtime Environment (8.0_261-b12) (build 1.8.0_261-b12)
# Java VM: Java HotSpot(TM) 64-Bit Server VM (25.261-b12 mixed mode windows-amd64 compressed oops)
# Failed to write core dump. Minidumps are not enabled by default on client versions of Windows
#

---------------  T H R E A D  ---------------

Current thread (0x000002c0fa709000):  JavaThread "C2 CompilerThread0" daemon [_thread_in_native, id=36724, stack(0x000000ca53a00000,0x000000ca53b00000)]

Stack: [0x000000ca53a00000,0x000000ca53b00000]
Native frames: (J=compiled Java code, j=interpreted, Vv=VM code, C=native code)
V  [jvm.dll+0x33e5f9]


Current CompileTask:
C2:   5218 1713       4       miniprojtemplate.GameTimer::handle (666 bytes)


---------------  P R O C E S S  ---------------

Java Threads: ( => current thread )
  0x000002c09c3cb800 JavaThread "Thread-44" [_thread_blocked, id=31676, stack(0x000000ca57320000,0x000000ca57420000)]
  0x000002c09c3cd000 JavaThread "Thread-43" [_thread_blocked, id=21368, stack(0x000000ca57220000,0x000000ca57320000)]
  0x000002c09c3ca800 JavaThread "Thread-42" [_thread_blocked, id=33972, stack(0x000000ca57120000,0x000000ca57220000)]
  0x000002c09c3cf000 JavaThread "Thread-41" [_thread_blocked, id=37852, stack(0x000000ca57020000,0x000000ca57120000)]
  0x000002c09c3cd800 JavaThread "Thread-40" [_thread_blocked, id=38404, stack(0x000000ca56f20000,0x000000ca57020000)]
  0x000002c09c3cc000 JavaThread "Thread-39" [_thread_blocked, id=19900, stack(0x000000ca56e20000,0x000000ca56f20000)]
  0x000002c09c3c3000 JavaThread "Thread-38" [_thread_blocked, id=28404, stack(0x000000ca56d20000,0x000000ca56e20000)]
  0x000002c09c3c5800 JavaThread "Thread-37" [_thread_blocked, id=38796, stack(0x000000ca56c20000,0x000000ca56d20000)]
  0x000002c09c3ca000 JavaThread "Thread-36" [_thread_blocked, id=34824, stack(0x000000ca56b20000,0x000000ca56c20000)]
  0x000002c09c3c2800 JavaThread "Thread-35" [_thread_blocked, id=34368, stack(0x000000ca56a20000,0x000000ca56b20000)]
  0x000002c09c3c4000 JavaThread "Thread-34" [_thread_blocked, id=33348, stack(0x000000ca56920000,0x000000ca56a20000)]
  0x000002c09c3c9000 JavaThread "Thread-33" [_thread_blocked, id=32480, stack(0x000000ca56820000,0x000000ca56920000)]
  0x000002c09c3c8800 JavaThread "Thread-32" [_thread_blocked, id=29772, stack(0x000000ca56720000,0x000000ca56820000)]
  0x000002c09c3c1000 JavaThread "Thread-31" [_thread_blocked, id=32492, stack(0x000000ca56620000,0x000000ca56720000)]
  0x000002c09c3c7800 JavaThread "Thread-30" [_thread_blocked, id=1996, stack(0x000000ca56520000,0x000000ca56620000)]
  0x000002c09c3c4800 JavaThread "Thread-29" [_thread_blocked, id=5732, stack(0x000000ca56420000,0x000000ca56520000)]
  0x000002c09c3c0000 JavaThread "Thread-28" [_thread_blocked, id=20464, stack(0x000000ca56320000,0x000000ca56420000)]
  0x000002c09c3c7000 JavaThread "Thread-27" [_thread_blocked, id=9744, stack(0x000000ca56220000,0x000000ca56320000)]
  0x000002c09c3c1800 JavaThread "Thread-26" [_thread_blocked, id=3408, stack(0x000000ca56120000,0x000000ca56220000)]
  0x000002c09c3c6000 JavaThread "Thread-25" [_thread_blocked, id=22348, stack(0x000000ca56020000,0x000000ca56120000)]
  0x000002c0fca0b000 JavaThread "Thread-24" [_thread_blocked, id=34000, stack(0x000000ca55f20000,0x000000ca56020000)]
  0x000002c09c0a2000 JavaThread "Thread-23" [_thread_blocked, id=38440, stack(0x000000ca55e20000,0x000000ca55f20000)]
  0x000002c09c0a3000 JavaThread "Thread-22" [_thread_blocked, id=37572, stack(0x000000ca55d20000,0x000000ca55e20000)]
  0x000002c09c0a1000 JavaThread "Thread-21" [_thread_blocked, id=23812, stack(0x000000ca55c20000,0x000000ca55d20000)]
  0x000002c09c0a0800 JavaThread "Thread-20" [_thread_blocked, id=25016, stack(0x000000ca55b20000,0x000000ca55c20000)]
  0x000002c09c09f800 JavaThread "Thread-19" [_thread_blocked, id=22664, stack(0x000000ca55a20000,0x000000ca55b20000)]
  0x000002c09c098000 JavaThread "Thread-18" [_thread_blocked, id=740, stack(0x000000ca55920000,0x000000ca55a20000)]
  0x000002c09c099800 JavaThread "Thread-17" [_thread_blocked, id=32484, stack(0x000000ca55820000,0x000000ca55920000)]
  0x000002c09c09f000 JavaThread "Thread-16" [_thread_blocked, id=34408, stack(0x000000ca55720000,0x000000ca55820000)]
  0x000002c09c09c000 JavaThread "Thread-15" [_thread_blocked, id=6588, stack(0x000000ca55620000,0x000000ca55720000)]
  0x000002c09c09b000 JavaThread "Thread-14" [_thread_blocked, id=29924, stack(0x000000ca55520000,0x000000ca55620000)]
  0x000002c09c099000 JavaThread "Thread-13" [_thread_blocked, id=36576, stack(0x000000ca55420000,0x000000ca55520000)]
  0x000002c09c097800 JavaThread "Thread-12" [_thread_blocked, id=35256, stack(0x000000ca55320000,0x000000ca55420000)]
  0x000002c09c09d800 JavaThread "Thread-11" [_thread_blocked, id=34452, stack(0x000000ca55220000,0x000000ca55320000)]
  0x000002c09c09e000 JavaThread "Thread-10" [_thread_blocked, id=33884, stack(0x000000ca55120000,0x000000ca55220000)]
  0x000002c09c09c800 JavaThread "Thread-9" [_thread_blocked, id=35148, stack(0x000000ca55020000,0x000000ca55120000)]
  0x000002c09c094800 JavaThread "Thread-8" [_thread_blocked, id=29380, stack(0x000000ca54f20000,0x000000ca55020000)]
  0x000002c09c095000 JavaThread "Thread-7" [_thread_blocked, id=37076, stack(0x000000ca54e20000,0x000000ca54f20000)]
  0x000002c09c09a800 JavaThread "Thread-6" [_thread_blocked, id=38804, stack(0x000000ca54d20000,0x000000ca54e20000)]
  0x000002c09c096000 JavaThread "Thread-5" [_thread_blocked, id=38904, stack(0x000000ca54c20000,0x000000ca54d20000)]
  0x000002c0fca0c800 JavaThread "Prism Font Disposer" daemon [_thread_blocked, id=36040, stack(0x000000ca54b00000,0x000000ca54c00000)]
  0x000002c0fca06800 JavaThread "Thread-3" daemon [_thread_in_native, id=25408, stack(0x000000ca54600000,0x000000ca54700000)]
  0x000002c0fca0b800 JavaThread "JavaFX-Launcher" [_thread_blocked, id=32324, stack(0x000000ca54700000,0x000000ca54800000)]
  0x000002c0fc568800 JavaThread "JavaFX Application Thread" [_thread_in_native, id=13056, stack(0x000000ca54300000,0x000000ca54400000)]
  0x000002c0fc54a000 JavaThread "Thread-1" daemon [_thread_blocked, id=9852, stack(0x000000ca54200000,0x000000ca54300000)]
  0x000002c0fc2ae800 JavaThread "QuantumRenderer-0" daemon [_thread_in_native, id=4500, stack(0x000000ca54000000,0x000000ca54100000)]
  0x000002c0fbee8800 JavaThread "Service Thread" daemon [_thread_blocked, id=35600, stack(0x000000ca53e00000,0x000000ca53f00000)]
  0x000002c0fa71d800 JavaThread "C1 CompilerThread3" daemon [_thread_blocked, id=36624, stack(0x000000ca53d00000,0x000000ca53e00000)]
  0x000002c0fa719800 JavaThread "C2 CompilerThread2" daemon [_thread_blocked, id=16908, stack(0x000000ca53c00000,0x000000ca53d00000)]
  0x000002c0fa70d000 JavaThread "C2 CompilerThread1" daemon [_thread_blocked, id=21748, stack(0x000000ca53b00000,0x000000ca53c00000)]
=>0x000002c0fa709000 JavaThread "C2 CompilerThread0" daemon [_thread_in_native, id=36724, stack(0x000000ca53a00000,0x000000ca53b00000)]
  0x000002c0fa706000 JavaThread "Attach Listener" daemon [_thread_blocked, id=36104, stack(0x000000ca53900000,0x000000ca53a00000)]
  0x000002c0fa710800 JavaThread "Signal Dispatcher" daemon [_thread_blocked, id=11448, stack(0x000000ca53800000,0x000000ca53900000)]
  0x000002c0fa6e5000 JavaThread "Finalizer" daemon [_thread_blocked, id=13552, stack(0x000000ca53700000,0x000000ca53800000)]
  0x000002c0fa6bd800 JavaThread "Reference Handler" daemon [_thread_blocked, id=11088, stack(0x000000ca53600000,0x000000ca53700000)]
  0x000002c0f5d22000 JavaThread "main" [_thread_blocked, id=29284, stack(0x000000ca52a00000,0x000000ca52b00000)]

Other Threads:
  0x000002c0fa6b4000 VMThread [stack: 0x000000ca53500000,0x000000ca53600000] [id=35948]
  0x000002c0fbeec800 WatcherThread [stack: 0x000000ca53f00000,0x000000ca54000000] [id=34528]

VM state:not at safepoint (normal execution)

VM Mutex/Monitor currently owned by a thread: None

heap address: 0x00000006c2c00000, size: 4052 MB, Compressed Oops mode: Zero based, Oop shift amount: 3
Narrow klass base: 0x0000000000000000, Narrow klass shift: 3
Compressed class space size: 1073741824 Address: 0x00000007c0000000

Heap:
 PSYoungGen      total 390656K, used 118621K [0x000000076b980000, 0x0000000785500000, 0x00000007c0000000)
  eden space 376832K, 27% used [0x000000076b980000,0x0000000771fddca0,0x0000000782980000)
  from space 13824K, 99% used [0x0000000784780000,0x00000007854f9860,0x0000000785500000)
  to   space 17408K, 0% used [0x0000000783300000,0x0000000783300000,0x0000000784400000)
 ParOldGen       total 398336K, used 246460K [0x00000006c2c00000, 0x00000006db100000, 0x000000076b980000)
  object space 398336K, 61% used [0x00000006c2c00000,0x00000006d1caf080,0x00000006db100000)
 Metaspace       used 13397K, capacity 13948K, committed 14080K, reserved 1060864K
  class space    used 1828K, capacity 1996K, committed 2048K, reserved 1048576K

Card table byte_map: [0x000002c0f7a10000,0x000002c0f8200000] byte_map_base: 0x000002c0f43fa000

Marking Bits: (ParMarkBitMap*) 0x000000006b9a4fb0
 Begin Bits: [0x000002c08f000000, 0x000002c092f50000)
 End Bits:   [0x000002c092f50000, 0x000002c096ea0000)

Polling page: 0x000002c0f5e00000

CodeCache: size=245760Kb used=5625Kb max_used=5625Kb free=240134Kb
 bounds [0x000002c080000000, 0x000002c080590000, 0x000002c08f000000]
 total_blobs=2370 nmethods=1731 adapters=551
 compilation: enabled

Compilation events (10 events):
Event: 5.186 Thread 0x000002c0fa71d800 1726       3       com.sun.javafx.sg.prism.NGShape::setMode (18 bytes)
Event: 5.186 Thread 0x000002c0fa71d800 nmethod 1726 0x000002c08057b810 code [0x000002c08057b980, 0x000002c08057bbf0]
Event: 5.186 Thread 0x000002c0fa71d800 1727       3       com.sun.javafx.sg.prism.NGShape::setFillPaint (42 bytes)
Event: 5.187 Thread 0x000002c0fa71d800 nmethod 1727 0x000002c08057bc90 code [0x000002c08057be80, 0x000002c08057cb80]
Event: 5.187 Thread 0x000002c0fa71d800 1730       3       com.sun.javafx.sg.prism.NGShape::renderContent (458 bytes)
Event: 5.188 Thread 0x000002c0fa71d800 nmethod 1730 0x000002c08057cf50 code [0x000002c08057d4a0, 0x000002c0805801a0]
Event: 5.188 Thread 0x000002c0fa71d800 1728       3       com.sun.javafx.sg.prism.NGText::setFont (39 bytes)
Event: 5.189 Thread 0x000002c0fa71d800 nmethod 1728 0x000002c080581a90 code [0x000002c080581c20, 0x000002c0805820e0]
Event: 5.189 Thread 0x000002c0fa71d800 1729       3       com.sun.javafx.sg.prism.NGText::setFontSmoothingType (10 bytes)
Event: 5.189 Thread 0x000002c0fa71d800 nmethod 1729 0x000002c0805821d0 code [0x000002c080582340, 0x000002c080582550]

GC Heap History (10 events):
Event: 3.109 GC heap before
{Heap before GC invocations=7 (full 2):
 PSYoungGen      total 140800K, used 8126K [0x000000076b980000, 0x000000077c480000, 0x00000007c0000000)
  eden space 130048K, 0% used [0x000000076b980000,0x000000076b980000,0x0000000773880000)
  from space 10752K, 75% used [0x0000000773880000,0x000000077406fa58,0x0000000774300000)
  to   space 11776K, 0% used [0x000000077b900000,0x000000077b900000,0x000000077c480000)
 ParOldGen       total 290304K, used 247819K [0x00000006c2c00000, 0x00000006d4780000, 0x000000076b980000)
  object space 290304K, 85% used [0x00000006c2c00000,0x00000006d1e02d10,0x00000006d4780000)
 Metaspace       used 12784K, capacity 13280K, committed 13568K, reserved 1060864K
  class space    used 1784K, capacity 1924K, committed 2048K, reserved 1048576K
Event: 3.137 GC heap after
Heap after GC invocations=7 (full 2):
 PSYoungGen      total 140800K, used 0K [0x000000076b980000, 0x000000077c480000, 0x00000007c0000000)
  eden space 130048K, 0% used [0x000000076b980000,0x000000076b980000,0x0000000773880000)
  from space 10752K, 0% used [0x0000000773880000,0x0000000773880000,0x0000000774300000)
  to   space 11776K, 0% used [0x000000077b900000,0x000000077b900000,0x000000077c480000)
 ParOldGen       total 241152K, used 72413K [0x00000006c2c00000, 0x00000006d1780000, 0x000000076b980000)
  object space 241152K, 30% used [0x00000006c2c00000,0x00000006c72b77d8,0x00000006d1780000)
 Metaspace       used 12784K, capacity 13280K, committed 13568K, reserved 1060864K
  class space    used 1784K, capacity 1924K, committed 2048K, reserved 1048576K
}
Event: 3.183 GC heap before
{Heap before GC invocations=8 (full 2):
 PSYoungGen      total 140800K, used 116175K [0x000000076b980000, 0x000000077c480000, 0x00000007c0000000)
  eden space 130048K, 89% used [0x000000076b980000,0x0000000772af3c40,0x0000000773880000)
  from space 10752K, 0% used [0x0000000773880000,0x0000000773880000,0x0000000774300000)
  to   space 11776K, 0% used [0x000000077b900000,0x000000077b900000,0x000000077c480000)
 ParOldGen       total 241152K, used 72413K [0x00000006c2c00000, 0x00000006d1780000, 0x000000076b980000)
  object space 241152K, 30% used [0x00000006c2c00000,0x00000006c72b77d8,0x00000006d1780000)
 Metaspace       used 12784K, capacity 13280K, committed 13568K, reserved 1060864K
  class space    used 1784K, capacity 1924K, committed 2048K, reserved 1048576K
Event: 3.206 GC heap after
Heap after GC invocations=8 (full 2):
 PSYoungGen      total 260096K, used 890K [0x000000076b980000, 0x000000077c900000, 0x00000007c0000000)
  eden space 248320K, 0% used [0x000000076b980000,0x000000076b980000,0x000000077ac00000)
  from space 11776K, 7% used [0x000000077b900000,0x000000077b9deae0,0x000000077c480000)
  to   space 13312K, 0% used [0x000000077ac00000,0x000000077ac00000,0x000000077b900000)
 ParOldGen       total 241152K, used 184914K [0x00000006c2c00000, 0x00000006d1780000, 0x000000076b980000)
  object space 241152K, 76% used [0x00000006c2c00000,0x00000006ce094828,0x00000006d1780000)
 Metaspace       used 12784K, capacity 13280K, committed 13568K, reserved 1060864K
  class space    used 1784K, capacity 1924K, committed 2048K, reserved 1048576K
}
Event: 3.206 GC heap before
{Heap before GC invocations=9 (full 3):
 PSYoungGen      total 260096K, used 890K [0x000000076b980000, 0x000000077c900000, 0x00000007c0000000)
  eden space 248320K, 0% used [0x000000076b980000,0x000000076b980000,0x000000077ac00000)
  from space 11776K, 7% used [0x000000077b900000,0x000000077b9deae0,0x000000077c480000)
  to   space 13312K, 0% used [0x000000077ac00000,0x000000077ac00000,0x000000077b900000)
 ParOldGen       total 241152K, used 184914K [0x00000006c2c00000, 0x00000006d1780000, 0x000000076b980000)
  object space 241152K, 76% used [0x00000006c2c00000,0x00000006ce094828,0x00000006d1780000)
 Metaspace       used 12784K, capacity 13280K, committed 13568K, reserved 1060864K
  class space    used 1784K, capacity 1924K, committed 2048K, reserved 1048576K
Event: 3.248 GC heap after
Heap after GC invocations=9 (full 3):
 PSYoungGen      total 260096K, used 0K [0x000000076b980000, 0x000000077c900000, 0x00000007c0000000)
  eden space 248320K, 0% used [0x000000076b980000,0x000000076b980000,0x000000077ac00000)
  from space 11776K, 0% used [0x000000077b900000,0x000000077b900000,0x000000077c480000)
  to   space 13312K, 0% used [0x000000077ac00000,0x000000077ac00000,0x000000077b900000)
 ParOldGen       total 398336K, used 184839K [0x00000006c2c00000, 0x00000006db100000, 0x000000076b980000)
  object space 398336K, 46% used [0x00000006c2c00000,0x00000006ce081da0,0x00000006db100000)
 Metaspace       used 12784K, capacity 13280K, committed 13568K, reserved 1060864K
  class space    used 1784K, capacity 1924K, committed 2048K, reserved 1048576K
}
Event: 3.842 GC heap before
{Heap before GC invocations=10 (full 3):
 PSYoungGen      total 260096K, used 244208K [0x000000076b980000, 0x000000077c900000, 0x00000007c0000000)
  eden space 248320K, 98% used [0x000000076b980000,0x000000077a7fc138,0x000000077ac00000)
  from space 11776K, 0% used [0x000000077b900000,0x000000077b900000,0x000000077c480000)
  to   space 13312K, 0% used [0x000000077ac00000,0x000000077ac00000,0x000000077b900000)
 ParOldGen       total 398336K, used 184839K [0x00000006c2c00000, 0x00000006db100000, 0x000000076b980000)
  object space 398336K, 46% used [0x00000006c2c00000,0x00000006ce081da0,0x00000006db100000)
 Metaspace       used 12904K, capacity 13482K, committed 13568K, reserved 1060864K
  class space    used 1813K, capacity 1993K, committed 2048K, reserved 1048576K
Event: 3.853 GC heap after
Heap after GC invocations=10 (full 3):
 PSYoungGen      total 261632K, used 3847K [0x000000076b980000, 0x0000000785500000, 0x00000007c0000000)
  eden space 248320K, 0% used [0x000000076b980000,0x000000076b980000,0x000000077ac00000)
  from space 13312K, 28% used [0x000000077ac00000,0x000000077afc1d60,0x000000077b900000)
  to   space 13824K, 0% used [0x0000000784780000,0x0000000784780000,0x0000000785500000)
 ParOldGen       total 398336K, used 243072K [0x00000006c2c00000, 0x00000006db100000, 0x000000076b980000)
  object space 398336K, 61% used [0x00000006c2c00000,0x00000006d19601d0,0x00000006db100000)
 Metaspace       used 12904K, capacity 13482K, committed 13568K, reserved 1060864K
  class space    used 1813K, capacity 1993K, committed 2048K, reserved 1048576K
}
Event: 5.016 GC heap before
{Heap before GC invocations=11 (full 3):
 PSYoungGen      total 261632K, used 243976K [0x000000076b980000, 0x0000000785500000, 0x00000007c0000000)
  eden space 248320K, 96% used [0x000000076b980000,0x000000077a400658,0x000000077ac00000)
  from space 13312K, 28% used [0x000000077ac00000,0x000000077afc1d60,0x000000077b900000)
  to   space 13824K, 0% used [0x0000000784780000,0x0000000784780000,0x0000000785500000)
 ParOldGen       total 398336K, used 243072K [0x00000006c2c00000, 0x00000006db100000, 0x000000076b980000)
  object space 398336K, 61% used [0x00000006c2c00000,0x00000006d19601d0,0x00000006db100000)
 Metaspace       used 13364K, capacity 13884K, committed 14080K, reserved 1060864K
  class space    used 1828K, capacity 1996K, committed 2048K, reserved 1048576K
Event: 5.029 GC heap after
Heap after GC invocations=11 (full 3):
 PSYoungGen      total 390656K, used 13798K [0x000000076b980000, 0x0000000785500000, 0x00000007c0000000)
  eden space 376832K, 0% used [0x000000076b980000,0x000000076b980000,0x0000000782980000)
  from space 13824K, 99% used [0x0000000784780000,0x00000007854f9860,0x0000000785500000)
  to   space 17408K, 0% used [0x0000000783300000,0x0000000783300000,0x0000000784400000)
 ParOldGen       total 398336K, used 246460K [0x00000006c2c00000, 0x00000006db100000, 0x000000076b980000)
  object space 398336K, 61% used [0x00000006c2c00000,0x00000006d1caf080,0x00000006db100000)
 Metaspace       used 13364K, capacity 13884K, committed 14080K, reserved 1060864K
  class space    used 1828K, capacity 1996K, committed 2048K, reserved 1048576K
}

Deoptimization events (10 events):
Event: 2.059 Thread 0x000002c0fc568800 Uncommon trap: reason=class_check action=maybe_recompile pc=0x000002c080120840 method=java.lang.String.equals(Ljava/lang/Object;)Z @ 8
Event: 2.059 Thread 0x000002c0fc568800 Uncommon trap: reason=class_check action=maybe_recompile pc=0x000002c080120840 method=java.lang.String.equals(Ljava/lang/Object;)Z @ 8
Event: 2.061 Thread 0x000002c0fc568800 Uncommon trap: reason=class_check action=maybe_recompile pc=0x000002c080120840 method=java.lang.String.equals(Ljava/lang/Object;)Z @ 8
Event: 2.092 Thread 0x000002c0fc568800 Uncommon trap: reason=unstable_if action=reinterpret pc=0x000002c0802e66a0 method=sun.net.www.ParseUtil.encodePath(Ljava/lang/String;Z)Ljava/lang/String; @ 109
Event: 3.607 Thread 0x000002c0fc568800 Uncommon trap: reason=unstable_if action=reinterpret pc=0x000002c080231dd4 method=com.sun.javafx.iio.common.RoughScaler.putSourceScanline([BI)Z @ 33
Event: 3.608 Thread 0x000002c0fc568800 Uncommon trap: reason=unstable_if action=reinterpret pc=0x000002c0803e821c method=com.sun.javafx.iio.gif.GIFImageLoader2.restoreToBackground([BIIII)V @ 7
Event: 3.614 Thread 0x000002c0fc568800 Uncommon trap: reason=unstable_if action=reinterpret pc=0x000002c080242494 method=com.sun.javafx.image.impl.ByteBgra$ToByteBgraPreConv.doConvert([BII[BIIII)V @ 75
Event: 3.625 Thread 0x000002c0fc568800 Uncommon trap: reason=unstable_if action=reinterpret pc=0x000002c08026e730 method=com.sun.javafx.iio.png.PNGImageLoader2.paethPr(III)I @ 30
Event: 3.625 Thread 0x000002c0fc568800 Uncommon trap: reason=unstable_if action=reinterpret pc=0x000002c080260d2c method=java.lang.Math.abs(I)I @ 1
Event: 3.626 Thread 0x000002c0fc568800 Uncommon trap: reason=unstable_if action=reinterpret pc=0x000002c080266e2c method=com.sun.javafx.iio.png.PNGImageLoader2.paethPr(III)I @ 30

Classes redefined (0 events):
No events

Internal exceptions (10 events):
Event: 4.797 Thread 0x000002c0fc2ae800 Implicit null exception at 0x000002c08044ff2c to 0x000002c0804530b7
Event: 4.797 Thread 0x000002c0fc2ae800 Exception <a 'java/lang/NullPointerException'> (0x00000007757206b8) thrown at [C:\jenkins\workspace\8-2-build-windows-amd64-cygwin\jdk8u261\295\hotspot\src\share\vm\runtime\sharedRuntime.cpp, line 605]
Event: 4.798 Thread 0x000002c0fc2ae800 Implicit null exception at 0x000002c08044ff2c to 0x000002c0804530b7
Event: 4.798 Thread 0x000002c0fc2ae800 Exception <a 'java/lang/NullPointerException'> (0x00000007757261b8) thrown at [C:\jenkins\workspace\8-2-build-windows-amd64-cygwin\jdk8u261\295\hotspot\src\share\vm\runtime\sharedRuntime.cpp, line 605]
Event: 4.801 Thread 0x000002c0fc2ae800 Implicit null exception at 0x000002c08044ff2c to 0x000002c0804530b7
Event: 4.801 Thread 0x000002c0fc2ae800 Exception <a 'java/lang/NullPointerException'> (0x000000077572bcb8) thrown at [C:\jenkins\workspace\8-2-build-windows-amd64-cygwin\jdk8u261\295\hotspot\src\share\vm\runtime\sharedRuntime.cpp, line 605]
Event: 4.975 Thread 0x000002c0fc568800 Exception <a 'java/util/ConcurrentModificationException'> (0x00000007791ea9c8) thrown at [C:\jenkins\workspace\8-2-build-windows-amd64-cygwin\jdk8u261\295\hotspot\src\share\vm\prims\jvm.cpp, line 1516]
Event: 4.991 Thread 0x000002c0fc568800 Exception <a 'java/util/ConcurrentModificationException'> (0x00000007791f03f8) thrown at [C:\jenkins\workspace\8-2-build-windows-amd64-cygwin\jdk8u261\295\hotspot\src\share\vm\prims\jvm.cpp, line 1516]
Event: 5.119 Thread 0x000002c0fc568800 Exception <a 'java/util/ConcurrentModificationException'> (0x000000077179b5c0) thrown at [C:\jenkins\workspace\8-2-build-windows-amd64-cygwin\jdk8u261\295\hotspot\src\share\vm\prims\jvm.cpp, line 1516]
Event: 5.135 Thread 0x000002c0fc568800 Exception <a 'java/util/ConcurrentModificationException'> (0x00000007717a10b8) thrown at [C:\jenkins\workspace\8-2-build-windows-amd64-cygwin\jdk8u261\295\hotspot\src\share\vm\prims\jvm.cpp, line 1516]

Events (10 events):
Event: 4.769 loading class com/sun/javafx/scene/input/KeyCodeMap
Event: 4.769 loading class com/sun/javafx/scene/input/KeyCodeMap done
Event: 4.799 Executing VM operation: BulkRevokeBias
Event: 4.799 Executing VM operation: BulkRevokeBias done
Event: 5.016 Executing VM operation: ParallelGCFailedAllocation
Event: 5.029 Executing VM operation: ParallelGCFailedAllocation done
Event: 5.029 Executing VM operation: RevokeBias
Event: 5.034 Executing VM operation: RevokeBias done
Event: 5.119 Thread 0x000002c0fc568800 DEOPT PACKING pc=0x000002c0804fb86f sp=0x000000ca543fd6c0
Event: 5.119 Thread 0x000002c0fc568800 DEOPT UNPACKING pc=0x000002c080047898 sp=0x000000ca543fd628 mode 0


Dynamic libraries:
0x00007ff750670000 - 0x00007ff7506b7000 	C:\Program Files\Java\jre1.8.0_261\bin\javaw.exe
0x00007ffffc060000 - 0x00007ffffc269000 	C:\WINDOWS\SYSTEM32\ntdll.dll
0x00007ffffae20000 - 0x00007ffffaede000 	C:\WINDOWS\System32\KERNEL32.DLL
0x00007ffff9760000 - 0x00007ffff9adb000 	C:\WINDOWS\System32\KERNELBASE.dll
0x00007ffffa730000 - 0x00007ffffa7de000 	C:\WINDOWS\System32\ADVAPI32.dll
0x00007ffffa3b0000 - 0x00007ffffa453000 	C:\WINDOWS\System32\msvcrt.dll
0x00007ffffa5c0000 - 0x00007ffffa65e000 	C:\WINDOWS\System32\sechost.dll
0x00007ffffb490000 - 0x00007ffffb5b0000 	C:\WINDOWS\System32\RPCRT4.dll
0x00007ffffab80000 - 0x00007ffffad2d000 	C:\WINDOWS\System32\USER32.dll
0x00007ffff9c00000 - 0x00007ffff9c26000 	C:\WINDOWS\System32\win32u.dll
0x00007ffffb070000 - 0x00007ffffb099000 	C:\WINDOWS\System32\GDI32.dll
0x00007ffff9c30000 - 0x00007ffff9d48000 	C:\WINDOWS\System32\gdi32full.dll
0x00007ffff9b60000 - 0x00007ffff9bfd000 	C:\WINDOWS\System32\msvcp_win.dll
0x00007ffff9dc0000 - 0x00007ffff9ed1000 	C:\WINDOWS\System32\ucrtbase.dll
0x00007fffdc480000 - 0x00007fffdc725000 	C:\WINDOWS\WinSxS\amd64_microsoft.windows.common-controls_6595b64144ccf1df_6.0.22000.120_none_9d947278b86cc467\COMCTL32.dll
0x00007ffffaee0000 - 0x00007ffffaf12000 	C:\WINDOWS\System32\IMM32.DLL
0x00007fffcdcd0000 - 0x00007fffcdce5000 	C:\Program Files\Java\jre1.8.0_261\bin\vcruntime140.dll
0x00007fffbe510000 - 0x00007fffbe5ab000 	C:\Program Files\Java\jre1.8.0_261\bin\msvcp140.dll
0x000000006b1b0000 - 0x000000006ba1c000 	C:\Program Files\Java\jre1.8.0_261\bin\server\jvm.dll
0x00007ffffb060000 - 0x00007ffffb068000 	C:\WINDOWS\System32\PSAPI.DLL
0x00007fffe8e50000 - 0x00007fffe8e83000 	C:\WINDOWS\SYSTEM32\WINMM.dll
0x00007fffe7db0000 - 0x00007fffe7db9000 	C:\WINDOWS\SYSTEM32\WSOCK32.dll
0x00007ffff4310000 - 0x00007ffff431a000 	C:\WINDOWS\SYSTEM32\VERSION.dll
0x00007ffffa460000 - 0x00007ffffa4cf000 	C:\WINDOWS\System32\WS2_32.dll
0x00007ffff8660000 - 0x00007ffff8678000 	C:\WINDOWS\SYSTEM32\kernel.appcore.dll
0x00007fffe7da0000 - 0x00007fffe7db0000 	C:\Program Files\Java\jre1.8.0_261\bin\verify.dll
0x00007fffe79a0000 - 0x00007fffe79cb000 	C:\Program Files\Java\jre1.8.0_261\bin\java.dll
0x00007fffe4930000 - 0x00007fffe4948000 	C:\Program Files\Java\jre1.8.0_261\bin\zip.dll
0x00007ffffb6b0000 - 0x00007ffffbe67000 	C:\WINDOWS\System32\SHELL32.dll
0x00007ffff75f0000 - 0x00007ffff7e55000 	C:\WINDOWS\SYSTEM32\windows.storage.dll
0x00007ffffa7e0000 - 0x00007ffffab58000 	C:\WINDOWS\System32\combase.dll
0x00007ffff7480000 - 0x00007ffff75e6000 	C:\WINDOWS\SYSTEM32\wintypes.dll
0x00007ffffad30000 - 0x00007ffffae1a000 	C:\WINDOWS\System32\SHCORE.dll
0x00007ffffa350000 - 0x00007ffffa3ad000 	C:\WINDOWS\System32\shlwapi.dll
0x00007ffff9460000 - 0x00007ffff9481000 	C:\WINDOWS\SYSTEM32\profapi.dll
0x000002c0fc2b0000 - 0x000002c0fc2b3000 	C:\Program Files\Java\jre1.8.0_261\bin\api-ms-win-core-console-l1-1-0.dll
0x000002c0fc2c0000 - 0x000002c0fc2c3000 	C:\Program Files\Java\jre1.8.0_261\bin\api-ms-win-core-datetime-l1-1-0.dll
0x000002c0fc2d0000 - 0x000002c0fc2d3000 	C:\Program Files\Java\jre1.8.0_261\bin\api-ms-win-core-debug-l1-1-0.dll
0x000002c0fc2e0000 - 0x000002c0fc2e3000 	C:\Program Files\Java\jre1.8.0_261\bin\api-ms-win-core-errorhandling-l1-1-0.dll
0x000002c0fc2f0000 - 0x000002c0fc2f4000 	C:\Program Files\Java\jre1.8.0_261\bin\api-ms-win-core-file-l1-1-0.dll
0x000002c0fc300000 - 0x000002c0fc303000 	C:\Program Files\Java\jre1.8.0_261\bin\api-ms-win-core-file-l1-2-0.dll
0x000002c0fc310000 - 0x000002c0fc313000 	C:\Program Files\Java\jre1.8.0_261\bin\api-ms-win-core-file-l2-1-0.dll
0x000002c0fc320000 - 0x000002c0fc323000 	C:\Program Files\Java\jre1.8.0_261\bin\api-ms-win-core-handle-l1-1-0.dll
0x000002c0fc330000 - 0x000002c0fc333000 	C:\Program Files\Java\jre1.8.0_261\bin\api-ms-win-core-heap-l1-1-0.dll
0x000002c0fc340000 - 0x000002c0fc343000 	C:\Program Files\Java\jre1.8.0_261\bin\api-ms-win-core-interlocked-l1-1-0.dll
0x000002c0fc350000 - 0x000002c0fc353000 	C:\Program Files\Java\jre1.8.0_261\bin\api-ms-win-core-libraryloader-l1-1-0.dll
0x000002c0fc360000 - 0x000002c0fc363000 	C:\Program Files\Java\jre1.8.0_261\bin\api-ms-win-core-localization-l1-2-0.dll
0x000002c0fc370000 - 0x000002c0fc373000 	C:\Program Files\Java\jre1.8.0_261\bin\api-ms-win-core-memory-l1-1-0.dll
0x000002c0fc380000 - 0x000002c0fc383000 	C:\Program Files\Java\jre1.8.0_261\bin\api-ms-win-core-namedpipe-l1-1-0.dll
0x000002c0fc390000 - 0x000002c0fc393000 	C:\Program Files\Java\jre1.8.0_261\bin\api-ms-win-core-processenvironment-l1-1-0.dll
0x000002c0fc3a0000 - 0x000002c0fc3a3000 	C:\Program Files\Java\jre1.8.0_261\bin\api-ms-win-core-processthreads-l1-1-0.dll
0x000002c0fc3b0000 - 0x000002c0fc3b3000 	C:\Program Files\Java\jre1.8.0_261\bin\api-ms-win-core-processthreads-l1-1-1.dll
0x000002c0fc3c0000 - 0x000002c0fc3c3000 	C:\Program Files\Java\jre1.8.0_261\bin\api-ms-win-core-profile-l1-1-0.dll
0x000002c0fc3d0000 - 0x000002c0fc3d3000 	C:\Program Files\Java\jre1.8.0_261\bin\api-ms-win-core-rtlsupport-l1-1-0.dll
0x000002c0fc3e0000 - 0x000002c0fc3e3000 	C:\Program Files\Java\jre1.8.0_261\bin\api-ms-win-core-string-l1-1-0.dll
0x000002c0fc3f0000 - 0x000002c0fc3f3000 	C:\Program Files\Java\jre1.8.0_261\bin\api-ms-win-core-synch-l1-1-0.dll
0x000002c0fc400000 - 0x000002c0fc403000 	C:\Program Files\Java\jre1.8.0_261\bin\api-ms-win-core-synch-l1-2-0.dll
0x000002c0fc410000 - 0x000002c0fc413000 	C:\Program Files\Java\jre1.8.0_261\bin\api-ms-win-core-sysinfo-l1-1-0.dll
0x000002c0fc420000 - 0x000002c0fc423000 	C:\Program Files\Java\jre1.8.0_261\bin\api-ms-win-core-timezone-l1-1-0.dll
0x000002c0fc430000 - 0x000002c0fc433000 	C:\Program Files\Java\jre1.8.0_261\bin\api-ms-win-core-util-l1-1-0.dll
0x000002c0fc440000 - 0x000002c0fc443000 	C:\Program Files\Java\jre1.8.0_261\bin\api-ms-win-crt-conio-l1-1-0.dll
0x000002c0fc450000 - 0x000002c0fc454000 	C:\Program Files\Java\jre1.8.0_261\bin\api-ms-win-crt-convert-l1-1-0.dll
0x000002c0fc460000 - 0x000002c0fc463000 	C:\Program Files\Java\jre1.8.0_261\bin\api-ms-win-crt-environment-l1-1-0.dll
0x000002c0fc470000 - 0x000002c0fc473000 	C:\Program Files\Java\jre1.8.0_261\bin\api-ms-win-crt-filesystem-l1-1-0.dll
0x000002c0fc480000 - 0x000002c0fc483000 	C:\Program Files\Java\jre1.8.0_261\bin\api-ms-win-crt-heap-l1-1-0.dll
0x000002c0fc490000 - 0x000002c0fc493000 	C:\Program Files\Java\jre1.8.0_261\bin\api-ms-win-crt-locale-l1-1-0.dll
0x000002c0fc4a0000 - 0x000002c0fc4a5000 	C:\Program Files\Java\jre1.8.0_261\bin\api-ms-win-crt-math-l1-1-0.dll
0x000002c0fc4b0000 - 0x000002c0fc4b5000 	C:\Program Files\Java\jre1.8.0_261\bin\api-ms-win-crt-multibyte-l1-1-0.dll
0x000002c0fc4c0000 - 0x000002c0fc4d0000 	C:\Program Files\Java\jre1.8.0_261\bin\api-ms-win-crt-private-l1-1-0.dll
0x000002c0fc4d0000 - 0x000002c0fc4d3000 	C:\Program Files\Java\jre1.8.0_261\bin\api-ms-win-crt-process-l1-1-0.dll
0x000002c0fc4e0000 - 0x000002c0fc4e4000 	C:\Program Files\Java\jre1.8.0_261\bin\api-ms-win-crt-runtime-l1-1-0.dll
0x000002c0fc4f0000 - 0x000002c0fc4f4000 	C:\Program Files\Java\jre1.8.0_261\bin\api-ms-win-crt-stdio-l1-1-0.dll
0x000002c0fc500000 - 0x000002c0fc504000 	C:\Program Files\Java\jre1.8.0_261\bin\api-ms-win-crt-string-l1-1-0.dll
0x000002c0fc510000 - 0x000002c0fc513000 	C:\Program Files\Java\jre1.8.0_261\bin\api-ms-win-crt-time-l1-1-0.dll
0x000002c0fc520000 - 0x000002c0fc523000 	C:\Program Files\Java\jre1.8.0_261\bin\api-ms-win-crt-utility-l1-1-0.dll
0x00007fffba090000 - 0x00007fffba18c000 	C:\Program Files\Java\jre1.8.0_261\bin\ucrtbase.dll
0x00007fffbc300000 - 0x00007fffbc351000 	C:\Program Files\Java\jre1.8.0_261\bin\concrt140.dll
0x00007fffcb520000 - 0x00007fffcb543000 	C:\Program Files\Java\jre1.8.0_261\bin\prism_d3d.dll
0x00007fffdc2d0000 - 0x00007fffdc476000 	C:\WINDOWS\system32\d3d9.dll
0x00007ffff6fb0000 - 0x00007ffff6fdf000 	C:\WINDOWS\SYSTEM32\dwmapi.dll
0x00007ffff6df0000 - 0x00007ffff6e28000 	C:\WINDOWS\SYSTEM32\dxcore.dll
0x00007ffff6b40000 - 0x00007ffff6bec000 	C:\WINDOWS\system32\uxtheme.dll
0x00007ffff2ce0000 - 0x00007ffff2d24000 	C:\WINDOWS\SYSTEM32\directxdatabasehelper.dll
0x00007ffff8680000 - 0x00007ffff86b4000 	C:\WINDOWS\SYSTEM32\ntmarta.dll
0x00007ffff8dc0000 - 0x00007ffff8dd2000 	C:\WINDOWS\SYSTEM32\msasn1.dll
0x00007ffff14b0000 - 0x00007ffff14e1000 	C:\WINDOWS\SYSTEM32\cryptnet.dll
0x00007ffff9530000 - 0x00007ffff9692000 	C:\WINDOWS\System32\CRYPT32.dll
0x00007ffff8d50000 - 0x00007ffff8d5c000 	C:\WINDOWS\SYSTEM32\cryptbase.dll
0x00007ffff9d50000 - 0x00007ffff9db8000 	C:\WINDOWS\System32\WINTRUST.DLL
0x00007ffffb5b0000 - 0x00007ffffb5cf000 	C:\WINDOWS\System32\imagehlp.dll
0x00007ffff8d30000 - 0x00007ffff8d48000 	C:\WINDOWS\SYSTEM32\CRYPTSP.dll
0x00007ffff85c0000 - 0x00007ffff85f5000 	C:\WINDOWS\system32\rsaenh.dll
0x00007ffff9ae0000 - 0x00007ffff9b5f000 	C:\WINDOWS\System32\bcryptPrimitives.dll
0x00007ffff8f10000 - 0x00007ffff8f37000 	C:\WINDOWS\SYSTEM32\bcrypt.dll
0x00007fffbc180000 - 0x00007fffbc1c5000 	C:\Program Files\Java\jre1.8.0_261\bin\glass.dll
0x00007ffffa4d0000 - 0x00007ffffa5bc000 	C:\WINDOWS\System32\COMDLG32.dll
0x00007ffffbe80000 - 0x00007ffffc01a000 	C:\WINDOWS\System32\ole32.dll
0x00007ffffaf80000 - 0x00007ffffb056000 	C:\WINDOWS\System32\OLEAUT32.dll
0x00007fff9b270000 - 0x00007fff9b3a9000 	C:\ProgramData\A-Volute\A-Volute.Nahimic\Modules\Scheduled\x64\AudioDevProps2.dll
0x00007ffffb260000 - 0x00007ffffb37d000 	C:\WINDOWS\System32\MSCTF.dll
0x00007fffb1e90000 - 0x00007fffb1fa7000 	C:\WINDOWS\System32\DriverStore\FileRepository\nvmii.inf_amd64_417542b70c8bb20a\nvldumdx.dll
0x00007ffff1360000 - 0x00007ffff14a9000 	C:\WINDOWS\SYSTEM32\drvstore.dll
0x00007ffff9270000 - 0x00007ffff929c000 	C:\WINDOWS\SYSTEM32\devobj.dll
0x00007ffff9220000 - 0x00007ffff926c000 	C:\WINDOWS\SYSTEM32\cfgmgr32.dll
0x00007ffff8e50000 - 0x00007ffff8e91000 	C:\WINDOWS\SYSTEM32\wldp.dll
0x00007fff860d0000 - 0x00007fff878da000 	C:\WINDOWS\System32\DriverStore\FileRepository\nvmii.inf_amd64_417542b70c8bb20a\nvd3dumx.dll
0x00007fffa6fb0000 - 0x00007fffa7277000 	C:\WINDOWS\system32\nvspcap64.dll
0x00007ffff8b70000 - 0x00007ffff8b94000 	C:\WINDOWS\SYSTEM32\gpapi.dll
0x00007fff9c300000 - 0x00007fff9c4af000 	C:\WINDOWS\System32\DriverStore\FileRepository\iigd_dch.inf_amd64_51f685305808e3a5\igdumdim64.dll
0x00007fff937c0000 - 0x00007fff96863000 	C:\WINDOWS\System32\DriverStore\FileRepository\iigd_dch.inf_amd64_51f685305808e3a5\igd9dxva64.dll
0x00007ffff9ee0000 - 0x00007ffffa34c000 	C:\WINDOWS\System32\SETUPAPI.dll
0x00007fffed990000 - 0x00007fffedd99000 	C:\WINDOWS\System32\DriverStore\FileRepository\iigd_dch.inf_amd64_51f685305808e3a5\igdgmm64.dll
0x00007fff87ce0000 - 0x00007fff87d07000 	C:\WINDOWS\System32\DriverStore\FileRepository\iigd_dch.inf_amd64_51f685305808e3a5\igdinfo64.dll
0x00007fffe9740000 - 0x00007fffeced4000 	C:\WINDOWS\System32\DriverStore\FileRepository\iigd_dch.inf_amd64_51f685305808e3a5\igc64.dll
0x00007fffc8660000 - 0x00007fffc8674000 	C:\Program Files\Java\jre1.8.0_261\bin\javafx_font.dll
0x00007fffc4bd0000 - 0x00007fffc4e2f000 	C:\WINDOWS\SYSTEM32\dwrite.dll
0x00007ffffb5d0000 - 0x00007ffffb685000 	C:\WINDOWS\System32\clbcatq.dll
0x00007ffff07d0000 - 0x00007ffff097e000 	C:\WINDOWS\SYSTEM32\WindowsCodecs.dll
0x00007fffc3f70000 - 0x00007fffc3fcd000 	C:\WINDOWS\system32\dataexchange.dll
0x00007fffefd50000 - 0x00007fffeffb6000 	C:\WINDOWS\system32\twinapi.appcore.dll
0x00007fffe7c20000 - 0x00007fffe7c52000 	C:\Program Files\Common Files\Microsoft Shared\Ink\rtscom.dll
0x00007fffcbf50000 - 0x00007fffcc07d000 	C:\WINDOWS\SYSTEM32\textinputframework.dll
0x00007ffff6750000 - 0x00007ffff6881000 	C:\WINDOWS\SYSTEM32\CoreMessaging.dll
0x00007ffff23d0000 - 0x00007ffff273d000 	C:\WINDOWS\SYSTEM32\CoreUIComponents.dll
0x00007fffc1fe0000 - 0x00007fffc1ff2000 	C:\Program Files\Java\jre1.8.0_261\bin\prism_common.dll
0x00007ffff38b0000 - 0x00007ffff3e68000 	C:\WINDOWS\SYSTEM32\d2d1.dll
0x00007ffff1c50000 - 0x00007ffff1ed0000 	C:\WINDOWS\SYSTEM32\d3d11.dll
0x00007ffff6cb0000 - 0x00007ffff6da3000 	C:\WINDOWS\SYSTEM32\dxgi.dll

VM Arguments:
jvm_args: -Dfile.encoding=Cp1252 
java_command: miniprojtemplate.Main
java_class_path (initial): C:\Users\innoj\workspace\MiniProject (2).zip_expanded\MiniProject\bin;C:\Users\innoj\Desktop\Inno_general files\java\eclipse\plugins\org.eclipse.fx.ide.css.jfx8_2.4.0.201605112122.jar
Launcher Type: SUN_STANDARD

Environment Variables:
PATH=C:/Program Files/Java/jre1.8.0_261/bin/server;C:/Program Files/Java/jre1.8.0_261/bin;C:/Program Files/Java/jre1.8.0_261/lib/amd64;C:\Program Files (x86)\Common Files\Oracle\Java\javapath;C:\Windows\system32;C:\Windows;C:\Windows\System32\Wbem;C:\Windows\System32\WindowsPowerShell\v1.0\;C:\Windows\System32\OpenSSH\;C:\WINDOWS\system32;C:\WINDOWS;C:\WINDOWS\System32\Wbem;C:\WINDOWS\System32\WindowsPowerShell\v1.0\;C:\WINDOWS\System32\OpenSSH\;C:\Program Files\NVIDIA Corporation\NVIDIA NvDLISR;C:\Program Files (x86)\NVIDIA Corporation\PhysX\Common;C:\Program Files\Java\jdk1.8.0_261\bin;C:\Program Files\dotnet\;C:\Users\innoj\AppData\Local\Programs\Python\Python310\Scripts\;C:\Users\innoj\AppData\Local\Programs\Python\Python310\;C:\Users\innoj\AppData\Local\Microsoft\WindowsApps;C:\Users\innoj\AppData\Local\atom\bin;C:\Users\innoj\AppData\Local\Programs\Microsoft VS Code\bin;C:\MinGW\bin;;C:\Users\innoj\Desktop\Inno_general files\java\eclipse;
USERNAME=innoj
OS=Windows_NT
PROCESSOR_IDENTIFIER=Intel64 Family 6 Model 165 Stepping 2, GenuineIntel



---------------  S Y S T E M  ---------------

OS: Windows 10.0 , 64 bit Build 22000 (10.0.22000.1335)

CPU:total 12 (initial active 12) (6 cores per cpu, 2 threads per core) family 6 model 165 stepping 2, cmov, cx8, fxsr, mmx, sse, sse2, sse3, ssse3, sse4.1, sse4.2, popcnt, avx, avx2, aes, clmul, erms, 3dnowpref, lzcnt, ht, tsc, tscinvbit, bmi1, bmi2, adx

Memory: 4k page, physical 16594732k(3003108k free), swap 66926380k(4336k free)

vm_info: Java HotSpot(TM) 64-Bit Server VM (25.261-b12) for windows-amd64 JRE (1.8.0_261-b12), built on Jun 18 2020 06:56:32 by "" with unknown MS VC++:1916

time: Mon Jan  9 07:55:30 2023
timezone: Malay Peninsula Standard Time
elapsed time: 5 seconds (0d 0h 0m 5s)

