#
# There is insufficient memory for the Java Runtime Environment to continue.
# Native memory allocation (malloc) failed to allocate 518336 bytes for Chunk::new
# Possible reasons:
#   The system is out of physical RAM or swap space
#   The process is running with CompressedOops enabled, and the Java Heap may be blocking the growth of the native heap
# Possible solutions:
#   Reduce memory load on the system
#   Increase physical memory or swap space
#   Check if swap backing store is full
#   Decrease Java heap size (-Xmx/-Xms)
#   Decrease number of Java threads
#   Decrease Java thread stack sizes (-Xss)
#   Set larger code cache with -XX:ReservedCodeCacheSize=
#   JVM is running with Zero Based Compressed Oops mode in which the Java heap is
#     placed in the first 32GB address space. The Java Heap base address is the
#     maximum limit for the native heap growth. Please use -XX:HeapBaseMinAddress
#     to set the Java Heap base and to place the Java Heap above 32GB virtual address.
# This output file may be truncated or incomplete.
#
#  Out of Memory Error (allocation.cpp:389), pid=37612, tid=0x0000000000008898
#
# JRE version: Java(TM) SE Runtime Environment (8.0_261-b12) (build 1.8.0_261-b12)
# Java VM: Java HotSpot(TM) 64-Bit Server VM (25.261-b12 mixed mode windows-amd64 compressed oops)
# Failed to write core dump. Minidumps are not enabled by default on client versions of Windows
#

---------------  T H R E A D  ---------------

Current thread (0x000002cbc8445000):  JavaThread "C2 CompilerThread2" daemon [_thread_in_native, id=34968, stack(0x000000d1acd00000,0x000000d1ace00000)]

Stack: [0x000000d1acd00000,0x000000d1ace00000]
Native frames: (J=compiled Java code, j=interpreted, Vv=VM code, C=native code)
V  [jvm.dll+0x33e5f9]
V  [jvm.dll+0x2850e2]
V  [jvm.dll+0x285d8d]
V  [jvm.dll+0x27c895]
V  [jvm.dll+0xe4d6c]
V  [jvm.dll+0xe556c]
V  [jvm.dll+0x461812]
V  [jvm.dll+0x49cc3d]
V  [jvm.dll+0x4511ef]
V  [jvm.dll+0x44eb84]
V  [jvm.dll+0x439bc7]
V  [jvm.dll+0xbbbcb]
V  [jvm.dll+0xba22b]
V  [jvm.dll+0x24d962]
V  [jvm.dll+0x2a1cfc]
C  [ucrtbase.dll+0x26c0c]
C  [KERNEL32.DLL+0x155a0]
C  [ntdll.dll+0x485b]


Current CompileTask:
C2:   3447 1593 %     4       miniprojtemplate.GameTimer::handle @ 278 (703 bytes)


---------------  P R O C E S S  ---------------

Java Threads: ( => current thread )
  0x000002cbd3749800 JavaThread "Thread-45" [_thread_blocked, id=21536, stack(0x000000d1b0400000,0x000000d1b0500000)]
  0x000002cbd3742000 JavaThread "Thread-44" [_thread_blocked, id=28404, stack(0x000000d1b0300000,0x000000d1b0400000)]
  0x000002cbd3749000 JavaThread "Thread-43" [_thread_blocked, id=16432, stack(0x000000d1b0200000,0x000000d1b0300000)]
  0x000002cbd3747800 JavaThread "Thread-42" [_thread_blocked, id=24908, stack(0x000000d1b0100000,0x000000d1b0200000)]
  0x000002cbd3743000 JavaThread "Thread-41" [_thread_blocked, id=772, stack(0x000000d1b0000000,0x000000d1b0100000)]
  0x000002cbd3748000 JavaThread "Thread-40" [_thread_blocked, id=15768, stack(0x000000d1aff00000,0x000000d1b0000000)]
  0x000002cbd3740000 JavaThread "Thread-39" [_thread_blocked, id=7028, stack(0x000000d1afe00000,0x000000d1aff00000)]
  0x000002cbd3741800 JavaThread "Thread-38" [_thread_blocked, id=37820, stack(0x000000d1afd00000,0x000000d1afe00000)]
  0x000002cbd3746800 JavaThread "Thread-37" [_thread_blocked, id=28740, stack(0x000000d1afc00000,0x000000d1afd00000)]
  0x000002cbd3745000 JavaThread "Thread-36" [_thread_blocked, id=2292, stack(0x000000d1afb00000,0x000000d1afc00000)]
  0x000002cbd373f000 JavaThread "Thread-35" [_thread_blocked, id=35288, stack(0x000000d1afa00000,0x000000d1afb00000)]
  0x000002cbd3740800 JavaThread "Thread-34" [_thread_blocked, id=21420, stack(0x000000d1af900000,0x000000d1afa00000)]
  0x000002cbd3746000 JavaThread "Thread-33" [_thread_blocked, id=8620, stack(0x000000d1af800000,0x000000d1af900000)]
  0x000002cbd357d000 JavaThread "Thread-32" [_thread_blocked, id=35492, stack(0x000000d1af700000,0x000000d1af800000)]
  0x000002cbd357c800 JavaThread "Thread-31" [_thread_blocked, id=34920, stack(0x000000d1af600000,0x000000d1af700000)]
  0x000002cbd357b800 JavaThread "Thread-30" [_thread_blocked, id=25004, stack(0x000000d1af500000,0x000000d1af600000)]
  0x000002cbd357b000 JavaThread "Thread-29" [_thread_blocked, id=9440, stack(0x000000d1af400000,0x000000d1af500000)]
  0x000002cbd357a000 JavaThread "Thread-28" [_thread_blocked, id=23104, stack(0x000000d1af300000,0x000000d1af400000)]
  0x000002cbd3578800 JavaThread "Thread-27" [_thread_blocked, id=33680, stack(0x000000d1af200000,0x000000d1af300000)]
  0x000002cbd3578000 JavaThread "Thread-26" [_thread_blocked, id=15904, stack(0x000000d1af100000,0x000000d1af200000)]
  0x000002cbd3579800 JavaThread "Thread-25" [_thread_blocked, id=12196, stack(0x000000d1af000000,0x000000d1af100000)]
  0x000002cbd3570800 JavaThread "Thread-24" [_thread_blocked, id=33312, stack(0x000000d1aef00000,0x000000d1af000000)]
  0x000002cbd3577000 JavaThread "Thread-23" [_thread_blocked, id=7776, stack(0x000000d1aee00000,0x000000d1aef00000)]
  0x000002cbd3576800 JavaThread "Thread-22" [_thread_blocked, id=12784, stack(0x000000d1aed00000,0x000000d1aee00000)]
  0x000002cbd3575800 JavaThread "Thread-21" [_thread_blocked, id=36720, stack(0x000000d1aec00000,0x000000d1aed00000)]
  0x000002cbd3575000 JavaThread "Thread-20" [_thread_blocked, id=29008, stack(0x000000d1aeb00000,0x000000d1aec00000)]
  0x000002cbd3573800 JavaThread "Thread-19" [_thread_blocked, id=13140, stack(0x000000d1aea00000,0x000000d1aeb00000)]
  0x000002cbd3574000 JavaThread "Thread-18" [_thread_blocked, id=3572, stack(0x000000d1ae900000,0x000000d1aea00000)]
  0x000002cbd3572800 JavaThread "Thread-17" [_thread_blocked, id=28076, stack(0x000000d1ae800000,0x000000d1ae900000)]
  0x000002cbd356e000 JavaThread "Thread-16" [_thread_blocked, id=35024, stack(0x000000d1ae700000,0x000000d1ae800000)]
  0x000002cbd3572000 JavaThread "Thread-15" [_thread_blocked, id=12580, stack(0x000000d1ae600000,0x000000d1ae700000)]
  0x000002cbd356f800 JavaThread "Thread-14" [_thread_blocked, id=36496, stack(0x000000d1ae500000,0x000000d1ae600000)]
  0x000002cbd3571000 JavaThread "Thread-13" [_thread_blocked, id=32632, stack(0x000000d1ae400000,0x000000d1ae500000)]
  0x000002cbd356f000 JavaThread "Thread-12" [_thread_blocked, id=24112, stack(0x000000d1ae300000,0x000000d1ae400000)]
  0x000002cbcb407800 JavaThread "Thread-11" [_thread_blocked, id=35084, stack(0x000000d1ae200000,0x000000d1ae300000)]
  0x000002cbd32f9000 JavaThread "Thread-10" [_thread_blocked, id=33676, stack(0x000000d1ae100000,0x000000d1ae200000)]
  0x000002cbd32f8800 JavaThread "Thread-9" [_thread_blocked, id=34964, stack(0x000000d1ae000000,0x000000d1ae100000)]
  0x000002cbd32fd800 JavaThread "Thread-8" [_thread_blocked, id=2432, stack(0x000000d1adf00000,0x000000d1ae000000)]
  0x000002cbd32fd000 JavaThread "Thread-7" [_thread_blocked, id=33352, stack(0x000000d1ade00000,0x000000d1adf00000)]
  0x000002cbd32fc000 JavaThread "Thread-6" [_thread_blocked, id=15740, stack(0x000000d1add00000,0x000000d1ade00000)]
  0x000002cbcb402800 JavaThread "Prism Font Disposer" daemon [_thread_blocked, id=37296, stack(0x000000d1adc00000,0x000000d1add00000)]
  0x000002cbcb404000 JavaThread "Thread-3" daemon [_thread_in_native, id=37732, stack(0x000000d1ad700000,0x000000d1ad800000)]
  0x000002cbcb406000 JavaThread "JavaFX-Launcher" [_thread_blocked, id=31972, stack(0x000000d1ad800000,0x000000d1ad900000)]
  0x000002cbc8449800 JavaThread "JavaFX Application Thread" [_thread_in_native, id=8412, stack(0x000000d1ad400000,0x000000d1ad500000)]
  0x000002cbc8449000 JavaThread "Thread-1" daemon [_thread_blocked, id=15512, stack(0x000000d1ad300000,0x000000d1ad400000)]
  0x000002cbc844a800 JavaThread "QuantumRenderer-0" daemon [_thread_blocked, id=28324, stack(0x000000d1ad100000,0x000000d1ad200000)]
  0x000002cbc844f000 JavaThread "Service Thread" daemon [_thread_blocked, id=19328, stack(0x000000d1acf00000,0x000000d1ad000000)]
  0x000002cbc844e000 JavaThread "C1 CompilerThread3" daemon [_thread_blocked, id=33232, stack(0x000000d1ace00000,0x000000d1acf00000)]
=>0x000002cbc8445000 JavaThread "C2 CompilerThread2" daemon [_thread_in_native, id=34968, stack(0x000000d1acd00000,0x000000d1ace00000)]
  0x000002cbc8434800 JavaThread "C2 CompilerThread1" daemon [_thread_blocked, id=31384, stack(0x000000d1acc00000,0x000000d1acd00000)]
  0x000002cbc8433000 JavaThread "C2 CompilerThread0" daemon [_thread_in_native, id=3352, stack(0x000000d1acb00000,0x000000d1acc00000)]
  0x000002cbc8430000 JavaThread "Attach Listener" daemon [_thread_blocked, id=38228, stack(0x000000d1aca00000,0x000000d1acb00000)]
  0x000002cbc8439800 JavaThread "Signal Dispatcher" daemon [_thread_blocked, id=28436, stack(0x000000d1ac900000,0x000000d1aca00000)]
  0x000002cbc8406800 JavaThread "Finalizer" daemon [_thread_blocked, id=16516, stack(0x000000d1ac800000,0x000000d1ac900000)]
  0x000002cbc83e0000 JavaThread "Reference Handler" daemon [_thread_blocked, id=8140, stack(0x000000d1ac700000,0x000000d1ac800000)]
  0x000002cbad841800 JavaThread "main" [_thread_blocked, id=23024, stack(0x000000d1abb00000,0x000000d1abc00000)]

Other Threads:
  0x000002cbc83d7000 VMThread [stack: 0x000000d1ac600000,0x000000d1ac700000] [id=19496]
  0x000002cbca923800 WatcherThread [stack: 0x000000d1ad000000,0x000000d1ad100000] [id=33776]

VM state:not at safepoint (normal execution)

VM Mutex/Monitor currently owned by a thread: None

heap address: 0x00000006c2c00000, size: 4052 MB, Compressed Oops mode: Zero based, Oop shift amount: 3
Narrow klass base: 0x0000000000000000, Narrow klass shift: 3
Compressed class space size: 1073741824 Address: 0x00000007c0000000

Heap:
 PSYoungGen      total 253440K, used 82231K [0x000000076b980000, 0x000000077c480000, 0x00000007c0000000)
  eden space 241664K, 34% used [0x000000076b980000,0x00000007709cdc00,0x000000077a580000)
  from space 11776K, 0% used [0x000000077b280000,0x000000077b280000,0x000000077be00000)
  to   space 13312K, 0% used [0x000000077a580000,0x000000077a580000,0x000000077b280000)
 ParOldGen       total 246272K, used 227791K [0x00000006c2c00000, 0x00000006d1c80000, 0x000000076b980000)
  object space 246272K, 92% used [0x00000006c2c00000,0x00000006d0a73d10,0x00000006d1c80000)
 Metaspace       used 13395K, capacity 13942K, committed 14080K, reserved 1060864K
  class space    used 1834K, capacity 1995K, committed 2048K, reserved 1048576K

Card table byte_map: [0x000002cbbe550000,0x000002cbbed40000] byte_map_base: 0x000002cbbaf3a000

Marking Bits: (ParMarkBitMap*) 0x000000006b9a4fb0
 Begin Bits: [0x000002cbbf290000, 0x000002cbc31e0000)
 End Bits:   [0x000002cbc31e0000, 0x000002cbc7130000)

Polling page: 0x000002cbad980000

CodeCache: size=245760Kb used=5351Kb max_used=5351Kb free=240408Kb
 bounds [0x000002cbaf190000, 0x000002cbaf6d0000, 0x000002cbbe190000]
 total_blobs=2281 nmethods=1642 adapters=551
 compilation: enabled

Compilation events (10 events):
Event: 3.420 Thread 0x000002cbc844e000 nmethod 1605 0x000002cbaf6aa810 code [0x000002cbaf6aaa60, 0x000002cbaf6abad0]
Event: 3.420 Thread 0x000002cbc844e000 1606  s    3       com.sun.javafx.font.PrismFontFactory::getFontResource (868 bytes)
Event: 3.424 Thread 0x000002cbc844e000 nmethod 1606 0x000002cbaf6ac250 code [0x000002cbaf6acbc0, 0x000002cbaf6b43b0]
Event: 3.424 Thread 0x000002cbc844e000 1607       3       com.sun.javafx.font.PrismFontLoader::font (116 bytes)
Event: 3.425 Thread 0x000002cbc844e000 nmethod 1607 0x000002cbaf6b8e90 code [0x000002cbaf6b90a0, 0x000002cbaf6b9bd0]
Event: 3.425 Thread 0x000002cbc844e000 1608       3       com.sun.javafx.tk.quantum.QuantumToolkit::postPulse (175 bytes)
Event: 3.426 Thread 0x000002cbc844e000 nmethod 1608 0x000002cbaf6ba210 code [0x000002cbaf6ba5a0, 0x000002cbaf6bc5f0]
Event: 3.426 Thread 0x000002cbc844e000 1609       3       java.util.WeakHashMap::<init> (133 bytes)
Event: 3.427 Thread 0x000002cbc844e000 nmethod 1609 0x000002cbaf6bd150 code [0x000002cbaf6bd440, 0x000002cbaf6bebd0]
Event: 3.427 Thread 0x000002cbc844e000 1610       3       java.util.concurrent.LinkedBlockingDeque::unlinkFirst (74 bytes)

GC Heap History (10 events):
Event: 2.198 GC heap before
{Heap before GC invocations=6 (full 1):
 PSYoungGen      total 140800K, used 110689K [0x000000076b980000, 0x0000000774d80000, 0x00000007c0000000)
  eden space 130048K, 85% used [0x000000076b980000,0x00000007725985c8,0x0000000773880000)
  from space 10752K, 0% used [0x0000000774300000,0x0000000774300000,0x0000000774d80000)
  to   space 10752K, 0% used [0x0000000773880000,0x0000000773880000,0x0000000774300000)
 ParOldGen       total 293376K, used 157810K [0x00000006c2c00000, 0x00000006d4a80000, 0x000000076b980000)
  object space 293376K, 53% used [0x00000006c2c00000,0x00000006cc61cbc8,0x00000006d4a80000)
 Metaspace       used 12784K, capacity 13344K, committed 13568K, reserved 1060864K
  class space    used 1783K, capacity 1924K, committed 2048K, reserved 1048576K
Event: 2.229 GC heap after
Heap after GC invocations=6 (full 1):
 PSYoungGen      total 140800K, used 8062K [0x000000076b980000, 0x000000077be00000, 0x00000007c0000000)
  eden space 130048K, 0% used [0x000000076b980000,0x000000076b980000,0x0000000773880000)
  from space 10752K, 74% used [0x0000000773880000,0x000000077405fa58,0x0000000774300000)
  to   space 11776K, 0% used [0x000000077b280000,0x000000077b280000,0x000000077be00000)
 ParOldGen       total 293376K, used 247819K [0x00000006c2c00000, 0x00000006d4a80000, 0x000000076b980000)
  object space 293376K, 84% used [0x00000006c2c00000,0x00000006d1e02c08,0x00000006d4a80000)
 Metaspace       used 12784K, capacity 13344K, committed 13568K, reserved 1060864K
  class space    used 1783K, capacity 1924K, committed 2048K, reserved 1048576K
}
Event: 2.229 GC heap before
{Heap before GC invocations=7 (full 2):
 PSYoungGen      total 140800K, used 8062K [0x000000076b980000, 0x000000077be00000, 0x00000007c0000000)
  eden space 130048K, 0% used [0x000000076b980000,0x000000076b980000,0x0000000773880000)
  from space 10752K, 74% used [0x0000000773880000,0x000000077405fa58,0x0000000774300000)
  to   space 11776K, 0% used [0x000000077b280000,0x000000077b280000,0x000000077be00000)
 ParOldGen       total 293376K, used 247819K [0x00000006c2c00000, 0x00000006d4a80000, 0x000000076b980000)
  object space 293376K, 84% used [0x00000006c2c00000,0x00000006d1e02c08,0x00000006d4a80000)
 Metaspace       used 12784K, capacity 13344K, committed 13568K, reserved 1060864K
  class space    used 1783K, capacity 1924K, committed 2048K, reserved 1048576K
Event: 2.251 GC heap after
Heap after GC invocations=7 (full 2):
 PSYoungGen      total 140800K, used 0K [0x000000076b980000, 0x000000077be00000, 0x00000007c0000000)
  eden space 130048K, 0% used [0x000000076b980000,0x000000076b980000,0x0000000773880000)
  from space 10752K, 0% used [0x0000000773880000,0x0000000773880000,0x0000000774300000)
  to   space 11776K, 0% used [0x000000077b280000,0x000000077b280000,0x000000077be00000)
 ParOldGen       total 246272K, used 72414K [0x00000006c2c00000, 0x00000006d1c80000, 0x000000076b980000)
  object space 246272K, 29% used [0x00000006c2c00000,0x00000006c72b79b8,0x00000006d1c80000)
 Metaspace       used 12784K, capacity 13344K, committed 13568K, reserved 1060864K
  class space    used 1783K, capacity 1924K, committed 2048K, reserved 1048576K
}
Event: 2.305 GC heap before
{Heap before GC invocations=8 (full 2):
 PSYoungGen      total 140800K, used 116155K [0x000000076b980000, 0x000000077be00000, 0x00000007c0000000)
  eden space 130048K, 89% used [0x000000076b980000,0x0000000772aeeca0,0x0000000773880000)
  from space 10752K, 0% used [0x0000000773880000,0x0000000773880000,0x0000000774300000)
  to   space 11776K, 0% used [0x000000077b280000,0x000000077b280000,0x000000077be00000)
 ParOldGen       total 246272K, used 72414K [0x00000006c2c00000, 0x00000006d1c80000, 0x000000076b980000)
  object space 246272K, 29% used [0x00000006c2c00000,0x00000006c72b79b8,0x00000006d1c80000)
 Metaspace       used 12784K, capacity 13344K, committed 13568K, reserved 1060864K
  class space    used 1783K, capacity 1924K, committed 2048K, reserved 1048576K
Event: 2.322 GC heap after
Heap after GC invocations=8 (full 2):
 PSYoungGen      total 253440K, used 890K [0x000000076b980000, 0x000000077c480000, 0x00000007c0000000)
  eden space 241664K, 0% used [0x000000076b980000,0x000000076b980000,0x000000077a580000)
  from space 11776K, 7% used [0x000000077b280000,0x000000077b35eae0,0x000000077be00000)
  to   space 13312K, 0% used [0x000000077a580000,0x000000077a580000,0x000000077b280000)
 ParOldGen       total 246272K, used 184914K [0x00000006c2c00000, 0x00000006d1c80000, 0x000000076b980000)
  object space 246272K, 75% used [0x00000006c2c00000,0x00000006ce094a08,0x00000006d1c80000)
 Metaspace       used 12784K, capacity 13344K, committed 13568K, reserved 1060864K
  class space    used 1783K, capacity 1924K, committed 2048K, reserved 1048576K
}
Event: 2.322 GC heap before
{Heap before GC invocations=9 (full 3):
 PSYoungGen      total 253440K, used 890K [0x000000076b980000, 0x000000077c480000, 0x00000007c0000000)
  eden space 241664K, 0% used [0x000000076b980000,0x000000076b980000,0x000000077a580000)
  from space 11776K, 7% used [0x000000077b280000,0x000000077b35eae0,0x000000077be00000)
  to   space 13312K, 0% used [0x000000077a580000,0x000000077a580000,0x000000077b280000)
 ParOldGen       total 246272K, used 184914K [0x00000006c2c00000, 0x00000006d1c80000, 0x000000076b980000)
  object space 246272K, 75% used [0x00000006c2c00000,0x00000006ce094a08,0x00000006d1c80000)
 Metaspace       used 12784K, capacity 13344K, committed 13568K, reserved 1060864K
  class space    used 1783K, capacity 1924K, committed 2048K, reserved 1048576K
Event: 2.380 GC heap after
Heap after GC invocations=9 (full 3):
 PSYoungGen      total 253440K, used 0K [0x000000076b980000, 0x000000077c480000, 0x00000007c0000000)
  eden space 241664K, 0% used [0x000000076b980000,0x000000076b980000,0x000000077a580000)
  from space 11776K, 0% used [0x000000077b280000,0x000000077b280000,0x000000077be00000)
  to   space 13312K, 0% used [0x000000077a580000,0x000000077a580000,0x000000077b280000)
 ParOldGen       total 246272K, used 184839K [0x00000006c2c00000, 0x00000006d1c80000, 0x000000076b980000)
  object space 246272K, 75% used [0x00000006c2c00000,0x00000006ce081f80,0x00000006d1c80000)
 Metaspace       used 12784K, capacity 13344K, committed 13568K, reserved 1060864K
  class space    used 1783K, capacity 1924K, committed 2048K, reserved 1048576K
}
Event: 2.937 GC heap before
{Heap before GC invocations=10 (full 4):
 PSYoungGen      total 253440K, used 228563K [0x000000076b980000, 0x000000077c480000, 0x00000007c0000000)
  eden space 241664K, 94% used [0x000000076b980000,0x00000007798b4d88,0x000000077a580000)
  from space 11776K, 0% used [0x000000077b280000,0x000000077b280000,0x000000077be00000)
  to   space 13312K, 0% used [0x000000077a580000,0x000000077a580000,0x000000077b280000)
 ParOldGen       total 246272K, used 184839K [0x00000006c2c00000, 0x00000006d1c80000, 0x000000076b980000)
  object space 246272K, 75% used [0x00000006c2c00000,0x00000006ce081f80,0x00000006d1c80000)
 Metaspace       used 12935K, capacity 13482K, committed 13568K, reserved 1060864K
  class space    used 1818K, capacity 1993K, committed 2048K, reserved 1048576K
Event: 2.981 GC heap after
Heap after GC invocations=10 (full 4):
 PSYoungGen      total 253440K, used 0K [0x000000076b980000, 0x000000077c480000, 0x00000007c0000000)
  eden space 241664K, 0% used [0x000000076b980000,0x000000076b980000,0x000000077a580000)
  from space 11776K, 0% used [0x000000077b280000,0x000000077b280000,0x000000077be00000)
  to   space 13312K, 0% used [0x000000077a580000,0x000000077a580000,0x000000077b280000)
 ParOldGen       total 246272K, used 227791K [0x00000006c2c00000, 0x00000006d1c80000, 0x000000076b980000)
  object space 246272K, 92% used [0x00000006c2c00000,0x00000006d0a73d10,0x00000006d1c80000)
 Metaspace       used 12935K, capacity 13482K, committed 13568K, reserved 1060864K
  class space    used 1818K, capacity 1993K, committed 2048K, reserved 1048576K
}

Deoptimization events (10 events):
Event: 1.482 Thread 0x000002cbc8449800 Uncommon trap: reason=class_check action=maybe_recompile pc=0x000002cbaf2b0f80 method=java.lang.String.equals(Ljava/lang/Object;)Z @ 8
Event: 1.511 Thread 0x000002cbc8449800 Uncommon trap: reason=unstable_if action=reinterpret pc=0x000002cbaf4770e0 method=sun.net.www.ParseUtil.encodePath(Ljava/lang/String;Z)Ljava/lang/String; @ 109
Event: 1.530 Thread 0x000002cbc8449800 Uncommon trap: reason=unstable_if action=reinterpret pc=0x000002cbaf4cc568 method=jdk.internal.org.objectweb.asm.Type.getArgumentsAndReturnSizes(Ljava/lang/String;)I @ 47
Event: 2.727 Thread 0x000002cbc8449800 Uncommon trap: reason=unstable_if action=reinterpret pc=0x000002cbaf3c0244 method=com.sun.javafx.iio.common.RoughScaler.putSourceScanline([BI)Z @ 33
Event: 2.728 Thread 0x000002cbc8449800 Uncommon trap: reason=unstable_if action=reinterpret pc=0x000002cbaf58ba5c method=com.sun.javafx.iio.gif.GIFImageLoader2.restoreToBackground([BIIII)V @ 7
Event: 2.734 Thread 0x000002cbc8449800 Uncommon trap: reason=unstable_if action=reinterpret pc=0x000002cbaf3d8514 method=com.sun.javafx.image.impl.ByteBgra$ToByteBgraPreConv.doConvert([BII[BIIII)V @ 75
Event: 2.735 Thread 0x000002cbc8449800 Uncommon trap: reason=unstable_if action=reinterpret pc=0x000002cbaf3d75a0 method=com.sun.javafx.image.impl.ByteBgra$ToByteBgraPreConv.doConvert([BII[BIIII)V @ 75
Event: 2.742 Thread 0x000002cbc8449800 Uncommon trap: reason=unstable_if action=reinterpret pc=0x000002cbaf3fe470 method=com.sun.javafx.iio.png.PNGImageLoader2.paethPr(III)I @ 30
Event: 2.742 Thread 0x000002cbc8449800 Uncommon trap: reason=unstable_if action=reinterpret pc=0x000002cbaf3f38ac method=java.lang.Math.abs(I)I @ 1
Event: 2.743 Thread 0x000002cbc8449800 Uncommon trap: reason=unstable_if action=reinterpret pc=0x000002cbaf4051ac method=com.sun.javafx.iio.png.PNGImageLoader2.paethPr(III)I @ 30

Classes redefined (0 events):
No events

Internal exceptions (10 events):
Event: 3.420 Thread 0x000002cbc844a800 Implicit null exception at 0x000002cbaf5f0bd4 to 0x000002cbaf5f3d5f
Event: 3.420 Thread 0x000002cbc844a800 Exception <a 'java/lang/NullPointerException'> (0x00000007703de1e8) thrown at [C:\jenkins\workspace\8-2-build-windows-amd64-cygwin\jdk8u261\295\hotspot\src\share\vm\runtime\sharedRuntime.cpp, line 605]
Event: 3.421 Thread 0x000002cbc844a800 Implicit null exception at 0x000002cbaf5f0bd4 to 0x000002cbaf5f3d5f
Event: 3.421 Thread 0x000002cbc844a800 Exception <a 'java/lang/NullPointerException'> (0x00000007703e3ce8) thrown at [C:\jenkins\workspace\8-2-build-windows-amd64-cygwin\jdk8u261\295\hotspot\src\share\vm\runtime\sharedRuntime.cpp, line 605]
Event: 3.423 Thread 0x000002cbc844a800 Implicit null exception at 0x000002cbaf5f0bd4 to 0x000002cbaf5f3d5f
Event: 3.423 Thread 0x000002cbc844a800 Exception <a 'java/lang/NullPointerException'> (0x00000007703e97e8) thrown at [C:\jenkins\workspace\8-2-build-windows-amd64-cygwin\jdk8u261\295\hotspot\src\share\vm\runtime\sharedRuntime.cpp, line 605]
Event: 3.425 Thread 0x000002cbc844a800 Implicit null exception at 0x000002cbaf5f0bd4 to 0x000002cbaf5f3d5f
Event: 3.425 Thread 0x000002cbc844a800 Exception <a 'java/lang/NullPointerException'> (0x00000007703ef2e8) thrown at [C:\jenkins\workspace\8-2-build-windows-amd64-cygwin\jdk8u261\295\hotspot\src\share\vm\runtime\sharedRuntime.cpp, line 605]
Event: 3.426 Thread 0x000002cbc844a800 Implicit null exception at 0x000002cbaf5f0bd4 to 0x000002cbaf5f3d5f
Event: 3.426 Thread 0x000002cbc844a800 Exception <a 'java/lang/NullPointerException'> (0x00000007703f4de8) thrown at [C:\jenkins\workspace\8-2-build-windows-amd64-cygwin\jdk8u261\295\hotspot\src\share\vm\runtime\sharedRuntime.cpp, line 605]

Events (10 events):
Event: 3.105 loading class com/sun/javafx/font/directwrite/ID2D1Factory
Event: 3.105 loading class com/sun/javafx/font/directwrite/ID2D1Factory done
Event: 3.110 loading class com/sun/javafx/font/directwrite/ID2D1RenderTarget
Event: 3.110 loading class com/sun/javafx/font/directwrite/ID2D1RenderTarget done
Event: 3.110 loading class com/sun/javafx/font/directwrite/D2D1_POINT_2F
Event: 3.110 loading class com/sun/javafx/font/directwrite/D2D1_POINT_2F done
Event: 3.111 loading class com/sun/javafx/font/directwrite/ID2D1Brush
Event: 3.111 loading class com/sun/javafx/font/directwrite/ID2D1Brush done
Event: 3.112 loading class com/sun/javafx/font/directwrite/IWICBitmapLock
Event: 3.112 loading class com/sun/javafx/font/directwrite/IWICBitmapLock done


Dynamic libraries:
0x00007ff750670000 - 0x00007ff7506b7000 	C:\Program Files\Java\jre1.8.0_261\bin\javaw.exe
0x00007ffffc060000 - 0x00007ffffc269000 	C:\WINDOWS\SYSTEM32\ntdll.dll
0x00007ffffae20000 - 0x00007ffffaede000 	C:\WINDOWS\System32\KERNEL32.DLL
0x00007ffff9760000 - 0x00007ffff9adb000 	C:\WINDOWS\System32\KERNELBASE.dll
0x00007ffffa730000 - 0x00007ffffa7de000 	C:\WINDOWS\System32\ADVAPI32.dll
0x00007ffffa3b0000 - 0x00007ffffa453000 	C:\WINDOWS\System32\msvcrt.dll
0x00007ffffa5c0000 - 0x00007ffffa65e000 	C:\WINDOWS\System32\sechost.dll
0x00007ffffb490000 - 0x00007ffffb5b0000 	C:\WINDOWS\System32\RPCRT4.dll
0x00007ffffab80000 - 0x00007ffffad2d000 	C:\WINDOWS\System32\USER32.dll
0x00007ffff9c00000 - 0x00007ffff9c26000 	C:\WINDOWS\System32\win32u.dll
0x00007ffffb070000 - 0x00007ffffb099000 	C:\WINDOWS\System32\GDI32.dll
0x00007ffff9c30000 - 0x00007ffff9d48000 	C:\WINDOWS\System32\gdi32full.dll
0x00007ffff9b60000 - 0x00007ffff9bfd000 	C:\WINDOWS\System32\msvcp_win.dll
0x00007ffff9dc0000 - 0x00007ffff9ed1000 	C:\WINDOWS\System32\ucrtbase.dll
0x00007fffdc480000 - 0x00007fffdc725000 	C:\WINDOWS\WinSxS\amd64_microsoft.windows.common-controls_6595b64144ccf1df_6.0.22000.120_none_9d947278b86cc467\COMCTL32.dll
0x00007ffffaee0000 - 0x00007ffffaf12000 	C:\WINDOWS\System32\IMM32.DLL
0x00007fffcdcd0000 - 0x00007fffcdce5000 	C:\Program Files\Java\jre1.8.0_261\bin\vcruntime140.dll
0x00007fffbe510000 - 0x00007fffbe5ab000 	C:\Program Files\Java\jre1.8.0_261\bin\msvcp140.dll
0x000000006b1b0000 - 0x000000006ba1c000 	C:\Program Files\Java\jre1.8.0_261\bin\server\jvm.dll
0x00007ffffb060000 - 0x00007ffffb068000 	C:\WINDOWS\System32\PSAPI.DLL
0x00007fffe7db0000 - 0x00007fffe7db9000 	C:\WINDOWS\SYSTEM32\WSOCK32.dll
0x00007ffff4310000 - 0x00007ffff431a000 	C:\WINDOWS\SYSTEM32\VERSION.dll
0x00007fffe8e50000 - 0x00007fffe8e83000 	C:\WINDOWS\SYSTEM32\WINMM.dll
0x00007ffffa460000 - 0x00007ffffa4cf000 	C:\WINDOWS\System32\WS2_32.dll
0x00007ffff8660000 - 0x00007ffff8678000 	C:\WINDOWS\SYSTEM32\kernel.appcore.dll
0x00007fffe7da0000 - 0x00007fffe7db0000 	C:\Program Files\Java\jre1.8.0_261\bin\verify.dll
0x00007fffe79a0000 - 0x00007fffe79cb000 	C:\Program Files\Java\jre1.8.0_261\bin\java.dll
0x00007fffe4930000 - 0x00007fffe4948000 	C:\Program Files\Java\jre1.8.0_261\bin\zip.dll
0x00007ffffb6b0000 - 0x00007ffffbe67000 	C:\WINDOWS\System32\SHELL32.dll
0x00007ffff75f0000 - 0x00007ffff7e55000 	C:\WINDOWS\SYSTEM32\windows.storage.dll
0x00007ffffa7e0000 - 0x00007ffffab58000 	C:\WINDOWS\System32\combase.dll
0x00007ffff7480000 - 0x00007ffff75e6000 	C:\WINDOWS\SYSTEM32\wintypes.dll
0x00007ffffad30000 - 0x00007ffffae1a000 	C:\WINDOWS\System32\SHCORE.dll
0x00007ffffa350000 - 0x00007ffffa3ad000 	C:\WINDOWS\System32\shlwapi.dll
0x00007ffff9460000 - 0x00007ffff9481000 	C:\WINDOWS\SYSTEM32\profapi.dll
0x000002cbad9c0000 - 0x000002cbad9c3000 	C:\Program Files\Java\jre1.8.0_261\bin\api-ms-win-core-console-l1-1-0.dll
0x000002cbad9d0000 - 0x000002cbad9d3000 	C:\Program Files\Java\jre1.8.0_261\bin\api-ms-win-core-datetime-l1-1-0.dll
0x000002cbcac90000 - 0x000002cbcac93000 	C:\Program Files\Java\jre1.8.0_261\bin\api-ms-win-core-debug-l1-1-0.dll
0x000002cbcaca0000 - 0x000002cbcaca3000 	C:\Program Files\Java\jre1.8.0_261\bin\api-ms-win-core-errorhandling-l1-1-0.dll
0x000002cbcacb0000 - 0x000002cbcacb4000 	C:\Program Files\Java\jre1.8.0_261\bin\api-ms-win-core-file-l1-1-0.dll
0x000002cbcacc0000 - 0x000002cbcacc3000 	C:\Program Files\Java\jre1.8.0_261\bin\api-ms-win-core-file-l1-2-0.dll
0x000002cbcacd0000 - 0x000002cbcacd3000 	C:\Program Files\Java\jre1.8.0_261\bin\api-ms-win-core-file-l2-1-0.dll
0x000002cbcace0000 - 0x000002cbcace3000 	C:\Program Files\Java\jre1.8.0_261\bin\api-ms-win-core-handle-l1-1-0.dll
0x000002cbcacf0000 - 0x000002cbcacf3000 	C:\Program Files\Java\jre1.8.0_261\bin\api-ms-win-core-heap-l1-1-0.dll
0x000002cbcad00000 - 0x000002cbcad03000 	C:\Program Files\Java\jre1.8.0_261\bin\api-ms-win-core-interlocked-l1-1-0.dll
0x000002cbcad10000 - 0x000002cbcad13000 	C:\Program Files\Java\jre1.8.0_261\bin\api-ms-win-core-libraryloader-l1-1-0.dll
0x000002cbcad20000 - 0x000002cbcad23000 	C:\Program Files\Java\jre1.8.0_261\bin\api-ms-win-core-localization-l1-2-0.dll
0x000002cbcad30000 - 0x000002cbcad33000 	C:\Program Files\Java\jre1.8.0_261\bin\api-ms-win-core-memory-l1-1-0.dll
0x000002cbcad40000 - 0x000002cbcad43000 	C:\Program Files\Java\jre1.8.0_261\bin\api-ms-win-core-namedpipe-l1-1-0.dll
0x000002cbcad50000 - 0x000002cbcad53000 	C:\Program Files\Java\jre1.8.0_261\bin\api-ms-win-core-processenvironment-l1-1-0.dll
0x000002cbcad60000 - 0x000002cbcad63000 	C:\Program Files\Java\jre1.8.0_261\bin\api-ms-win-core-processthreads-l1-1-0.dll
0x000002cbcad70000 - 0x000002cbcad73000 	C:\Program Files\Java\jre1.8.0_261\bin\api-ms-win-core-processthreads-l1-1-1.dll
0x000002cbcad80000 - 0x000002cbcad83000 	C:\Program Files\Java\jre1.8.0_261\bin\api-ms-win-core-profile-l1-1-0.dll
0x000002cbcad90000 - 0x000002cbcad93000 	C:\Program Files\Java\jre1.8.0_261\bin\api-ms-win-core-rtlsupport-l1-1-0.dll
0x000002cbcada0000 - 0x000002cbcada3000 	C:\Program Files\Java\jre1.8.0_261\bin\api-ms-win-core-string-l1-1-0.dll
0x000002cbcadb0000 - 0x000002cbcadb3000 	C:\Program Files\Java\jre1.8.0_261\bin\api-ms-win-core-synch-l1-1-0.dll
0x000002cbcadc0000 - 0x000002cbcadc3000 	C:\Program Files\Java\jre1.8.0_261\bin\api-ms-win-core-synch-l1-2-0.dll
0x000002cbcadd0000 - 0x000002cbcadd3000 	C:\Program Files\Java\jre1.8.0_261\bin\api-ms-win-core-sysinfo-l1-1-0.dll
0x000002cbcade0000 - 0x000002cbcade3000 	C:\Program Files\Java\jre1.8.0_261\bin\api-ms-win-core-timezone-l1-1-0.dll
0x000002cbcadf0000 - 0x000002cbcadf3000 	C:\Program Files\Java\jre1.8.0_261\bin\api-ms-win-core-util-l1-1-0.dll
0x000002cbcae00000 - 0x000002cbcae03000 	C:\Program Files\Java\jre1.8.0_261\bin\api-ms-win-crt-conio-l1-1-0.dll
0x000002cbcae10000 - 0x000002cbcae14000 	C:\Program Files\Java\jre1.8.0_261\bin\api-ms-win-crt-convert-l1-1-0.dll
0x000002cbcae20000 - 0x000002cbcae23000 	C:\Program Files\Java\jre1.8.0_261\bin\api-ms-win-crt-environment-l1-1-0.dll
0x000002cbcae30000 - 0x000002cbcae33000 	C:\Program Files\Java\jre1.8.0_261\bin\api-ms-win-crt-filesystem-l1-1-0.dll
0x000002cbcae40000 - 0x000002cbcae43000 	C:\Program Files\Java\jre1.8.0_261\bin\api-ms-win-crt-heap-l1-1-0.dll
0x000002cbcae50000 - 0x000002cbcae53000 	C:\Program Files\Java\jre1.8.0_261\bin\api-ms-win-crt-locale-l1-1-0.dll
0x000002cbcae60000 - 0x000002cbcae65000 	C:\Program Files\Java\jre1.8.0_261\bin\api-ms-win-crt-math-l1-1-0.dll
0x000002cbcae70000 - 0x000002cbcae75000 	C:\Program Files\Java\jre1.8.0_261\bin\api-ms-win-crt-multibyte-l1-1-0.dll
0x000002cbcae80000 - 0x000002cbcae90000 	C:\Program Files\Java\jre1.8.0_261\bin\api-ms-win-crt-private-l1-1-0.dll
0x000002cbcae90000 - 0x000002cbcae93000 	C:\Program Files\Java\jre1.8.0_261\bin\api-ms-win-crt-process-l1-1-0.dll
0x000002cbcaea0000 - 0x000002cbcaea4000 	C:\Program Files\Java\jre1.8.0_261\bin\api-ms-win-crt-runtime-l1-1-0.dll
0x000002cbcaeb0000 - 0x000002cbcaeb4000 	C:\Program Files\Java\jre1.8.0_261\bin\api-ms-win-crt-stdio-l1-1-0.dll
0x000002cbcaec0000 - 0x000002cbcaec4000 	C:\Program Files\Java\jre1.8.0_261\bin\api-ms-win-crt-string-l1-1-0.dll
0x000002cbcaed0000 - 0x000002cbcaed3000 	C:\Program Files\Java\jre1.8.0_261\bin\api-ms-win-crt-time-l1-1-0.dll
0x000002cbcaee0000 - 0x000002cbcaee3000 	C:\Program Files\Java\jre1.8.0_261\bin\api-ms-win-crt-utility-l1-1-0.dll
0x00007fffba090000 - 0x00007fffba18c000 	C:\Program Files\Java\jre1.8.0_261\bin\ucrtbase.dll
0x00007fffbc300000 - 0x00007fffbc351000 	C:\Program Files\Java\jre1.8.0_261\bin\concrt140.dll
0x00007fffcb520000 - 0x00007fffcb543000 	C:\Program Files\Java\jre1.8.0_261\bin\prism_d3d.dll
0x00007fffdc2d0000 - 0x00007fffdc476000 	C:\WINDOWS\system32\d3d9.dll
0x00007ffff6fb0000 - 0x00007ffff6fdf000 	C:\WINDOWS\SYSTEM32\dwmapi.dll
0x00007ffff6df0000 - 0x00007ffff6e28000 	C:\WINDOWS\SYSTEM32\dxcore.dll
0x00007ffff6b40000 - 0x00007ffff6bec000 	C:\WINDOWS\system32\uxtheme.dll
0x00007ffff2ce0000 - 0x00007ffff2d24000 	C:\WINDOWS\SYSTEM32\directxdatabasehelper.dll
0x00007ffff8680000 - 0x00007ffff86b4000 	C:\WINDOWS\SYSTEM32\ntmarta.dll
0x00007ffff8dc0000 - 0x00007ffff8dd2000 	C:\WINDOWS\SYSTEM32\msasn1.dll
0x00007ffff14b0000 - 0x00007ffff14e1000 	C:\WINDOWS\SYSTEM32\cryptnet.dll
0x00007ffff9530000 - 0x00007ffff9692000 	C:\WINDOWS\System32\CRYPT32.dll
0x00007ffff8d50000 - 0x00007ffff8d5c000 	C:\WINDOWS\SYSTEM32\cryptbase.dll
0x00007ffff9d50000 - 0x00007ffff9db8000 	C:\WINDOWS\System32\WINTRUST.DLL
0x00007ffffb5b0000 - 0x00007ffffb5cf000 	C:\WINDOWS\System32\imagehlp.dll
0x00007ffff8d30000 - 0x00007ffff8d48000 	C:\WINDOWS\SYSTEM32\CRYPTSP.dll
0x00007ffff85c0000 - 0x00007ffff85f5000 	C:\WINDOWS\system32\rsaenh.dll
0x00007ffff9ae0000 - 0x00007ffff9b5f000 	C:\WINDOWS\System32\bcryptPrimitives.dll
0x00007ffff8f10000 - 0x00007ffff8f37000 	C:\WINDOWS\SYSTEM32\bcrypt.dll
0x00007fffbc180000 - 0x00007fffbc1c5000 	C:\Program Files\Java\jre1.8.0_261\bin\glass.dll
0x00007ffffa4d0000 - 0x00007ffffa5bc000 	C:\WINDOWS\System32\COMDLG32.dll
0x00007ffffbe80000 - 0x00007ffffc01a000 	C:\WINDOWS\System32\ole32.dll
0x00007ffffaf80000 - 0x00007ffffb056000 	C:\WINDOWS\System32\OLEAUT32.dll
0x00007fff9b270000 - 0x00007fff9b3a9000 	C:\ProgramData\A-Volute\A-Volute.Nahimic\Modules\Scheduled\x64\AudioDevProps2.dll
0x00007ffffb260000 - 0x00007ffffb37d000 	C:\WINDOWS\System32\MSCTF.dll
0x00007fffb1e90000 - 0x00007fffb1fa7000 	C:\WINDOWS\System32\DriverStore\FileRepository\nvmii.inf_amd64_417542b70c8bb20a\nvldumdx.dll
0x00007ffff1360000 - 0x00007ffff14a9000 	C:\WINDOWS\SYSTEM32\drvstore.dll
0x00007ffff9270000 - 0x00007ffff929c000 	C:\WINDOWS\SYSTEM32\devobj.dll
0x00007ffff9220000 - 0x00007ffff926c000 	C:\WINDOWS\SYSTEM32\cfgmgr32.dll
0x00007ffff8e50000 - 0x00007ffff8e91000 	C:\WINDOWS\SYSTEM32\wldp.dll
0x00007fff860d0000 - 0x00007fff878da000 	C:\WINDOWS\System32\DriverStore\FileRepository\nvmii.inf_amd64_417542b70c8bb20a\nvd3dumx.dll
0x00007fffa6fb0000 - 0x00007fffa7277000 	C:\WINDOWS\system32\nvspcap64.dll
0x00007ffff8b70000 - 0x00007ffff8b94000 	C:\WINDOWS\SYSTEM32\gpapi.dll
0x00007fff9c300000 - 0x00007fff9c4af000 	C:\WINDOWS\System32\DriverStore\FileRepository\iigd_dch.inf_amd64_51f685305808e3a5\igdumdim64.dll
0x00007fff937c0000 - 0x00007fff96863000 	C:\WINDOWS\System32\DriverStore\FileRepository\iigd_dch.inf_amd64_51f685305808e3a5\igd9dxva64.dll
0x00007ffff9ee0000 - 0x00007ffffa34c000 	C:\WINDOWS\System32\SETUPAPI.dll
0x00007fffed990000 - 0x00007fffedd99000 	C:\WINDOWS\System32\DriverStore\FileRepository\iigd_dch.inf_amd64_51f685305808e3a5\igdgmm64.dll
0x00007fff87ce0000 - 0x00007fff87d07000 	C:\WINDOWS\System32\DriverStore\FileRepository\iigd_dch.inf_amd64_51f685305808e3a5\igdinfo64.dll
0x00007fffe9740000 - 0x00007fffeced4000 	C:\WINDOWS\System32\DriverStore\FileRepository\iigd_dch.inf_amd64_51f685305808e3a5\igc64.dll
0x00007fffc8660000 - 0x00007fffc8674000 	C:\Program Files\Java\jre1.8.0_261\bin\javafx_font.dll
0x00007fffc4bd0000 - 0x00007fffc4e2f000 	C:\WINDOWS\SYSTEM32\dwrite.dll
0x00007ffffb5d0000 - 0x00007ffffb685000 	C:\WINDOWS\System32\clbcatq.dll
0x00007ffff07d0000 - 0x00007ffff097e000 	C:\WINDOWS\SYSTEM32\WindowsCodecs.dll
0x00007fffc3f70000 - 0x00007fffc3fcd000 	C:\WINDOWS\system32\dataexchange.dll
0x00007fffefd50000 - 0x00007fffeffb6000 	C:\WINDOWS\system32\twinapi.appcore.dll
0x00007fffe7c00000 - 0x00007fffe7c32000 	C:\Program Files\Common Files\Microsoft Shared\Ink\rtscom.dll
0x00007fffcbf50000 - 0x00007fffcc07d000 	C:\WINDOWS\SYSTEM32\textinputframework.dll
0x00007ffff6750000 - 0x00007ffff6881000 	C:\WINDOWS\SYSTEM32\CoreMessaging.dll
0x00007ffff23d0000 - 0x00007ffff273d000 	C:\WINDOWS\SYSTEM32\CoreUIComponents.dll
0x00007fffc1fe0000 - 0x00007fffc1ff2000 	C:\Program Files\Java\jre1.8.0_261\bin\prism_common.dll
0x00007ffff38b0000 - 0x00007ffff3e68000 	C:\WINDOWS\SYSTEM32\d2d1.dll
0x00007ffff1c50000 - 0x00007ffff1ed0000 	C:\WINDOWS\SYSTEM32\d3d11.dll
0x00007ffff6cb0000 - 0x00007ffff6da3000 	C:\WINDOWS\SYSTEM32\dxgi.dll

VM Arguments:
jvm_args: -Dfile.encoding=Cp1252 
java_command: miniprojtemplate.Main
java_class_path (initial): C:\Users\innoj\workspace\MiniProject (2).zip_expanded\MiniProject\bin;C:\Users\innoj\Desktop\Inno_general files\java\eclipse\plugins\org.eclipse.fx.ide.css.jfx8_2.4.0.201605112122.jar
Launcher Type: SUN_STANDARD

Environment Variables:
PATH=C:/Program Files/Java/jre1.8.0_261/bin/server;C:/Program Files/Java/jre1.8.0_261/bin;C:/Program Files/Java/jre1.8.0_261/lib/amd64;C:\Program Files (x86)\Common Files\Oracle\Java\javapath;C:\Windows\system32;C:\Windows;C:\Windows\System32\Wbem;C:\Windows\System32\WindowsPowerShell\v1.0\;C:\Windows\System32\OpenSSH\;C:\WINDOWS\system32;C:\WINDOWS;C:\WINDOWS\System32\Wbem;C:\WINDOWS\System32\WindowsPowerShell\v1.0\;C:\WINDOWS\System32\OpenSSH\;C:\Program Files\NVIDIA Corporation\NVIDIA NvDLISR;C:\Program Files (x86)\NVIDIA Corporation\PhysX\Common;C:\Program Files\Java\jdk1.8.0_261\bin;C:\Program Files\dotnet\;C:\Users\innoj\AppData\Local\Programs\Python\Python310\Scripts\;C:\Users\innoj\AppData\Local\Programs\Python\Python310\;C:\Users\innoj\AppData\Local\Microsoft\WindowsApps;C:\Users\innoj\AppData\Local\atom\bin;C:\Users\innoj\AppData\Local\Programs\Microsoft VS Code\bin;C:\MinGW\bin;;C:\Users\innoj\Desktop\Inno_general files\java\eclipse;
USERNAME=innoj
OS=Windows_NT
PROCESSOR_IDENTIFIER=Intel64 Family 6 Model 165 Stepping 2, GenuineIntel



---------------  S Y S T E M  ---------------

OS: Windows 10.0 , 64 bit Build 22000 (10.0.22000.1335)

CPU:total 12 (initial active 12) (6 cores per cpu, 2 threads per core) family 6 model 165 stepping 2, cmov, cx8, fxsr, mmx, sse, sse2, sse3, ssse3, sse4.1, sse4.2, popcnt, avx, avx2, aes, clmul, erms, 3dnowpref, lzcnt, ht, tsc, tscinvbit, bmi1, bmi2, adx

Memory: 4k page, physical 16594732k(973768k free), swap 66926380k(5456k free)

vm_info: Java HotSpot(TM) 64-Bit Server VM (25.261-b12) for windows-amd64 JRE (1.8.0_261-b12), built on Jun 18 2020 06:56:32 by "" with unknown MS VC++:1916

time: Mon Jan  9 18:32:55 2023
timezone: Malay Peninsula Standard Time
elapsed time: 3 seconds (0d 0h 0m 3s)

