#
# There is insufficient memory for the Java Runtime Environment to continue.
# Native memory allocation (malloc) failed to allocate 32744 bytes for ChunkPool::allocate
# Possible reasons:
#   The system is out of physical RAM or swap space
#   The process is running with CompressedOops enabled, and the Java Heap may be blocking the growth of the native heap
# Possible solutions:
#   Reduce memory load on the system
#   Increase physical memory or swap space
#   Check if swap backing store is full
#   Decrease Java heap size (-Xmx/-Xms)
#   Decrease number of Java threads
#   Decrease Java thread stack sizes (-Xss)
#   Set larger code cache with -XX:ReservedCodeCacheSize=
#   JVM is running with Zero Based Compressed Oops mode in which the Java heap is
#     placed in the first 32GB address space. The Java Heap base address is the
#     maximum limit for the native heap growth. Please use -XX:HeapBaseMinAddress
#     to set the Java Heap base and to place the Java Heap above 32GB virtual address.
# This output file may be truncated or incomplete.
#
#  Out of Memory Error (allocation.cpp:272), pid=20804, tid=0x0000000000004ef4
#
# JRE version: Java(TM) SE Runtime Environment (8.0_261-b12) (build 1.8.0_261-b12)
# Java VM: Java HotSpot(TM) 64-Bit Server VM (25.261-b12 mixed mode windows-amd64 compressed oops)
# Failed to write core dump. Minidumps are not enabled by default on client versions of Windows
#

---------------  T H R E A D  ---------------

Current thread (0x000002336f2a1000):  JavaThread "C1 CompilerThread3" daemon [_thread_in_native, id=20212, stack(0x000000fd7e500000,0x000000fd7e600000)]

Stack: [0x000000fd7e500000,0x000000fd7e600000]
Native frames: (J=compiled Java code, j=interpreted, Vv=VM code, C=native code)
V  [jvm.dll+0x33e5f9]


Current CompileTask:
C1:   3137 1458       3       miniprojtemplate.GameTimer::handle (859 bytes)


---------------  P R O C E S S  ---------------

Java Threads: ( => current thread )
  0x00000233797f1000 JavaThread "Thread-44" [_thread_blocked, id=35040, stack(0x000000fd01b00000,0x000000fd01c00000)]
  0x00000233797f0800 JavaThread "Thread-43" [_thread_blocked, id=29132, stack(0x000000fd01a00000,0x000000fd01b00000)]
  0x00000233797e8800 JavaThread "Thread-42" [_thread_blocked, id=37908, stack(0x000000fd01900000,0x000000fd01a00000)]
  0x00000233797ea000 JavaThread "Thread-41" [_thread_blocked, id=31376, stack(0x000000fd01800000,0x000000fd01900000)]
  0x00000233797ef800 JavaThread "Thread-40" [_thread_blocked, id=31444, stack(0x000000fd01700000,0x000000fd01800000)]
  0x00000233797e9800 JavaThread "Thread-39" [_thread_blocked, id=22332, stack(0x000000fd01600000,0x000000fd01700000)]
  0x00000233797ef000 JavaThread "Thread-38" [_thread_blocked, id=30196, stack(0x000000fd01500000,0x000000fd01600000)]
  0x00000233797e8000 JavaThread "Thread-37" [_thread_blocked, id=18928, stack(0x000000fd01400000,0x000000fd01500000)]
  0x00000233797e7000 JavaThread "Thread-36" [_thread_blocked, id=23872, stack(0x000000fd01300000,0x000000fd01400000)]
  0x00000233797ec800 JavaThread "Thread-35" [_thread_blocked, id=18768, stack(0x000000fd01200000,0x000000fd01300000)]
  0x00000233797eb800 JavaThread "Thread-34" [_thread_blocked, id=8484, stack(0x000000fd01100000,0x000000fd01200000)]
  0x00000233797ee000 JavaThread "Thread-33" [_thread_blocked, id=19980, stack(0x000000fd01000000,0x000000fd01100000)]
  0x0000023379785800 JavaThread "Thread-32" [_thread_blocked, id=36064, stack(0x000000fd00f00000,0x000000fd01000000)]
  0x0000023379784000 JavaThread "Thread-31" [_thread_blocked, id=31432, stack(0x000000fd00e00000,0x000000fd00f00000)]
  0x0000023379785000 JavaThread "Thread-30" [_thread_blocked, id=38544, stack(0x000000fd00d00000,0x000000fd00e00000)]
  0x0000023379789000 JavaThread "Thread-29" [_thread_blocked, id=38488, stack(0x000000fd00c00000,0x000000fd00d00000)]
  0x0000023379789800 JavaThread "Thread-28" [_thread_blocked, id=28332, stack(0x000000fd00b00000,0x000000fd00c00000)]
  0x000002337978a800 JavaThread "Thread-27" [_thread_blocked, id=28980, stack(0x000000fd00a00000,0x000000fd00b00000)]
  0x0000023379786800 JavaThread "Thread-26" [_thread_blocked, id=2760, stack(0x000000fd00900000,0x000000fd00a00000)]
  0x0000023379787800 JavaThread "Thread-25" [_thread_blocked, id=31348, stack(0x000000fd00800000,0x000000fd00900000)]
  0x0000023379788000 JavaThread "Thread-24" [_thread_blocked, id=2452, stack(0x000000fd00700000,0x000000fd00800000)]
  0x000002337977c800 JavaThread "Thread-23" [_thread_blocked, id=34084, stack(0x000000fd00600000,0x000000fd00700000)]
  0x0000023379783800 JavaThread "Thread-22" [_thread_blocked, id=24236, stack(0x000000fd00500000,0x000000fd00600000)]
  0x000002337977c000 JavaThread "Thread-21" [_thread_blocked, id=23696, stack(0x000000fd00400000,0x000000fd00500000)]
  0x0000023379782800 JavaThread "Thread-20" [_thread_blocked, id=35964, stack(0x000000fd00300000,0x000000fd00400000)]
  0x000002337977e000 JavaThread "Thread-19" [_thread_blocked, id=16680, stack(0x000000fd00200000,0x000000fd00300000)]
  0x000002337977b000 JavaThread "Thread-18" [_thread_blocked, id=28036, stack(0x000000fd00100000,0x000000fd00200000)]
  0x0000023379781000 JavaThread "Thread-17" [_thread_blocked, id=36496, stack(0x000000fd00000000,0x000000fd00100000)]
  0x000002337977f000 JavaThread "Thread-16" [_thread_blocked, id=21436, stack(0x000000fd7ff00000,0x000000fd80000000)]
  0x0000023379780800 JavaThread "Thread-15" [_thread_blocked, id=24400, stack(0x000000fd7fe00000,0x000000fd7ff00000)]
  0x000002337977f800 JavaThread "Thread-14" [_thread_blocked, id=31236, stack(0x000000fd7fd00000,0x000000fd7fe00000)]
  0x000002337977d800 JavaThread "Thread-13" [_thread_blocked, id=33352, stack(0x000000fd7fc00000,0x000000fd7fd00000)]
  0x0000023379782000 JavaThread "Thread-12" [_thread_blocked, id=26708, stack(0x000000fd7fb00000,0x000000fd7fc00000)]
  0x00000233711b0800 JavaThread "Thread-11" [_thread_blocked, id=35668, stack(0x000000fd7fa00000,0x000000fd7fb00000)]
  0x00000233716be000 JavaThread "Thread-10" [_thread_blocked, id=12584, stack(0x000000fd7f900000,0x000000fd7fa00000)]
  0x00000233796fd800 JavaThread "Thread-9" [_thread_blocked, id=37348, stack(0x000000fd7f800000,0x000000fd7f900000)]
  0x00000233796fc000 JavaThread "Thread-8" [_thread_blocked, id=22880, stack(0x000000fd7f700000,0x000000fd7f800000)]
  0x00000233796f8000 JavaThread "Thread-7" [_thread_blocked, id=15664, stack(0x000000fd7f600000,0x000000fd7f700000)]
  0x00000233796f9800 JavaThread "Thread-6" [_thread_blocked, id=25760, stack(0x000000fd7f500000,0x000000fd7f600000)]
  0x00000233796ff000 JavaThread "Thread-5" [_thread_blocked, id=19828, stack(0x000000fd7f400000,0x000000fd7f500000)]
  0x00000233716b1000 JavaThread "Prism Font Disposer" daemon [_thread_blocked, id=27800, stack(0x000000fd7f300000,0x000000fd7f400000)]
  0x00000233716b2800 JavaThread "Thread-3" daemon [_thread_in_native, id=23768, stack(0x000000fd7ee00000,0x000000fd7ef00000)]
  0x00000233716b6800 JavaThread "JavaFX-Launcher" [_thread_blocked, id=8368, stack(0x000000fd7ef00000,0x000000fd7f000000)]
  0x0000023370a89000 JavaThread "JavaFX Application Thread" [_thread_in_Java, id=9468, stack(0x000000fd7eb00000,0x000000fd7ec00000)]
  0x0000023370a88000 JavaThread "Thread-1" daemon [_thread_blocked, id=35992, stack(0x000000fd7ea00000,0x000000fd7eb00000)]
  0x0000023370a89800 JavaThread "QuantumRenderer-0" daemon [_thread_blocked, id=38352, stack(0x000000fd7e800000,0x000000fd7e900000)]
  0x0000023370a87800 JavaThread "Service Thread" daemon [_thread_blocked, id=34072, stack(0x000000fd7e600000,0x000000fd7e700000)]
=>0x000002336f2a1000 JavaThread "C1 CompilerThread3" daemon [_thread_in_native, id=20212, stack(0x000000fd7e500000,0x000000fd7e600000)]
  0x000002336f29d000 JavaThread "C2 CompilerThread2" daemon [_thread_blocked, id=11540, stack(0x000000fd7e400000,0x000000fd7e500000)]
  0x000002336f29a800 JavaThread "C2 CompilerThread1" daemon [_thread_blocked, id=29712, stack(0x000000fd7e300000,0x000000fd7e400000)]
  0x000002336f295000 JavaThread "C2 CompilerThread0" daemon [_thread_in_native, id=37684, stack(0x000000fd7e200000,0x000000fd7e300000)]
  0x000002336f28d800 JavaThread "Attach Listener" daemon [_thread_blocked, id=32292, stack(0x000000fd7e100000,0x000000fd7e200000)]
  0x000002336f28a800 JavaThread "Signal Dispatcher" daemon [_thread_blocked, id=9096, stack(0x000000fd7e000000,0x000000fd7e100000)]
  0x000002336f26b800 JavaThread "Finalizer" daemon [_thread_blocked, id=16476, stack(0x000000fd7df00000,0x000000fd7e000000)]
  0x000002336f23b000 JavaThread "Reference Handler" daemon [_thread_blocked, id=31084, stack(0x000000fd7de00000,0x000000fd7df00000)]
  0x0000023353821800 JavaThread "main" [_thread_blocked, id=9564, stack(0x000000fd7d200000,0x000000fd7d300000)]

Other Threads:
  0x000002336f232800 VMThread [stack: 0x000000fd7dd00000,0x000000fd7de00000] [id=10672]
  0x0000023370ab4800 WatcherThread [stack: 0x000000fd7e700000,0x000000fd7e800000] [id=7940]

VM state:not at safepoint (normal execution)

VM Mutex/Monitor currently owned by a thread: None

heap address: 0x00000006c2c00000, size: 4052 MB, Compressed Oops mode: Zero based, Oop shift amount: 3
Narrow klass base: 0x0000000000000000, Narrow klass shift: 3
Compressed class space size: 1073741824 Address: 0x00000007c0000000

Heap:
 PSYoungGen      total 253952K, used 172684K [0x000000076b980000, 0x000000077c700000, 0x00000007c0000000)
  eden space 242176K, 71% used [0x000000076b980000,0x00000007762230e8,0x000000077a600000)
  from space 11776K, 0% used [0x000000077b380000,0x000000077b380000,0x000000077bf00000)
  to   space 13824K, 0% used [0x000000077a600000,0x000000077a600000,0x000000077b380000)
 ParOldGen       total 245248K, used 224514K [0x00000006c2c00000, 0x00000006d1b80000, 0x000000076b980000)
  object space 245248K, 91% used [0x00000006c2c00000,0x00000006d0740ac0,0x00000006d1b80000)
 Metaspace       used 13166K, capacity 13686K, committed 13824K, reserved 1060864K
  class space    used 1823K, capacity 1995K, committed 2048K, reserved 1048576K

Card table byte_map: [0x0000023364740000,0x0000023364f30000] byte_map_base: 0x000002336112a000

Marking Bits: (ParMarkBitMap*) 0x000000006b9a4fb0
 Begin Bits: [0x0000023365480000, 0x00000233693d0000)
 End Bits:   [0x00000233693d0000, 0x000002336d320000)

Polling page: 0x0000023353b30000

CodeCache: size=245760Kb used=4697Kb max_used=4709Kb free=241062Kb
 bounds [0x0000023355380000, 0x0000023355820000, 0x0000023364380000]
 total_blobs=2097 nmethods=1458 adapters=551
 compilation: enabled

Compilation events (10 events):
Event: 3.129 Thread 0x000002336f2a1000 1454       3       javafx.animation.Animation::access$000 (5 bytes)
Event: 3.129 Thread 0x000002336f2a1000 nmethod 1454 0x0000023355817b50 code [0x0000023355817ca0, 0x0000023355817dd8]
Event: 3.129 Thread 0x000002336f2a1000 1455       3       javafx.animation.Animation$1$$Lambda$109/222642875::get$Lambda (10 bytes)
Event: 3.129 Thread 0x000002336f2a1000 nmethod 1455 0x0000023355817e90 code [0x0000023355818000, 0x0000023355818278]
Event: 3.129 Thread 0x000002336f2a1000 1456       3       javafx.animation.Animation$1$$Lambda$109/222642875::<init> (15 bytes)
Event: 3.129 Thread 0x000002336f2a1000 nmethod 1456 0x0000023355818390 code [0x00000233558184e0, 0x00000233558186b8]
Event: 3.129 Thread 0x000002336f2a1000 1457       3       javafx.animation.Animation$1$$Lambda$109/222642875::run (12 bytes)
Event: 3.129 Thread 0x000002336f2a1000 nmethod 1457 0x0000023355818790 code [0x0000023355818900, 0x0000023355818b90]
Event: 3.130 Thread 0x000002336f2a1000 1458       3       miniprojtemplate.GameTimer::handle (859 bytes)
Event: 3.133 Thread 0x000002336f29a800 1465       4       com.sun.javafx.sg.prism.GrowableDataBuffer::putFloat (9 bytes)

GC Heap History (10 events):
Event: 2.121 GC heap before
{Heap before GC invocations=6 (full 1):
 PSYoungGen      total 140800K, used 110690K [0x000000076b980000, 0x0000000774d80000, 0x00000007c0000000)
  eden space 130048K, 85% used [0x000000076b980000,0x00000007725989d0,0x0000000773880000)
  from space 10752K, 0% used [0x0000000774300000,0x0000000774300000,0x0000000774d80000)
  to   space 10752K, 0% used [0x0000000773880000,0x0000000773880000,0x0000000774300000)
 ParOldGen       total 292864K, used 157811K [0x00000006c2c00000, 0x00000006d4a00000, 0x000000076b980000)
  object space 292864K, 53% used [0x00000006c2c00000,0x00000006cc61ccc8,0x00000006d4a00000)
 Metaspace       used 12770K, capacity 13344K, committed 13568K, reserved 1060864K
  class space    used 1783K, capacity 1924K, committed 2048K, reserved 1048576K
Event: 2.142 GC heap after
Heap after GC invocations=6 (full 1):
 PSYoungGen      total 140800K, used 8139K [0x000000076b980000, 0x000000077bf00000, 0x00000007c0000000)
  eden space 130048K, 0% used [0x000000076b980000,0x000000076b980000,0x0000000773880000)
  from space 10752K, 75% used [0x0000000773880000,0x0000000774072fd8,0x0000000774300000)
  to   space 11776K, 0% used [0x000000077b380000,0x000000077b380000,0x000000077bf00000)
 ParOldGen       total 292864K, used 247819K [0x00000006c2c00000, 0x00000006d4a00000, 0x000000076b980000)
  object space 292864K, 84% used [0x00000006c2c00000,0x00000006d1e02d08,0x00000006d4a00000)
 Metaspace       used 12770K, capacity 13344K, committed 13568K, reserved 1060864K
  class space    used 1783K, capacity 1924K, committed 2048K, reserved 1048576K
}
Event: 2.142 GC heap before
{Heap before GC invocations=7 (full 2):
 PSYoungGen      total 140800K, used 8139K [0x000000076b980000, 0x000000077bf00000, 0x00000007c0000000)
  eden space 130048K, 0% used [0x000000076b980000,0x000000076b980000,0x0000000773880000)
  from space 10752K, 75% used [0x0000000773880000,0x0000000774072fd8,0x0000000774300000)
  to   space 11776K, 0% used [0x000000077b380000,0x000000077b380000,0x000000077bf00000)
 ParOldGen       total 292864K, used 247819K [0x00000006c2c00000, 0x00000006d4a00000, 0x000000076b980000)
  object space 292864K, 84% used [0x00000006c2c00000,0x00000006d1e02d08,0x00000006d4a00000)
 Metaspace       used 12770K, capacity 13344K, committed 13568K, reserved 1060864K
  class space    used 1783K, capacity 1924K, committed 2048K, reserved 1048576K
Event: 2.163 GC heap after
Heap after GC invocations=7 (full 2):
 PSYoungGen      total 140800K, used 0K [0x000000076b980000, 0x000000077bf00000, 0x00000007c0000000)
  eden space 130048K, 0% used [0x000000076b980000,0x000000076b980000,0x0000000773880000)
  from space 10752K, 0% used [0x0000000773880000,0x0000000773880000,0x0000000774300000)
  to   space 11776K, 0% used [0x000000077b380000,0x000000077b380000,0x000000077bf00000)
 ParOldGen       total 245248K, used 72414K [0x00000006c2c00000, 0x00000006d1b80000, 0x000000076b980000)
  object space 245248K, 29% used [0x00000006c2c00000,0x00000006c72b7bf0,0x00000006d1b80000)
 Metaspace       used 12770K, capacity 13344K, committed 13568K, reserved 1060864K
  class space    used 1783K, capacity 1924K, committed 2048K, reserved 1048576K
}
Event: 2.202 GC heap before
{Heap before GC invocations=8 (full 2):
 PSYoungGen      total 140800K, used 116155K [0x000000076b980000, 0x000000077bf00000, 0x00000007c0000000)
  eden space 130048K, 89% used [0x000000076b980000,0x0000000772aeec98,0x0000000773880000)
  from space 10752K, 0% used [0x0000000773880000,0x0000000773880000,0x0000000774300000)
  to   space 11776K, 0% used [0x000000077b380000,0x000000077b380000,0x000000077bf00000)
 ParOldGen       total 245248K, used 72414K [0x00000006c2c00000, 0x00000006d1b80000, 0x000000076b980000)
  object space 245248K, 29% used [0x00000006c2c00000,0x00000006c72b7bf0,0x00000006d1b80000)
 Metaspace       used 12771K, capacity 13344K, committed 13568K, reserved 1060864K
  class space    used 1783K, capacity 1924K, committed 2048K, reserved 1048576K
Event: 2.229 GC heap after
Heap after GC invocations=8 (full 2):
 PSYoungGen      total 253952K, used 922K [0x000000076b980000, 0x000000077c700000, 0x00000007c0000000)
  eden space 242176K, 0% used [0x000000076b980000,0x000000076b980000,0x000000077a600000)
  from space 11776K, 7% used [0x000000077b380000,0x000000077b466ae0,0x000000077bf00000)
  to   space 13824K, 0% used [0x000000077a600000,0x000000077a600000,0x000000077b380000)
 ParOldGen       total 245248K, used 184915K [0x00000006c2c00000, 0x00000006d1b80000, 0x000000076b980000)
  object space 245248K, 75% used [0x00000006c2c00000,0x00000006ce094c40,0x00000006d1b80000)
 Metaspace       used 12771K, capacity 13344K, committed 13568K, reserved 1060864K
  class space    used 1783K, capacity 1924K, committed 2048K, reserved 1048576K
}
Event: 2.229 GC heap before
{Heap before GC invocations=9 (full 3):
 PSYoungGen      total 253952K, used 922K [0x000000076b980000, 0x000000077c700000, 0x00000007c0000000)
  eden space 242176K, 0% used [0x000000076b980000,0x000000076b980000,0x000000077a600000)
  from space 11776K, 7% used [0x000000077b380000,0x000000077b466ae0,0x000000077bf00000)
  to   space 13824K, 0% used [0x000000077a600000,0x000000077a600000,0x000000077b380000)
 ParOldGen       total 245248K, used 184915K [0x00000006c2c00000, 0x00000006d1b80000, 0x000000076b980000)
  object space 245248K, 75% used [0x00000006c2c00000,0x00000006ce094c40,0x00000006d1b80000)
 Metaspace       used 12771K, capacity 13344K, committed 13568K, reserved 1060864K
  class space    used 1783K, capacity 1924K, committed 2048K, reserved 1048576K
Event: 2.341 GC heap after
Heap after GC invocations=9 (full 3):
 PSYoungGen      total 253952K, used 0K [0x000000076b980000, 0x000000077c700000, 0x00000007c0000000)
  eden space 242176K, 0% used [0x000000076b980000,0x000000076b980000,0x000000077a600000)
  from space 11776K, 0% used [0x000000077b380000,0x000000077b380000,0x000000077bf00000)
  to   space 13824K, 0% used [0x000000077a600000,0x000000077a600000,0x000000077b380000)
 ParOldGen       total 245248K, used 184840K [0x00000006c2c00000, 0x00000006d1b80000, 0x000000076b980000)
  object space 245248K, 75% used [0x00000006c2c00000,0x00000006ce082100,0x00000006d1b80000)
 Metaspace       used 12771K, capacity 13344K, committed 13568K, reserved 1060864K
  class space    used 1783K, capacity 1924K, committed 2048K, reserved 1048576K
}
Event: 2.789 GC heap before
{Heap before GC invocations=10 (full 4):
 PSYoungGen      total 253952K, used 240984K [0x000000076b980000, 0x000000077c700000, 0x00000007c0000000)
  eden space 242176K, 99% used [0x000000076b980000,0x000000077a4d6310,0x000000077a600000)
  from space 11776K, 0% used [0x000000077b380000,0x000000077b380000,0x000000077bf00000)
  to   space 13824K, 0% used [0x000000077a600000,0x000000077a600000,0x000000077b380000)
 ParOldGen       total 245248K, used 184840K [0x00000006c2c00000, 0x00000006d1b80000, 0x000000076b980000)
  object space 245248K, 75% used [0x00000006c2c00000,0x00000006ce082100,0x00000006d1b80000)
 Metaspace       used 12886K, capacity 13418K, committed 13568K, reserved 1060864K
  class space    used 1810K, capacity 1993K, committed 2048K, reserved 1048576K
Event: 2.827 GC heap after
Heap after GC invocations=10 (full 4):
 PSYoungGen      total 253952K, used 0K [0x000000076b980000, 0x000000077c700000, 0x00000007c0000000)
  eden space 242176K, 0% used [0x000000076b980000,0x000000076b980000,0x000000077a600000)
  from space 11776K, 0% used [0x000000077b380000,0x000000077b380000,0x000000077bf00000)
  to   space 13824K, 0% used [0x000000077a600000,0x000000077a600000,0x000000077b380000)
 ParOldGen       total 245248K, used 224514K [0x00000006c2c00000, 0x00000006d1b80000, 0x000000076b980000)
  object space 245248K, 91% used [0x00000006c2c00000,0x00000006d0740ac0,0x00000006d1b80000)
 Metaspace       used 12886K, capacity 13418K, committed 13568K, reserved 1060864K
  class space    used 1810K, capacity 1993K, committed 2048K, reserved 1048576K
}

Deoptimization events (10 events):
Event: 1.173 Thread 0x0000023370a89000 Uncommon trap: reason=class_check action=maybe_recompile pc=0x000002335549ec00 method=java.lang.String.equals(Ljava/lang/Object;)Z @ 8
Event: 1.174 Thread 0x0000023370a89000 Uncommon trap: reason=class_check action=maybe_recompile pc=0x000002335549ec00 method=java.lang.String.equals(Ljava/lang/Object;)Z @ 8
Event: 1.197 Thread 0x0000023370a89000 Uncommon trap: reason=unstable_if action=reinterpret pc=0x000002335565c560 method=sun.net.www.ParseUtil.encodePath(Ljava/lang/String;Z)Ljava/lang/String; @ 109
Event: 1.212 Thread 0x0000023370a89000 Uncommon trap: reason=unstable_if action=reinterpret pc=0x00000233556a9e98 method=jdk.internal.org.objectweb.asm.Type.getArgumentsAndReturnSizes(Ljava/lang/String;)I @ 47
Event: 2.625 Thread 0x0000023370a89000 Uncommon trap: reason=unstable_if action=reinterpret pc=0x00000233555a6644 method=com.sun.javafx.iio.common.RoughScaler.putSourceScanline([BI)Z @ 33
Event: 2.626 Thread 0x0000023370a89000 Uncommon trap: reason=unstable_if action=reinterpret pc=0x000002335576831c method=com.sun.javafx.iio.gif.GIFImageLoader2.restoreToBackground([BIIII)V @ 7
Event: 2.631 Thread 0x0000023370a89000 Uncommon trap: reason=unstable_if action=reinterpret pc=0x00000233555aab94 method=com.sun.javafx.image.impl.ByteBgra$ToByteBgraPreConv.doConvert([BII[BIIII)V @ 75
Event: 2.639 Thread 0x0000023370a89000 Uncommon trap: reason=unstable_if action=reinterpret pc=0x00000233555d9130 method=com.sun.javafx.iio.png.PNGImageLoader2.paethPr(III)I @ 30
Event: 2.639 Thread 0x0000023370a89000 Uncommon trap: reason=unstable_if action=reinterpret pc=0x00000233555d942c method=java.lang.Math.abs(I)I @ 1
Event: 2.998 Thread 0x0000023370a89000 Uncommon trap: reason=unstable_if action=reinterpret pc=0x00000233557aeb2c method=miniprojtemplate.BasicFood.checkCollision(Lminiprojtemplate/Fish;)V @ 5

Classes redefined (0 events):
No events

Internal exceptions (10 events):
Event: 3.127 Thread 0x0000023370a89800 Implicit null exception at 0x00000233557f6894 to 0x00000233557f9a1f
Event: 3.127 Thread 0x0000023370a89800 Exception <a 'java/lang/NullPointerException'> (0x000000076ed2f860) thrown at [C:\jenkins\workspace\8-2-build-windows-amd64-cygwin\jdk8u261\295\hotspot\src\share\vm\runtime\sharedRuntime.cpp, line 605]
Event: 3.128 Thread 0x0000023370a89800 Implicit null exception at 0x00000233557f6894 to 0x00000233557f9a1f
Event: 3.128 Thread 0x0000023370a89800 Exception <a 'java/lang/NullPointerException'> (0x000000076ed35360) thrown at [C:\jenkins\workspace\8-2-build-windows-amd64-cygwin\jdk8u261\295\hotspot\src\share\vm\runtime\sharedRuntime.cpp, line 605]
Event: 3.129 Thread 0x0000023370a89800 Implicit null exception at 0x00000233557f6894 to 0x00000233557f9a1f
Event: 3.129 Thread 0x0000023370a89800 Exception <a 'java/lang/NullPointerException'> (0x000000076ed3ae60) thrown at [C:\jenkins\workspace\8-2-build-windows-amd64-cygwin\jdk8u261\295\hotspot\src\share\vm\runtime\sharedRuntime.cpp, line 605]
Event: 3.130 Thread 0x0000023370a89800 Implicit null exception at 0x00000233557f6894 to 0x00000233557f9a1f
Event: 3.130 Thread 0x0000023370a89800 Exception <a 'java/lang/NullPointerException'> (0x000000076ed40960) thrown at [C:\jenkins\workspace\8-2-build-windows-amd64-cygwin\jdk8u261\295\hotspot\src\share\vm\runtime\sharedRuntime.cpp, line 605]
Event: 3.132 Thread 0x0000023370a89800 Implicit null exception at 0x00000233557f6894 to 0x00000233557f9a1f
Event: 3.132 Thread 0x0000023370a89800 Exception <a 'java/lang/NullPointerException'> (0x000000076ed46460) thrown at [C:\jenkins\workspace\8-2-build-windows-amd64-cygwin\jdk8u261\295\hotspot\src\share\vm\runtime\sharedRuntime.cpp, line 605]

Events (10 events):
Event: 2.947 loading class com/sun/javafx/font/directwrite/ID2D1Brush done
Event: 2.949 loading class com/sun/javafx/font/directwrite/IWICBitmapLock
Event: 2.949 loading class com/sun/javafx/font/directwrite/IWICBitmapLock done
Event: 2.998 Thread 0x0000023370a89000 Uncommon trap: trap_request=0xffffff65 fr.pc=0x00000233557aeb2c
Event: 2.998 Thread 0x0000023370a89000 DEOPT PACKING pc=0x00000233557aeb2c sp=0x000000fd7ebfd350
Event: 2.998 Thread 0x0000023370a89000 DEOPT UNPACKING pc=0x00000233553c5843 sp=0x000000fd7ebfd348 mode 2
Event: 3.078 Thread 0x0000023370a89000 DEOPT PACKING pc=0x000002335576cc4f sp=0x000000fd7ebfcd20
Event: 3.078 Thread 0x0000023370a89000 DEOPT UNPACKING pc=0x00000233553c7898 sp=0x000000fd7ebfca38 mode 0
Event: 3.078 Thread 0x0000023370a89000 DEOPT PACKING pc=0x000002335576cc4f sp=0x000000fd7ebfcd20
Event: 3.078 Thread 0x0000023370a89000 DEOPT UNPACKING pc=0x00000233553c7898 sp=0x000000fd7ebfca38 mode 0


Dynamic libraries:
0x00007ff750670000 - 0x00007ff7506b7000 	C:\Program Files\Java\jre1.8.0_261\bin\javaw.exe
0x00007ffffc060000 - 0x00007ffffc269000 	C:\WINDOWS\SYSTEM32\ntdll.dll
0x00007ffffae20000 - 0x00007ffffaede000 	C:\WINDOWS\System32\KERNEL32.DLL
0x00007ffff9760000 - 0x00007ffff9adb000 	C:\WINDOWS\System32\KERNELBASE.dll
0x00007ffffa730000 - 0x00007ffffa7de000 	C:\WINDOWS\System32\ADVAPI32.dll
0x00007ffffa3b0000 - 0x00007ffffa453000 	C:\WINDOWS\System32\msvcrt.dll
0x00007ffffa5c0000 - 0x00007ffffa65e000 	C:\WINDOWS\System32\sechost.dll
0x00007ffffb490000 - 0x00007ffffb5b0000 	C:\WINDOWS\System32\RPCRT4.dll
0x00007ffffab80000 - 0x00007ffffad2d000 	C:\WINDOWS\System32\USER32.dll
0x00007ffff9c00000 - 0x00007ffff9c26000 	C:\WINDOWS\System32\win32u.dll
0x00007ffffb070000 - 0x00007ffffb099000 	C:\WINDOWS\System32\GDI32.dll
0x00007ffff9c30000 - 0x00007ffff9d48000 	C:\WINDOWS\System32\gdi32full.dll
0x00007ffff9b60000 - 0x00007ffff9bfd000 	C:\WINDOWS\System32\msvcp_win.dll
0x00007ffff9dc0000 - 0x00007ffff9ed1000 	C:\WINDOWS\System32\ucrtbase.dll
0x00007fffdc480000 - 0x00007fffdc725000 	C:\WINDOWS\WinSxS\amd64_microsoft.windows.common-controls_6595b64144ccf1df_6.0.22000.120_none_9d947278b86cc467\COMCTL32.dll
0x00007ffffaee0000 - 0x00007ffffaf12000 	C:\WINDOWS\System32\IMM32.DLL
0x00007fffcdcd0000 - 0x00007fffcdce5000 	C:\Program Files\Java\jre1.8.0_261\bin\vcruntime140.dll
0x00007fffbe510000 - 0x00007fffbe5ab000 	C:\Program Files\Java\jre1.8.0_261\bin\msvcp140.dll
0x000000006b1b0000 - 0x000000006ba1c000 	C:\Program Files\Java\jre1.8.0_261\bin\server\jvm.dll
0x00007ffffb060000 - 0x00007ffffb068000 	C:\WINDOWS\System32\PSAPI.DLL
0x00007fffe7db0000 - 0x00007fffe7db9000 	C:\WINDOWS\SYSTEM32\WSOCK32.dll
0x00007fffe8e50000 - 0x00007fffe8e83000 	C:\WINDOWS\SYSTEM32\WINMM.dll
0x00007ffff4310000 - 0x00007ffff431a000 	C:\WINDOWS\SYSTEM32\VERSION.dll
0x00007ffffa460000 - 0x00007ffffa4cf000 	C:\WINDOWS\System32\WS2_32.dll
0x00007ffff8660000 - 0x00007ffff8678000 	C:\WINDOWS\SYSTEM32\kernel.appcore.dll
0x00007fffe7da0000 - 0x00007fffe7db0000 	C:\Program Files\Java\jre1.8.0_261\bin\verify.dll
0x00007fffe79a0000 - 0x00007fffe79cb000 	C:\Program Files\Java\jre1.8.0_261\bin\java.dll
0x00007fffe4930000 - 0x00007fffe4948000 	C:\Program Files\Java\jre1.8.0_261\bin\zip.dll
0x00007ffffb6b0000 - 0x00007ffffbe67000 	C:\WINDOWS\System32\SHELL32.dll
0x00007ffff75f0000 - 0x00007ffff7e55000 	C:\WINDOWS\SYSTEM32\windows.storage.dll
0x00007ffffa7e0000 - 0x00007ffffab58000 	C:\WINDOWS\System32\combase.dll
0x00007ffff7480000 - 0x00007ffff75e6000 	C:\WINDOWS\SYSTEM32\wintypes.dll
0x00007ffffad30000 - 0x00007ffffae1a000 	C:\WINDOWS\System32\SHCORE.dll
0x00007ffffa350000 - 0x00007ffffa3ad000 	C:\WINDOWS\System32\shlwapi.dll
0x00007ffff9460000 - 0x00007ffff9481000 	C:\WINDOWS\SYSTEM32\profapi.dll
0x0000023353bc0000 - 0x0000023353bc3000 	C:\Program Files\Java\jre1.8.0_261\bin\api-ms-win-core-console-l1-1-0.dll
0x0000023370e30000 - 0x0000023370e33000 	C:\Program Files\Java\jre1.8.0_261\bin\api-ms-win-core-datetime-l1-1-0.dll
0x0000023370e40000 - 0x0000023370e43000 	C:\Program Files\Java\jre1.8.0_261\bin\api-ms-win-core-debug-l1-1-0.dll
0x0000023370e50000 - 0x0000023370e53000 	C:\Program Files\Java\jre1.8.0_261\bin\api-ms-win-core-errorhandling-l1-1-0.dll
0x0000023370e60000 - 0x0000023370e64000 	C:\Program Files\Java\jre1.8.0_261\bin\api-ms-win-core-file-l1-1-0.dll
0x0000023370e70000 - 0x0000023370e73000 	C:\Program Files\Java\jre1.8.0_261\bin\api-ms-win-core-file-l1-2-0.dll
0x0000023370e80000 - 0x0000023370e83000 	C:\Program Files\Java\jre1.8.0_261\bin\api-ms-win-core-file-l2-1-0.dll
0x0000023370e90000 - 0x0000023370e93000 	C:\Program Files\Java\jre1.8.0_261\bin\api-ms-win-core-handle-l1-1-0.dll
0x0000023370ea0000 - 0x0000023370ea3000 	C:\Program Files\Java\jre1.8.0_261\bin\api-ms-win-core-heap-l1-1-0.dll
0x0000023370eb0000 - 0x0000023370eb3000 	C:\Program Files\Java\jre1.8.0_261\bin\api-ms-win-core-interlocked-l1-1-0.dll
0x0000023370ec0000 - 0x0000023370ec3000 	C:\Program Files\Java\jre1.8.0_261\bin\api-ms-win-core-libraryloader-l1-1-0.dll
0x0000023370ed0000 - 0x0000023370ed3000 	C:\Program Files\Java\jre1.8.0_261\bin\api-ms-win-core-localization-l1-2-0.dll
0x0000023370ee0000 - 0x0000023370ee3000 	C:\Program Files\Java\jre1.8.0_261\bin\api-ms-win-core-memory-l1-1-0.dll
0x0000023370ef0000 - 0x0000023370ef3000 	C:\Program Files\Java\jre1.8.0_261\bin\api-ms-win-core-namedpipe-l1-1-0.dll
0x0000023370f00000 - 0x0000023370f03000 	C:\Program Files\Java\jre1.8.0_261\bin\api-ms-win-core-processenvironment-l1-1-0.dll
0x0000023370f10000 - 0x0000023370f13000 	C:\Program Files\Java\jre1.8.0_261\bin\api-ms-win-core-processthreads-l1-1-0.dll
0x0000023370f20000 - 0x0000023370f23000 	C:\Program Files\Java\jre1.8.0_261\bin\api-ms-win-core-processthreads-l1-1-1.dll
0x0000023370f30000 - 0x0000023370f33000 	C:\Program Files\Java\jre1.8.0_261\bin\api-ms-win-core-profile-l1-1-0.dll
0x0000023370f40000 - 0x0000023370f43000 	C:\Program Files\Java\jre1.8.0_261\bin\api-ms-win-core-rtlsupport-l1-1-0.dll
0x0000023370f50000 - 0x0000023370f53000 	C:\Program Files\Java\jre1.8.0_261\bin\api-ms-win-core-string-l1-1-0.dll
0x0000023370f60000 - 0x0000023370f63000 	C:\Program Files\Java\jre1.8.0_261\bin\api-ms-win-core-synch-l1-1-0.dll
0x0000023370f70000 - 0x0000023370f73000 	C:\Program Files\Java\jre1.8.0_261\bin\api-ms-win-core-synch-l1-2-0.dll
0x0000023370f80000 - 0x0000023370f83000 	C:\Program Files\Java\jre1.8.0_261\bin\api-ms-win-core-sysinfo-l1-1-0.dll
0x0000023370f90000 - 0x0000023370f93000 	C:\Program Files\Java\jre1.8.0_261\bin\api-ms-win-core-timezone-l1-1-0.dll
0x0000023370fa0000 - 0x0000023370fa3000 	C:\Program Files\Java\jre1.8.0_261\bin\api-ms-win-core-util-l1-1-0.dll
0x0000023370fb0000 - 0x0000023370fb3000 	C:\Program Files\Java\jre1.8.0_261\bin\api-ms-win-crt-conio-l1-1-0.dll
0x0000023370fc0000 - 0x0000023370fc4000 	C:\Program Files\Java\jre1.8.0_261\bin\api-ms-win-crt-convert-l1-1-0.dll
0x0000023370fd0000 - 0x0000023370fd3000 	C:\Program Files\Java\jre1.8.0_261\bin\api-ms-win-crt-environment-l1-1-0.dll
0x0000023370fe0000 - 0x0000023370fe3000 	C:\Program Files\Java\jre1.8.0_261\bin\api-ms-win-crt-filesystem-l1-1-0.dll
0x0000023370ff0000 - 0x0000023370ff3000 	C:\Program Files\Java\jre1.8.0_261\bin\api-ms-win-crt-heap-l1-1-0.dll
0x0000023371000000 - 0x0000023371003000 	C:\Program Files\Java\jre1.8.0_261\bin\api-ms-win-crt-locale-l1-1-0.dll
0x0000023371010000 - 0x0000023371015000 	C:\Program Files\Java\jre1.8.0_261\bin\api-ms-win-crt-math-l1-1-0.dll
0x0000023371020000 - 0x0000023371025000 	C:\Program Files\Java\jre1.8.0_261\bin\api-ms-win-crt-multibyte-l1-1-0.dll
0x0000023371030000 - 0x0000023371040000 	C:\Program Files\Java\jre1.8.0_261\bin\api-ms-win-crt-private-l1-1-0.dll
0x0000023371040000 - 0x0000023371043000 	C:\Program Files\Java\jre1.8.0_261\bin\api-ms-win-crt-process-l1-1-0.dll
0x0000023371050000 - 0x0000023371054000 	C:\Program Files\Java\jre1.8.0_261\bin\api-ms-win-crt-runtime-l1-1-0.dll
0x0000023371060000 - 0x0000023371064000 	C:\Program Files\Java\jre1.8.0_261\bin\api-ms-win-crt-stdio-l1-1-0.dll
0x0000023371070000 - 0x0000023371074000 	C:\Program Files\Java\jre1.8.0_261\bin\api-ms-win-crt-string-l1-1-0.dll
0x0000023371080000 - 0x0000023371083000 	C:\Program Files\Java\jre1.8.0_261\bin\api-ms-win-crt-time-l1-1-0.dll
0x0000023371090000 - 0x0000023371093000 	C:\Program Files\Java\jre1.8.0_261\bin\api-ms-win-crt-utility-l1-1-0.dll
0x00007fffba090000 - 0x00007fffba18c000 	C:\Program Files\Java\jre1.8.0_261\bin\ucrtbase.dll
0x00007fffbc300000 - 0x00007fffbc351000 	C:\Program Files\Java\jre1.8.0_261\bin\concrt140.dll
0x00007fffcb520000 - 0x00007fffcb543000 	C:\Program Files\Java\jre1.8.0_261\bin\prism_d3d.dll
0x00007fffdc2d0000 - 0x00007fffdc476000 	C:\WINDOWS\system32\d3d9.dll
0x00007ffff6fb0000 - 0x00007ffff6fdf000 	C:\WINDOWS\SYSTEM32\dwmapi.dll
0x00007ffff6df0000 - 0x00007ffff6e28000 	C:\WINDOWS\SYSTEM32\dxcore.dll
0x00007ffff6b40000 - 0x00007ffff6bec000 	C:\WINDOWS\system32\uxtheme.dll
0x00007ffff2ce0000 - 0x00007ffff2d24000 	C:\WINDOWS\SYSTEM32\directxdatabasehelper.dll
0x00007ffff8680000 - 0x00007ffff86b4000 	C:\WINDOWS\SYSTEM32\ntmarta.dll
0x00007ffff8dc0000 - 0x00007ffff8dd2000 	C:\WINDOWS\SYSTEM32\msasn1.dll
0x00007ffff14b0000 - 0x00007ffff14e1000 	C:\WINDOWS\SYSTEM32\cryptnet.dll
0x00007ffff9530000 - 0x00007ffff9692000 	C:\WINDOWS\System32\CRYPT32.dll
0x00007ffff8d50000 - 0x00007ffff8d5c000 	C:\WINDOWS\SYSTEM32\cryptbase.dll
0x00007ffff9d50000 - 0x00007ffff9db8000 	C:\WINDOWS\System32\WINTRUST.DLL
0x00007ffffb5b0000 - 0x00007ffffb5cf000 	C:\WINDOWS\System32\imagehlp.dll
0x00007ffff8d30000 - 0x00007ffff8d48000 	C:\WINDOWS\SYSTEM32\CRYPTSP.dll
0x00007ffff85c0000 - 0x00007ffff85f5000 	C:\WINDOWS\system32\rsaenh.dll
0x00007ffff9ae0000 - 0x00007ffff9b5f000 	C:\WINDOWS\System32\bcryptPrimitives.dll
0x00007ffff8f10000 - 0x00007ffff8f37000 	C:\WINDOWS\SYSTEM32\bcrypt.dll
0x00007fffbc180000 - 0x00007fffbc1c5000 	C:\Program Files\Java\jre1.8.0_261\bin\glass.dll
0x00007ffffa4d0000 - 0x00007ffffa5bc000 	C:\WINDOWS\System32\COMDLG32.dll
0x00007ffffbe80000 - 0x00007ffffc01a000 	C:\WINDOWS\System32\ole32.dll
0x00007ffffaf80000 - 0x00007ffffb056000 	C:\WINDOWS\System32\OLEAUT32.dll
0x00007fff9b270000 - 0x00007fff9b3a9000 	C:\ProgramData\A-Volute\A-Volute.Nahimic\Modules\Scheduled\x64\AudioDevProps2.dll
0x00007ffffb260000 - 0x00007ffffb37d000 	C:\WINDOWS\System32\MSCTF.dll
0x00007fffb1e90000 - 0x00007fffb1fa7000 	C:\WINDOWS\System32\DriverStore\FileRepository\nvmii.inf_amd64_417542b70c8bb20a\nvldumdx.dll
0x00007ffff1360000 - 0x00007ffff14a9000 	C:\WINDOWS\SYSTEM32\drvstore.dll
0x00007ffff9270000 - 0x00007ffff929c000 	C:\WINDOWS\SYSTEM32\devobj.dll
0x00007ffff9220000 - 0x00007ffff926c000 	C:\WINDOWS\SYSTEM32\cfgmgr32.dll
0x00007ffff8e50000 - 0x00007ffff8e91000 	C:\WINDOWS\SYSTEM32\wldp.dll
0x00007fff860d0000 - 0x00007fff878da000 	C:\WINDOWS\System32\DriverStore\FileRepository\nvmii.inf_amd64_417542b70c8bb20a\nvd3dumx.dll
0x00007fffa6fb0000 - 0x00007fffa7277000 	C:\WINDOWS\system32\nvspcap64.dll
0x00007ffff8b70000 - 0x00007ffff8b94000 	C:\WINDOWS\SYSTEM32\gpapi.dll
0x00007fff9c300000 - 0x00007fff9c4af000 	C:\WINDOWS\System32\DriverStore\FileRepository\iigd_dch.inf_amd64_51f685305808e3a5\igdumdim64.dll
0x00007fff937c0000 - 0x00007fff96863000 	C:\WINDOWS\System32\DriverStore\FileRepository\iigd_dch.inf_amd64_51f685305808e3a5\igd9dxva64.dll
0x00007ffff9ee0000 - 0x00007ffffa34c000 	C:\WINDOWS\System32\SETUPAPI.dll
0x00007fffed990000 - 0x00007fffedd99000 	C:\WINDOWS\System32\DriverStore\FileRepository\iigd_dch.inf_amd64_51f685305808e3a5\igdgmm64.dll
0x00007fff87ce0000 - 0x00007fff87d07000 	C:\WINDOWS\System32\DriverStore\FileRepository\iigd_dch.inf_amd64_51f685305808e3a5\igdinfo64.dll
0x00007fffe9740000 - 0x00007fffeced4000 	C:\WINDOWS\System32\DriverStore\FileRepository\iigd_dch.inf_amd64_51f685305808e3a5\igc64.dll
0x00007fffc8660000 - 0x00007fffc8674000 	C:\Program Files\Java\jre1.8.0_261\bin\javafx_font.dll
0x00007fffc4bd0000 - 0x00007fffc4e2f000 	C:\WINDOWS\SYSTEM32\dwrite.dll
0x00007ffffb5d0000 - 0x00007ffffb685000 	C:\WINDOWS\System32\clbcatq.dll
0x00007ffff07d0000 - 0x00007ffff097e000 	C:\WINDOWS\SYSTEM32\WindowsCodecs.dll
0x00007fffc3f70000 - 0x00007fffc3fcd000 	C:\WINDOWS\system32\dataexchange.dll
0x00007fffefd50000 - 0x00007fffeffb6000 	C:\WINDOWS\system32\twinapi.appcore.dll
0x00007fffd0fe0000 - 0x00007fffd1012000 	C:\Program Files\Common Files\Microsoft Shared\Ink\rtscom.dll
0x00007fffcbf50000 - 0x00007fffcc07d000 	C:\WINDOWS\SYSTEM32\textinputframework.dll
0x00007ffff6750000 - 0x00007ffff6881000 	C:\WINDOWS\SYSTEM32\CoreMessaging.dll
0x00007ffff23d0000 - 0x00007ffff273d000 	C:\WINDOWS\SYSTEM32\CoreUIComponents.dll
0x00007fffc1fe0000 - 0x00007fffc1ff2000 	C:\Program Files\Java\jre1.8.0_261\bin\prism_common.dll
0x00007ffff38b0000 - 0x00007ffff3e68000 	C:\WINDOWS\SYSTEM32\d2d1.dll
0x00007ffff1c50000 - 0x00007ffff1ed0000 	C:\WINDOWS\SYSTEM32\d3d11.dll
0x00007ffff6cb0000 - 0x00007ffff6da3000 	C:\WINDOWS\SYSTEM32\dxgi.dll

VM Arguments:
jvm_args: -Dfile.encoding=Cp1252 
java_command: miniprojtemplate.Main
java_class_path (initial): C:\Users\innoj\workspace\MiniProject (2).zip_expanded\MiniProject\bin;C:\Users\innoj\Desktop\Inno_general files\java\eclipse\plugins\org.eclipse.fx.ide.css.jfx8_2.4.0.201605112122.jar
Launcher Type: SUN_STANDARD

Environment Variables:
PATH=C:/Program Files/Java/jre1.8.0_261/bin/server;C:/Program Files/Java/jre1.8.0_261/bin;C:/Program Files/Java/jre1.8.0_261/lib/amd64;C:\Program Files (x86)\Common Files\Oracle\Java\javapath;C:\Windows\system32;C:\Windows;C:\Windows\System32\Wbem;C:\Windows\System32\WindowsPowerShell\v1.0\;C:\Windows\System32\OpenSSH\;C:\WINDOWS\system32;C:\WINDOWS;C:\WINDOWS\System32\Wbem;C:\WINDOWS\System32\WindowsPowerShell\v1.0\;C:\WINDOWS\System32\OpenSSH\;C:\Program Files\NVIDIA Corporation\NVIDIA NvDLISR;C:\Program Files (x86)\NVIDIA Corporation\PhysX\Common;C:\Program Files\Java\jdk1.8.0_261\bin;C:\Program Files\dotnet\;C:\Users\innoj\AppData\Local\Programs\Python\Python310\Scripts\;C:\Users\innoj\AppData\Local\Programs\Python\Python310\;C:\Users\innoj\AppData\Local\Microsoft\WindowsApps;C:\Users\innoj\AppData\Local\atom\bin;C:\Users\innoj\AppData\Local\Programs\Microsoft VS Code\bin;C:\MinGW\bin;;C:\Users\innoj\Desktop\Inno_general files\java\eclipse;
USERNAME=innoj
OS=Windows_NT
PROCESSOR_IDENTIFIER=Intel64 Family 6 Model 165 Stepping 2, GenuineIntel



---------------  S Y S T E M  ---------------

OS: Windows 10.0 , 64 bit Build 22000 (10.0.22000.1335)

CPU:total 12 (initial active 12) (6 cores per cpu, 2 threads per core) family 6 model 165 stepping 2, cmov, cx8, fxsr, mmx, sse, sse2, sse3, ssse3, sse4.1, sse4.2, popcnt, avx, avx2, aes, clmul, erms, 3dnowpref, lzcnt, ht, tsc, tscinvbit, bmi1, bmi2, adx

Memory: 4k page, physical 16594732k(5114816k free), swap 66926380k(4076k free)

vm_info: Java HotSpot(TM) 64-Bit Server VM (25.261-b12) for windows-amd64 JRE (1.8.0_261-b12), built on Jun 18 2020 06:56:32 by "" with unknown MS VC++:1916

time: Mon Jan  9 11:36:13 2023
timezone: Malay Peninsula Standard Time
elapsed time: 3 seconds (0d 0h 0m 3s)

