#
# There is insufficient memory for the Java Runtime Environment to continue.
# Native memory allocation (malloc) failed to allocate 942896 bytes for Chunk::new
# Possible reasons:
#   The system is out of physical RAM or swap space
#   The process is running with CompressedOops enabled, and the Java Heap may be blocking the growth of the native heap
# Possible solutions:
#   Reduce memory load on the system
#   Increase physical memory or swap space
#   Check if swap backing store is full
#   Decrease Java heap size (-Xmx/-Xms)
#   Decrease number of Java threads
#   Decrease Java thread stack sizes (-Xss)
#   Set larger code cache with -XX:ReservedCodeCacheSize=
#   JVM is running with Zero Based Compressed Oops mode in which the Java heap is
#     placed in the first 32GB address space. The Java Heap base address is the
#     maximum limit for the native heap growth. Please use -XX:HeapBaseMinAddress
#     to set the Java Heap base and to place the Java Heap above 32GB virtual address.
# This output file may be truncated or incomplete.
#
#  Out of Memory Error (allocation.cpp:389), pid=10540, tid=0x0000000000001d08
#
# JRE version: Java(TM) SE Runtime Environment (8.0_261-b12) (build 1.8.0_261-b12)
# Java VM: Java HotSpot(TM) 64-Bit Server VM (25.261-b12 mixed mode windows-amd64 compressed oops)
# Failed to write core dump. Minidumps are not enabled by default on client versions of Windows
#

---------------  T H R E A D  ---------------

Current thread (0x000001a768689000):  JavaThread "C2 CompilerThread2" daemon [_thread_in_native, id=7432, stack(0x0000000211d00000,0x0000000211e00000)]

Stack: [0x0000000211d00000,0x0000000211e00000]
Native frames: (J=compiled Java code, j=interpreted, Vv=VM code, C=native code)
V  [jvm.dll+0x33e5f9]
V  [jvm.dll+0x2850e2]
V  [jvm.dll+0x285d8d]
V  [jvm.dll+0x27c895]
V  [jvm.dll+0xe4d6c]
V  [jvm.dll+0xe556c]
V  [jvm.dll+0x47ece3]
V  [jvm.dll+0x446ab8]
V  [jvm.dll+0x44f8f5]
V  [jvm.dll+0x44ecb5]
V  [jvm.dll+0x439bc7]
V  [jvm.dll+0xbbbcb]
V  [jvm.dll+0xba22b]
V  [jvm.dll+0x24d962]
V  [jvm.dll+0x2a1cfc]
C  [ucrtbase.dll+0x26c0c]
C  [KERNEL32.DLL+0x155a0]
C  [ntdll.dll+0x485b]


Current CompileTask:
C2:  34198 1964 %     4       miniprojtemplate.GameTimer::handle @ 101 (300 bytes)


---------------  P R O C E S S  ---------------

Java Threads: ( => current thread )
  0x000001a76ace4000 JavaThread "Prism Font Disposer" daemon [_thread_blocked, id=27996, stack(0x0000000214000000,0x0000000214100000)]
  0x000001a76acdc800 JavaThread "Thread-24" [_thread_blocked, id=29804, stack(0x0000000213c00000,0x0000000213d00000)]
  0x000001a76ace2800 JavaThread "Thread-23" [_thread_blocked, id=15852, stack(0x0000000213b00000,0x0000000213c00000)]
  0x000001a76ace3000 JavaThread "Thread-22" [_thread_blocked, id=5944, stack(0x0000000213a00000,0x0000000213b00000)]
  0x000001a76acdb000 JavaThread "Thread-21" [_thread_blocked, id=28040, stack(0x0000000213900000,0x0000000213a00000)]
  0x000001a76ace1800 JavaThread "Thread-20" [_thread_blocked, id=28804, stack(0x0000000213800000,0x0000000213900000)]
  0x000001a76acdb800 JavaThread "Thread-19" [_thread_blocked, id=13244, stack(0x0000000213700000,0x0000000213800000)]
  0x000001a76ace1000 JavaThread "Thread-18" [_thread_blocked, id=25096, stack(0x0000000213600000,0x0000000213700000)]
  0x000001a76acda000 JavaThread "Thread-17" [_thread_blocked, id=15060, stack(0x0000000213500000,0x0000000213600000)]
  0x000001a76acde800 JavaThread "Thread-16" [_thread_blocked, id=16960, stack(0x0000000213400000,0x0000000213500000)]
  0x000001a76ace0000 JavaThread "Thread-15" [_thread_blocked, id=26460, stack(0x0000000213300000,0x0000000213400000)]
  0x000001a76acdf800 JavaThread "Thread-14" [_thread_blocked, id=24900, stack(0x0000000213200000,0x0000000213300000)]
  0x000001a76acde000 JavaThread "Thread-13" [_thread_blocked, id=30644, stack(0x0000000213100000,0x0000000213200000)]
  0x000001a76aa28800 JavaThread "Thread-12" [_thread_blocked, id=7556, stack(0x0000000213000000,0x0000000213100000)]
  0x000001a76aa2a000 JavaThread "Thread-11" [_thread_blocked, id=18596, stack(0x0000000212f00000,0x0000000213000000)]
  0x000001a76aa28000 JavaThread "Thread-10" [_thread_blocked, id=15248, stack(0x0000000212e00000,0x0000000212f00000)]
  0x000001a76aa25800 JavaThread "Thread-9" [_thread_blocked, id=5032, stack(0x0000000212d00000,0x0000000212e00000)]
  0x000001a76aa26800 JavaThread "Thread-8" [_thread_blocked, id=27812, stack(0x0000000212c00000,0x0000000212d00000)]
  0x000001a76aa27000 JavaThread "Thread-7" [_thread_blocked, id=7916, stack(0x0000000212b00000,0x0000000212c00000)]
  0x000001a76aa29800 JavaThread "Thread-6" [_thread_blocked, id=13092, stack(0x0000000212a00000,0x0000000212b00000)]
  0x000001a76aa1e000 JavaThread "Thread-5" [_thread_blocked, id=2928, stack(0x0000000212900000,0x0000000212a00000)]
  0x000001a76aa25000 JavaThread "Thread-3" daemon [_thread_in_native, id=30708, stack(0x0000000212700000,0x0000000212800000)]
  0x000001a76aa23800 JavaThread "JavaFX-Launcher" [_thread_blocked, id=28116, stack(0x0000000212800000,0x0000000212900000)]
  0x000001a76a558800 JavaThread "JavaFX Application Thread" [_thread_in_Java, id=11960, stack(0x0000000212400000,0x0000000212500000)]
  0x000001a76a59c000 JavaThread "Thread-1" daemon [_thread_in_native, id=30208, stack(0x0000000212300000,0x0000000212400000)]
  0x000001a76a33d000 JavaThread "QuantumRenderer-0" daemon [_thread_in_native, id=22772, stack(0x0000000212100000,0x0000000212200000)]
  0x000001a769f98000 JavaThread "Service Thread" daemon [_thread_blocked, id=13740, stack(0x0000000211f00000,0x0000000212000000)]
  0x000001a76868c000 JavaThread "C1 CompilerThread3" daemon [_thread_blocked, id=3836, stack(0x0000000211e00000,0x0000000211f00000)]
=>0x000001a768689000 JavaThread "C2 CompilerThread2" daemon [_thread_in_native, id=7432, stack(0x0000000211d00000,0x0000000211e00000)]
  0x000001a768685000 JavaThread "C2 CompilerThread1" daemon [_thread_blocked, id=28652, stack(0x0000000211c00000,0x0000000211d00000)]
  0x000001a76867d800 JavaThread "C2 CompilerThread0" daemon [_thread_blocked, id=19152, stack(0x0000000211b00000,0x0000000211c00000)]
  0x000001a76867a000 JavaThread "Attach Listener" daemon [_thread_blocked, id=26180, stack(0x0000000211a00000,0x0000000211b00000)]
  0x000001a768679000 JavaThread "Signal Dispatcher" daemon [_thread_blocked, id=3904, stack(0x0000000211900000,0x0000000211a00000)]
  0x000001a76865b800 JavaThread "Finalizer" daemon [_thread_blocked, id=28328, stack(0x0000000211800000,0x0000000211900000)]
  0x000001a768633800 JavaThread "Reference Handler" daemon [_thread_blocked, id=8176, stack(0x0000000211700000,0x0000000211800000)]
  0x000001a74cd91800 JavaThread "main" [_thread_blocked, id=26176, stack(0x0000000210b00000,0x0000000210c00000)]

Other Threads:
  0x000001a768626800 VMThread [stack: 0x0000000211600000,0x0000000211700000] [id=23612]
  0x000001a769fbb000 WatcherThread [stack: 0x0000000212000000,0x0000000212100000] [id=14340]

VM state:not at safepoint (normal execution)

VM Mutex/Monitor currently owned by a thread: None

heap address: 0x00000006c2c00000, size: 4052 MB, Compressed Oops mode: Zero based, Oop shift amount: 3
Narrow klass base: 0x0000000000000000, Narrow klass shift: 3
Compressed class space size: 1073741824 Address: 0x00000007c0000000

Heap:
 PSYoungGen      total 140800K, used 84494K [0x000000076b980000, 0x000000077c480000, 0x00000007c0000000)
  eden space 130048K, 64% used [0x000000076b980000,0x0000000770c03ac8,0x0000000773880000)
  from space 10752K, 0% used [0x0000000773880000,0x0000000773880000,0x0000000774300000)
  to   space 13312K, 0% used [0x000000077b780000,0x000000077b780000,0x000000077c480000)
 ParOldGen       total 361472K, used 228770K [0x00000006c2c00000, 0x00000006d8d00000, 0x000000076b980000)
  object space 361472K, 63% used [0x00000006c2c00000,0x00000006d0b689c8,0x00000006d8d00000)
 Metaspace       used 13673K, capacity 14202K, committed 14336K, reserved 1060864K
  class space    used 1817K, capacity 1993K, committed 2048K, reserved 1048576K

Card table byte_map: [0x000001a75dc30000,0x000001a75e420000] byte_map_base: 0x000001a75a61a000

Marking Bits: (ParMarkBitMap*) 0x000000006b9a4fb0
 Begin Bits: [0x000001a75e970000, 0x000001a7628c0000)
 End Bits:   [0x000001a7628c0000, 0x000001a766810000)

Polling page: 0x000001a74cfc0000

CodeCache: size=245760Kb used=6870Kb max_used=6883Kb free=238889Kb
 bounds [0x000001a74e870000, 0x000001a74ef30000, 0x000001a75d870000]
 total_blobs=2782 nmethods=2142 adapters=551
 compilation: enabled

Compilation events (10 events):
Event: 33.936 Thread 0x000001a76867d800 nmethod 2145% 0x000001a74ef229d0 code [0x000001a74ef22b20, 0x000001a74ef22db8]
Event: 33.944 Thread 0x000001a768685000 2146       4       java.util.concurrent.atomic.AtomicBoolean::compareAndSet (35 bytes)
Event: 33.945 Thread 0x000001a768685000 nmethod 2146 0x000001a74ef251d0 code [0x000001a74ef25300, 0x000001a74ef25378]
Event: 34.022 Thread 0x000001a76867d800 2147       4       javafx.scene.Node::getGeomBounds (141 bytes)
Event: 34.024 Thread 0x000001a76867d800 nmethod 2147 0x000001a74ef26b50 code [0x000001a74ef26ca0, 0x000001a74ef26eb8]
Event: 34.079 Thread 0x000001a768685000 2148       4       javafx.scene.canvas.GraphicsContext::setFont (43 bytes)
Event: 34.083 Thread 0x000001a76868c000 2149       3       com.sun.javafx.sg.prism.GrowableDataBuffer::reset (51 bytes)
Event: 34.083 Thread 0x000001a76868c000 nmethod 2149 0x000001a74ef11f50 code [0x000001a74ef120c0, 0x000001a74ef122d0]
Event: 34.088 Thread 0x000001a768685000 nmethod 2148 0x000001a74ef23350 code [0x000001a74ef23520, 0x000001a74ef23dd0]
Event: 34.155 Thread 0x000001a76867d800 2150   !   4       java.lang.Throwable::printStackTrace (177 bytes)

GC Heap History (10 events):
Event: 2.298 GC heap before
{Heap before GC invocations=9 (full 4):
 PSYoungGen      total 140800K, used 130048K [0x000000076b980000, 0x000000077c480000, 0x00000007c0000000)
  eden space 130048K, 100% used [0x000000076b980000,0x0000000773880000,0x0000000773880000)
  from space 10752K, 0% used [0x0000000773880000,0x0000000773880000,0x0000000774300000)
  to   space 13312K, 0% used [0x000000077b780000,0x000000077b780000,0x000000077c480000)
 ParOldGen       total 314368K, used 294211K [0x00000006c2c00000, 0x00000006d5f00000, 0x000000076b980000)
  object space 314368K, 93% used [0x00000006c2c00000,0x00000006d4b50da0,0x00000006d5f00000)
 Metaspace       used 10556K, capacity 10886K, committed 11136K, reserved 1058816K
  class space    used 1485K, capacity 1575K, committed 1664K, reserved 1048576K
Event: 2.343 GC heap after
Heap after GC invocations=9 (full 4):
 PSYoungGen      total 140800K, used 112604K [0x000000076b980000, 0x000000077c480000, 0x00000007c0000000)
  eden space 130048K, 86% used [0x000000076b980000,0x0000000772777078,0x0000000773880000)
  from space 10752K, 0% used [0x0000000773880000,0x0000000773880000,0x0000000774300000)
  to   space 13312K, 0% used [0x000000077b780000,0x000000077b780000,0x000000077c480000)
 ParOldGen       total 314368K, used 292572K [0x00000006c2c00000, 0x00000006d5f00000, 0x000000076b980000)
  object space 314368K, 93% used [0x00000006c2c00000,0x00000006d49b72b0,0x00000006d5f00000)
 Metaspace       used 10556K, capacity 10886K, committed 11136K, reserved 1058816K
  class space    used 1485K, capacity 1575K, committed 1664K, reserved 1048576K
}
Event: 2.345 GC heap before
{Heap before GC invocations=10 (full 5):
 PSYoungGen      total 140800K, used 127759K [0x000000076b980000, 0x000000077c480000, 0x00000007c0000000)
  eden space 130048K, 98% used [0x000000076b980000,0x0000000773643c98,0x0000000773880000)
  from space 10752K, 0% used [0x0000000773880000,0x0000000773880000,0x0000000774300000)
  to   space 13312K, 0% used [0x000000077b780000,0x000000077b780000,0x000000077c480000)
 ParOldGen       total 314368K, used 292572K [0x00000006c2c00000, 0x00000006d5f00000, 0x000000076b980000)
  object space 314368K, 93% used [0x00000006c2c00000,0x00000006d49b72b0,0x00000006d5f00000)
 Metaspace       used 10557K, capacity 10886K, committed 11136K, reserved 1058816K
  class space    used 1485K, capacity 1575K, committed 1664K, reserved 1048576K
Event: 2.356 GC heap after
Heap after GC invocations=10 (full 5):
 PSYoungGen      total 140800K, used 125836K [0x000000076b980000, 0x000000077c480000, 0x00000007c0000000)
  eden space 130048K, 96% used [0x000000076b980000,0x0000000773463288,0x0000000773880000)
  from space 10752K, 0% used [0x0000000773880000,0x0000000773880000,0x0000000774300000)
  to   space 13312K, 0% used [0x000000077b780000,0x000000077b780000,0x000000077c480000)
 ParOldGen       total 314368K, used 292572K [0x00000006c2c00000, 0x00000006d5f00000, 0x000000076b980000)
  object space 314368K, 93% used [0x00000006c2c00000,0x00000006d49b7018,0x00000006d5f00000)
 Metaspace       used 10557K, capacity 10886K, committed 11136K, reserved 1058816K
  class space    used 1485K, capacity 1575K, committed 1664K, reserved 1048576K
}
Event: 2.367 GC heap before
{Heap before GC invocations=11 (full 6):
 PSYoungGen      total 140800K, used 130048K [0x000000076b980000, 0x000000077c480000, 0x00000007c0000000)
  eden space 130048K, 100% used [0x000000076b980000,0x0000000773880000,0x0000000773880000)
  from space 10752K, 0% used [0x0000000773880000,0x0000000773880000,0x0000000774300000)
  to   space 13312K, 0% used [0x000000077b780000,0x000000077b780000,0x000000077c480000)
 ParOldGen       total 314368K, used 292572K [0x00000006c2c00000, 0x00000006d5f00000, 0x000000076b980000)
  object space 314368K, 93% used [0x00000006c2c00000,0x00000006d49b7018,0x00000006d5f00000)
 Metaspace       used 10557K, capacity 10886K, committed 11136K, reserved 1058816K
  class space    used 1485K, capacity 1575K, committed 1664K, reserved 1048576K
Event: 2.380 GC heap after
Heap after GC invocations=11 (full 6):
 PSYoungGen      total 140800K, used 129142K [0x000000076b980000, 0x000000077c480000, 0x00000007c0000000)
  eden space 130048K, 99% used [0x000000076b980000,0x000000077379db98,0x0000000773880000)
  from space 10752K, 0% used [0x0000000773880000,0x0000000773880000,0x0000000774300000)
  to   space 13312K, 0% used [0x000000077b780000,0x000000077b780000,0x000000077c480000)
 ParOldGen       total 314368K, used 292572K [0x00000006c2c00000, 0x00000006d5f00000, 0x000000076b980000)
  object space 314368K, 93% used [0x00000006c2c00000,0x00000006d49b7018,0x00000006d5f00000)
 Metaspace       used 10557K, capacity 10886K, committed 11136K, reserved 1058816K
  class space    used 1485K, capacity 1575K, committed 1664K, reserved 1048576K
}
Event: 2.474 GC heap before
{Heap before GC invocations=12 (full 7):
 PSYoungGen      total 140800K, used 130048K [0x000000076b980000, 0x000000077c480000, 0x00000007c0000000)
  eden space 130048K, 100% used [0x000000076b980000,0x0000000773880000,0x0000000773880000)
  from space 10752K, 0% used [0x0000000773880000,0x0000000773880000,0x0000000774300000)
  to   space 13312K, 0% used [0x000000077b780000,0x000000077b780000,0x000000077c480000)
 ParOldGen       total 361472K, used 358697K [0x00000006c2c00000, 0x00000006d8d00000, 0x000000076b980000)
  object space 361472K, 99% used [0x00000006c2c00000,0x00000006d8a4a498,0x00000006d8d00000)
 Metaspace       used 10558K, capacity 10886K, committed 11136K, reserved 1058816K
  class space    used 1485K, capacity 1575K, committed 1664K, reserved 1048576K
Event: 2.500 GC heap after
Heap after GC invocations=12 (full 7):
 PSYoungGen      total 140800K, used 80863K [0x000000076b980000, 0x000000077c480000, 0x00000007c0000000)
  eden space 130048K, 62% used [0x000000076b980000,0x0000000770877cd0,0x0000000773880000)
  from space 10752K, 0% used [0x0000000773880000,0x0000000773880000,0x0000000774300000)
  to   space 13312K, 0% used [0x000000077b780000,0x000000077b780000,0x000000077c480000)
 ParOldGen       total 361472K, used 340878K [0x00000006c2c00000, 0x00000006d8d00000, 0x000000076b980000)
  object space 361472K, 94% used [0x00000006c2c00000,0x00000006d78e3a38,0x00000006d8d00000)
 Metaspace       used 10558K, capacity 10886K, committed 11136K, reserved 1058816K
  class space    used 1485K, capacity 1575K, committed 1664K, reserved 1048576K
}
Event: 16.542 GC heap before
{Heap before GC invocations=13 (full 8):
 PSYoungGen      total 140800K, used 130048K [0x000000076b980000, 0x000000077c480000, 0x00000007c0000000)
  eden space 130048K, 100% used [0x000000076b980000,0x0000000773880000,0x0000000773880000)
  from space 10752K, 0% used [0x0000000773880000,0x0000000773880000,0x0000000774300000)
  to   space 13312K, 0% used [0x000000077b780000,0x000000077b780000,0x000000077c480000)
 ParOldGen       total 361472K, used 340878K [0x00000006c2c00000, 0x00000006d8d00000, 0x000000076b980000)
  object space 361472K, 94% used [0x00000006c2c00000,0x00000006d78e3a38,0x00000006d8d00000)
 Metaspace       used 12974K, capacity 13486K, committed 13824K, reserved 1060864K
  class space    used 1800K, capacity 1955K, committed 2048K, reserved 1048576K
Event: 16.589 GC heap after
Heap after GC invocations=13 (full 8):
 PSYoungGen      total 140800K, used 0K [0x000000076b980000, 0x000000077c480000, 0x00000007c0000000)
  eden space 130048K, 0% used [0x000000076b980000,0x000000076b980000,0x0000000773880000)
  from space 10752K, 0% used [0x0000000773880000,0x0000000773880000,0x0000000774300000)
  to   space 13312K, 0% used [0x000000077b780000,0x000000077b780000,0x000000077c480000)
 ParOldGen       total 361472K, used 228770K [0x00000006c2c00000, 0x00000006d8d00000, 0x000000076b980000)
  object space 361472K, 63% used [0x00000006c2c00000,0x00000006d0b689c8,0x00000006d8d00000)
 Metaspace       used 12974K, capacity 13486K, committed 13824K, reserved 1060864K
  class space    used 1800K, capacity 1955K, committed 2048K, reserved 1048576K
}

Deoptimization events (10 events):
Event: 2.672 Thread 0x000001a76a558800 Uncommon trap: reason=unstable_if action=reinterpret pc=0x000001a74ebadf68 method=jdk.internal.org.objectweb.asm.Type.getArgumentsAndReturnSizes(Ljava/lang/String;)I @ 47
Event: 32.582 Thread 0x000001a76a558800 Uncommon trap: reason=unstable_if action=reinterpret pc=0x000001a74ec34b14 method=java.util.WeakHashMap.expungeStaleEntries()V @ 9
Event: 32.759 Thread 0x000001a76a558800 Uncommon trap: reason=class_check action=maybe_recompile pc=0x000001a74ecceeb0 method=javafx.animation.Animation.impl_timePulse(J)V @ 13
Event: 32.759 Thread 0x000001a76a558800 Uncommon trap: reason=unstable_if action=reinterpret pc=0x000001a74ecfb394 method=com.sun.scenario.animation.shared.TimelineClipCore.playTo(J)V @ 4
Event: 32.767 Thread 0x000001a76a558800 Uncommon trap: reason=class_check action=maybe_recompile pc=0x000001a74ecceeb0 method=javafx.animation.Animation.impl_timePulse(J)V @ 13
Event: 32.772 Thread 0x000001a76a558800 Uncommon trap: reason=class_check action=maybe_recompile pc=0x000001a74ecceeb0 method=javafx.animation.Animation.impl_timePulse(J)V @ 13
Event: 32.788 Thread 0x000001a76a558800 Uncommon trap: reason=class_check action=maybe_recompile pc=0x000001a74ecceeb0 method=javafx.animation.Animation.impl_timePulse(J)V @ 13
Event: 32.826 Thread 0x000001a76a558800 Uncommon trap: reason=unstable_if action=reinterpret pc=0x000001a74ede830c method=com.sun.javafx.geom.RectBounds.deriveWithNewBounds(Lcom/sun/javafx/geom/BaseBounds;)Lcom/sun/javafx/geom/BaseBounds; @ 4
Event: 32.839 Thread 0x000001a76a558800 Uncommon trap: reason=unstable_if action=reinterpret pc=0x000001a74ede8614 method=javafx.scene.Node.updateLocalToParentTransform()V @ 4
Event: 33.796 Thread 0x000001a76a59c000 Uncommon trap: reason=unstable_if action=reinterpret pc=0x000001a74ef05eec method=java.util.concurrent.LinkedBlockingDeque.unlinkFirst()Ljava/lang/Object; @ 37

Classes redefined (0 events):
No events

Internal exceptions (10 events):
Event: 34.164 Thread 0x000001a76a33d000 Implicit null exception at 0x000001a74ed6bf4b to 0x000001a74ed6c9d2
Event: 34.164 Thread 0x000001a76a33d000 Exception <a 'java/lang/NullPointerException'> (0x0000000770b63b28) thrown at [C:\jenkins\workspace\8-2-build-windows-amd64-cygwin\jdk8u261\295\hotspot\src\share\vm\runtime\sharedRuntime.cpp, line 605]
Event: 34.165 Thread 0x000001a76a33d000 Implicit null exception at 0x000001a74ed6bf4b to 0x000001a74ed6c9d2
Event: 34.165 Thread 0x000001a76a33d000 Exception <a 'java/lang/NullPointerException'> (0x0000000770b69170) thrown at [C:\jenkins\workspace\8-2-build-windows-amd64-cygwin\jdk8u261\295\hotspot\src\share\vm\runtime\sharedRuntime.cpp, line 605]
Event: 34.166 Thread 0x000001a76a33d000 Implicit null exception at 0x000001a74ed6bf4b to 0x000001a74ed6c9d2
Event: 34.166 Thread 0x000001a76a33d000 Exception <a 'java/lang/NullPointerException'> (0x0000000770b6e7a0) thrown at [C:\jenkins\workspace\8-2-build-windows-amd64-cygwin\jdk8u261\295\hotspot\src\share\vm\runtime\sharedRuntime.cpp, line 605]
Event: 34.168 Thread 0x000001a76a33d000 Implicit null exception at 0x000001a74ed6bf4b to 0x000001a74ed6c9d2
Event: 34.168 Thread 0x000001a76a33d000 Exception <a 'java/lang/NullPointerException'> (0x0000000770b73de8) thrown at [C:\jenkins\workspace\8-2-build-windows-amd64-cygwin\jdk8u261\295\hotspot\src\share\vm\runtime\sharedRuntime.cpp, line 605]
Event: 34.169 Thread 0x000001a76a33d000 Implicit null exception at 0x000001a74ed6bf4b to 0x000001a74ed6c9d2
Event: 34.169 Thread 0x000001a76a33d000 Exception <a 'java/lang/NullPointerException'> (0x0000000770b79430) thrown at [C:\jenkins\workspace\8-2-build-windows-amd64-cygwin\jdk8u261\295\hotspot\src\share\vm\runtime\sharedRuntime.cpp, line 605]

Events (10 events):
Event: 32.842 loading class com/sun/javafx/sg/prism/NGCanvas$InitType done
Event: 32.846 Executing VM operation: RevokeBias
Event: 32.846 Executing VM operation: RevokeBias done
Event: 32.855 Executing VM operation: BulkRevokeBias
Event: 32.855 Executing VM operation: BulkRevokeBias done
Event: 33.796 Thread 0x000001a76a59c000 Uncommon trap: trap_request=0xffffff65 fr.pc=0x000001a74ef05eec
Event: 33.796 Thread 0x000001a76a59c000 DEOPT PACKING pc=0x000001a74ef05eec sp=0x00000002123ff5c0
Event: 33.796 Thread 0x000001a76a59c000 DEOPT UNPACKING pc=0x000001a74e8b5843 sp=0x00000002123ff578 mode 2
Event: 34.083 Thread 0x000001a76a558800 DEOPT PACKING pc=0x000001a74eebeef6 sp=0x00000002124fd370
Event: 34.083 Thread 0x000001a76a558800 DEOPT UNPACKING pc=0x000001a74e8b7898 sp=0x00000002124fd060 mode 0


Dynamic libraries:
0x00007ff750670000 - 0x00007ff7506b7000 	C:\Program Files\Java\jre1.8.0_261\bin\javaw.exe
0x00007ffffc060000 - 0x00007ffffc269000 	C:\WINDOWS\SYSTEM32\ntdll.dll
0x00007ffffae20000 - 0x00007ffffaede000 	C:\WINDOWS\System32\KERNEL32.DLL
0x00007ffff9760000 - 0x00007ffff9adb000 	C:\WINDOWS\System32\KERNELBASE.dll
0x00007ffffa730000 - 0x00007ffffa7de000 	C:\WINDOWS\System32\ADVAPI32.dll
0x00007ffffa3b0000 - 0x00007ffffa453000 	C:\WINDOWS\System32\msvcrt.dll
0x00007ffffa5c0000 - 0x00007ffffa65e000 	C:\WINDOWS\System32\sechost.dll
0x00007ffffb490000 - 0x00007ffffb5b0000 	C:\WINDOWS\System32\RPCRT4.dll
0x00007ffffab80000 - 0x00007ffffad2d000 	C:\WINDOWS\System32\USER32.dll
0x00007ffff9c00000 - 0x00007ffff9c26000 	C:\WINDOWS\System32\win32u.dll
0x00007ffffb070000 - 0x00007ffffb099000 	C:\WINDOWS\System32\GDI32.dll
0x00007ffff9c30000 - 0x00007ffff9d48000 	C:\WINDOWS\System32\gdi32full.dll
0x00007ffff9b60000 - 0x00007ffff9bfd000 	C:\WINDOWS\System32\msvcp_win.dll
0x00007ffff9dc0000 - 0x00007ffff9ed1000 	C:\WINDOWS\System32\ucrtbase.dll
0x00007fffdc480000 - 0x00007fffdc725000 	C:\WINDOWS\WinSxS\amd64_microsoft.windows.common-controls_6595b64144ccf1df_6.0.22000.120_none_9d947278b86cc467\COMCTL32.dll
0x00007ffffaee0000 - 0x00007ffffaf12000 	C:\WINDOWS\System32\IMM32.DLL
0x00007fffcdcd0000 - 0x00007fffcdce5000 	C:\Program Files\Java\jre1.8.0_261\bin\vcruntime140.dll
0x00007fffbe510000 - 0x00007fffbe5ab000 	C:\Program Files\Java\jre1.8.0_261\bin\msvcp140.dll
0x000000006b1b0000 - 0x000000006ba1c000 	C:\Program Files\Java\jre1.8.0_261\bin\server\jvm.dll
0x00007ffffb060000 - 0x00007ffffb068000 	C:\WINDOWS\System32\PSAPI.DLL
0x00007fffe8e50000 - 0x00007fffe8e83000 	C:\WINDOWS\SYSTEM32\WINMM.dll
0x00007fffe7db0000 - 0x00007fffe7db9000 	C:\WINDOWS\SYSTEM32\WSOCK32.dll
0x00007ffff4310000 - 0x00007ffff431a000 	C:\WINDOWS\SYSTEM32\VERSION.dll
0x00007ffffa460000 - 0x00007ffffa4cf000 	C:\WINDOWS\System32\WS2_32.dll
0x00007ffff8660000 - 0x00007ffff8678000 	C:\WINDOWS\SYSTEM32\kernel.appcore.dll
0x00007fffe7da0000 - 0x00007fffe7db0000 	C:\Program Files\Java\jre1.8.0_261\bin\verify.dll
0x00007fffe79a0000 - 0x00007fffe79cb000 	C:\Program Files\Java\jre1.8.0_261\bin\java.dll
0x00007fffe4930000 - 0x00007fffe4948000 	C:\Program Files\Java\jre1.8.0_261\bin\zip.dll
0x00007ffffb6b0000 - 0x00007ffffbe67000 	C:\WINDOWS\System32\SHELL32.dll
0x00007ffff75f0000 - 0x00007ffff7e55000 	C:\WINDOWS\SYSTEM32\windows.storage.dll
0x00007ffffa7e0000 - 0x00007ffffab58000 	C:\WINDOWS\System32\combase.dll
0x00007ffff7480000 - 0x00007ffff75e6000 	C:\WINDOWS\SYSTEM32\wintypes.dll
0x00007ffffad30000 - 0x00007ffffae1a000 	C:\WINDOWS\System32\SHCORE.dll
0x00007ffffa350000 - 0x00007ffffa3ad000 	C:\WINDOWS\System32\shlwapi.dll
0x00007ffff9460000 - 0x00007ffff9481000 	C:\WINDOWS\SYSTEM32\profapi.dll
0x000001a74d050000 - 0x000001a74d053000 	C:\Program Files\Java\jre1.8.0_261\bin\api-ms-win-core-console-l1-1-0.dll
0x000001a74d060000 - 0x000001a74d063000 	C:\Program Files\Java\jre1.8.0_261\bin\api-ms-win-core-datetime-l1-1-0.dll
0x000001a74d070000 - 0x000001a74d073000 	C:\Program Files\Java\jre1.8.0_261\bin\api-ms-win-core-debug-l1-1-0.dll
0x000001a74d080000 - 0x000001a74d083000 	C:\Program Files\Java\jre1.8.0_261\bin\api-ms-win-core-errorhandling-l1-1-0.dll
0x000001a74d090000 - 0x000001a74d094000 	C:\Program Files\Java\jre1.8.0_261\bin\api-ms-win-core-file-l1-1-0.dll
0x000001a74d0a0000 - 0x000001a74d0a3000 	C:\Program Files\Java\jre1.8.0_261\bin\api-ms-win-core-file-l1-2-0.dll
0x000001a74d0b0000 - 0x000001a74d0b3000 	C:\Program Files\Java\jre1.8.0_261\bin\api-ms-win-core-file-l2-1-0.dll
0x000001a76a340000 - 0x000001a76a343000 	C:\Program Files\Java\jre1.8.0_261\bin\api-ms-win-core-handle-l1-1-0.dll
0x000001a76a350000 - 0x000001a76a353000 	C:\Program Files\Java\jre1.8.0_261\bin\api-ms-win-core-heap-l1-1-0.dll
0x000001a76a360000 - 0x000001a76a363000 	C:\Program Files\Java\jre1.8.0_261\bin\api-ms-win-core-interlocked-l1-1-0.dll
0x000001a76a370000 - 0x000001a76a373000 	C:\Program Files\Java\jre1.8.0_261\bin\api-ms-win-core-libraryloader-l1-1-0.dll
0x000001a76a380000 - 0x000001a76a383000 	C:\Program Files\Java\jre1.8.0_261\bin\api-ms-win-core-localization-l1-2-0.dll
0x000001a76a390000 - 0x000001a76a393000 	C:\Program Files\Java\jre1.8.0_261\bin\api-ms-win-core-memory-l1-1-0.dll
0x000001a76a3a0000 - 0x000001a76a3a3000 	C:\Program Files\Java\jre1.8.0_261\bin\api-ms-win-core-namedpipe-l1-1-0.dll
0x000001a76a3b0000 - 0x000001a76a3b3000 	C:\Program Files\Java\jre1.8.0_261\bin\api-ms-win-core-processenvironment-l1-1-0.dll
0x000001a76a3c0000 - 0x000001a76a3c3000 	C:\Program Files\Java\jre1.8.0_261\bin\api-ms-win-core-processthreads-l1-1-0.dll
0x000001a76a3d0000 - 0x000001a76a3d3000 	C:\Program Files\Java\jre1.8.0_261\bin\api-ms-win-core-processthreads-l1-1-1.dll
0x000001a76a3e0000 - 0x000001a76a3e3000 	C:\Program Files\Java\jre1.8.0_261\bin\api-ms-win-core-profile-l1-1-0.dll
0x000001a76a3f0000 - 0x000001a76a3f3000 	C:\Program Files\Java\jre1.8.0_261\bin\api-ms-win-core-rtlsupport-l1-1-0.dll
0x000001a76a400000 - 0x000001a76a403000 	C:\Program Files\Java\jre1.8.0_261\bin\api-ms-win-core-string-l1-1-0.dll
0x000001a76a410000 - 0x000001a76a413000 	C:\Program Files\Java\jre1.8.0_261\bin\api-ms-win-core-synch-l1-1-0.dll
0x000001a76a420000 - 0x000001a76a423000 	C:\Program Files\Java\jre1.8.0_261\bin\api-ms-win-core-synch-l1-2-0.dll
0x000001a76a430000 - 0x000001a76a433000 	C:\Program Files\Java\jre1.8.0_261\bin\api-ms-win-core-sysinfo-l1-1-0.dll
0x000001a76a440000 - 0x000001a76a443000 	C:\Program Files\Java\jre1.8.0_261\bin\api-ms-win-core-timezone-l1-1-0.dll
0x000001a76a450000 - 0x000001a76a453000 	C:\Program Files\Java\jre1.8.0_261\bin\api-ms-win-core-util-l1-1-0.dll
0x000001a76a460000 - 0x000001a76a463000 	C:\Program Files\Java\jre1.8.0_261\bin\api-ms-win-crt-conio-l1-1-0.dll
0x000001a76a470000 - 0x000001a76a474000 	C:\Program Files\Java\jre1.8.0_261\bin\api-ms-win-crt-convert-l1-1-0.dll
0x000001a76a480000 - 0x000001a76a483000 	C:\Program Files\Java\jre1.8.0_261\bin\api-ms-win-crt-environment-l1-1-0.dll
0x000001a76a490000 - 0x000001a76a493000 	C:\Program Files\Java\jre1.8.0_261\bin\api-ms-win-crt-filesystem-l1-1-0.dll
0x000001a76a4a0000 - 0x000001a76a4a3000 	C:\Program Files\Java\jre1.8.0_261\bin\api-ms-win-crt-heap-l1-1-0.dll
0x000001a76a4b0000 - 0x000001a76a4b3000 	C:\Program Files\Java\jre1.8.0_261\bin\api-ms-win-crt-locale-l1-1-0.dll
0x000001a76a4c0000 - 0x000001a76a4c5000 	C:\Program Files\Java\jre1.8.0_261\bin\api-ms-win-crt-math-l1-1-0.dll
0x000001a76a4d0000 - 0x000001a76a4d5000 	C:\Program Files\Java\jre1.8.0_261\bin\api-ms-win-crt-multibyte-l1-1-0.dll
0x000001a76a4e0000 - 0x000001a76a4f0000 	C:\Program Files\Java\jre1.8.0_261\bin\api-ms-win-crt-private-l1-1-0.dll
0x000001a76a4f0000 - 0x000001a76a4f3000 	C:\Program Files\Java\jre1.8.0_261\bin\api-ms-win-crt-process-l1-1-0.dll
0x000001a76a500000 - 0x000001a76a504000 	C:\Program Files\Java\jre1.8.0_261\bin\api-ms-win-crt-runtime-l1-1-0.dll
0x000001a76a510000 - 0x000001a76a514000 	C:\Program Files\Java\jre1.8.0_261\bin\api-ms-win-crt-stdio-l1-1-0.dll
0x000001a76a520000 - 0x000001a76a524000 	C:\Program Files\Java\jre1.8.0_261\bin\api-ms-win-crt-string-l1-1-0.dll
0x000001a76a530000 - 0x000001a76a533000 	C:\Program Files\Java\jre1.8.0_261\bin\api-ms-win-crt-time-l1-1-0.dll
0x000001a76a540000 - 0x000001a76a543000 	C:\Program Files\Java\jre1.8.0_261\bin\api-ms-win-crt-utility-l1-1-0.dll
0x00007fffba090000 - 0x00007fffba18c000 	C:\Program Files\Java\jre1.8.0_261\bin\ucrtbase.dll
0x00007fffbc300000 - 0x00007fffbc351000 	C:\Program Files\Java\jre1.8.0_261\bin\concrt140.dll
0x00007fffcb520000 - 0x00007fffcb543000 	C:\Program Files\Java\jre1.8.0_261\bin\prism_d3d.dll
0x00007fffdc2d0000 - 0x00007fffdc476000 	C:\WINDOWS\system32\d3d9.dll
0x00007ffff6fb0000 - 0x00007ffff6fdf000 	C:\WINDOWS\SYSTEM32\dwmapi.dll
0x00007ffff6df0000 - 0x00007ffff6e28000 	C:\WINDOWS\SYSTEM32\dxcore.dll
0x00007ffff6b40000 - 0x00007ffff6bec000 	C:\WINDOWS\system32\uxtheme.dll
0x00007ffff2ce0000 - 0x00007ffff2d24000 	C:\WINDOWS\SYSTEM32\directxdatabasehelper.dll
0x00007ffff8680000 - 0x00007ffff86b4000 	C:\WINDOWS\SYSTEM32\ntmarta.dll
0x00007ffff8dc0000 - 0x00007ffff8dd2000 	C:\WINDOWS\SYSTEM32\msasn1.dll
0x00007ffff14b0000 - 0x00007ffff14e1000 	C:\WINDOWS\SYSTEM32\cryptnet.dll
0x00007ffff9530000 - 0x00007ffff9692000 	C:\WINDOWS\System32\CRYPT32.dll
0x00007ffff8d50000 - 0x00007ffff8d5c000 	C:\WINDOWS\SYSTEM32\cryptbase.dll
0x00007ffff9d50000 - 0x00007ffff9db8000 	C:\WINDOWS\System32\WINTRUST.DLL
0x00007ffffb5b0000 - 0x00007ffffb5cf000 	C:\WINDOWS\System32\imagehlp.dll
0x00007ffff8d30000 - 0x00007ffff8d48000 	C:\WINDOWS\SYSTEM32\CRYPTSP.dll
0x00007ffff85c0000 - 0x00007ffff85f5000 	C:\WINDOWS\system32\rsaenh.dll
0x00007ffff9ae0000 - 0x00007ffff9b5f000 	C:\WINDOWS\System32\bcryptPrimitives.dll
0x00007ffff8f10000 - 0x00007ffff8f37000 	C:\WINDOWS\SYSTEM32\bcrypt.dll
0x00007fffbc180000 - 0x00007fffbc1c5000 	C:\Program Files\Java\jre1.8.0_261\bin\glass.dll
0x00007ffffa4d0000 - 0x00007ffffa5bc000 	C:\WINDOWS\System32\COMDLG32.dll
0x00007ffffbe80000 - 0x00007ffffc01a000 	C:\WINDOWS\System32\ole32.dll
0x00007ffffaf80000 - 0x00007ffffb056000 	C:\WINDOWS\System32\OLEAUT32.dll
0x00007fff9b270000 - 0x00007fff9b3a9000 	C:\ProgramData\A-Volute\A-Volute.Nahimic\Modules\Scheduled\x64\AudioDevProps2.dll
0x00007ffffb260000 - 0x00007ffffb37d000 	C:\WINDOWS\System32\MSCTF.dll
0x00007fffb1e90000 - 0x00007fffb1fa7000 	C:\WINDOWS\System32\DriverStore\FileRepository\nvmii.inf_amd64_417542b70c8bb20a\nvldumdx.dll
0x00007ffff1360000 - 0x00007ffff14a9000 	C:\WINDOWS\SYSTEM32\drvstore.dll
0x00007ffff9270000 - 0x00007ffff929c000 	C:\WINDOWS\SYSTEM32\devobj.dll
0x00007ffff9220000 - 0x00007ffff926c000 	C:\WINDOWS\SYSTEM32\cfgmgr32.dll
0x00007ffff8e50000 - 0x00007ffff8e91000 	C:\WINDOWS\SYSTEM32\wldp.dll
0x00007fff860d0000 - 0x00007fff878da000 	C:\WINDOWS\System32\DriverStore\FileRepository\nvmii.inf_amd64_417542b70c8bb20a\nvd3dumx.dll
0x00007fffa6fb0000 - 0x00007fffa7277000 	C:\WINDOWS\system32\nvspcap64.dll
0x00007ffff8b70000 - 0x00007ffff8b94000 	C:\WINDOWS\SYSTEM32\gpapi.dll
0x00007fff9c300000 - 0x00007fff9c4af000 	C:\WINDOWS\System32\DriverStore\FileRepository\iigd_dch.inf_amd64_51f685305808e3a5\igdumdim64.dll
0x00007fff937c0000 - 0x00007fff96863000 	C:\WINDOWS\System32\DriverStore\FileRepository\iigd_dch.inf_amd64_51f685305808e3a5\igd9dxva64.dll
0x00007ffff9ee0000 - 0x00007ffffa34c000 	C:\WINDOWS\System32\SETUPAPI.dll
0x00007fffed990000 - 0x00007fffedd99000 	C:\WINDOWS\System32\DriverStore\FileRepository\iigd_dch.inf_amd64_51f685305808e3a5\igdgmm64.dll
0x00007fff87ce0000 - 0x00007fff87d07000 	C:\WINDOWS\System32\DriverStore\FileRepository\iigd_dch.inf_amd64_51f685305808e3a5\igdinfo64.dll
0x00007fffe9740000 - 0x00007fffeced4000 	C:\WINDOWS\System32\DriverStore\FileRepository\iigd_dch.inf_amd64_51f685305808e3a5\igc64.dll
0x00007fffc8660000 - 0x00007fffc8674000 	C:\Program Files\Java\jre1.8.0_261\bin\javafx_font.dll
0x00007fffc4bd0000 - 0x00007fffc4e2f000 	C:\WINDOWS\SYSTEM32\dwrite.dll
0x00007ffffb5d0000 - 0x00007ffffb685000 	C:\WINDOWS\System32\clbcatq.dll
0x00007ffff07d0000 - 0x00007ffff097e000 	C:\WINDOWS\SYSTEM32\WindowsCodecs.dll
0x00007fffc3f70000 - 0x00007fffc3fcd000 	C:\WINDOWS\system32\dataexchange.dll
0x00007fffefd50000 - 0x00007fffeffb6000 	C:\WINDOWS\system32\twinapi.appcore.dll
0x00007ffff68a0000 - 0x00007ffff68d2000 	C:\Program Files\Common Files\Microsoft Shared\Ink\rtscom.dll
0x00007fffcbf50000 - 0x00007fffcc07d000 	C:\WINDOWS\SYSTEM32\textinputframework.dll
0x00007ffff6750000 - 0x00007ffff6881000 	C:\WINDOWS\SYSTEM32\CoreMessaging.dll
0x00007ffff23d0000 - 0x00007ffff273d000 	C:\WINDOWS\SYSTEM32\CoreUIComponents.dll
0x00007fffc4170000 - 0x00007fffc421e000 	C:\WINDOWS\SYSTEM32\TextShaping.dll
0x00007fffc1fe0000 - 0x00007fffc1ff2000 	C:\Program Files\Java\jre1.8.0_261\bin\prism_common.dll
0x00007fffecee0000 - 0x00007fffed101000 	C:\WINDOWS\SYSTEM32\dbghelp.dll

VM Arguments:
jvm_args: -Dfile.encoding=Cp1252 
java_command: miniprojtemplate.Main
java_class_path (initial): C:\Users\innoj\workspace\MiniProject (2).zip_expanded\MiniProject\bin;C:\Users\innoj\Desktop\Inno_general files\java\eclipse\plugins\org.eclipse.fx.ide.css.jfx8_2.4.0.201605112122.jar
Launcher Type: SUN_STANDARD

Environment Variables:
PATH=C:/Program Files/Java/jre1.8.0_261/bin/server;C:/Program Files/Java/jre1.8.0_261/bin;C:/Program Files/Java/jre1.8.0_261/lib/amd64;C:\Program Files (x86)\Common Files\Oracle\Java\javapath;C:\Windows\system32;C:\Windows;C:\Windows\System32\Wbem;C:\Windows\System32\WindowsPowerShell\v1.0\;C:\Windows\System32\OpenSSH\;C:\WINDOWS\system32;C:\WINDOWS;C:\WINDOWS\System32\Wbem;C:\WINDOWS\System32\WindowsPowerShell\v1.0\;C:\WINDOWS\System32\OpenSSH\;C:\Program Files\NVIDIA Corporation\NVIDIA NvDLISR;C:\Program Files (x86)\NVIDIA Corporation\PhysX\Common;C:\Program Files\Java\jdk1.8.0_261\bin;C:\Program Files\dotnet\;C:\Users\innoj\AppData\Local\Programs\Python\Python310\Scripts\;C:\Users\innoj\AppData\Local\Programs\Python\Python310\;C:\Users\innoj\AppData\Local\Microsoft\WindowsApps;C:\Users\innoj\AppData\Local\atom\bin;C:\Users\innoj\AppData\Local\Programs\Microsoft VS Code\bin;C:\MinGW\bin;;C:\Users\innoj\Desktop\Inno_general files\java\eclipse;
USERNAME=innoj
OS=Windows_NT
PROCESSOR_IDENTIFIER=Intel64 Family 6 Model 165 Stepping 2, GenuineIntel



---------------  S Y S T E M  ---------------

OS: Windows 10.0 , 64 bit Build 22000 (10.0.22000.1335)

CPU:total 12 (initial active 12) (6 cores per cpu, 2 threads per core) family 6 model 165 stepping 2, cmov, cx8, fxsr, mmx, sse, sse2, sse3, ssse3, sse4.1, sse4.2, popcnt, avx, avx2, aes, clmul, erms, 3dnowpref, lzcnt, ht, tsc, tscinvbit, bmi1, bmi2, adx

Memory: 4k page, physical 16594732k(1545392k free), swap 66926380k(4096k free)

vm_info: Java HotSpot(TM) 64-Bit Server VM (25.261-b12) for windows-amd64 JRE (1.8.0_261-b12), built on Jun 18 2020 06:56:32 by "" with unknown MS VC++:1916

time: Sun Jan  8 23:09:55 2023
timezone: Malay Peninsula Standard Time
elapsed time: 34 seconds (0d 0h 0m 34s)

