#
# There is insufficient memory for the Java Runtime Environment to continue.
# Native memory allocation (malloc) failed to allocate 514768 bytes for Chunk::new
# Possible reasons:
#   The system is out of physical RAM or swap space
#   The process is running with CompressedOops enabled, and the Java Heap may be blocking the growth of the native heap
# Possible solutions:
#   Reduce memory load on the system
#   Increase physical memory or swap space
#   Check if swap backing store is full
#   Decrease Java heap size (-Xmx/-Xms)
#   Decrease number of Java threads
#   Decrease Java thread stack sizes (-Xss)
#   Set larger code cache with -XX:ReservedCodeCacheSize=
#   JVM is running with Zero Based Compressed Oops mode in which the Java heap is
#     placed in the first 32GB address space. The Java Heap base address is the
#     maximum limit for the native heap growth. Please use -XX:HeapBaseMinAddress
#     to set the Java Heap base and to place the Java Heap above 32GB virtual address.
# This output file may be truncated or incomplete.
#
#  Out of Memory Error (allocation.cpp:389), pid=26824, tid=0x0000000000001d54
#
# JRE version: Java(TM) SE Runtime Environment (8.0_261-b12) (build 1.8.0_261-b12)
# Java VM: Java HotSpot(TM) 64-Bit Server VM (25.261-b12 mixed mode windows-amd64 compressed oops)
# Failed to write core dump. Minidumps are not enabled by default on client versions of Windows
#

---------------  T H R E A D  ---------------

Current thread (0x00000237fefd4800):  JavaThread "C2 CompilerThread1" daemon [_thread_in_native, id=7508, stack(0x0000005330700000,0x0000005330800000)]

Stack: [0x0000005330700000,0x0000005330800000]
Native frames: (J=compiled Java code, j=interpreted, Vv=VM code, C=native code)
V  [jvm.dll+0x33e5f9]
V  [jvm.dll+0x2850e2]
V  [jvm.dll+0x285d8d]
V  [jvm.dll+0x27c895]
V  [jvm.dll+0xe4d6c]
V  [jvm.dll+0xe556c]
V  [jvm.dll+0x47ed35]
V  [jvm.dll+0x446900]
V  [jvm.dll+0x44f8f5]
V  [jvm.dll+0x44ecb5]
V  [jvm.dll+0x439bc7]
V  [jvm.dll+0xbbbcb]
V  [jvm.dll+0xba22b]
V  [jvm.dll+0x24d962]
V  [jvm.dll+0x2a1cfc]
C  [ucrtbase.dll+0x26c0c]
C  [KERNEL32.DLL+0x155a0]
C  [ntdll.dll+0x485b]


Current CompileTask:
C2:   3981 1433 %     4       miniprojtemplate.GameTimer::handle @ 101 (378 bytes)


---------------  P R O C E S S  ---------------

Java Threads: ( => current thread )
  0x000002379843e000 JavaThread "Prism Font Disposer" daemon [_thread_blocked, id=23696, stack(0x0000005332b00000,0x0000005332c00000)]
  0x000002379843c800 JavaThread "Thread-23" [_thread_blocked, id=25816, stack(0x0000005332700000,0x0000005332800000)]
  0x0000023798435000 JavaThread "Thread-22" [_thread_blocked, id=26852, stack(0x0000005332600000,0x0000005332700000)]
  0x000002379843b800 JavaThread "Thread-21" [_thread_blocked, id=25356, stack(0x0000005332500000,0x0000005332600000)]
  0x0000023798434000 JavaThread "Thread-20" [_thread_blocked, id=8384, stack(0x0000005332400000,0x0000005332500000)]
  0x0000023798435800 JavaThread "Thread-19" [_thread_blocked, id=24564, stack(0x0000005332300000,0x0000005332400000)]
  0x000002379843b000 JavaThread "Thread-18" [_thread_blocked, id=10040, stack(0x0000005332200000,0x0000005332300000)]
  0x000002379843a000 JavaThread "Thread-17" [_thread_blocked, id=17680, stack(0x0000005332100000,0x0000005332200000)]
  0x0000023798438800 JavaThread "Thread-16" [_thread_blocked, id=11392, stack(0x0000005332000000,0x0000005332100000)]
  0x0000023798437000 JavaThread "Thread-15" [_thread_blocked, id=8148, stack(0x0000005331f00000,0x0000005332000000)]
  0x0000023798436800 JavaThread "Thread-14" [_thread_blocked, id=1752, stack(0x0000005331e00000,0x0000005331f00000)]
  0x0000023798439800 JavaThread "Thread-13" [_thread_blocked, id=8440, stack(0x0000005331d00000,0x0000005331e00000)]
  0x00000237981b9000 JavaThread "Thread-12" [_thread_blocked, id=27584, stack(0x0000005331c00000,0x0000005331d00000)]
  0x00000237981b6000 JavaThread "Thread-11" [_thread_blocked, id=26964, stack(0x0000005331b00000,0x0000005331c00000)]
  0x00000237981b5800 JavaThread "Thread-10" [_thread_blocked, id=7016, stack(0x0000005331a00000,0x0000005331b00000)]
  0x00000237981b7800 JavaThread "Thread-9" [_thread_blocked, id=22372, stack(0x0000005331900000,0x0000005331a00000)]
  0x00000237981b4800 JavaThread "Thread-8" [_thread_blocked, id=25196, stack(0x0000005331800000,0x0000005331900000)]
  0x00000237981b7000 JavaThread "Thread-7" [_thread_blocked, id=16856, stack(0x0000005331700000,0x0000005331800000)]
  0x00000237981b4000 JavaThread "Thread-6" [_thread_blocked, id=2448, stack(0x0000005331600000,0x0000005331700000)]
  0x00000237981b8800 JavaThread "Thread-5" [_thread_blocked, id=17500, stack(0x0000005331500000,0x0000005331600000)]
  0x00000237981ac000 JavaThread "Thread-4" [_thread_blocked, id=11500, stack(0x0000005331400000,0x0000005331500000)]
  0x00000237981b3000 JavaThread "Thread-3" daemon [_thread_in_native, id=25812, stack(0x0000005331200000,0x0000005331300000)]
  0x00000237981b2800 JavaThread "JavaFX-Launcher" [_thread_blocked, id=4712, stack(0x0000005331300000,0x0000005331400000)]
  0x0000023797d1b800 JavaThread "JavaFX Application Thread" [_thread_in_native, id=17324, stack(0x0000005330f00000,0x0000005331000000)]
  0x0000023797d1a800 JavaThread "Thread-1" daemon [_thread_blocked, id=22284, stack(0x0000005330e00000,0x0000005330f00000)]
  0x00000237979bc800 JavaThread "QuantumRenderer-0" daemon [_thread_in_native, id=2400, stack(0x0000005330c00000,0x0000005330d00000)]
  0x00000237ff00e000 JavaThread "Service Thread" daemon [_thread_blocked, id=22740, stack(0x0000005330a00000,0x0000005330b00000)]
  0x00000237fefdf000 JavaThread "C1 CompilerThread3" daemon [_thread_blocked, id=28108, stack(0x0000005330900000,0x0000005330a00000)]
  0x00000237fefe2000 JavaThread "C2 CompilerThread2" daemon [_thread_blocked, id=24112, stack(0x0000005330800000,0x0000005330900000)]
=>0x00000237fefd4800 JavaThread "C2 CompilerThread1" daemon [_thread_in_native, id=7508, stack(0x0000005330700000,0x0000005330800000)]
  0x00000237fefd0000 JavaThread "C2 CompilerThread0" daemon [_thread_in_native, id=26120, stack(0x0000005330600000,0x0000005330700000)]
  0x00000237fefc7800 JavaThread "Attach Listener" daemon [_thread_blocked, id=8576, stack(0x0000005330500000,0x0000005330600000)]
  0x00000237fefc7000 JavaThread "Signal Dispatcher" daemon [_thread_blocked, id=11336, stack(0x0000005330400000,0x0000005330500000)]
  0x00000237fefa5800 JavaThread "Finalizer" daemon [_thread_blocked, id=25792, stack(0x0000005330300000,0x0000005330400000)]
  0x00000237fef7d800 JavaThread "Reference Handler" daemon [_thread_blocked, id=11544, stack(0x0000005330200000,0x0000005330300000)]
  0x00000237fa5b2800 JavaThread "main" [_thread_blocked, id=30684, stack(0x000000532f600000,0x000000532f700000)]

Other Threads:
  0x00000237fef74800 VMThread [stack: 0x0000005330100000,0x0000005330200000] [id=22412]
  0x00000237976b4000 WatcherThread [stack: 0x0000005330b00000,0x0000005330c00000] [id=23752]

VM state:not at safepoint (normal execution)

VM Mutex/Monitor currently owned by a thread: None

heap address: 0x00000006c2c00000, size: 4052 MB, Compressed Oops mode: Zero based, Oop shift amount: 3
Narrow klass base: 0x0000000000000000, Narrow klass shift: 3
Compressed class space size: 1073741824 Address: 0x00000007c0000000

Heap:
 PSYoungGen      total 249344K, used 175500K [0x000000076b980000, 0x000000077c000000, 0x00000007c0000000)
  eden space 240128K, 73% used [0x000000076b980000,0x00000007764e3260,0x000000077a400000)
  from space 9216K, 0% used [0x000000077b700000,0x000000077b700000,0x000000077c000000)
  to   space 14336K, 0% used [0x000000077a400000,0x000000077a400000,0x000000077b200000)
 ParOldGen       total 474624K, used 227859K [0x00000006c2c00000, 0x00000006dfb80000, 0x000000076b980000)
  object space 474624K, 48% used [0x00000006c2c00000,0x00000006d0a84e60,0x00000006dfb80000)
 Metaspace       used 13093K, capacity 13654K, committed 13824K, reserved 1060864K
  class space    used 1803K, capacity 1961K, committed 2048K, reserved 1048576K

Card table byte_map: [0x00000237fc2b0000,0x00000237fcaa0000] byte_map_base: 0x00000237f8c9a000

Marking Bits: (ParMarkBitMap*) 0x000000006b9a4fb0
 Begin Bits: [0x000002378f000000, 0x0000023792f50000)
 End Bits:   [0x0000023792f50000, 0x0000023796ea0000)

Polling page: 0x00000237fbec0000

CodeCache: size=245760Kb used=4928Kb max_used=4934Kb free=240831Kb
 bounds [0x0000023780000000, 0x00000237804e0000, 0x000002378f000000]
 total_blobs=2160 nmethods=1520 adapters=551
 compilation: enabled

Compilation events (10 events):
Event: 3.960 Thread 0x00000237fefdf000 1508       1       miniprojtemplate.Ship::getFoodEaten (5 bytes)
Event: 3.960 Thread 0x00000237fefdf000 nmethod 1508 0x00000237804cc190 code [0x00000237804cc2e0, 0x00000237804cc3f8]
Event: 3.960 Thread 0x00000237fefdf000 1510       3       java.lang.String::valueOf (5 bytes)
Event: 3.960 Thread 0x00000237fefdf000 nmethod 1510 0x00000237804cc450 code [0x00000237804cc5c0, 0x00000237804cc730]
Event: 3.960 Thread 0x00000237fefdf000 1509       1       miniprojtemplate.Ship::getEnemyEaten (5 bytes)
Event: 3.960 Thread 0x00000237fefdf000 nmethod 1509 0x00000237804cc7d0 code [0x00000237804cc920, 0x00000237804cca38]
Event: 3.960 Thread 0x00000237fefdf000 1511       1       com.sun.javafx.sg.prism.GrowableDataBuffer::writeObjectPosition (5 bytes)
Event: 3.960 Thread 0x00000237fefdf000 nmethod 1511 0x00000237804cca90 code [0x00000237804ccbe0, 0x00000237804cccf8]
Event: 3.960 Thread 0x00000237fefdf000 1512       3       com.sun.javafx.sg.prism.GrowableDataBuffer::reset (51 bytes)
Event: 3.960 Thread 0x00000237fefdf000 nmethod 1512 0x00000237804ccd50 code [0x00000237804ccee0, 0x00000237804cd370]

GC Heap History (10 events):
Event: 1.556 GC heap before
{Heap before GC invocations=6 (full 1):
 PSYoungGen      total 140800K, used 125039K [0x000000076b980000, 0x0000000774d80000, 0x00000007c0000000)
  eden space 130048K, 96% used [0x000000076b980000,0x000000077339bea8,0x0000000773880000)
  from space 10752K, 0% used [0x0000000774300000,0x0000000774300000,0x0000000774d80000)
  to   space 10752K, 0% used [0x0000000773880000,0x0000000773880000,0x0000000774300000)
 ParOldGen       total 291840K, used 157811K [0x00000006c2c00000, 0x00000006d4900000, 0x000000076b980000)
  object space 291840K, 54% used [0x00000006c2c00000,0x00000006cc61ccd0,0x00000006d4900000)
 Metaspace       used 10477K, capacity 10882K, committed 11136K, reserved 1058816K
  class space    used 1470K, capacity 1571K, committed 1664K, reserved 1048576K
Event: 1.593 GC heap after
Heap after GC invocations=6 (full 1):
 PSYoungGen      total 140800K, used 2474K [0x000000076b980000, 0x000000077c400000, 0x00000007c0000000)
  eden space 130048K, 0% used [0x000000076b980000,0x000000076b980000,0x0000000773880000)
  from space 10752K, 23% used [0x0000000773880000,0x0000000773aea8d0,0x0000000774300000)
  to   space 13312K, 0% used [0x000000077b700000,0x000000077b700000,0x000000077c400000)
 ParOldGen       total 291840K, used 270319K [0x00000006c2c00000, 0x00000006d4900000, 0x000000076b980000)
  object space 291840K, 92% used [0x00000006c2c00000,0x00000006d33fbd20,0x00000006d4900000)
 Metaspace       used 10477K, capacity 10882K, committed 11136K, reserved 1058816K
  class space    used 1470K, capacity 1571K, committed 1664K, reserved 1048576K
}
Event: 1.593 GC heap before
{Heap before GC invocations=7 (full 2):
 PSYoungGen      total 140800K, used 2474K [0x000000076b980000, 0x000000077c400000, 0x00000007c0000000)
  eden space 130048K, 0% used [0x000000076b980000,0x000000076b980000,0x0000000773880000)
  from space 10752K, 23% used [0x0000000773880000,0x0000000773aea8d0,0x0000000774300000)
  to   space 13312K, 0% used [0x000000077b700000,0x000000077b700000,0x000000077c400000)
 ParOldGen       total 291840K, used 270319K [0x00000006c2c00000, 0x00000006d4900000, 0x000000076b980000)
  object space 291840K, 92% used [0x00000006c2c00000,0x00000006d33fbd20,0x00000006d4900000)
 Metaspace       used 10477K, capacity 10882K, committed 11136K, reserved 1058816K
  class space    used 1470K, capacity 1571K, committed 1664K, reserved 1048576K
Event: 1.781 GC heap after
Heap after GC invocations=7 (full 2):
 PSYoungGen      total 140800K, used 0K [0x000000076b980000, 0x000000077c400000, 0x00000007c0000000)
  eden space 130048K, 0% used [0x000000076b980000,0x000000076b980000,0x0000000773880000)
  from space 10752K, 0% used [0x0000000773880000,0x0000000773880000,0x0000000774300000)
  to   space 13312K, 0% used [0x000000077b700000,0x000000077b700000,0x000000077c400000)
 ParOldGen       total 461824K, used 271354K [0x00000006c2c00000, 0x00000006def00000, 0x000000076b980000)
  object space 461824K, 58% used [0x00000006c2c00000,0x00000006d34feba0,0x00000006def00000)
 Metaspace       used 10477K, capacity 10882K, committed 11136K, reserved 1058816K
  class space    used 1470K, capacity 1571K, committed 1664K, reserved 1048576K
}
Event: 1.824 GC heap before
{Heap before GC invocations=8 (full 2):
 PSYoungGen      total 140800K, used 116194K [0x000000076b980000, 0x000000077c400000, 0x00000007c0000000)
  eden space 130048K, 89% used [0x000000076b980000,0x0000000772af8998,0x0000000773880000)
  from space 10752K, 0% used [0x0000000773880000,0x0000000773880000,0x0000000774300000)
  to   space 13312K, 0% used [0x000000077b700000,0x000000077b700000,0x000000077c400000)
 ParOldGen       total 461824K, used 271354K [0x00000006c2c00000, 0x00000006def00000, 0x000000076b980000)
  object space 461824K, 58% used [0x00000006c2c00000,0x00000006d34feba0,0x00000006def00000)
 Metaspace       used 10477K, capacity 10882K, committed 11136K, reserved 1058816K
  class space    used 1470K, capacity 1571K, committed 1664K, reserved 1048576K
Event: 1.868 GC heap after
Heap after GC invocations=8 (full 2):
 PSYoungGen      total 249344K, used 923K [0x000000076b980000, 0x000000077c000000, 0x00000007c0000000)
  eden space 240128K, 0% used [0x000000076b980000,0x000000076b980000,0x000000077a400000)
  from space 9216K, 10% used [0x000000077b700000,0x000000077b7e6e58,0x000000077c000000)
  to   space 14336K, 0% used [0x000000077a400000,0x000000077a400000,0x000000077b200000)
 ParOldGen       total 461824K, used 383854K [0x00000006c2c00000, 0x00000006def00000, 0x000000076b980000)
  object space 461824K, 83% used [0x00000006c2c00000,0x00000006da2dbbf0,0x00000006def00000)
 Metaspace       used 10477K, capacity 10882K, committed 11136K, reserved 1058816K
  class space    used 1470K, capacity 1571K, committed 1664K, reserved 1048576K
}
Event: 1.868 GC heap before
{Heap before GC invocations=9 (full 3):
 PSYoungGen      total 249344K, used 923K [0x000000076b980000, 0x000000077c000000, 0x00000007c0000000)
  eden space 240128K, 0% used [0x000000076b980000,0x000000076b980000,0x000000077a400000)
  from space 9216K, 10% used [0x000000077b700000,0x000000077b7e6e58,0x000000077c000000)
  to   space 14336K, 0% used [0x000000077a400000,0x000000077a400000,0x000000077b200000)
 ParOldGen       total 461824K, used 383854K [0x00000006c2c00000, 0x00000006def00000, 0x000000076b980000)
  object space 461824K, 83% used [0x00000006c2c00000,0x00000006da2dbbf0,0x00000006def00000)
 Metaspace       used 10477K, capacity 10882K, committed 11136K, reserved 1058816K
  class space    used 1470K, capacity 1571K, committed 1664K, reserved 1048576K
Event: 1.959 GC heap after
Heap after GC invocations=9 (full 3):
 PSYoungGen      total 249344K, used 0K [0x000000076b980000, 0x000000077c000000, 0x00000007c0000000)
  eden space 240128K, 0% used [0x000000076b980000,0x000000076b980000,0x000000077a400000)
  from space 9216K, 0% used [0x000000077b700000,0x000000077b700000,0x000000077c000000)
  to   space 14336K, 0% used [0x000000077a400000,0x000000077a400000,0x000000077b200000)
 ParOldGen       total 461824K, used 383813K [0x00000006c2c00000, 0x00000006def00000, 0x000000076b980000)
  object space 461824K, 83% used [0x00000006c2c00000,0x00000006da2d1728,0x00000006def00000)
 Metaspace       used 10477K, capacity 10882K, committed 11136K, reserved 1058816K
  class space    used 1470K, capacity 1571K, committed 1664K, reserved 1048576K
}
Event: 3.660 GC heap before
{Heap before GC invocations=10 (full 4):
 PSYoungGen      total 249344K, used 232543K [0x000000076b980000, 0x000000077c000000, 0x00000007c0000000)
  eden space 240128K, 96% used [0x000000076b980000,0x0000000779c97c60,0x000000077a400000)
  from space 9216K, 0% used [0x000000077b700000,0x000000077b700000,0x000000077c000000)
  to   space 14336K, 0% used [0x000000077a400000,0x000000077a400000,0x000000077b200000)
 ParOldGen       total 461824K, used 383813K [0x00000006c2c00000, 0x00000006def00000, 0x000000076b980000)
  object space 461824K, 83% used [0x00000006c2c00000,0x00000006da2d1728,0x00000006def00000)
 Metaspace       used 12976K, capacity 13526K, committed 13824K, reserved 1060864K
  class space    used 1803K, capacity 1961K, committed 2048K, reserved 1048576K
Event: 3.706 GC heap after
Heap after GC invocations=10 (full 4):
 PSYoungGen      total 249344K, used 0K [0x000000076b980000, 0x000000077c000000, 0x00000007c0000000)
  eden space 240128K, 0% used [0x000000076b980000,0x000000076b980000,0x000000077a400000)
  from space 9216K, 0% used [0x000000077b700000,0x000000077b700000,0x000000077c000000)
  to   space 14336K, 0% used [0x000000077a400000,0x000000077a400000,0x000000077b200000)
 ParOldGen       total 474624K, used 227859K [0x00000006c2c00000, 0x00000006dfb80000, 0x000000076b980000)
  object space 474624K, 48% used [0x00000006c2c00000,0x00000006d0a84e60,0x00000006dfb80000)
 Metaspace       used 12976K, capacity 13526K, committed 13824K, reserved 1060864K
  class space    used 1803K, capacity 1961K, committed 2048K, reserved 1048576K
}

Deoptimization events (10 events):
Event: 2.499 Thread 0x0000023797d1b800 Uncommon trap: reason=class_check action=maybe_recompile pc=0x00000237802be568 method=java.io.DataInputStream.readShort()S @ 4
Event: 2.500 Thread 0x0000023797d1b800 Uncommon trap: reason=class_check action=maybe_recompile pc=0x00000237802be568 method=java.io.DataInputStream.readShort()S @ 4
Event: 2.500 Thread 0x0000023797d1b800 Uncommon trap: reason=class_check action=maybe_recompile pc=0x00000237802be568 method=java.io.DataInputStream.readShort()S @ 4
Event: 2.507 Thread 0x0000023797d1b800 Uncommon trap: reason=class_check action=maybe_recompile pc=0x00000237801204c0 method=java.lang.String.equals(Ljava/lang/Object;)Z @ 8
Event: 2.507 Thread 0x0000023797d1b800 Uncommon trap: reason=class_check action=maybe_recompile pc=0x00000237801204c0 method=java.lang.String.equals(Ljava/lang/Object;)Z @ 8
Event: 2.507 Thread 0x0000023797d1b800 Uncommon trap: reason=class_check action=maybe_recompile pc=0x00000237801204c0 method=java.lang.String.equals(Ljava/lang/Object;)Z @ 8
Event: 2.508 Thread 0x0000023797d1b800 Uncommon trap: reason=class_check action=maybe_recompile pc=0x00000237801204c0 method=java.lang.String.equals(Ljava/lang/Object;)Z @ 8
Event: 2.572 Thread 0x0000023797d1b800 Uncommon trap: reason=unstable_if action=reinterpret pc=0x000002378034d868 method=jdk.internal.org.objectweb.asm.Type.getArgumentsAndReturnSizes(Ljava/lang/String;)I @ 47
Event: 3.578 Thread 0x0000023797d1b800 Uncommon trap: reason=unstable_if action=reinterpret pc=0x0000023780421984 method=javafx.geometry.Rectangle2D.intersects(Ljavafx/geometry/Rectangle2D;)Z @ 51
Event: 3.748 Thread 0x0000023797d1b800 Uncommon trap: reason=unstable_if action=reinterpret pc=0x0000023780418590 method=java.util.ArrayList$Itr.checkForComodification()V @ 11

Classes redefined (0 events):
No events

Internal exceptions (10 events):
Event: 0.124 Thread 0x00000237fa5b2800 Exception <a 'java/lang/NoSuchFieldError': method resolution failed> (0x000000076bc44118) thrown at [C:\jenkins\workspace\8-2-build-windows-amd64-cygwin\jdk8u261\295\hotspot\src\share\vm\prims\methodHandles.cpp, line 1169]
Event: 0.137 Thread 0x00000237fa5b2800 Exception <a 'java/security/PrivilegedActionException'> (0x000000076bcce790) thrown at [C:\jenkins\workspace\8-2-build-windows-amd64-cygwin\jdk8u261\295\hotspot\src\share\vm\prims\jvm.cpp, line 1512]
Event: 0.137 Thread 0x00000237fa5b2800 Exception <a 'java/security/PrivilegedActionException'> (0x000000076bcce9a0) thrown at [C:\jenkins\workspace\8-2-build-windows-amd64-cygwin\jdk8u261\295\hotspot\src\share\vm\prims\jvm.cpp, line 1512]
Event: 0.138 Thread 0x00000237fa5b2800 Exception <a 'java/security/PrivilegedActionException'> (0x000000076bcd2610) thrown at [C:\jenkins\workspace\8-2-build-windows-amd64-cygwin\jdk8u261\295\hotspot\src\share\vm\prims\jvm.cpp, line 1512]
Event: 0.138 Thread 0x00000237fa5b2800 Exception <a 'java/security/PrivilegedActionException'> (0x000000076bcd2820) thrown at [C:\jenkins\workspace\8-2-build-windows-amd64-cygwin\jdk8u261\295\hotspot\src\share\vm\prims\jvm.cpp, line 1512]
Event: 0.138 Thread 0x00000237fa5b2800 Exception <a 'java/lang/NullPointerException'> (0x000000076bcd2df8) thrown at [C:\jenkins\workspace\8-2-build-windows-amd64-cygwin\jdk8u261\295\hotspot\src\share\vm\interpreter\linkResolver.cpp, line 1185]
Event: 0.645 Thread 0x0000023797d1b800 Exception <a 'java/lang/NullPointerException'> (0x000000076c7a02d8) thrown at [C:\jenkins\workspace\8-2-build-windows-amd64-cygwin\jdk8u261\295\hotspot\src\share\vm\interpreter\linkResolver.cpp, line 1185]
Event: 0.645 Thread 0x0000023797d1b800 Exception <a 'java/lang/NullPointerException'> (0x000000076c7a02d8) thrown at [C:\jenkins\workspace\8-2-build-windows-amd64-cygwin\jdk8u261\295\hotspot\src\share\vm\prims\jvm.cpp, line 1516]
Event: 3.748 Thread 0x0000023797d1b800 Exception <a 'java/util/ConcurrentModificationException'> (0x000000076c9e8660) thrown at [C:\jenkins\workspace\8-2-build-windows-amd64-cygwin\jdk8u261\295\hotspot\src\share\vm\prims\jvm.cpp, line 1516]
Event: 3.939 Thread 0x0000023797d1b800 Exception <a 'java/util/ConcurrentModificationException'> (0x000000076f1535e8) thrown at [C:\jenkins\workspace\8-2-build-windows-amd64-cygwin\jdk8u261\295\hotspot\src\share\vm\prims\jvm.cpp, line 1516]

Events (10 events):
Event: 3.578 Thread 0x0000023797d1b800 Uncommon trap: trap_request=0xffffff65 fr.pc=0x0000023780421984
Event: 3.578 Thread 0x0000023797d1b800 DEOPT PACKING pc=0x0000023780421984 sp=0x0000005330ffd310
Event: 3.578 Thread 0x0000023797d1b800 DEOPT UNPACKING pc=0x0000023780045843 sp=0x0000005330ffd238 mode 2
Event: 3.660 Executing VM operation: ParallelGCFailedAllocation
Event: 3.706 Executing VM operation: ParallelGCFailedAllocation done
Event: 3.748 Thread 0x0000023797d1b800 Uncommon trap: trap_request=0xffffff65 fr.pc=0x0000023780418590
Event: 3.748 Thread 0x0000023797d1b800 DEOPT PACKING pc=0x0000023780418590 sp=0x0000005330ffd360
Event: 3.748 Thread 0x0000023797d1b800 DEOPT UNPACKING pc=0x0000023780045843 sp=0x0000005330ffd2a8 mode 2
Event: 3.748 loading class java/util/ConcurrentModificationException
Event: 3.748 loading class java/util/ConcurrentModificationException done


Dynamic libraries:
0x00007ff750670000 - 0x00007ff7506b7000 	C:\Program Files\Java\jre1.8.0_261\bin\javaw.exe
0x00007ffffc060000 - 0x00007ffffc269000 	C:\WINDOWS\SYSTEM32\ntdll.dll
0x00007ffffae20000 - 0x00007ffffaede000 	C:\WINDOWS\System32\KERNEL32.DLL
0x00007ffff9760000 - 0x00007ffff9adb000 	C:\WINDOWS\System32\KERNELBASE.dll
0x00007ffffa730000 - 0x00007ffffa7de000 	C:\WINDOWS\System32\ADVAPI32.dll
0x00007ffffa3b0000 - 0x00007ffffa453000 	C:\WINDOWS\System32\msvcrt.dll
0x00007ffffa5c0000 - 0x00007ffffa65e000 	C:\WINDOWS\System32\sechost.dll
0x00007ffffb490000 - 0x00007ffffb5b0000 	C:\WINDOWS\System32\RPCRT4.dll
0x00007ffffab80000 - 0x00007ffffad2d000 	C:\WINDOWS\System32\USER32.dll
0x00007ffff9c00000 - 0x00007ffff9c26000 	C:\WINDOWS\System32\win32u.dll
0x00007ffffb070000 - 0x00007ffffb099000 	C:\WINDOWS\System32\GDI32.dll
0x00007ffff9c30000 - 0x00007ffff9d48000 	C:\WINDOWS\System32\gdi32full.dll
0x00007ffff9b60000 - 0x00007ffff9bfd000 	C:\WINDOWS\System32\msvcp_win.dll
0x00007ffff9dc0000 - 0x00007ffff9ed1000 	C:\WINDOWS\System32\ucrtbase.dll
0x00007fffdc480000 - 0x00007fffdc725000 	C:\WINDOWS\WinSxS\amd64_microsoft.windows.common-controls_6595b64144ccf1df_6.0.22000.120_none_9d947278b86cc467\COMCTL32.dll
0x00007ffffaee0000 - 0x00007ffffaf12000 	C:\WINDOWS\System32\IMM32.DLL
0x00007fffcdcd0000 - 0x00007fffcdce5000 	C:\Program Files\Java\jre1.8.0_261\bin\vcruntime140.dll
0x00007fffbe510000 - 0x00007fffbe5ab000 	C:\Program Files\Java\jre1.8.0_261\bin\msvcp140.dll
0x000000006b1b0000 - 0x000000006ba1c000 	C:\Program Files\Java\jre1.8.0_261\bin\server\jvm.dll
0x00007ffffb060000 - 0x00007ffffb068000 	C:\WINDOWS\System32\PSAPI.DLL
0x00007fffe7db0000 - 0x00007fffe7db9000 	C:\WINDOWS\SYSTEM32\WSOCK32.dll
0x00007fffe8e50000 - 0x00007fffe8e83000 	C:\WINDOWS\SYSTEM32\WINMM.dll
0x00007ffff4310000 - 0x00007ffff431a000 	C:\WINDOWS\SYSTEM32\VERSION.dll
0x00007ffffa460000 - 0x00007ffffa4cf000 	C:\WINDOWS\System32\WS2_32.dll
0x00007ffff8660000 - 0x00007ffff8678000 	C:\WINDOWS\SYSTEM32\kernel.appcore.dll
0x00007fffe7da0000 - 0x00007fffe7db0000 	C:\Program Files\Java\jre1.8.0_261\bin\verify.dll
0x00007fffe79a0000 - 0x00007fffe79cb000 	C:\Program Files\Java\jre1.8.0_261\bin\java.dll
0x00007fffe4930000 - 0x00007fffe4948000 	C:\Program Files\Java\jre1.8.0_261\bin\zip.dll
0x00007ffffb6b0000 - 0x00007ffffbe67000 	C:\WINDOWS\System32\SHELL32.dll
0x00007ffff75f0000 - 0x00007ffff7e55000 	C:\WINDOWS\SYSTEM32\windows.storage.dll
0x00007ffffa7e0000 - 0x00007ffffab58000 	C:\WINDOWS\System32\combase.dll
0x00007ffff7480000 - 0x00007ffff75e6000 	C:\WINDOWS\SYSTEM32\wintypes.dll
0x00007ffffad30000 - 0x00007ffffae1a000 	C:\WINDOWS\System32\SHCORE.dll
0x00007ffffa350000 - 0x00007ffffa3ad000 	C:\WINDOWS\System32\shlwapi.dll
0x00007ffff9460000 - 0x00007ffff9481000 	C:\WINDOWS\SYSTEM32\profapi.dll
0x0000023797a30000 - 0x0000023797a33000 	C:\Program Files\Java\jre1.8.0_261\bin\api-ms-win-core-console-l1-1-0.dll
0x0000023797a40000 - 0x0000023797a43000 	C:\Program Files\Java\jre1.8.0_261\bin\api-ms-win-core-datetime-l1-1-0.dll
0x0000023797a50000 - 0x0000023797a53000 	C:\Program Files\Java\jre1.8.0_261\bin\api-ms-win-core-debug-l1-1-0.dll
0x0000023797a60000 - 0x0000023797a63000 	C:\Program Files\Java\jre1.8.0_261\bin\api-ms-win-core-errorhandling-l1-1-0.dll
0x0000023797a70000 - 0x0000023797a74000 	C:\Program Files\Java\jre1.8.0_261\bin\api-ms-win-core-file-l1-1-0.dll
0x0000023797a80000 - 0x0000023797a83000 	C:\Program Files\Java\jre1.8.0_261\bin\api-ms-win-core-file-l1-2-0.dll
0x0000023797a90000 - 0x0000023797a93000 	C:\Program Files\Java\jre1.8.0_261\bin\api-ms-win-core-file-l2-1-0.dll
0x0000023797aa0000 - 0x0000023797aa3000 	C:\Program Files\Java\jre1.8.0_261\bin\api-ms-win-core-handle-l1-1-0.dll
0x0000023797ab0000 - 0x0000023797ab3000 	C:\Program Files\Java\jre1.8.0_261\bin\api-ms-win-core-heap-l1-1-0.dll
0x0000023797ac0000 - 0x0000023797ac3000 	C:\Program Files\Java\jre1.8.0_261\bin\api-ms-win-core-interlocked-l1-1-0.dll
0x0000023797ad0000 - 0x0000023797ad3000 	C:\Program Files\Java\jre1.8.0_261\bin\api-ms-win-core-libraryloader-l1-1-0.dll
0x0000023797ae0000 - 0x0000023797ae3000 	C:\Program Files\Java\jre1.8.0_261\bin\api-ms-win-core-localization-l1-2-0.dll
0x0000023797af0000 - 0x0000023797af3000 	C:\Program Files\Java\jre1.8.0_261\bin\api-ms-win-core-memory-l1-1-0.dll
0x0000023797b00000 - 0x0000023797b03000 	C:\Program Files\Java\jre1.8.0_261\bin\api-ms-win-core-namedpipe-l1-1-0.dll
0x0000023797b10000 - 0x0000023797b13000 	C:\Program Files\Java\jre1.8.0_261\bin\api-ms-win-core-processenvironment-l1-1-0.dll
0x0000023797b20000 - 0x0000023797b23000 	C:\Program Files\Java\jre1.8.0_261\bin\api-ms-win-core-processthreads-l1-1-0.dll
0x0000023797b30000 - 0x0000023797b33000 	C:\Program Files\Java\jre1.8.0_261\bin\api-ms-win-core-processthreads-l1-1-1.dll
0x0000023797b40000 - 0x0000023797b43000 	C:\Program Files\Java\jre1.8.0_261\bin\api-ms-win-core-profile-l1-1-0.dll
0x0000023797b50000 - 0x0000023797b53000 	C:\Program Files\Java\jre1.8.0_261\bin\api-ms-win-core-rtlsupport-l1-1-0.dll
0x0000023797b60000 - 0x0000023797b63000 	C:\Program Files\Java\jre1.8.0_261\bin\api-ms-win-core-string-l1-1-0.dll
0x0000023797b70000 - 0x0000023797b73000 	C:\Program Files\Java\jre1.8.0_261\bin\api-ms-win-core-synch-l1-1-0.dll
0x0000023797b80000 - 0x0000023797b83000 	C:\Program Files\Java\jre1.8.0_261\bin\api-ms-win-core-synch-l1-2-0.dll
0x0000023797b90000 - 0x0000023797b93000 	C:\Program Files\Java\jre1.8.0_261\bin\api-ms-win-core-sysinfo-l1-1-0.dll
0x0000023797ba0000 - 0x0000023797ba3000 	C:\Program Files\Java\jre1.8.0_261\bin\api-ms-win-core-timezone-l1-1-0.dll
0x0000023797bb0000 - 0x0000023797bb3000 	C:\Program Files\Java\jre1.8.0_261\bin\api-ms-win-core-util-l1-1-0.dll
0x0000023797bc0000 - 0x0000023797bc3000 	C:\Program Files\Java\jre1.8.0_261\bin\api-ms-win-crt-conio-l1-1-0.dll
0x0000023797bd0000 - 0x0000023797bd4000 	C:\Program Files\Java\jre1.8.0_261\bin\api-ms-win-crt-convert-l1-1-0.dll
0x0000023797be0000 - 0x0000023797be3000 	C:\Program Files\Java\jre1.8.0_261\bin\api-ms-win-crt-environment-l1-1-0.dll
0x0000023797bf0000 - 0x0000023797bf3000 	C:\Program Files\Java\jre1.8.0_261\bin\api-ms-win-crt-filesystem-l1-1-0.dll
0x0000023797c00000 - 0x0000023797c03000 	C:\Program Files\Java\jre1.8.0_261\bin\api-ms-win-crt-heap-l1-1-0.dll
0x0000023797c10000 - 0x0000023797c13000 	C:\Program Files\Java\jre1.8.0_261\bin\api-ms-win-crt-locale-l1-1-0.dll
0x0000023797c20000 - 0x0000023797c25000 	C:\Program Files\Java\jre1.8.0_261\bin\api-ms-win-crt-math-l1-1-0.dll
0x0000023797c30000 - 0x0000023797c35000 	C:\Program Files\Java\jre1.8.0_261\bin\api-ms-win-crt-multibyte-l1-1-0.dll
0x0000023797c40000 - 0x0000023797c50000 	C:\Program Files\Java\jre1.8.0_261\bin\api-ms-win-crt-private-l1-1-0.dll
0x0000023797c50000 - 0x0000023797c53000 	C:\Program Files\Java\jre1.8.0_261\bin\api-ms-win-crt-process-l1-1-0.dll
0x0000023797c60000 - 0x0000023797c64000 	C:\Program Files\Java\jre1.8.0_261\bin\api-ms-win-crt-runtime-l1-1-0.dll
0x0000023797c70000 - 0x0000023797c74000 	C:\Program Files\Java\jre1.8.0_261\bin\api-ms-win-crt-stdio-l1-1-0.dll
0x0000023797c80000 - 0x0000023797c84000 	C:\Program Files\Java\jre1.8.0_261\bin\api-ms-win-crt-string-l1-1-0.dll
0x0000023797c90000 - 0x0000023797c93000 	C:\Program Files\Java\jre1.8.0_261\bin\api-ms-win-crt-time-l1-1-0.dll
0x0000023797ca0000 - 0x0000023797ca3000 	C:\Program Files\Java\jre1.8.0_261\bin\api-ms-win-crt-utility-l1-1-0.dll
0x00007fffba090000 - 0x00007fffba18c000 	C:\Program Files\Java\jre1.8.0_261\bin\ucrtbase.dll
0x00007fffbc300000 - 0x00007fffbc351000 	C:\Program Files\Java\jre1.8.0_261\bin\concrt140.dll
0x00007fffcb520000 - 0x00007fffcb543000 	C:\Program Files\Java\jre1.8.0_261\bin\prism_d3d.dll
0x00007fffdc2d0000 - 0x00007fffdc476000 	C:\WINDOWS\system32\d3d9.dll
0x00007ffff6fb0000 - 0x00007ffff6fdf000 	C:\WINDOWS\SYSTEM32\dwmapi.dll
0x00007ffff6df0000 - 0x00007ffff6e28000 	C:\WINDOWS\SYSTEM32\dxcore.dll
0x00007ffff6b40000 - 0x00007ffff6bec000 	C:\WINDOWS\system32\uxtheme.dll
0x00007ffff2ce0000 - 0x00007ffff2d24000 	C:\WINDOWS\SYSTEM32\directxdatabasehelper.dll
0x00007ffff8680000 - 0x00007ffff86b4000 	C:\WINDOWS\SYSTEM32\ntmarta.dll
0x00007ffff8dc0000 - 0x00007ffff8dd2000 	C:\WINDOWS\SYSTEM32\msasn1.dll
0x00007ffff14b0000 - 0x00007ffff14e1000 	C:\WINDOWS\SYSTEM32\cryptnet.dll
0x00007ffff9530000 - 0x00007ffff9692000 	C:\WINDOWS\System32\CRYPT32.dll
0x00007ffff8d50000 - 0x00007ffff8d5c000 	C:\WINDOWS\SYSTEM32\cryptbase.dll
0x00007ffff9d50000 - 0x00007ffff9db8000 	C:\WINDOWS\System32\WINTRUST.DLL
0x00007ffffb5b0000 - 0x00007ffffb5cf000 	C:\WINDOWS\System32\imagehlp.dll
0x00007ffff8d30000 - 0x00007ffff8d48000 	C:\WINDOWS\SYSTEM32\CRYPTSP.dll
0x00007ffff85c0000 - 0x00007ffff85f5000 	C:\WINDOWS\system32\rsaenh.dll
0x00007ffff9ae0000 - 0x00007ffff9b5f000 	C:\WINDOWS\System32\bcryptPrimitives.dll
0x00007ffff8f10000 - 0x00007ffff8f37000 	C:\WINDOWS\SYSTEM32\bcrypt.dll
0x00007fffbc180000 - 0x00007fffbc1c5000 	C:\Program Files\Java\jre1.8.0_261\bin\glass.dll
0x00007ffffa4d0000 - 0x00007ffffa5bc000 	C:\WINDOWS\System32\COMDLG32.dll
0x00007ffffbe80000 - 0x00007ffffc01a000 	C:\WINDOWS\System32\ole32.dll
0x00007ffffaf80000 - 0x00007ffffb056000 	C:\WINDOWS\System32\OLEAUT32.dll
0x00007fff9b270000 - 0x00007fff9b3a9000 	C:\ProgramData\A-Volute\A-Volute.Nahimic\Modules\Scheduled\x64\AudioDevProps2.dll
0x00007ffffb260000 - 0x00007ffffb37d000 	C:\WINDOWS\System32\MSCTF.dll
0x00007fffb1e90000 - 0x00007fffb1fa7000 	C:\WINDOWS\System32\DriverStore\FileRepository\nvmii.inf_amd64_417542b70c8bb20a\nvldumdx.dll
0x00007ffff1360000 - 0x00007ffff14a9000 	C:\WINDOWS\SYSTEM32\drvstore.dll
0x00007ffff9270000 - 0x00007ffff929c000 	C:\WINDOWS\SYSTEM32\devobj.dll
0x00007ffff9220000 - 0x00007ffff926c000 	C:\WINDOWS\SYSTEM32\cfgmgr32.dll
0x00007ffff8e50000 - 0x00007ffff8e91000 	C:\WINDOWS\SYSTEM32\wldp.dll
0x00007fff860d0000 - 0x00007fff878da000 	C:\WINDOWS\System32\DriverStore\FileRepository\nvmii.inf_amd64_417542b70c8bb20a\nvd3dumx.dll
0x00007fffa6fb0000 - 0x00007fffa7277000 	C:\WINDOWS\system32\nvspcap64.dll
0x00007ffff8b70000 - 0x00007ffff8b94000 	C:\WINDOWS\SYSTEM32\gpapi.dll
0x00007fff9c300000 - 0x00007fff9c4af000 	C:\WINDOWS\System32\DriverStore\FileRepository\iigd_dch.inf_amd64_51f685305808e3a5\igdumdim64.dll
0x00007fff937c0000 - 0x00007fff96863000 	C:\WINDOWS\System32\DriverStore\FileRepository\iigd_dch.inf_amd64_51f685305808e3a5\igd9dxva64.dll
0x00007ffff9ee0000 - 0x00007ffffa34c000 	C:\WINDOWS\System32\SETUPAPI.dll
0x00007fffed990000 - 0x00007fffedd99000 	C:\WINDOWS\System32\DriverStore\FileRepository\iigd_dch.inf_amd64_51f685305808e3a5\igdgmm64.dll
0x00007fff87ce0000 - 0x00007fff87d07000 	C:\WINDOWS\System32\DriverStore\FileRepository\iigd_dch.inf_amd64_51f685305808e3a5\igdinfo64.dll
0x00007fffe9740000 - 0x00007fffeced4000 	C:\WINDOWS\System32\DriverStore\FileRepository\iigd_dch.inf_amd64_51f685305808e3a5\igc64.dll
0x00007fffc8660000 - 0x00007fffc8674000 	C:\Program Files\Java\jre1.8.0_261\bin\javafx_font.dll
0x00007fffc4bd0000 - 0x00007fffc4e2f000 	C:\WINDOWS\SYSTEM32\dwrite.dll
0x00007ffffb5d0000 - 0x00007ffffb685000 	C:\WINDOWS\System32\clbcatq.dll
0x00007ffff07d0000 - 0x00007ffff097e000 	C:\WINDOWS\SYSTEM32\WindowsCodecs.dll
0x00007fffc3f70000 - 0x00007fffc3fcd000 	C:\WINDOWS\system32\dataexchange.dll
0x00007fffefd50000 - 0x00007fffeffb6000 	C:\WINDOWS\system32\twinapi.appcore.dll
0x00007ffff68a0000 - 0x00007ffff68d2000 	C:\Program Files\Common Files\Microsoft Shared\Ink\rtscom.dll
0x00007fffcbf50000 - 0x00007fffcc07d000 	C:\WINDOWS\SYSTEM32\textinputframework.dll
0x00007ffff6750000 - 0x00007ffff6881000 	C:\WINDOWS\SYSTEM32\CoreMessaging.dll
0x00007ffff23d0000 - 0x00007ffff273d000 	C:\WINDOWS\SYSTEM32\CoreUIComponents.dll
0x00007fffc1fe0000 - 0x00007fffc1ff2000 	C:\Program Files\Java\jre1.8.0_261\bin\prism_common.dll
0x00007fffecee0000 - 0x00007fffed101000 	C:\WINDOWS\SYSTEM32\dbghelp.dll

VM Arguments:
jvm_args: -Dfile.encoding=Cp1252 
java_command: miniprojtemplate.Main
java_class_path (initial): C:\Users\innoj\workspace\MiniProject (2).zip_expanded\MiniProject\bin;C:\Users\innoj\Desktop\Inno_general files\java\eclipse\plugins\org.eclipse.fx.ide.css.jfx8_2.4.0.201605112122.jar
Launcher Type: SUN_STANDARD

Environment Variables:
PATH=C:/Program Files/Java/jre1.8.0_261/bin/server;C:/Program Files/Java/jre1.8.0_261/bin;C:/Program Files/Java/jre1.8.0_261/lib/amd64;C:\Program Files (x86)\Common Files\Oracle\Java\javapath;C:\Windows\system32;C:\Windows;C:\Windows\System32\Wbem;C:\Windows\System32\WindowsPowerShell\v1.0\;C:\Windows\System32\OpenSSH\;C:\WINDOWS\system32;C:\WINDOWS;C:\WINDOWS\System32\Wbem;C:\WINDOWS\System32\WindowsPowerShell\v1.0\;C:\WINDOWS\System32\OpenSSH\;C:\Program Files\NVIDIA Corporation\NVIDIA NvDLISR;C:\Program Files (x86)\NVIDIA Corporation\PhysX\Common;C:\Program Files\Java\jdk1.8.0_261\bin;C:\Program Files\dotnet\;C:\Users\innoj\AppData\Local\Programs\Python\Python310\Scripts\;C:\Users\innoj\AppData\Local\Programs\Python\Python310\;C:\Users\innoj\AppData\Local\Microsoft\WindowsApps;C:\Users\innoj\AppData\Local\atom\bin;C:\Users\innoj\AppData\Local\Programs\Microsoft VS Code\bin;C:\MinGW\bin;;C:\Users\innoj\Desktop\Inno_general files\java\eclipse;
USERNAME=innoj
OS=Windows_NT
PROCESSOR_IDENTIFIER=Intel64 Family 6 Model 165 Stepping 2, GenuineIntel



---------------  S Y S T E M  ---------------

OS: Windows 10.0 , 64 bit Build 22000 (10.0.22000.1335)

CPU:total 12 (initial active 12) (6 cores per cpu, 2 threads per core) family 6 model 165 stepping 2, cmov, cx8, fxsr, mmx, sse, sse2, sse3, ssse3, sse4.1, sse4.2, popcnt, avx, avx2, aes, clmul, erms, 3dnowpref, lzcnt, ht, tsc, tscinvbit, bmi1, bmi2, adx

Memory: 4k page, physical 16594732k(5476k free), swap 66926380k(236k free)

vm_info: Java HotSpot(TM) 64-Bit Server VM (25.261-b12) for windows-amd64 JRE (1.8.0_261-b12), built on Jun 18 2020 06:56:32 by "" with unknown MS VC++:1916

time: Sun Jan  8 21:48:11 2023
timezone: Malay Peninsula Standard Time
elapsed time: 3 seconds (0d 0h 0m 3s)

