#
# There is insufficient memory for the Java Runtime Environment to continue.
# Native memory allocation (malloc) failed to allocate 521488 bytes for Chunk::new
# Possible reasons:
#   The system is out of physical RAM or swap space
#   The process is running with CompressedOops enabled, and the Java Heap may be blocking the growth of the native heap
# Possible solutions:
#   Reduce memory load on the system
#   Increase physical memory or swap space
#   Check if swap backing store is full
#   Decrease Java heap size (-Xmx/-Xms)
#   Decrease number of Java threads
#   Decrease Java thread stack sizes (-Xss)
#   Set larger code cache with -XX:ReservedCodeCacheSize=
#   JVM is running with Zero Based Compressed Oops mode in which the Java heap is
#     placed in the first 32GB address space. The Java Heap base address is the
#     maximum limit for the native heap growth. Please use -XX:HeapBaseMinAddress
#     to set the Java Heap base and to place the Java Heap above 32GB virtual address.
# This output file may be truncated or incomplete.
#
#  Out of Memory Error (allocation.cpp:389), pid=30936, tid=0x0000000000008a08
#
# JRE version: Java(TM) SE Runtime Environment (8.0_261-b12) (build 1.8.0_261-b12)
# Java VM: Java HotSpot(TM) 64-Bit Server VM (25.261-b12 mixed mode windows-amd64 compressed oops)
# Failed to write core dump. Minidumps are not enabled by default on client versions of Windows
#

---------------  T H R E A D  ---------------

Current thread (0x000001c8e04a7000):  JavaThread "C2 CompilerThread0" daemon [_thread_in_native, id=35336, stack(0x0000009c00400000,0x0000009c00500000)]

Stack: [0x0000009c00400000,0x0000009c00500000]
Native frames: (J=compiled Java code, j=interpreted, Vv=VM code, C=native code)
V  [jvm.dll+0x33e5f9]
V  [jvm.dll+0x2850e2]
V  [jvm.dll+0x285d8d]
V  [jvm.dll+0x27c895]
V  [jvm.dll+0xe4d6c]
V  [jvm.dll+0xe556c]
V  [jvm.dll+0x47ed35]
V  [jvm.dll+0x446900]
V  [jvm.dll+0x44f8f5]
V  [jvm.dll+0x44ecb5]
V  [jvm.dll+0x439bc7]
V  [jvm.dll+0xbbbcb]
V  [jvm.dll+0xba22b]
V  [jvm.dll+0x24d962]
V  [jvm.dll+0x2a1cfc]
C  [ucrtbase.dll+0x26c0c]
C  [KERNEL32.DLL+0x155a0]
C  [ntdll.dll+0x485b]


Current CompileTask:
C2:   6574 1742 %     4       miniprojtemplate.GameTimer::handle @ 216 (835 bytes)


---------------  P R O C E S S  ---------------

Java Threads: ( => current thread )
  0x000001c8eab86800 JavaThread "Thread-44" [_thread_blocked, id=11104, stack(0x0000009c03d80000,0x0000009c03e80000)]
  0x000001c8eab8b800 JavaThread "Thread-43" [_thread_blocked, id=38148, stack(0x0000009c03c80000,0x0000009c03d80000)]
  0x000001c8eab8d000 JavaThread "Thread-42" [_thread_blocked, id=6196, stack(0x0000009c03b80000,0x0000009c03c80000)]
  0x000001c8eab8c800 JavaThread "Thread-41" [_thread_blocked, id=33540, stack(0x0000009c03a80000,0x0000009c03b80000)]
  0x000001c8eab8b000 JavaThread "Thread-40" [_thread_blocked, id=14532, stack(0x0000009c03980000,0x0000009c03a80000)]
  0x000001c8eab8a000 JavaThread "Thread-39" [_thread_blocked, id=24936, stack(0x0000009c03880000,0x0000009c03980000)]
  0x000001c8eab82800 JavaThread "Thread-38" [_thread_blocked, id=36484, stack(0x0000009c03780000,0x0000009c03880000)]
  0x000001c8eab85800 JavaThread "Thread-37" [_thread_blocked, id=38680, stack(0x0000009c03680000,0x0000009c03780000)]
  0x000001c8eab89800 JavaThread "Thread-36" [_thread_blocked, id=31356, stack(0x0000009c03580000,0x0000009c03680000)]
  0x000001c8eab88800 JavaThread "Thread-35" [_thread_blocked, id=27432, stack(0x0000009c03480000,0x0000009c03580000)]
  0x000001c8eab84000 JavaThread "Thread-34" [_thread_blocked, id=7244, stack(0x0000009c03380000,0x0000009c03480000)]
  0x000001c8eab88000 JavaThread "Thread-33" [_thread_blocked, id=28856, stack(0x0000009c03280000,0x0000009c03380000)]
  0x000001c8eab7f000 JavaThread "Thread-32" [_thread_blocked, id=17660, stack(0x0000009c03180000,0x0000009c03280000)]
  0x000001c8eab85000 JavaThread "Thread-31" [_thread_blocked, id=15648, stack(0x0000009c03080000,0x0000009c03180000)]
  0x000001c8eab81000 JavaThread "Thread-30" [_thread_blocked, id=26992, stack(0x0000009c02f80000,0x0000009c03080000)]
  0x000001c8eab83800 JavaThread "Thread-29" [_thread_blocked, id=35392, stack(0x0000009c02e80000,0x0000009c02f80000)]
  0x000001c8eab80800 JavaThread "Thread-28" [_thread_blocked, id=23740, stack(0x0000009c02d80000,0x0000009c02e80000)]
  0x000001c8eab7e000 JavaThread "Thread-27" [_thread_blocked, id=31556, stack(0x0000009c02c80000,0x0000009c02d80000)]
  0x000001c8eab7f800 JavaThread "Thread-26" [_thread_blocked, id=27864, stack(0x0000009c02b80000,0x0000009c02c80000)]
  0x000001c8eab82000 JavaThread "Thread-25" [_thread_blocked, id=37608, stack(0x0000009c02a80000,0x0000009c02b80000)]
  0x000001c8e279b800 JavaThread "Thread-24" [_thread_blocked, id=7988, stack(0x0000009c02980000,0x0000009c02a80000)]
  0x000001c8eaaa8000 JavaThread "Thread-23" [_thread_blocked, id=37440, stack(0x0000009c02880000,0x0000009c02980000)]
  0x000001c8eaaaa800 JavaThread "Thread-22" [_thread_blocked, id=30332, stack(0x0000009c02780000,0x0000009c02880000)]
  0x000001c8eaaa9800 JavaThread "Thread-21" [_thread_blocked, id=7164, stack(0x0000009c02680000,0x0000009c02780000)]
  0x000001c8eaaa7800 JavaThread "Thread-20" [_thread_blocked, id=36656, stack(0x0000009c02580000,0x0000009c02680000)]
  0x000001c8eaaa6000 JavaThread "Thread-19" [_thread_blocked, id=26328, stack(0x0000009c02480000,0x0000009c02580000)]
  0x000001c8eaaa9000 JavaThread "Thread-18" [_thread_blocked, id=9248, stack(0x0000009c02380000,0x0000009c02480000)]
  0x000001c8eaaa5000 JavaThread "Thread-17" [_thread_blocked, id=9320, stack(0x0000009c02280000,0x0000009c02380000)]
  0x000001c8eaaa6800 JavaThread "Thread-16" [_thread_blocked, id=34220, stack(0x0000009c02180000,0x0000009c02280000)]
  0x000001c8eaaab000 JavaThread "Thread-15" [_thread_blocked, id=19368, stack(0x0000009c02080000,0x0000009c02180000)]
  0x000001c8eaa9d800 JavaThread "Thread-14" [_thread_blocked, id=31296, stack(0x0000009c01f80000,0x0000009c02080000)]
  0x000001c8eaaa4800 JavaThread "Thread-13" [_thread_blocked, id=30556, stack(0x0000009c01e80000,0x0000009c01f80000)]
  0x000001c8eaa9f000 JavaThread "Thread-12" [_thread_blocked, id=32092, stack(0x0000009c01d80000,0x0000009c01e80000)]
  0x000001c8eaaa3800 JavaThread "Thread-11" [_thread_blocked, id=24176, stack(0x0000009c01c80000,0x0000009c01d80000)]
  0x000001c8eaaa3000 JavaThread "Thread-10" [_thread_blocked, id=34336, stack(0x0000009c01b80000,0x0000009c01c80000)]
  0x000001c8eaaa2000 JavaThread "Thread-9" [_thread_blocked, id=21468, stack(0x0000009c01a80000,0x0000009c01b80000)]
  0x000001c8eaaa0000 JavaThread "Thread-8" [_thread_blocked, id=17580, stack(0x0000009c01980000,0x0000009c01a80000)]
  0x000001c8eaa9d000 JavaThread "Thread-7" [_thread_blocked, id=37668, stack(0x0000009c01880000,0x0000009c01980000)]
  0x000001c8eaaa0800 JavaThread "Thread-6" [_thread_blocked, id=26568, stack(0x0000009c01780000,0x0000009c01880000)]
  0x000001c8eaa9c000 JavaThread "Thread-5" [_thread_blocked, id=23884, stack(0x0000009c01680000,0x0000009c01780000)]
  0x000001c8e279d000 JavaThread "Prism Font Disposer" daemon [_thread_blocked, id=28004, stack(0x0000009c01510000,0x0000009c01610000)]
  0x000001c8e2795800 JavaThread "Thread-3" daemon [_thread_in_native, id=35824, stack(0x0000009c01010000,0x0000009c01110000)]
  0x000001c8e279c000 JavaThread "JavaFX-Launcher" [_thread_blocked, id=29204, stack(0x0000009c01110000,0x0000009c01210000)]
  0x000001c8e232f000 JavaThread "JavaFX Application Thread" [_thread_in_native, id=14936, stack(0x0000009c00d00000,0x0000009c00e00000)]
  0x000001c8e22e5800 JavaThread "Thread-1" daemon [_thread_blocked, id=11092, stack(0x0000009c00c00000,0x0000009c00d00000)]
  0x000001c8e22c0000 JavaThread "QuantumRenderer-0" daemon [_thread_in_native, id=36028, stack(0x0000009c00a00000,0x0000009c00b00000)]
  0x000001c8e04ee000 JavaThread "Service Thread" daemon [_thread_blocked, id=36816, stack(0x0000009c00800000,0x0000009c00900000)]
  0x000001c8e04c1000 JavaThread "C1 CompilerThread3" daemon [_thread_blocked, id=36900, stack(0x0000009c00700000,0x0000009c00800000)]
  0x000001c8e04bd000 JavaThread "C2 CompilerThread2" daemon [_thread_blocked, id=34232, stack(0x0000009c00600000,0x0000009c00700000)]
  0x000001c8e04b7000 JavaThread "C2 CompilerThread1" daemon [_thread_blocked, id=29100, stack(0x0000009c00500000,0x0000009c00600000)]
=>0x000001c8e04a7000 JavaThread "C2 CompilerThread0" daemon [_thread_in_native, id=35336, stack(0x0000009c00400000,0x0000009c00500000)]
  0x000001c8e04a4000 JavaThread "Attach Listener" daemon [_thread_blocked, id=32612, stack(0x0000009c00300000,0x0000009c00400000)]
  0x000001c8e04ac800 JavaThread "Signal Dispatcher" daemon [_thread_blocked, id=14696, stack(0x0000009c00200000,0x0000009c00300000)]
  0x000001c8e0482800 JavaThread "Finalizer" daemon [_thread_blocked, id=27776, stack(0x0000009c00100000,0x0000009c00200000)]
  0x000001c8e045b800 JavaThread "Reference Handler" daemon [_thread_blocked, id=14584, stack(0x0000009c00000000,0x0000009c00100000)]
  0x000001c8c4bd3000 JavaThread "main" [_thread_blocked, id=36436, stack(0x0000009c7f400000,0x0000009c7f500000)]

Other Threads:
  0x000001c8e0452800 VMThread [stack: 0x0000009c7ff00000,0x0000009c80000000] [id=14664]
  0x000001c8e1c9e800 WatcherThread [stack: 0x0000009c00900000,0x0000009c00a00000] [id=35760]

VM state:not at safepoint (normal execution)

VM Mutex/Monitor currently owned by a thread: None

heap address: 0x00000006c2c00000, size: 4052 MB, Compressed Oops mode: Zero based, Oop shift amount: 3
Narrow klass base: 0x0000000000000000, Narrow klass shift: 3
Compressed class space size: 1073741824 Address: 0x00000007c0000000

Heap:
 PSYoungGen      total 523264K, used 76825K [0x000000076b980000, 0x0000000791000000, 0x00000007c0000000)
  eden space 443392K, 13% used [0x000000076b980000,0x000000076f395978,0x0000000786a80000)
  from space 79872K, 21% used [0x0000000786a80000,0x0000000787b70d30,0x000000078b880000)
  to   space 85504K, 0% used [0x000000078b880000,0x000000078b880000,0x0000000790c00000)
 ParOldGen       total 523264K, used 245305K [0x00000006c2c00000, 0x00000006e2b00000, 0x000000076b980000)
  object space 523264K, 46% used [0x00000006c2c00000,0x00000006d1b8e540,0x00000006e2b00000)
 Metaspace       used 13379K, capacity 13928K, committed 14080K, reserved 1060864K
  class space    used 1831K, capacity 2006K, committed 2048K, reserved 1048576K

Card table byte_map: [0x000001c8d5960000,0x000001c8d6150000] byte_map_base: 0x000001c8d234a000

Marking Bits: (ParMarkBitMap*) 0x000000006b9a4fb0
 Begin Bits: [0x000001c8d66a0000, 0x000001c8da5f0000)
 End Bits:   [0x000001c8da5f0000, 0x000001c8de540000)

Polling page: 0x000001c8c4d50000

CodeCache: size=245760Kb used=5762Kb max_used=5776Kb free=239997Kb
 bounds [0x000001c8c65a0000, 0x000001c8c6b50000, 0x000001c8d55a0000]
 total_blobs=2458 nmethods=1815 adapters=555
 compilation: enabled

Compilation events (10 events):
Event: 6.418 Thread 0x000001c8e04c1000 nmethod 1801 0x000001c8c6b386d0 code [0x000001c8c6b38860, 0x000001c8c6b38c60]
Event: 6.418 Thread 0x000001c8e04c1000 1803       3       java.util.regex.Pattern$5::isSatisfiedBy (28 bytes)
Event: 6.418 Thread 0x000001c8e04c1000 nmethod 1803 0x000001c8c6b31e50 code [0x000001c8c6b31fe0, 0x000001c8c6b32380]
Event: 6.418 Thread 0x000001c8e04c1000 1802       3       javafx.scene.image.Image$Animation::access$000 (6 bytes)
Event: 6.418 Thread 0x000001c8e04c1000 nmethod 1802 0x000001c8c6b31a90 code [0x000001c8c6b31c00, 0x000001c8c6b31d70]
Event: 6.419 Thread 0x000001c8e04c1000 1804       1       java.util.HashMap$Node::getKey (5 bytes)
Event: 6.419 Thread 0x000001c8e04c1000 nmethod 1804 0x000001c8c6b38350 code [0x000001c8c6b384a0, 0x000001c8c6b385b8]
Event: 6.452 Thread 0x000001c8e04bd000 1805       4       com.sun.javafx.iio.gif.GIFImageLoader2$LZWDecoder::readData (52 bytes)
Event: 6.461 Thread 0x000001c8e04bd000 nmethod 1805 0x000001c8c6b3ee90 code [0x000001c8c6b3f040, 0x000001c8c6b40168]
Event: 6.555 Thread 0x000001c8e04c1000 1806       3       javafx.collections.ListChangeBuilder::checkState (18 bytes)

GC Heap History (10 events):
Event: 2.782 GC heap before
{Heap before GC invocations=6 (full 2):
 PSYoungGen      total 247808K, used 10730K [0x000000076b980000, 0x000000077cc80000, 0x00000007c0000000)
  eden space 237056K, 0% used [0x000000076b980000,0x000000076b980000,0x000000077a100000)
  from space 10752K, 99% used [0x000000077c200000,0x000000077cc7aba0,0x000000077cc80000)
  to   space 10752K, 0% used [0x000000077b780000,0x000000077b780000,0x000000077c200000)
 ParOldGen       total 376832K, used 267686K [0x00000006c2c00000, 0x00000006d9c00000, 0x000000076b980000)
  object space 376832K, 71% used [0x00000006c2c00000,0x00000006d3169b98,0x00000006d9c00000)
 Metaspace       used 12765K, capacity 13308K, committed 13568K, reserved 1060864K
  class space    used 1788K, capacity 1934K, committed 2048K, reserved 1048576K
Event: 2.810 GC heap after
Heap after GC invocations=6 (full 2):
 PSYoungGen      total 247808K, used 0K [0x000000076b980000, 0x000000077cc80000, 0x00000007c0000000)
  eden space 237056K, 0% used [0x000000076b980000,0x000000076b980000,0x000000077a100000)
  from space 10752K, 0% used [0x000000077c200000,0x000000077c200000,0x000000077cc80000)
  to   space 10752K, 0% used [0x000000077b780000,0x000000077b780000,0x000000077c200000)
 ParOldGen       total 320512K, used 94929K [0x00000006c2c00000, 0x00000006d6500000, 0x000000076b980000)
  object space 320512K, 29% used [0x00000006c2c00000,0x00000006c88b4768,0x00000006d6500000)
 Metaspace       used 12765K, capacity 13308K, committed 13568K, reserved 1060864K
  class space    used 1788K, capacity 1934K, committed 2048K, reserved 1048576K
}
Event: 3.334 GC heap before
{Heap before GC invocations=7 (full 2):
 PSYoungGen      total 247808K, used 224628K [0x000000076b980000, 0x000000077cc80000, 0x00000007c0000000)
  eden space 237056K, 94% used [0x000000076b980000,0x00000007794dd078,0x000000077a100000)
  from space 10752K, 0% used [0x000000077c200000,0x000000077c200000,0x000000077cc80000)
  to   space 10752K, 0% used [0x000000077b780000,0x000000077b780000,0x000000077c200000)
 ParOldGen       total 320512K, used 94929K [0x00000006c2c00000, 0x00000006d6500000, 0x000000076b980000)
  object space 320512K, 29% used [0x00000006c2c00000,0x00000006c88b4768,0x00000006d6500000)
 Metaspace       used 12853K, capacity 13440K, committed 13568K, reserved 1060864K
  class space    used 1811K, capacity 2002K, committed 2048K, reserved 1048576K
Event: 3.370 GC heap after
Heap after GC invocations=7 (full 2):
 PSYoungGen      total 270848K, used 3751K [0x000000076b980000, 0x0000000790c00000, 0x00000007c0000000)
  eden space 260096K, 0% used [0x000000076b980000,0x000000076b980000,0x000000077b780000)
  from space 10752K, 34% used [0x000000077b780000,0x000000077bb29d60,0x000000077c200000)
  to   space 85504K, 0% used [0x000000078b880000,0x000000078b880000,0x0000000790c00000)
 ParOldGen       total 320512K, used 243162K [0x00000006c2c00000, 0x00000006d6500000, 0x000000076b980000)
  object space 320512K, 75% used [0x00000006c2c00000,0x00000006d1976bd8,0x00000006d6500000)
 Metaspace       used 12853K, capacity 13440K, committed 13568K, reserved 1060864K
  class space    used 1811K, capacity 2002K, committed 2048K, reserved 1048576K
}
Event: 3.370 GC heap before
{Heap before GC invocations=8 (full 3):
 PSYoungGen      total 270848K, used 3751K [0x000000076b980000, 0x0000000790c00000, 0x00000007c0000000)
  eden space 260096K, 0% used [0x000000076b980000,0x000000076b980000,0x000000077b780000)
  from space 10752K, 34% used [0x000000077b780000,0x000000077bb29d60,0x000000077c200000)
  to   space 85504K, 0% used [0x000000078b880000,0x000000078b880000,0x0000000790c00000)
 ParOldGen       total 320512K, used 243162K [0x00000006c2c00000, 0x00000006d6500000, 0x000000076b980000)
  object space 320512K, 75% used [0x00000006c2c00000,0x00000006d1976bd8,0x00000006d6500000)
 Metaspace       used 12853K, capacity 13440K, committed 13568K, reserved 1060864K
  class space    used 1811K, capacity 2002K, committed 2048K, reserved 1048576K
Event: 3.599 GC heap after
Heap after GC invocations=8 (full 3):
 PSYoungGen      total 270848K, used 0K [0x000000076b980000, 0x0000000790c00000, 0x00000007c0000000)
  eden space 260096K, 0% used [0x000000076b980000,0x000000076b980000,0x000000077b780000)
  from space 10752K, 0% used [0x000000077b780000,0x000000077b780000,0x000000077c200000)
  to   space 85504K, 0% used [0x000000078b880000,0x000000078b880000,0x0000000790c00000)
 ParOldGen       total 523264K, used 245289K [0x00000006c2c00000, 0x00000006e2b00000, 0x000000076b980000)
  object space 523264K, 46% used [0x00000006c2c00000,0x00000006d1b8a540,0x00000006e2b00000)
 Metaspace       used 12853K, capacity 13440K, committed 13568K, reserved 1060864K
  class space    used 1811K, capacity 2002K, committed 2048K, reserved 1048576K
}
Event: 3.882 GC heap before
{Heap before GC invocations=9 (full 3):
 PSYoungGen      total 270848K, used 256910K [0x000000076b980000, 0x0000000790c00000, 0x00000007c0000000)
  eden space 260096K, 98% used [0x000000076b980000,0x000000077b463828,0x000000077b780000)
  from space 10752K, 0% used [0x000000077b780000,0x000000077b780000,0x000000077c200000)
  to   space 85504K, 0% used [0x000000078b880000,0x000000078b880000,0x0000000790c00000)
 ParOldGen       total 523264K, used 245289K [0x00000006c2c00000, 0x00000006e2b00000, 0x000000076b980000)
  object space 523264K, 46% used [0x00000006c2c00000,0x00000006d1b8a540,0x00000006e2b00000)
 Metaspace       used 12888K, capacity 13510K, committed 13568K, reserved 1060864K
  class space    used 1816K, capacity 2003K, committed 2048K, reserved 1048576K
Event: 3.893 GC heap after
Heap after GC invocations=9 (full 3):
 PSYoungGen      total 528896K, used 13577K [0x000000076b980000, 0x0000000791000000, 0x00000007c0000000)
  eden space 443392K, 0% used [0x000000076b980000,0x000000076b980000,0x0000000786a80000)
  from space 85504K, 15% used [0x000000078b880000,0x000000078c5c2410,0x0000000790c00000)
  to   space 79872K, 0% used [0x0000000786a80000,0x0000000786a80000,0x000000078b880000)
 ParOldGen       total 523264K, used 245297K [0x00000006c2c00000, 0x00000006e2b00000, 0x000000076b980000)
  object space 523264K, 46% used [0x00000006c2c00000,0x00000006d1b8c540,0x00000006e2b00000)
 Metaspace       used 12888K, capacity 13510K, committed 13568K, reserved 1060864K
  class space    used 1816K, capacity 2003K, committed 2048K, reserved 1048576K
}
Event: 6.499 GC heap before
{Heap before GC invocations=10 (full 3):
 PSYoungGen      total 528896K, used 444312K [0x000000076b980000, 0x0000000791000000, 0x00000007c0000000)
  eden space 443392K, 97% used [0x000000076b980000,0x0000000785e23e78,0x0000000786a80000)
  from space 85504K, 15% used [0x000000078b880000,0x000000078c5c2410,0x0000000790c00000)
  to   space 79872K, 0% used [0x0000000786a80000,0x0000000786a80000,0x000000078b880000)
 ParOldGen       total 523264K, used 245297K [0x00000006c2c00000, 0x00000006e2b00000, 0x000000076b980000)
  object space 523264K, 46% used [0x00000006c2c00000,0x00000006d1b8c540,0x00000006e2b00000)
 Metaspace       used 13377K, capacity 13928K, committed 14080K, reserved 1060864K
  class space    used 1831K, capacity 2006K, committed 2048K, reserved 1048576K
Event: 6.510 GC heap after
Heap after GC invocations=10 (full 3):
 PSYoungGen      total 523264K, used 17347K [0x000000076b980000, 0x0000000791000000, 0x00000007c0000000)
  eden space 443392K, 0% used [0x000000076b980000,0x000000076b980000,0x0000000786a80000)
  from space 79872K, 21% used [0x0000000786a80000,0x0000000787b70d30,0x000000078b880000)
  to   space 85504K, 0% used [0x000000078b880000,0x000000078b880000,0x0000000790c00000)
 ParOldGen       total 523264K, used 245305K [0x00000006c2c00000, 0x00000006e2b00000, 0x000000076b980000)
  object space 523264K, 46% used [0x00000006c2c00000,0x00000006d1b8e540,0x00000006e2b00000)
 Metaspace       used 13377K, capacity 13928K, committed 14080K, reserved 1060864K
  class space    used 1831K, capacity 2006K, committed 2048K, reserved 1048576K
}

Deoptimization events (10 events):
Event: 1.851 Thread 0x000001c8e232f000 Uncommon trap: reason=class_check action=maybe_recompile pc=0x000001c8c66be800 method=java.lang.String.equals(Ljava/lang/Object;)Z @ 8
Event: 1.851 Thread 0x000001c8e232f000 Uncommon trap: reason=class_check action=maybe_recompile pc=0x000001c8c66be800 method=java.lang.String.equals(Ljava/lang/Object;)Z @ 8
Event: 1.853 Thread 0x000001c8e232f000 Uncommon trap: reason=class_check action=maybe_recompile pc=0x000001c8c66be800 method=java.lang.String.equals(Ljava/lang/Object;)Z @ 8
Event: 1.904 Thread 0x000001c8e232f000 Uncommon trap: reason=unstable_if action=reinterpret pc=0x000001c8c6899020 method=sun.net.www.ParseUtil.encodePath(Ljava/lang/String;Z)Ljava/lang/String; @ 109
Event: 1.934 Thread 0x000001c8e232f000 Uncommon trap: reason=unstable_if action=reinterpret pc=0x000001c8c68dd918 method=jdk.internal.org.objectweb.asm.Type.getArgumentsAndReturnSizes(Ljava/lang/String;)I @ 47
Event: 3.219 Thread 0x000001c8e232f000 Uncommon trap: reason=unstable_if action=reinterpret pc=0x000001c8c67d78c4 method=com.sun.javafx.iio.common.RoughScaler.putSourceScanline([BI)Z @ 33
Event: 3.220 Thread 0x000001c8e232f000 Uncommon trap: reason=unstable_if action=reinterpret pc=0x000001c8c6991ddc method=com.sun.javafx.iio.gif.GIFImageLoader2.restoreToBackground([BIIII)V @ 7
Event: 3.227 Thread 0x000001c8e232f000 Uncommon trap: reason=unstable_if action=reinterpret pc=0x000001c8c67e9ad4 method=com.sun.javafx.image.impl.ByteBgra$ToByteBgraPreConv.doConvert([BII[BIIII)V @ 75
Event: 3.243 Thread 0x000001c8e232f000 Uncommon trap: reason=unstable_if action=reinterpret pc=0x000001c8c6816330 method=com.sun.javafx.iio.png.PNGImageLoader2.paethPr(III)I @ 30
Event: 3.243 Thread 0x000001c8e232f000 Uncommon trap: reason=unstable_if action=reinterpret pc=0x000001c8c6817b2c method=java.lang.Math.abs(I)I @ 1

Classes redefined (0 events):
No events

Internal exceptions (10 events):
Event: 4.692 Thread 0x000001c8e22c0000 Implicit null exception at 0x000001c8c69f64d4 to 0x000001c8c69f965f
Event: 4.692 Thread 0x000001c8e22c0000 Exception <a 'java/lang/NullPointerException'> (0x000000076d2e7f78) thrown at [C:\jenkins\workspace\8-2-build-windows-amd64-cygwin\jdk8u261\295\hotspot\src\share\vm\runtime\sharedRuntime.cpp, line 605]
Event: 4.793 Thread 0x000001c8e22c0000 Implicit null exception at 0x000001c8c69f64d4 to 0x000001c8c69f965f
Event: 4.793 Thread 0x000001c8e22c0000 Exception <a 'java/lang/NullPointerException'> (0x000000076d2eda60) thrown at [C:\jenkins\workspace\8-2-build-windows-amd64-cygwin\jdk8u261\295\hotspot\src\share\vm\runtime\sharedRuntime.cpp, line 605]
Event: 4.794 Thread 0x000001c8e232f000 Exception <a 'java/util/ConcurrentModificationException'> (0x000000076c331768) thrown at [C:\jenkins\workspace\8-2-build-windows-amd64-cygwin\jdk8u261\295\hotspot\src\share\vm\prims\jvm.cpp, line 1516]
Event: 4.802 Thread 0x000001c8e232f000 Exception <a 'java/util/ConcurrentModificationException'> (0x000000076c337248) thrown at [C:\jenkins\workspace\8-2-build-windows-amd64-cygwin\jdk8u261\295\hotspot\src\share\vm\prims\jvm.cpp, line 1516]
Event: 5.058 Thread 0x000001c8e232f000 Exception <a 'java/util/ConcurrentModificationException'> (0x000000076c3b4750) thrown at [C:\jenkins\workspace\8-2-build-windows-amd64-cygwin\jdk8u261\295\hotspot\src\share\vm\prims\jvm.cpp, line 1516]
Event: 5.074 Thread 0x000001c8e232f000 Exception <a 'java/util/ConcurrentModificationException'> (0x000000076c3ba248) thrown at [C:\jenkins\workspace\8-2-build-windows-amd64-cygwin\jdk8u261\295\hotspot\src\share\vm\prims\jvm.cpp, line 1516]
Event: 5.746 Thread 0x000001c8e232f000 Exception <a 'java/util/ConcurrentModificationException'> (0x000000076c463af8) thrown at [C:\jenkins\workspace\8-2-build-windows-amd64-cygwin\jdk8u261\295\hotspot\src\share\vm\prims\jvm.cpp, line 1516]
Event: 5.762 Thread 0x000001c8e232f000 Exception <a 'java/util/ConcurrentModificationException'> (0x000000076c469558) thrown at [C:\jenkins\workspace\8-2-build-windows-amd64-cygwin\jdk8u261\295\hotspot\src\share\vm\prims\jvm.cpp, line 1516]

Events (10 events):
Event: 4.793 loading class com/sun/javafx/scene/input/KeyCodeMap
Event: 4.793 loading class com/sun/javafx/scene/input/KeyCodeMap done
Event: 6.499 Executing VM operation: ParallelGCFailedAllocation
Event: 6.510 Executing VM operation: ParallelGCFailedAllocation done
Event: 6.510 Executing VM operation: RevokeBias
Event: 6.515 Executing VM operation: RevokeBias done
Event: 6.515 Executing VM operation: RevokeBias
Event: 6.515 Executing VM operation: RevokeBias done
Event: 6.515 Executing VM operation: RevokeBias
Event: 6.515 Executing VM operation: RevokeBias done


Dynamic libraries:
0x00007ff750670000 - 0x00007ff7506b7000 	C:\Program Files\Java\jre1.8.0_261\bin\javaw.exe
0x00007ffffc060000 - 0x00007ffffc269000 	C:\WINDOWS\SYSTEM32\ntdll.dll
0x00007ffffae20000 - 0x00007ffffaede000 	C:\WINDOWS\System32\KERNEL32.DLL
0x00007ffff9760000 - 0x00007ffff9adb000 	C:\WINDOWS\System32\KERNELBASE.dll
0x00007ffffa730000 - 0x00007ffffa7de000 	C:\WINDOWS\System32\ADVAPI32.dll
0x00007ffffa3b0000 - 0x00007ffffa453000 	C:\WINDOWS\System32\msvcrt.dll
0x00007ffffa5c0000 - 0x00007ffffa65e000 	C:\WINDOWS\System32\sechost.dll
0x00007ffffb490000 - 0x00007ffffb5b0000 	C:\WINDOWS\System32\RPCRT4.dll
0x00007ffffab80000 - 0x00007ffffad2d000 	C:\WINDOWS\System32\USER32.dll
0x00007ffff9c00000 - 0x00007ffff9c26000 	C:\WINDOWS\System32\win32u.dll
0x00007ffffb070000 - 0x00007ffffb099000 	C:\WINDOWS\System32\GDI32.dll
0x00007ffff9c30000 - 0x00007ffff9d48000 	C:\WINDOWS\System32\gdi32full.dll
0x00007ffff9b60000 - 0x00007ffff9bfd000 	C:\WINDOWS\System32\msvcp_win.dll
0x00007ffff9dc0000 - 0x00007ffff9ed1000 	C:\WINDOWS\System32\ucrtbase.dll
0x00007fffdc480000 - 0x00007fffdc725000 	C:\WINDOWS\WinSxS\amd64_microsoft.windows.common-controls_6595b64144ccf1df_6.0.22000.120_none_9d947278b86cc467\COMCTL32.dll
0x00007ffffaee0000 - 0x00007ffffaf12000 	C:\WINDOWS\System32\IMM32.DLL
0x00007fffcdcd0000 - 0x00007fffcdce5000 	C:\Program Files\Java\jre1.8.0_261\bin\vcruntime140.dll
0x00007fffbe510000 - 0x00007fffbe5ab000 	C:\Program Files\Java\jre1.8.0_261\bin\msvcp140.dll
0x000000006b1b0000 - 0x000000006ba1c000 	C:\Program Files\Java\jre1.8.0_261\bin\server\jvm.dll
0x00007ffffb060000 - 0x00007ffffb068000 	C:\WINDOWS\System32\PSAPI.DLL
0x00007ffff4310000 - 0x00007ffff431a000 	C:\WINDOWS\SYSTEM32\VERSION.dll
0x00007fffe7db0000 - 0x00007fffe7db9000 	C:\WINDOWS\SYSTEM32\WSOCK32.dll
0x00007fffe8e50000 - 0x00007fffe8e83000 	C:\WINDOWS\SYSTEM32\WINMM.dll
0x00007ffffa460000 - 0x00007ffffa4cf000 	C:\WINDOWS\System32\WS2_32.dll
0x00007ffff8660000 - 0x00007ffff8678000 	C:\WINDOWS\SYSTEM32\kernel.appcore.dll
0x00007fffe7da0000 - 0x00007fffe7db0000 	C:\Program Files\Java\jre1.8.0_261\bin\verify.dll
0x00007fffe79a0000 - 0x00007fffe79cb000 	C:\Program Files\Java\jre1.8.0_261\bin\java.dll
0x00007fffe4930000 - 0x00007fffe4948000 	C:\Program Files\Java\jre1.8.0_261\bin\zip.dll
0x00007ffffb6b0000 - 0x00007ffffbe67000 	C:\WINDOWS\System32\SHELL32.dll
0x00007ffff75f0000 - 0x00007ffff7e55000 	C:\WINDOWS\SYSTEM32\windows.storage.dll
0x00007ffffa7e0000 - 0x00007ffffab58000 	C:\WINDOWS\System32\combase.dll
0x00007ffff7480000 - 0x00007ffff75e6000 	C:\WINDOWS\SYSTEM32\wintypes.dll
0x00007ffffad30000 - 0x00007ffffae1a000 	C:\WINDOWS\System32\SHCORE.dll
0x00007ffffa350000 - 0x00007ffffa3ad000 	C:\WINDOWS\System32\shlwapi.dll
0x00007ffff9460000 - 0x00007ffff9481000 	C:\WINDOWS\SYSTEM32\profapi.dll
0x000001c8c4de0000 - 0x000001c8c4de3000 	C:\Program Files\Java\jre1.8.0_261\bin\api-ms-win-core-console-l1-1-0.dll
0x000001c8e2040000 - 0x000001c8e2043000 	C:\Program Files\Java\jre1.8.0_261\bin\api-ms-win-core-datetime-l1-1-0.dll
0x000001c8e2050000 - 0x000001c8e2053000 	C:\Program Files\Java\jre1.8.0_261\bin\api-ms-win-core-debug-l1-1-0.dll
0x000001c8e2060000 - 0x000001c8e2063000 	C:\Program Files\Java\jre1.8.0_261\bin\api-ms-win-core-errorhandling-l1-1-0.dll
0x000001c8e2070000 - 0x000001c8e2074000 	C:\Program Files\Java\jre1.8.0_261\bin\api-ms-win-core-file-l1-1-0.dll
0x000001c8e2080000 - 0x000001c8e2083000 	C:\Program Files\Java\jre1.8.0_261\bin\api-ms-win-core-file-l1-2-0.dll
0x000001c8e2090000 - 0x000001c8e2093000 	C:\Program Files\Java\jre1.8.0_261\bin\api-ms-win-core-file-l2-1-0.dll
0x000001c8e20a0000 - 0x000001c8e20a3000 	C:\Program Files\Java\jre1.8.0_261\bin\api-ms-win-core-handle-l1-1-0.dll
0x000001c8e20b0000 - 0x000001c8e20b3000 	C:\Program Files\Java\jre1.8.0_261\bin\api-ms-win-core-heap-l1-1-0.dll
0x000001c8e20c0000 - 0x000001c8e20c3000 	C:\Program Files\Java\jre1.8.0_261\bin\api-ms-win-core-interlocked-l1-1-0.dll
0x000001c8e20d0000 - 0x000001c8e20d3000 	C:\Program Files\Java\jre1.8.0_261\bin\api-ms-win-core-libraryloader-l1-1-0.dll
0x000001c8e20e0000 - 0x000001c8e20e3000 	C:\Program Files\Java\jre1.8.0_261\bin\api-ms-win-core-localization-l1-2-0.dll
0x000001c8e20f0000 - 0x000001c8e20f3000 	C:\Program Files\Java\jre1.8.0_261\bin\api-ms-win-core-memory-l1-1-0.dll
0x000001c8e2100000 - 0x000001c8e2103000 	C:\Program Files\Java\jre1.8.0_261\bin\api-ms-win-core-namedpipe-l1-1-0.dll
0x000001c8e2110000 - 0x000001c8e2113000 	C:\Program Files\Java\jre1.8.0_261\bin\api-ms-win-core-processenvironment-l1-1-0.dll
0x000001c8e2120000 - 0x000001c8e2123000 	C:\Program Files\Java\jre1.8.0_261\bin\api-ms-win-core-processthreads-l1-1-0.dll
0x000001c8e2130000 - 0x000001c8e2133000 	C:\Program Files\Java\jre1.8.0_261\bin\api-ms-win-core-processthreads-l1-1-1.dll
0x000001c8e2140000 - 0x000001c8e2143000 	C:\Program Files\Java\jre1.8.0_261\bin\api-ms-win-core-profile-l1-1-0.dll
0x000001c8e2150000 - 0x000001c8e2153000 	C:\Program Files\Java\jre1.8.0_261\bin\api-ms-win-core-rtlsupport-l1-1-0.dll
0x000001c8e2160000 - 0x000001c8e2163000 	C:\Program Files\Java\jre1.8.0_261\bin\api-ms-win-core-string-l1-1-0.dll
0x000001c8e2170000 - 0x000001c8e2173000 	C:\Program Files\Java\jre1.8.0_261\bin\api-ms-win-core-synch-l1-1-0.dll
0x000001c8e2180000 - 0x000001c8e2183000 	C:\Program Files\Java\jre1.8.0_261\bin\api-ms-win-core-synch-l1-2-0.dll
0x000001c8e2190000 - 0x000001c8e2193000 	C:\Program Files\Java\jre1.8.0_261\bin\api-ms-win-core-sysinfo-l1-1-0.dll
0x000001c8e21a0000 - 0x000001c8e21a3000 	C:\Program Files\Java\jre1.8.0_261\bin\api-ms-win-core-timezone-l1-1-0.dll
0x000001c8e21b0000 - 0x000001c8e21b3000 	C:\Program Files\Java\jre1.8.0_261\bin\api-ms-win-core-util-l1-1-0.dll
0x000001c8e21c0000 - 0x000001c8e21c3000 	C:\Program Files\Java\jre1.8.0_261\bin\api-ms-win-crt-conio-l1-1-0.dll
0x000001c8e21d0000 - 0x000001c8e21d4000 	C:\Program Files\Java\jre1.8.0_261\bin\api-ms-win-crt-convert-l1-1-0.dll
0x000001c8e21e0000 - 0x000001c8e21e3000 	C:\Program Files\Java\jre1.8.0_261\bin\api-ms-win-crt-environment-l1-1-0.dll
0x000001c8e21f0000 - 0x000001c8e21f3000 	C:\Program Files\Java\jre1.8.0_261\bin\api-ms-win-crt-filesystem-l1-1-0.dll
0x000001c8e2200000 - 0x000001c8e2203000 	C:\Program Files\Java\jre1.8.0_261\bin\api-ms-win-crt-heap-l1-1-0.dll
0x000001c8e2210000 - 0x000001c8e2213000 	C:\Program Files\Java\jre1.8.0_261\bin\api-ms-win-crt-locale-l1-1-0.dll
0x000001c8e2220000 - 0x000001c8e2225000 	C:\Program Files\Java\jre1.8.0_261\bin\api-ms-win-crt-math-l1-1-0.dll
0x000001c8e2230000 - 0x000001c8e2235000 	C:\Program Files\Java\jre1.8.0_261\bin\api-ms-win-crt-multibyte-l1-1-0.dll
0x000001c8e2240000 - 0x000001c8e2250000 	C:\Program Files\Java\jre1.8.0_261\bin\api-ms-win-crt-private-l1-1-0.dll
0x000001c8e2250000 - 0x000001c8e2253000 	C:\Program Files\Java\jre1.8.0_261\bin\api-ms-win-crt-process-l1-1-0.dll
0x000001c8e2260000 - 0x000001c8e2264000 	C:\Program Files\Java\jre1.8.0_261\bin\api-ms-win-crt-runtime-l1-1-0.dll
0x000001c8e2270000 - 0x000001c8e2274000 	C:\Program Files\Java\jre1.8.0_261\bin\api-ms-win-crt-stdio-l1-1-0.dll
0x000001c8e2280000 - 0x000001c8e2284000 	C:\Program Files\Java\jre1.8.0_261\bin\api-ms-win-crt-string-l1-1-0.dll
0x000001c8e2290000 - 0x000001c8e2293000 	C:\Program Files\Java\jre1.8.0_261\bin\api-ms-win-crt-time-l1-1-0.dll
0x000001c8e22a0000 - 0x000001c8e22a3000 	C:\Program Files\Java\jre1.8.0_261\bin\api-ms-win-crt-utility-l1-1-0.dll
0x00007fffba090000 - 0x00007fffba18c000 	C:\Program Files\Java\jre1.8.0_261\bin\ucrtbase.dll
0x00007fffbc300000 - 0x00007fffbc351000 	C:\Program Files\Java\jre1.8.0_261\bin\concrt140.dll
0x00007fffcb520000 - 0x00007fffcb543000 	C:\Program Files\Java\jre1.8.0_261\bin\prism_d3d.dll
0x00007fffdc2d0000 - 0x00007fffdc476000 	C:\WINDOWS\system32\d3d9.dll
0x00007ffff6fb0000 - 0x00007ffff6fdf000 	C:\WINDOWS\SYSTEM32\dwmapi.dll
0x00007ffff6df0000 - 0x00007ffff6e28000 	C:\WINDOWS\SYSTEM32\dxcore.dll
0x00007ffff6b40000 - 0x00007ffff6bec000 	C:\WINDOWS\system32\uxtheme.dll
0x00007ffff2ce0000 - 0x00007ffff2d24000 	C:\WINDOWS\SYSTEM32\directxdatabasehelper.dll
0x00007ffff8680000 - 0x00007ffff86b4000 	C:\WINDOWS\SYSTEM32\ntmarta.dll
0x00007ffff8dc0000 - 0x00007ffff8dd2000 	C:\WINDOWS\SYSTEM32\msasn1.dll
0x00007ffff14b0000 - 0x00007ffff14e1000 	C:\WINDOWS\SYSTEM32\cryptnet.dll
0x00007ffff9530000 - 0x00007ffff9692000 	C:\WINDOWS\System32\CRYPT32.dll
0x00007ffff8d50000 - 0x00007ffff8d5c000 	C:\WINDOWS\SYSTEM32\cryptbase.dll
0x00007ffff9d50000 - 0x00007ffff9db8000 	C:\WINDOWS\System32\WINTRUST.DLL
0x00007ffffb5b0000 - 0x00007ffffb5cf000 	C:\WINDOWS\System32\imagehlp.dll
0x00007ffff8d30000 - 0x00007ffff8d48000 	C:\WINDOWS\SYSTEM32\CRYPTSP.dll
0x00007ffff85c0000 - 0x00007ffff85f5000 	C:\WINDOWS\system32\rsaenh.dll
0x00007ffff9ae0000 - 0x00007ffff9b5f000 	C:\WINDOWS\System32\bcryptPrimitives.dll
0x00007ffff8f10000 - 0x00007ffff8f37000 	C:\WINDOWS\SYSTEM32\bcrypt.dll
0x00007fffbc180000 - 0x00007fffbc1c5000 	C:\Program Files\Java\jre1.8.0_261\bin\glass.dll
0x00007ffffa4d0000 - 0x00007ffffa5bc000 	C:\WINDOWS\System32\COMDLG32.dll
0x00007ffffbe80000 - 0x00007ffffc01a000 	C:\WINDOWS\System32\ole32.dll
0x00007ffffaf80000 - 0x00007ffffb056000 	C:\WINDOWS\System32\OLEAUT32.dll
0x00007fff9b270000 - 0x00007fff9b3a9000 	C:\ProgramData\A-Volute\A-Volute.Nahimic\Modules\Scheduled\x64\AudioDevProps2.dll
0x00007ffffb260000 - 0x00007ffffb37d000 	C:\WINDOWS\System32\MSCTF.dll
0x00007fffb1e90000 - 0x00007fffb1fa7000 	C:\WINDOWS\System32\DriverStore\FileRepository\nvmii.inf_amd64_417542b70c8bb20a\nvldumdx.dll
0x00007ffff1360000 - 0x00007ffff14a9000 	C:\WINDOWS\SYSTEM32\drvstore.dll
0x00007ffff9270000 - 0x00007ffff929c000 	C:\WINDOWS\SYSTEM32\devobj.dll
0x00007ffff9220000 - 0x00007ffff926c000 	C:\WINDOWS\SYSTEM32\cfgmgr32.dll
0x00007ffff8e50000 - 0x00007ffff8e91000 	C:\WINDOWS\SYSTEM32\wldp.dll
0x00007fff860d0000 - 0x00007fff878da000 	C:\WINDOWS\System32\DriverStore\FileRepository\nvmii.inf_amd64_417542b70c8bb20a\nvd3dumx.dll
0x00007fffa6fb0000 - 0x00007fffa7277000 	C:\WINDOWS\system32\nvspcap64.dll
0x00007ffff8b70000 - 0x00007ffff8b94000 	C:\WINDOWS\SYSTEM32\gpapi.dll
0x00007fff9c300000 - 0x00007fff9c4af000 	C:\WINDOWS\System32\DriverStore\FileRepository\iigd_dch.inf_amd64_51f685305808e3a5\igdumdim64.dll
0x00007fff937c0000 - 0x00007fff96863000 	C:\WINDOWS\System32\DriverStore\FileRepository\iigd_dch.inf_amd64_51f685305808e3a5\igd9dxva64.dll
0x00007ffff9ee0000 - 0x00007ffffa34c000 	C:\WINDOWS\System32\SETUPAPI.dll
0x00007fffed990000 - 0x00007fffedd99000 	C:\WINDOWS\System32\DriverStore\FileRepository\iigd_dch.inf_amd64_51f685305808e3a5\igdgmm64.dll
0x00007fff87ce0000 - 0x00007fff87d07000 	C:\WINDOWS\System32\DriverStore\FileRepository\iigd_dch.inf_amd64_51f685305808e3a5\igdinfo64.dll
0x00007fffe9740000 - 0x00007fffeced4000 	C:\WINDOWS\System32\DriverStore\FileRepository\iigd_dch.inf_amd64_51f685305808e3a5\igc64.dll
0x00007fffc8660000 - 0x00007fffc8674000 	C:\Program Files\Java\jre1.8.0_261\bin\javafx_font.dll
0x00007fffc4bd0000 - 0x00007fffc4e2f000 	C:\WINDOWS\SYSTEM32\dwrite.dll
0x00007ffffb5d0000 - 0x00007ffffb685000 	C:\WINDOWS\System32\clbcatq.dll
0x00007ffff07d0000 - 0x00007ffff097e000 	C:\WINDOWS\SYSTEM32\WindowsCodecs.dll
0x00007fffc3f70000 - 0x00007fffc3fcd000 	C:\WINDOWS\system32\dataexchange.dll
0x00007fffefd50000 - 0x00007fffeffb6000 	C:\WINDOWS\system32\twinapi.appcore.dll
0x00007ffff65a0000 - 0x00007ffff65d2000 	C:\Program Files\Common Files\Microsoft Shared\Ink\rtscom.dll
0x00007fffcbf50000 - 0x00007fffcc07d000 	C:\WINDOWS\SYSTEM32\textinputframework.dll
0x00007ffff6750000 - 0x00007ffff6881000 	C:\WINDOWS\SYSTEM32\CoreMessaging.dll
0x00007ffff23d0000 - 0x00007ffff273d000 	C:\WINDOWS\SYSTEM32\CoreUIComponents.dll
0x00007fffc1fe0000 - 0x00007fffc1ff2000 	C:\Program Files\Java\jre1.8.0_261\bin\prism_common.dll
0x00007ffff38b0000 - 0x00007ffff3e68000 	C:\WINDOWS\SYSTEM32\d2d1.dll
0x00007ffff1c50000 - 0x00007ffff1ed0000 	C:\WINDOWS\SYSTEM32\d3d11.dll
0x00007ffff6cb0000 - 0x00007ffff6da3000 	C:\WINDOWS\SYSTEM32\dxgi.dll

VM Arguments:
jvm_args: -Dfile.encoding=Cp1252 
java_command: miniprojtemplate.Main
java_class_path (initial): C:\Users\innoj\workspace\MiniProject (2).zip_expanded\MiniProject\bin;C:\Users\innoj\Desktop\Inno_general files\java\eclipse\plugins\org.eclipse.fx.ide.css.jfx8_2.4.0.201605112122.jar
Launcher Type: SUN_STANDARD

Environment Variables:
PATH=C:/Program Files/Java/jre1.8.0_261/bin/server;C:/Program Files/Java/jre1.8.0_261/bin;C:/Program Files/Java/jre1.8.0_261/lib/amd64;C:\Program Files (x86)\Common Files\Oracle\Java\javapath;C:\Windows\system32;C:\Windows;C:\Windows\System32\Wbem;C:\Windows\System32\WindowsPowerShell\v1.0\;C:\Windows\System32\OpenSSH\;C:\WINDOWS\system32;C:\WINDOWS;C:\WINDOWS\System32\Wbem;C:\WINDOWS\System32\WindowsPowerShell\v1.0\;C:\WINDOWS\System32\OpenSSH\;C:\Program Files\NVIDIA Corporation\NVIDIA NvDLISR;C:\Program Files (x86)\NVIDIA Corporation\PhysX\Common;C:\Program Files\Java\jdk1.8.0_261\bin;C:\Program Files\dotnet\;C:\Users\innoj\AppData\Local\Programs\Python\Python310\Scripts\;C:\Users\innoj\AppData\Local\Programs\Python\Python310\;C:\Users\innoj\AppData\Local\Microsoft\WindowsApps;C:\Users\innoj\AppData\Local\atom\bin;C:\Users\innoj\AppData\Local\Programs\Microsoft VS Code\bin;C:\MinGW\bin;;C:\Users\innoj\Desktop\Inno_general files\java\eclipse;
USERNAME=innoj
OS=Windows_NT
PROCESSOR_IDENTIFIER=Intel64 Family 6 Model 165 Stepping 2, GenuineIntel



---------------  S Y S T E M  ---------------

OS: Windows 10.0 , 64 bit Build 22000 (10.0.22000.1335)

CPU:total 12 (initial active 12) (6 cores per cpu, 2 threads per core) family 6 model 165 stepping 2, cmov, cx8, fxsr, mmx, sse, sse2, sse3, ssse3, sse4.1, sse4.2, popcnt, avx, avx2, aes, clmul, erms, 3dnowpref, lzcnt, ht, tsc, tscinvbit, bmi1, bmi2, adx

Memory: 4k page, physical 16594732k(342140k free), swap 66926380k(1580k free)

vm_info: Java HotSpot(TM) 64-Bit Server VM (25.261-b12) for windows-amd64 JRE (1.8.0_261-b12), built on Jun 18 2020 06:56:32 by "" with unknown MS VC++:1916

time: Mon Jan  9 09:12:13 2023
timezone: Malay Peninsula Standard Time
elapsed time: 6 seconds (0d 0h 0m 6s)

