#
# There is insufficient memory for the Java Runtime Environment to continue.
# Native memory allocation (malloc) failed to allocate 32744 bytes for ChunkPool::allocate
# Possible reasons:
#   The system is out of physical RAM or swap space
#   The process is running with CompressedOops enabled, and the Java Heap may be blocking the growth of the native heap
# Possible solutions:
#   Reduce memory load on the system
#   Increase physical memory or swap space
#   Check if swap backing store is full
#   Decrease Java heap size (-Xmx/-Xms)
#   Decrease number of Java threads
#   Decrease Java thread stack sizes (-Xss)
#   Set larger code cache with -XX:ReservedCodeCacheSize=
#   JVM is running with Zero Based Compressed Oops mode in which the Java heap is
#     placed in the first 32GB address space. The Java Heap base address is the
#     maximum limit for the native heap growth. Please use -XX:HeapBaseMinAddress
#     to set the Java Heap base and to place the Java Heap above 32GB virtual address.
# This output file may be truncated or incomplete.
#
#  Out of Memory Error (allocation.cpp:272), pid=3840, tid=0x00000000000013fc
#
# JRE version: Java(TM) SE Runtime Environment (8.0_261-b12) (build 1.8.0_261-b12)
# Java VM: Java HotSpot(TM) 64-Bit Server VM (25.261-b12 mixed mode windows-amd64 compressed oops)
# Failed to write core dump. Minidumps are not enabled by default on client versions of Windows
#

---------------  T H R E A D  ---------------

Current thread (0x0000027800d90800):  JavaThread "C1 CompilerThread3" daemon [_thread_in_native, id=5116, stack(0x000000a499a00000,0x000000a499b00000)]

Stack: [0x000000a499a00000,0x000000a499b00000]
Native frames: (J=compiled Java code, j=interpreted, Vv=VM code, C=native code)
V  [jvm.dll+0x33e5f9]


Current CompileTask:
C1:  35608 1990       3       com.sun.prism.impl.ps.BaseShaderGraphics::renderGeneralRoundedPgram (1190 bytes)


---------------  P R O C E S S  ---------------

Java Threads: ( => current thread )
  0x00000278030a4800 JavaThread "Prism Font Disposer" daemon [_thread_blocked, id=7488, stack(0x000000a49bc00000,0x000000a49bd00000)]
  0x00000278030a0800 JavaThread "Thread-23" [_thread_blocked, id=13968, stack(0x000000a49b800000,0x000000a49b900000)]
  0x00000278030a5000 JavaThread "Thread-22" [_thread_blocked, id=13556, stack(0x000000a49b700000,0x000000a49b800000)]
  0x000002780309c800 JavaThread "Thread-21" [_thread_blocked, id=1980, stack(0x000000a49b600000,0x000000a49b700000)]
  0x00000278030a0000 JavaThread "Thread-20" [_thread_blocked, id=14984, stack(0x000000a49b500000,0x000000a49b600000)]
  0x00000278030a3800 JavaThread "Thread-19" [_thread_blocked, id=8268, stack(0x000000a49b400000,0x000000a49b500000)]
  0x000002780309d800 JavaThread "Thread-18" [_thread_blocked, id=2012, stack(0x000000a49b300000,0x000000a49b400000)]
  0x00000278030a3000 JavaThread "Thread-17" [_thread_blocked, id=2840, stack(0x000000a49b200000,0x000000a49b300000)]
  0x00000278030a2000 JavaThread "Thread-16" [_thread_blocked, id=24344, stack(0x000000a49b100000,0x000000a49b200000)]
  0x00000278030a1800 JavaThread "Thread-15" [_thread_blocked, id=14968, stack(0x000000a49b000000,0x000000a49b100000)]
  0x000002780309c000 JavaThread "Thread-14" [_thread_blocked, id=26120, stack(0x000000a49af00000,0x000000a49b000000)]
  0x0000027802e45000 JavaThread "Thread-13" [_thread_blocked, id=27068, stack(0x000000a49ae00000,0x000000a49af00000)]
  0x0000027802e48800 JavaThread "Thread-12" [_thread_blocked, id=27448, stack(0x000000a49ad00000,0x000000a49ae00000)]
  0x0000027802e42000 JavaThread "Thread-11" [_thread_blocked, id=25192, stack(0x000000a49ac00000,0x000000a49ad00000)]
  0x0000027802e47000 JavaThread "Thread-10" [_thread_blocked, id=7484, stack(0x000000a49ab00000,0x000000a49ac00000)]
  0x0000027802e48000 JavaThread "Thread-9" [_thread_blocked, id=10508, stack(0x000000a49aa00000,0x000000a49ab00000)]
  0x0000027802e46800 JavaThread "Thread-8" [_thread_blocked, id=22648, stack(0x000000a49a900000,0x000000a49aa00000)]
  0x0000027802e44000 JavaThread "Thread-7" [_thread_blocked, id=3668, stack(0x000000a49a800000,0x000000a49a900000)]
  0x0000027802e3f000 JavaThread "Thread-6" [_thread_blocked, id=29724, stack(0x000000a49a700000,0x000000a49a800000)]
  0x0000027802e45800 JavaThread "Thread-5" [_thread_blocked, id=29864, stack(0x000000a49a600000,0x000000a49a700000)]
  0x0000027802e3e000 JavaThread "Thread-4" [_thread_blocked, id=5624, stack(0x000000a49a500000,0x000000a49a600000)]
  0x0000027802e43800 JavaThread "Thread-3" daemon [_thread_in_native, id=24124, stack(0x000000a49a300000,0x000000a49a400000)]
  0x0000027802e42800 JavaThread "JavaFX-Launcher" [_thread_blocked, id=4496, stack(0x000000a49a400000,0x000000a49a500000)]
  0x0000027802999800 JavaThread "JavaFX Application Thread" [_thread_blocked, id=21492, stack(0x000000a49a000000,0x000000a49a100000)]
  0x00000278029bc000 JavaThread "Thread-1" daemon [_thread_blocked, id=24260, stack(0x000000a499f00000,0x000000a49a000000)]
  0x0000027802992000 JavaThread "QuantumRenderer-0" daemon [_thread_in_native, id=19316, stack(0x000000a499d00000,0x000000a499e00000)]
  0x0000027800dad000 JavaThread "Service Thread" daemon [_thread_blocked, id=8040, stack(0x000000a499b00000,0x000000a499c00000)]
=>0x0000027800d90800 JavaThread "C1 CompilerThread3" daemon [_thread_in_native, id=5116, stack(0x000000a499a00000,0x000000a499b00000)]
  0x0000027800d84800 JavaThread "C2 CompilerThread2" daemon [_thread_in_native, id=8076, stack(0x000000a499900000,0x000000a499a00000)]
  0x0000027800d84000 JavaThread "C2 CompilerThread1" daemon [_thread_blocked, id=28564, stack(0x000000a499800000,0x000000a499900000)]
  0x0000027800d6f000 JavaThread "C2 CompilerThread0" daemon [_thread_blocked, id=25840, stack(0x000000a499700000,0x000000a499800000)]
  0x0000027800d6a000 JavaThread "Attach Listener" daemon [_thread_blocked, id=29812, stack(0x000000a499600000,0x000000a499700000)]
  0x0000027800d69800 JavaThread "Signal Dispatcher" daemon [_thread_blocked, id=12180, stack(0x000000a499500000,0x000000a499600000)]
  0x0000027800d4b000 JavaThread "Finalizer" daemon [_thread_blocked, id=17348, stack(0x000000a499400000,0x000000a499500000)]
  0x0000027800d23800 JavaThread "Reference Handler" daemon [_thread_blocked, id=15860, stack(0x000000a499300000,0x000000a499400000)]
  0x0000027865311800 JavaThread "main" [_thread_blocked, id=24692, stack(0x000000a498700000,0x000000a498800000)]

Other Threads:
  0x0000027800d13000 VMThread [stack: 0x000000a499200000,0x000000a499300000] [id=3816]
  0x00000278025ab000 WatcherThread [stack: 0x000000a499c00000,0x000000a499d00000] [id=29380]

VM state:not at safepoint (normal execution)

VM Mutex/Monitor currently owned by a thread: None

heap address: 0x00000006c2c00000, size: 4052 MB, Compressed Oops mode: Zero based, Oop shift amount: 3
Narrow klass base: 0x0000000000000000, Narrow klass shift: 3
Compressed class space size: 1073741824 Address: 0x00000007c0000000

Heap:
 PSYoungGen      total 269824K, used 69596K [0x000000076b980000, 0x0000000786800000, 0x00000007c0000000)
  eden space 259072K, 26% used [0x000000076b980000,0x000000076fd771d0,0x000000077b680000)
  from space 10752K, 0% used [0x000000077b680000,0x000000077b680000,0x000000077c100000)
  to   space 12800K, 0% used [0x0000000785b80000,0x0000000785b80000,0x0000000786800000)
 ParOldGen       total 520192K, used 227971K [0x00000006c2c00000, 0x00000006e2800000, 0x000000076b980000)
  object space 520192K, 43% used [0x00000006c2c00000,0x00000006d0aa0c00,0x00000006e2800000)
 Metaspace       used 13583K, capacity 14134K, committed 14336K, reserved 1060864K
  class space    used 1825K, capacity 1995K, committed 2048K, reserved 1048576K

Card table byte_map: [0x00000278760f0000,0x00000278768e0000] byte_map_base: 0x0000027872ada000

Marking Bits: (ParMarkBitMap*) 0x000000006b9a4fb0
 Begin Bits: [0x0000027876e30000, 0x000002787ad80000)
 End Bits:   [0x000002787ad80000, 0x000002787ecd0000)

Polling page: 0x0000027866d00000

CodeCache: size=245760Kb used=6011Kb max_used=6022Kb free=239748Kb
 bounds [0x0000027866d30000, 0x0000027867320000, 0x0000027875d30000]
 total_blobs=2615 nmethods=1976 adapters=551
 compilation: enabled

Compilation events (10 events):
Event: 35.592 Thread 0x0000027800d6f000 nmethod 1985 0x00000278673108d0 code [0x0000027867310a20, 0x0000027867310af8]
Event: 35.601 Thread 0x0000027800d84000 1986       4       java.util.ArrayList$Itr::next (66 bytes)
Event: 35.601 Thread 0x0000027800d90800 1987       3       com.sun.javafx.tk.quantum.QuantumToolkit::getFontLoader (4 bytes)
Event: 35.601 Thread 0x0000027800d90800 nmethod 1987 0x0000027867310490 code [0x0000027867310600, 0x00000278673107b8]
Event: 35.601 Thread 0x0000027800d90800 1988       3       com.sun.javafx.font.PrismFontLoader::getInstance (4 bytes)
Event: 35.601 Thread 0x0000027800d90800 nmethod 1988 0x00000278673135d0 code [0x0000027867313720, 0x0000027867313878]
Event: 35.601 Thread 0x0000027800d90800 1989       3       com.sun.javafx.font.LogicalFont::getCanonicalFamilyName (23 bytes)
Event: 35.601 Thread 0x0000027800d90800 nmethod 1989 0x0000027867312a10 code [0x0000027867312be0, 0x0000027867313350]
Event: 35.602 Thread 0x0000027800d84000 nmethod 1986 0x0000027867311050 code [0x00000278673111a0, 0x0000027867311348]
Event: 35.604 Thread 0x0000027800d90800 1990       3       com.sun.prism.impl.ps.BaseShaderGraphics::renderGeneralRoundedPgram (1190 bytes)

GC Heap History (10 events):
Event: 1.372 GC heap before
{Heap before GC invocations=5 (full 1):
 PSYoungGen      total 140800K, used 133992K [0x000000076b980000, 0x000000077cc80000, 0x00000007c0000000)
  eden space 130048K, 97% used [0x000000076b980000,0x00000007735b4100,0x0000000773880000)
  from space 10752K, 63% used [0x0000000773880000,0x0000000773f25fe0,0x0000000774300000)
  to   space 10752K, 0% used [0x000000077c200000,0x000000077c200000,0x000000077cc80000)
 ParOldGen       total 377856K, used 173504K [0x00000006c2c00000, 0x00000006d9d00000, 0x000000076b980000)
  object space 377856K, 45% used [0x00000006c2c00000,0x00000006cd570240,0x00000006d9d00000)
 Metaspace       used 10478K, capacity 10878K, committed 11136K, reserved 1058816K
  class space    used 1467K, capacity 1571K, committed 1664K, reserved 1048576K
Event: 1.405 GC heap after
Heap after GC invocations=5 (full 1):
 PSYoungGen      total 244736K, used 9381K [0x000000076b980000, 0x000000077cb80000, 0x00000007c0000000)
  eden space 235008K, 0% used [0x000000076b980000,0x000000076b980000,0x0000000779f00000)
  from space 9728K, 96% used [0x000000077c200000,0x000000077cb29698,0x000000077cb80000)
  to   space 10752K, 0% used [0x000000077b680000,0x000000077b680000,0x000000077c100000)
 ParOldGen       total 377856K, used 286012K [0x00000006c2c00000, 0x00000006d9d00000, 0x000000076b980000)
  object space 377856K, 75% used [0x00000006c2c00000,0x00000006d434f290,0x00000006d9d00000)
 Metaspace       used 10478K, capacity 10878K, committed 11136K, reserved 1058816K
  class space    used 1467K, capacity 1571K, committed 1664K, reserved 1048576K
}
Event: 1.405 GC heap before
{Heap before GC invocations=6 (full 2):
 PSYoungGen      total 244736K, used 9381K [0x000000076b980000, 0x000000077cb80000, 0x00000007c0000000)
  eden space 235008K, 0% used [0x000000076b980000,0x000000076b980000,0x0000000779f00000)
  from space 9728K, 96% used [0x000000077c200000,0x000000077cb29698,0x000000077cb80000)
  to   space 10752K, 0% used [0x000000077b680000,0x000000077b680000,0x000000077c100000)
 ParOldGen       total 377856K, used 286012K [0x00000006c2c00000, 0x00000006d9d00000, 0x000000076b980000)
  object space 377856K, 75% used [0x00000006c2c00000,0x00000006d434f290,0x00000006d9d00000)
 Metaspace       used 10478K, capacity 10878K, committed 11136K, reserved 1058816K
  class space    used 1467K, capacity 1571K, committed 1664K, reserved 1048576K
Event: 1.447 GC heap after
Heap after GC invocations=6 (full 2):
 PSYoungGen      total 244736K, used 0K [0x000000076b980000, 0x000000077cb80000, 0x00000007c0000000)
  eden space 235008K, 0% used [0x000000076b980000,0x000000076b980000,0x0000000779f00000)
  from space 9728K, 0% used [0x000000077c200000,0x000000077c200000,0x000000077cb80000)
  to   space 10752K, 0% used [0x000000077b680000,0x000000077b680000,0x000000077c100000)
 ParOldGen       total 541184K, used 293855K [0x00000006c2c00000, 0x00000006e3c80000, 0x000000076b980000)
  object space 541184K, 54% used [0x00000006c2c00000,0x00000006d4af7de8,0x00000006e3c80000)
 Metaspace       used 10478K, capacity 10878K, committed 11136K, reserved 1058816K
  class space    used 1467K, capacity 1571K, committed 1664K, reserved 1048576K
}
Event: 1.910 GC heap before
{Heap before GC invocations=7 (full 2):
 PSYoungGen      total 244736K, used 233278K [0x000000076b980000, 0x000000077cb80000, 0x00000007c0000000)
  eden space 235008K, 99% used [0x000000076b980000,0x0000000779d4f9d0,0x0000000779f00000)
  from space 9728K, 0% used [0x000000077c200000,0x000000077c200000,0x000000077cb80000)
  to   space 10752K, 0% used [0x000000077b680000,0x000000077b680000,0x000000077c100000)
 ParOldGen       total 541184K, used 293855K [0x00000006c2c00000, 0x00000006e3c80000, 0x000000076b980000)
  object space 541184K, 54% used [0x00000006c2c00000,0x00000006d4af7de8,0x00000006e3c80000)
 Metaspace       used 10559K, capacity 10914K, committed 11136K, reserved 1058816K
  class space    used 1488K, capacity 1607K, committed 1664K, reserved 1048576K
Event: 2.122 GC heap after
Heap after GC invocations=7 (full 2):
 PSYoungGen      total 269824K, used 3754K [0x000000076b980000, 0x0000000786800000, 0x00000007c0000000)
  eden space 259072K, 0% used [0x000000076b980000,0x000000076b980000,0x000000077b680000)
  from space 10752K, 34% used [0x000000077b680000,0x000000077ba2a910,0x000000077c100000)
  to   space 12800K, 0% used [0x0000000785b80000,0x0000000785b80000,0x0000000786800000)
 ParOldGen       total 541184K, used 419588K [0x00000006c2c00000, 0x00000006e3c80000, 0x000000076b980000)
  object space 541184K, 77% used [0x00000006c2c00000,0x00000006dc5c1248,0x00000006e3c80000)
 Metaspace       used 10559K, capacity 10914K, committed 11136K, reserved 1058816K
  class space    used 1488K, capacity 1607K, committed 1664K, reserved 1048576K
}
Event: 2.122 GC heap before
{Heap before GC invocations=8 (full 3):
 PSYoungGen      total 269824K, used 3754K [0x000000076b980000, 0x0000000786800000, 0x00000007c0000000)
  eden space 259072K, 0% used [0x000000076b980000,0x000000076b980000,0x000000077b680000)
  from space 10752K, 34% used [0x000000077b680000,0x000000077ba2a910,0x000000077c100000)
  to   space 12800K, 0% used [0x0000000785b80000,0x0000000785b80000,0x0000000786800000)
 ParOldGen       total 541184K, used 419588K [0x00000006c2c00000, 0x00000006e3c80000, 0x000000076b980000)
  object space 541184K, 77% used [0x00000006c2c00000,0x00000006dc5c1248,0x00000006e3c80000)
 Metaspace       used 10559K, capacity 10914K, committed 11136K, reserved 1058816K
  class space    used 1488K, capacity 1607K, committed 1664K, reserved 1048576K
Event: 2.157 GC heap after
Heap after GC invocations=8 (full 3):
 PSYoungGen      total 269824K, used 0K [0x000000076b980000, 0x0000000786800000, 0x00000007c0000000)
  eden space 259072K, 0% used [0x000000076b980000,0x000000076b980000,0x000000077b680000)
  from space 10752K, 0% used [0x000000077b680000,0x000000077b680000,0x000000077c100000)
  to   space 12800K, 0% used [0x0000000785b80000,0x0000000785b80000,0x0000000786800000)
 ParOldGen       total 541184K, used 421720K [0x00000006c2c00000, 0x00000006e3c80000, 0x000000076b980000)
  object space 541184K, 77% used [0x00000006c2c00000,0x00000006dc7d6230,0x00000006e3c80000)
 Metaspace       used 10559K, capacity 10914K, committed 11136K, reserved 1058816K
  class space    used 1488K, capacity 1607K, committed 1664K, reserved 1048576K
}
Event: 35.482 GC heap before
{Heap before GC invocations=9 (full 4):
 PSYoungGen      total 269824K, used 249117K [0x000000076b980000, 0x0000000786800000, 0x00000007c0000000)
  eden space 259072K, 96% used [0x000000076b980000,0x000000077acc77f0,0x000000077b680000)
  from space 10752K, 0% used [0x000000077b680000,0x000000077b680000,0x000000077c100000)
  to   space 12800K, 0% used [0x0000000785b80000,0x0000000785b80000,0x0000000786800000)
 ParOldGen       total 541184K, used 421720K [0x00000006c2c00000, 0x00000006e3c80000, 0x000000076b980000)
  object space 541184K, 77% used [0x00000006c2c00000,0x00000006dc7d6230,0x00000006e3c80000)
 Metaspace       used 13581K, capacity 14134K, committed 14336K, reserved 1060864K
  class space    used 1825K, capacity 1995K, committed 2048K, reserved 1048576K
Event: 35.528 GC heap after
Heap after GC invocations=9 (full 4):
 PSYoungGen      total 269824K, used 0K [0x000000076b980000, 0x0000000786800000, 0x00000007c0000000)
  eden space 259072K, 0% used [0x000000076b980000,0x000000076b980000,0x000000077b680000)
  from space 10752K, 0% used [0x000000077b680000,0x000000077b680000,0x000000077c100000)
  to   space 12800K, 0% used [0x0000000785b80000,0x0000000785b80000,0x0000000786800000)
 ParOldGen       total 520192K, used 227971K [0x00000006c2c00000, 0x00000006e2800000, 0x000000076b980000)
  object space 520192K, 43% used [0x00000006c2c00000,0x00000006d0aa0c00,0x00000006e2800000)
 Metaspace       used 13581K, capacity 14134K, committed 14336K, reserved 1060864K
  class space    used 1825K, capacity 1995K, committed 2048K, reserved 1048576K
}

Deoptimization events (10 events):
Event: 2.243 Thread 0x0000027802999800 Uncommon trap: reason=class_check action=maybe_recompile pc=0x0000027866e4f100 method=java.lang.String.equals(Ljava/lang/Object;)Z @ 8
Event: 2.244 Thread 0x0000027802999800 Uncommon trap: reason=class_check action=maybe_recompile pc=0x0000027866e4f100 method=java.lang.String.equals(Ljava/lang/Object;)Z @ 8
Event: 2.288 Thread 0x0000027802999800 Uncommon trap: reason=unstable_if action=reinterpret pc=0x000002786706d958 method=jdk.internal.org.objectweb.asm.Type.getArgumentsAndReturnSizes(Ljava/lang/String;)I @ 47
Event: 26.384 Thread 0x0000027802999800 Uncommon trap: reason=unstable_if action=reinterpret pc=0x00000278671d1f58 method=com.sun.scenario.animation.shared.InfiniteClipEnvelope.timePulse(J)V @ 245
Event: 35.073 Thread 0x0000027802999800 Uncommon trap: reason=unstable_if action=reinterpret pc=0x00000278671d9714 method=com.sun.scenario.animation.shared.TimelineClipCore.playTo(J)V @ 4
Event: 35.074 Thread 0x0000027802992000 Uncommon trap: reason=unstable_if action=reinterpret pc=0x00000278671f62ec method=com.sun.prism.impl.BaseContext.flushMask()V @ 11
Event: 35.320 Thread 0x0000027802999800 Uncommon trap: reason=unstable_if action=reinterpret pc=0x00000278672cba04 method=javafx.geometry.Rectangle2D.intersects(Ljavafx/geometry/Rectangle2D;)Z @ 51
Event: 35.412 Thread 0x0000027802999800 Uncommon trap: reason=unstable_if action=reinterpret pc=0x00000278672ac5d0 method=java.util.ArrayList$Itr.checkForComodification()V @ 11
Event: 35.428 Thread 0x0000027802999800 Uncommon trap: reason=unstable_if action=reinterpret pc=0x00000278672bf3d0 method=javafx.geometry.Rectangle2D.intersects(Ljavafx/geometry/Rectangle2D;)Z @ 51
Event: 35.579 Thread 0x0000027802992000 Uncommon trap: reason=unstable_if action=reinterpret pc=0x0000027867143c54 method=java.util.WeakHashMap.expungeStaleEntries()V @ 9

Classes redefined (0 events):
No events

Internal exceptions (10 events):
Event: 35.411 Thread 0x0000027802992000 Implicit null exception at 0x00000278672b4fa4 to 0x00000278672b812f
Event: 35.411 Thread 0x0000027802992000 Exception <a 'java/lang/NullPointerException'> (0x000000076d172808) thrown at [C:\jenkins\workspace\8-2-build-windows-amd64-cygwin\jdk8u261\295\hotspot\src\share\vm\runtime\sharedRuntime.cpp, line 605]
Event: 35.412 Thread 0x0000027802999800 Exception <a 'java/util/ConcurrentModificationException'> (0x0000000770d577c8) thrown at [C:\jenkins\workspace\8-2-build-windows-amd64-cygwin\jdk8u261\295\hotspot\src\share\vm\prims\jvm.cpp, line 1516]
Event: 35.426 Thread 0x0000027802992000 Implicit null exception at 0x00000278672b4fa4 to 0x00000278672b812f
Event: 35.426 Thread 0x0000027802992000 Exception <a 'java/lang/NullPointerException'> (0x000000076d178308) thrown at [C:\jenkins\workspace\8-2-build-windows-amd64-cygwin\jdk8u261\295\hotspot\src\share\vm\runtime\sharedRuntime.cpp, line 605]
Event: 35.428 Thread 0x0000027802992000 Implicit null exception at 0x00000278672b4fa4 to 0x00000278672b812f
Event: 35.428 Thread 0x0000027802992000 Exception <a 'java/lang/NullPointerException'> (0x000000076d17de08) thrown at [C:\jenkins\workspace\8-2-build-windows-amd64-cygwin\jdk8u261\295\hotspot\src\share\vm\runtime\sharedRuntime.cpp, line 605]
Event: 35.580 Thread 0x0000027802992000 Implicit null exception at 0x00000278672b4fa4 to 0x00000278672b812f
Event: 35.580 Thread 0x0000027802992000 Exception <a 'java/lang/NullPointerException'> (0x000000076f80b830) thrown at [C:\jenkins\workspace\8-2-build-windows-amd64-cygwin\jdk8u261\295\hotspot\src\share\vm\runtime\sharedRuntime.cpp, line 605]
Event: 35.581 Thread 0x0000027802999800 Exception <a 'java/util/ConcurrentModificationException'> (0x000000076c9f6980) thrown at [C:\jenkins\workspace\8-2-build-windows-amd64-cygwin\jdk8u261\295\hotspot\src\share\vm\prims\jvm.cpp, line 1516]

Events (10 events):
Event: 35.428 Thread 0x0000027802999800 Uncommon trap: trap_request=0xffffff65 fr.pc=0x00000278672bf3d0
Event: 35.428 Thread 0x0000027802999800 DEOPT PACKING pc=0x00000278672bf3d0 sp=0x000000a49a0fd790
Event: 35.428 Thread 0x0000027802999800 DEOPT UNPACKING pc=0x0000027866d75843 sp=0x000000a49a0fd728 mode 2
Event: 35.482 Executing VM operation: ParallelGCFailedAllocation
Event: 35.528 Executing VM operation: ParallelGCFailedAllocation done
Event: 35.528 Executing VM operation: RevokeBias
Event: 35.535 Executing VM operation: RevokeBias done
Event: 35.579 Thread 0x0000027802992000 Uncommon trap: trap_request=0xffffff65 fr.pc=0x0000027867143c54
Event: 35.579 Thread 0x0000027802992000 DEOPT PACKING pc=0x0000027867143c54 sp=0x000000a499dfe490
Event: 35.579 Thread 0x0000027802992000 DEOPT UNPACKING pc=0x0000027866d75843 sp=0x000000a499dfe430 mode 2


Dynamic libraries:
0x00007ff750670000 - 0x00007ff7506b7000 	C:\Program Files\Java\jre1.8.0_261\bin\javaw.exe
0x00007ffffc060000 - 0x00007ffffc269000 	C:\WINDOWS\SYSTEM32\ntdll.dll
0x00007ffffae20000 - 0x00007ffffaede000 	C:\WINDOWS\System32\KERNEL32.DLL
0x00007ffff9760000 - 0x00007ffff9adb000 	C:\WINDOWS\System32\KERNELBASE.dll
0x00007ffffa730000 - 0x00007ffffa7de000 	C:\WINDOWS\System32\ADVAPI32.dll
0x00007ffffa3b0000 - 0x00007ffffa453000 	C:\WINDOWS\System32\msvcrt.dll
0x00007ffffa5c0000 - 0x00007ffffa65e000 	C:\WINDOWS\System32\sechost.dll
0x00007ffffb490000 - 0x00007ffffb5b0000 	C:\WINDOWS\System32\RPCRT4.dll
0x00007ffffab80000 - 0x00007ffffad2d000 	C:\WINDOWS\System32\USER32.dll
0x00007ffff9c00000 - 0x00007ffff9c26000 	C:\WINDOWS\System32\win32u.dll
0x00007ffffb070000 - 0x00007ffffb099000 	C:\WINDOWS\System32\GDI32.dll
0x00007ffff9c30000 - 0x00007ffff9d48000 	C:\WINDOWS\System32\gdi32full.dll
0x00007ffff9b60000 - 0x00007ffff9bfd000 	C:\WINDOWS\System32\msvcp_win.dll
0x00007ffff9dc0000 - 0x00007ffff9ed1000 	C:\WINDOWS\System32\ucrtbase.dll
0x00007fffdc480000 - 0x00007fffdc725000 	C:\WINDOWS\WinSxS\amd64_microsoft.windows.common-controls_6595b64144ccf1df_6.0.22000.120_none_9d947278b86cc467\COMCTL32.dll
0x00007ffffaee0000 - 0x00007ffffaf12000 	C:\WINDOWS\System32\IMM32.DLL
0x00007fffcdcd0000 - 0x00007fffcdce5000 	C:\Program Files\Java\jre1.8.0_261\bin\vcruntime140.dll
0x00007fffbe510000 - 0x00007fffbe5ab000 	C:\Program Files\Java\jre1.8.0_261\bin\msvcp140.dll
0x000000006b1b0000 - 0x000000006ba1c000 	C:\Program Files\Java\jre1.8.0_261\bin\server\jvm.dll
0x00007ffffb060000 - 0x00007ffffb068000 	C:\WINDOWS\System32\PSAPI.DLL
0x00007fffe7db0000 - 0x00007fffe7db9000 	C:\WINDOWS\SYSTEM32\WSOCK32.dll
0x00007ffff4310000 - 0x00007ffff431a000 	C:\WINDOWS\SYSTEM32\VERSION.dll
0x00007fffe8e50000 - 0x00007fffe8e83000 	C:\WINDOWS\SYSTEM32\WINMM.dll
0x00007ffffa460000 - 0x00007ffffa4cf000 	C:\WINDOWS\System32\WS2_32.dll
0x00007ffff8660000 - 0x00007ffff8678000 	C:\WINDOWS\SYSTEM32\kernel.appcore.dll
0x00007fffe7da0000 - 0x00007fffe7db0000 	C:\Program Files\Java\jre1.8.0_261\bin\verify.dll
0x00007fffe79a0000 - 0x00007fffe79cb000 	C:\Program Files\Java\jre1.8.0_261\bin\java.dll
0x00007fffe4930000 - 0x00007fffe4948000 	C:\Program Files\Java\jre1.8.0_261\bin\zip.dll
0x00007ffffb6b0000 - 0x00007ffffbe67000 	C:\WINDOWS\System32\SHELL32.dll
0x00007ffff75f0000 - 0x00007ffff7e55000 	C:\WINDOWS\SYSTEM32\windows.storage.dll
0x00007ffffa7e0000 - 0x00007ffffab58000 	C:\WINDOWS\System32\combase.dll
0x00007ffff7480000 - 0x00007ffff75e6000 	C:\WINDOWS\SYSTEM32\wintypes.dll
0x00007ffffad30000 - 0x00007ffffae1a000 	C:\WINDOWS\System32\SHCORE.dll
0x00007ffffa350000 - 0x00007ffffa3ad000 	C:\WINDOWS\System32\shlwapi.dll
0x00007ffff9460000 - 0x00007ffff9481000 	C:\WINDOWS\SYSTEM32\profapi.dll
0x000002787ff30000 - 0x000002787ff33000 	C:\Program Files\Java\jre1.8.0_261\bin\api-ms-win-core-console-l1-1-0.dll
0x000002787ff40000 - 0x000002787ff43000 	C:\Program Files\Java\jre1.8.0_261\bin\api-ms-win-core-datetime-l1-1-0.dll
0x000002787ff50000 - 0x000002787ff53000 	C:\Program Files\Java\jre1.8.0_261\bin\api-ms-win-core-debug-l1-1-0.dll
0x000002787ff60000 - 0x000002787ff63000 	C:\Program Files\Java\jre1.8.0_261\bin\api-ms-win-core-errorhandling-l1-1-0.dll
0x000002787ff70000 - 0x000002787ff74000 	C:\Program Files\Java\jre1.8.0_261\bin\api-ms-win-core-file-l1-1-0.dll
0x000002787ff80000 - 0x000002787ff83000 	C:\Program Files\Java\jre1.8.0_261\bin\api-ms-win-core-file-l1-2-0.dll
0x000002787ff90000 - 0x000002787ff93000 	C:\Program Files\Java\jre1.8.0_261\bin\api-ms-win-core-file-l2-1-0.dll
0x000002787ffa0000 - 0x000002787ffa3000 	C:\Program Files\Java\jre1.8.0_261\bin\api-ms-win-core-handle-l1-1-0.dll
0x000002787ffb0000 - 0x000002787ffb3000 	C:\Program Files\Java\jre1.8.0_261\bin\api-ms-win-core-heap-l1-1-0.dll
0x000002787ffc0000 - 0x000002787ffc3000 	C:\Program Files\Java\jre1.8.0_261\bin\api-ms-win-core-interlocked-l1-1-0.dll
0x000002787ffd0000 - 0x000002787ffd3000 	C:\Program Files\Java\jre1.8.0_261\bin\api-ms-win-core-libraryloader-l1-1-0.dll
0x000002787ffe0000 - 0x000002787ffe3000 	C:\Program Files\Java\jre1.8.0_261\bin\api-ms-win-core-localization-l1-2-0.dll
0x000002787fff0000 - 0x000002787fff3000 	C:\Program Files\Java\jre1.8.0_261\bin\api-ms-win-core-memory-l1-1-0.dll
0x0000027803130000 - 0x0000027803133000 	C:\Program Files\Java\jre1.8.0_261\bin\api-ms-win-core-namedpipe-l1-1-0.dll
0x0000027803140000 - 0x0000027803143000 	C:\Program Files\Java\jre1.8.0_261\bin\api-ms-win-core-processenvironment-l1-1-0.dll
0x0000027803150000 - 0x0000027803153000 	C:\Program Files\Java\jre1.8.0_261\bin\api-ms-win-core-processthreads-l1-1-0.dll
0x0000027803160000 - 0x0000027803163000 	C:\Program Files\Java\jre1.8.0_261\bin\api-ms-win-core-processthreads-l1-1-1.dll
0x0000027803170000 - 0x0000027803173000 	C:\Program Files\Java\jre1.8.0_261\bin\api-ms-win-core-profile-l1-1-0.dll
0x0000027803180000 - 0x0000027803183000 	C:\Program Files\Java\jre1.8.0_261\bin\api-ms-win-core-rtlsupport-l1-1-0.dll
0x0000027803190000 - 0x0000027803193000 	C:\Program Files\Java\jre1.8.0_261\bin\api-ms-win-core-string-l1-1-0.dll
0x00000278031a0000 - 0x00000278031a3000 	C:\Program Files\Java\jre1.8.0_261\bin\api-ms-win-core-synch-l1-1-0.dll
0x00000278031b0000 - 0x00000278031b3000 	C:\Program Files\Java\jre1.8.0_261\bin\api-ms-win-core-synch-l1-2-0.dll
0x00000278031c0000 - 0x00000278031c3000 	C:\Program Files\Java\jre1.8.0_261\bin\api-ms-win-core-sysinfo-l1-1-0.dll
0x00000278031d0000 - 0x00000278031d3000 	C:\Program Files\Java\jre1.8.0_261\bin\api-ms-win-core-timezone-l1-1-0.dll
0x00000278031e0000 - 0x00000278031e3000 	C:\Program Files\Java\jre1.8.0_261\bin\api-ms-win-core-util-l1-1-0.dll
0x00000278031f0000 - 0x00000278031f3000 	C:\Program Files\Java\jre1.8.0_261\bin\api-ms-win-crt-conio-l1-1-0.dll
0x0000027803200000 - 0x0000027803204000 	C:\Program Files\Java\jre1.8.0_261\bin\api-ms-win-crt-convert-l1-1-0.dll
0x0000027803210000 - 0x0000027803213000 	C:\Program Files\Java\jre1.8.0_261\bin\api-ms-win-crt-environment-l1-1-0.dll
0x0000027803220000 - 0x0000027803223000 	C:\Program Files\Java\jre1.8.0_261\bin\api-ms-win-crt-filesystem-l1-1-0.dll
0x0000027803230000 - 0x0000027803233000 	C:\Program Files\Java\jre1.8.0_261\bin\api-ms-win-crt-heap-l1-1-0.dll
0x0000027803240000 - 0x0000027803243000 	C:\Program Files\Java\jre1.8.0_261\bin\api-ms-win-crt-locale-l1-1-0.dll
0x0000027803250000 - 0x0000027803255000 	C:\Program Files\Java\jre1.8.0_261\bin\api-ms-win-crt-math-l1-1-0.dll
0x0000027803260000 - 0x0000027803265000 	C:\Program Files\Java\jre1.8.0_261\bin\api-ms-win-crt-multibyte-l1-1-0.dll
0x0000027803270000 - 0x0000027803280000 	C:\Program Files\Java\jre1.8.0_261\bin\api-ms-win-crt-private-l1-1-0.dll
0x0000027803280000 - 0x0000027803283000 	C:\Program Files\Java\jre1.8.0_261\bin\api-ms-win-crt-process-l1-1-0.dll
0x0000027803290000 - 0x0000027803294000 	C:\Program Files\Java\jre1.8.0_261\bin\api-ms-win-crt-runtime-l1-1-0.dll
0x00000278032a0000 - 0x00000278032a4000 	C:\Program Files\Java\jre1.8.0_261\bin\api-ms-win-crt-stdio-l1-1-0.dll
0x00000278032b0000 - 0x00000278032b4000 	C:\Program Files\Java\jre1.8.0_261\bin\api-ms-win-crt-string-l1-1-0.dll
0x00000278032c0000 - 0x00000278032c3000 	C:\Program Files\Java\jre1.8.0_261\bin\api-ms-win-crt-time-l1-1-0.dll
0x00000278032d0000 - 0x00000278032d3000 	C:\Program Files\Java\jre1.8.0_261\bin\api-ms-win-crt-utility-l1-1-0.dll
0x00007fffba090000 - 0x00007fffba18c000 	C:\Program Files\Java\jre1.8.0_261\bin\ucrtbase.dll
0x00007fffbc300000 - 0x00007fffbc351000 	C:\Program Files\Java\jre1.8.0_261\bin\concrt140.dll
0x00007fffcb520000 - 0x00007fffcb543000 	C:\Program Files\Java\jre1.8.0_261\bin\prism_d3d.dll
0x00007fffdc2d0000 - 0x00007fffdc476000 	C:\WINDOWS\system32\d3d9.dll
0x00007ffff6fb0000 - 0x00007ffff6fdf000 	C:\WINDOWS\SYSTEM32\dwmapi.dll
0x00007ffff6df0000 - 0x00007ffff6e28000 	C:\WINDOWS\SYSTEM32\dxcore.dll
0x00007ffff6b40000 - 0x00007ffff6bec000 	C:\WINDOWS\system32\uxtheme.dll
0x00007ffff2ce0000 - 0x00007ffff2d24000 	C:\WINDOWS\SYSTEM32\directxdatabasehelper.dll
0x00007ffff8680000 - 0x00007ffff86b4000 	C:\WINDOWS\SYSTEM32\ntmarta.dll
0x00007ffff8dc0000 - 0x00007ffff8dd2000 	C:\WINDOWS\SYSTEM32\msasn1.dll
0x00007ffff14b0000 - 0x00007ffff14e1000 	C:\WINDOWS\SYSTEM32\cryptnet.dll
0x00007ffff9530000 - 0x00007ffff9692000 	C:\WINDOWS\System32\CRYPT32.dll
0x00007ffff8d50000 - 0x00007ffff8d5c000 	C:\WINDOWS\SYSTEM32\cryptbase.dll
0x00007ffff9d50000 - 0x00007ffff9db8000 	C:\WINDOWS\System32\WINTRUST.DLL
0x00007ffffb5b0000 - 0x00007ffffb5cf000 	C:\WINDOWS\System32\imagehlp.dll
0x00007ffff8d30000 - 0x00007ffff8d48000 	C:\WINDOWS\SYSTEM32\CRYPTSP.dll
0x00007ffff85c0000 - 0x00007ffff85f5000 	C:\WINDOWS\system32\rsaenh.dll
0x00007ffff9ae0000 - 0x00007ffff9b5f000 	C:\WINDOWS\System32\bcryptPrimitives.dll
0x00007ffff8f10000 - 0x00007ffff8f37000 	C:\WINDOWS\SYSTEM32\bcrypt.dll
0x00007fffbc180000 - 0x00007fffbc1c5000 	C:\Program Files\Java\jre1.8.0_261\bin\glass.dll
0x00007ffffa4d0000 - 0x00007ffffa5bc000 	C:\WINDOWS\System32\COMDLG32.dll
0x00007ffffbe80000 - 0x00007ffffc01a000 	C:\WINDOWS\System32\ole32.dll
0x00007ffffaf80000 - 0x00007ffffb056000 	C:\WINDOWS\System32\OLEAUT32.dll
0x00007fff9b270000 - 0x00007fff9b3a9000 	C:\ProgramData\A-Volute\A-Volute.Nahimic\Modules\Scheduled\x64\AudioDevProps2.dll
0x00007ffffb260000 - 0x00007ffffb37d000 	C:\WINDOWS\System32\MSCTF.dll
0x00007fffb1e90000 - 0x00007fffb1fa7000 	C:\WINDOWS\System32\DriverStore\FileRepository\nvmii.inf_amd64_417542b70c8bb20a\nvldumdx.dll
0x00007ffff1360000 - 0x00007ffff14a9000 	C:\WINDOWS\SYSTEM32\drvstore.dll
0x00007ffff9270000 - 0x00007ffff929c000 	C:\WINDOWS\SYSTEM32\devobj.dll
0x00007ffff9220000 - 0x00007ffff926c000 	C:\WINDOWS\SYSTEM32\cfgmgr32.dll
0x00007ffff8e50000 - 0x00007ffff8e91000 	C:\WINDOWS\SYSTEM32\wldp.dll
0x00007fff860d0000 - 0x00007fff878da000 	C:\WINDOWS\System32\DriverStore\FileRepository\nvmii.inf_amd64_417542b70c8bb20a\nvd3dumx.dll
0x00007fffa6fb0000 - 0x00007fffa7277000 	C:\WINDOWS\system32\nvspcap64.dll
0x00007ffff8b70000 - 0x00007ffff8b94000 	C:\WINDOWS\SYSTEM32\gpapi.dll
0x00007fff9c300000 - 0x00007fff9c4af000 	C:\WINDOWS\System32\DriverStore\FileRepository\iigd_dch.inf_amd64_51f685305808e3a5\igdumdim64.dll
0x00007fff937c0000 - 0x00007fff96863000 	C:\WINDOWS\System32\DriverStore\FileRepository\iigd_dch.inf_amd64_51f685305808e3a5\igd9dxva64.dll
0x00007ffff9ee0000 - 0x00007ffffa34c000 	C:\WINDOWS\System32\SETUPAPI.dll
0x00007fffed990000 - 0x00007fffedd99000 	C:\WINDOWS\System32\DriverStore\FileRepository\iigd_dch.inf_amd64_51f685305808e3a5\igdgmm64.dll
0x00007fff87ce0000 - 0x00007fff87d07000 	C:\WINDOWS\System32\DriverStore\FileRepository\iigd_dch.inf_amd64_51f685305808e3a5\igdinfo64.dll
0x00007fffe9740000 - 0x00007fffeced4000 	C:\WINDOWS\System32\DriverStore\FileRepository\iigd_dch.inf_amd64_51f685305808e3a5\igc64.dll
0x00007fffc8660000 - 0x00007fffc8674000 	C:\Program Files\Java\jre1.8.0_261\bin\javafx_font.dll
0x00007fffc4bd0000 - 0x00007fffc4e2f000 	C:\WINDOWS\SYSTEM32\dwrite.dll
0x00007ffffb5d0000 - 0x00007ffffb685000 	C:\WINDOWS\System32\clbcatq.dll
0x00007ffff07d0000 - 0x00007ffff097e000 	C:\WINDOWS\SYSTEM32\WindowsCodecs.dll
0x00007fffc3f70000 - 0x00007fffc3fcd000 	C:\WINDOWS\system32\dataexchange.dll
0x00007fffefd50000 - 0x00007fffeffb6000 	C:\WINDOWS\system32\twinapi.appcore.dll
0x00007ffff5d90000 - 0x00007ffff5dc2000 	C:\Program Files\Common Files\Microsoft Shared\Ink\rtscom.dll
0x00007fffcbf50000 - 0x00007fffcc07d000 	C:\WINDOWS\SYSTEM32\textinputframework.dll
0x00007ffff6750000 - 0x00007ffff6881000 	C:\WINDOWS\SYSTEM32\CoreMessaging.dll
0x00007ffff23d0000 - 0x00007ffff273d000 	C:\WINDOWS\SYSTEM32\CoreUIComponents.dll
0x00007fffc4170000 - 0x00007fffc421e000 	C:\WINDOWS\SYSTEM32\TextShaping.dll
0x00007fffc1fe0000 - 0x00007fffc1ff2000 	C:\Program Files\Java\jre1.8.0_261\bin\prism_common.dll
0x00007ffff38b0000 - 0x00007ffff3e68000 	C:\WINDOWS\SYSTEM32\d2d1.dll
0x00007ffff1c50000 - 0x00007ffff1ed0000 	C:\WINDOWS\SYSTEM32\d3d11.dll

VM Arguments:
jvm_args: -Dfile.encoding=Cp1252 
java_command: miniprojtemplate.Main
java_class_path (initial): C:\Users\innoj\workspace\MiniProject (2).zip_expanded\MiniProject\bin;C:\Users\innoj\Desktop\Inno_general files\java\eclipse\plugins\org.eclipse.fx.ide.css.jfx8_2.4.0.201605112122.jar
Launcher Type: SUN_STANDARD

Environment Variables:
PATH=C:/Program Files/Java/jre1.8.0_261/bin/server;C:/Program Files/Java/jre1.8.0_261/bin;C:/Program Files/Java/jre1.8.0_261/lib/amd64;C:\Program Files (x86)\Common Files\Oracle\Java\javapath;C:\Windows\system32;C:\Windows;C:\Windows\System32\Wbem;C:\Windows\System32\WindowsPowerShell\v1.0\;C:\Windows\System32\OpenSSH\;C:\WINDOWS\system32;C:\WINDOWS;C:\WINDOWS\System32\Wbem;C:\WINDOWS\System32\WindowsPowerShell\v1.0\;C:\WINDOWS\System32\OpenSSH\;C:\Program Files\NVIDIA Corporation\NVIDIA NvDLISR;C:\Program Files (x86)\NVIDIA Corporation\PhysX\Common;C:\Program Files\Java\jdk1.8.0_261\bin;C:\Program Files\dotnet\;C:\Users\innoj\AppData\Local\Programs\Python\Python310\Scripts\;C:\Users\innoj\AppData\Local\Programs\Python\Python310\;C:\Users\innoj\AppData\Local\Microsoft\WindowsApps;C:\Users\innoj\AppData\Local\atom\bin;C:\Users\innoj\AppData\Local\Programs\Microsoft VS Code\bin;C:\MinGW\bin;;C:\Users\innoj\Desktop\Inno_general files\java\eclipse;
USERNAME=innoj
OS=Windows_NT
PROCESSOR_IDENTIFIER=Intel64 Family 6 Model 165 Stepping 2, GenuineIntel



---------------  S Y S T E M  ---------------

OS: Windows 10.0 , 64 bit Build 22000 (10.0.22000.1335)

CPU:total 12 (initial active 12) (6 cores per cpu, 2 threads per core) family 6 model 165 stepping 2, cmov, cx8, fxsr, mmx, sse, sse2, sse3, ssse3, sse4.1, sse4.2, popcnt, avx, avx2, aes, clmul, erms, 3dnowpref, lzcnt, ht, tsc, tscinvbit, bmi1, bmi2, adx

Memory: 4k page, physical 16594732k(4656136k free), swap 66926380k(5148k free)

vm_info: Java HotSpot(TM) 64-Bit Server VM (25.261-b12) for windows-amd64 JRE (1.8.0_261-b12), built on Jun 18 2020 06:56:32 by "" with unknown MS VC++:1916

time: Sun Jan  8 22:29:18 2023
timezone: Malay Peninsula Standard Time
elapsed time: 35 seconds (0d 0h 0m 35s)

