#
# There is insufficient memory for the Java Runtime Environment to continue.
# Native memory allocation (malloc) failed to allocate 1018576 bytes for Chunk::new
# Possible reasons:
#   The system is out of physical RAM or swap space
#   The process is running with CompressedOops enabled, and the Java Heap may be blocking the growth of the native heap
# Possible solutions:
#   Reduce memory load on the system
#   Increase physical memory or swap space
#   Check if swap backing store is full
#   Decrease Java heap size (-Xmx/-Xms)
#   Decrease number of Java threads
#   Decrease Java thread stack sizes (-Xss)
#   Set larger code cache with -XX:ReservedCodeCacheSize=
#   JVM is running with Zero Based Compressed Oops mode in which the Java heap is
#     placed in the first 32GB address space. The Java Heap base address is the
#     maximum limit for the native heap growth. Please use -XX:HeapBaseMinAddress
#     to set the Java Heap base and to place the Java Heap above 32GB virtual address.
# This output file may be truncated or incomplete.
#
#  Out of Memory Error (allocation.cpp:389), pid=15816, tid=0x0000000000000f3c
#
# JRE version: Java(TM) SE Runtime Environment (8.0_261-b12) (build 1.8.0_261-b12)
# Java VM: Java HotSpot(TM) 64-Bit Server VM (25.261-b12 mixed mode windows-amd64 compressed oops)
# Failed to write core dump. Minidumps are not enabled by default on client versions of Windows
#

---------------  T H R E A D  ---------------

Current thread (0x0000024b2f1b2000):  JavaThread "C2 CompilerThread2" daemon [_thread_in_native, id=3900, stack(0x00000084d8000000,0x00000084d8100000)]

Stack: [0x00000084d8000000,0x00000084d8100000]
Native frames: (J=compiled Java code, j=interpreted, Vv=VM code, C=native code)
V  [jvm.dll+0x33e5f9]
V  [jvm.dll+0x2850e2]
V  [jvm.dll+0x285d8d]
V  [jvm.dll+0x27c895]
V  [jvm.dll+0xe4d6c]
V  [jvm.dll+0xe556c]
V  [jvm.dll+0x47ece3]
V  [jvm.dll+0x446900]
V  [jvm.dll+0x44f8f5]
V  [jvm.dll+0x44ecb5]
V  [jvm.dll+0x439bc7]
V  [jvm.dll+0xbbbcb]
V  [jvm.dll+0xba22b]
V  [jvm.dll+0x24d962]
V  [jvm.dll+0x2a1cfc]
C  [ucrtbase.dll+0x26c0c]
C  [KERNEL32.DLL+0x155a0]
C  [ntdll.dll+0x485b]


Current CompileTask:
C2:   4225 1590 %     4       miniprojtemplate.GameTimer::handle @ 151 (428 bytes)


---------------  P R O C E S S  ---------------

Java Threads: ( => current thread )
  0x0000024b3a039000 JavaThread "Prism Font Disposer" daemon [_thread_blocked, id=16304, stack(0x00000084da300000,0x00000084da400000)]
  0x0000024b3a040000 JavaThread "Thread-23" [_thread_blocked, id=7916, stack(0x00000084d9f00000,0x00000084da000000)]
  0x0000024b3a03c000 JavaThread "Thread-22" [_thread_blocked, id=26580, stack(0x00000084d9e00000,0x00000084d9f00000)]
  0x0000024b3a03a000 JavaThread "Thread-21" [_thread_blocked, id=10452, stack(0x00000084d9d00000,0x00000084d9e00000)]
  0x0000024b3a038800 JavaThread "Thread-20" [_thread_blocked, id=17156, stack(0x00000084d9c00000,0x00000084d9d00000)]
  0x0000024b3a03d000 JavaThread "Thread-19" [_thread_blocked, id=22444, stack(0x00000084d9b00000,0x00000084d9c00000)]
  0x0000024b3a03e800 JavaThread "Thread-18" [_thread_blocked, id=23528, stack(0x00000084d9a00000,0x00000084d9b00000)]
  0x0000024b3a03b800 JavaThread "Thread-17" [_thread_blocked, id=8516, stack(0x00000084d9900000,0x00000084d9a00000)]
  0x0000024b3a03d800 JavaThread "Thread-16" [_thread_blocked, id=28516, stack(0x00000084d9800000,0x00000084d9900000)]
  0x0000024b3a03f000 JavaThread "Thread-15" [_thread_blocked, id=9836, stack(0x00000084d9700000,0x00000084d9800000)]
  0x0000024b3a03a800 JavaThread "Thread-14" [_thread_blocked, id=27832, stack(0x00000084d9600000,0x00000084d9700000)]
  0x0000024b32180000 JavaThread "Thread-13" [_thread_blocked, id=23652, stack(0x00000084d9500000,0x00000084d9600000)]
  0x0000024b3217f000 JavaThread "Thread-12" [_thread_blocked, id=25748, stack(0x00000084d9400000,0x00000084d9500000)]
  0x0000024b3217e800 JavaThread "Thread-11" [_thread_blocked, id=11436, stack(0x00000084d9300000,0x00000084d9400000)]
  0x0000024b32177000 JavaThread "Thread-10" [_thread_blocked, id=27556, stack(0x00000084d9200000,0x00000084d9300000)]
  0x0000024b3217d000 JavaThread "Thread-9" [_thread_blocked, id=27552, stack(0x00000084d9100000,0x00000084d9200000)]
  0x0000024b3217d800 JavaThread "Thread-8" [_thread_blocked, id=18748, stack(0x00000084d9000000,0x00000084d9100000)]
  0x0000024b3217c000 JavaThread "Thread-7" [_thread_blocked, id=30468, stack(0x00000084d8f00000,0x00000084d9000000)]
  0x0000024b3217b800 JavaThread "Thread-6" [_thread_blocked, id=26200, stack(0x00000084d8e00000,0x00000084d8f00000)]
  0x0000024b3217a800 JavaThread "Thread-5" [_thread_blocked, id=27204, stack(0x00000084d8d00000,0x00000084d8e00000)]
  0x0000024b3217a000 JavaThread "Thread-4" [_thread_blocked, id=28012, stack(0x00000084d8c00000,0x00000084d8d00000)]
  0x0000024b32176000 JavaThread "Thread-3" daemon [_thread_in_native, id=7856, stack(0x00000084d8a00000,0x00000084d8b00000)]
  0x0000024b32179000 JavaThread "JavaFX-Launcher" [_thread_blocked, id=23912, stack(0x00000084d8b00000,0x00000084d8c00000)]
  0x0000024b31cd9000 JavaThread "JavaFX Application Thread" [_thread_in_Java, id=5692, stack(0x00000084d8700000,0x00000084d8800000)]
  0x0000024b31cf3800 JavaThread "Thread-1" daemon [_thread_blocked, id=8232, stack(0x00000084d8600000,0x00000084d8700000)]
  0x0000024b31a2e000 JavaThread "QuantumRenderer-0" daemon [_thread_blocked, id=10040, stack(0x00000084d8400000,0x00000084d8500000)]
  0x0000024b2f1db800 JavaThread "Service Thread" daemon [_thread_blocked, id=27876, stack(0x00000084d8200000,0x00000084d8300000)]
  0x0000024b2f1b6000 JavaThread "C1 CompilerThread3" daemon [_thread_blocked, id=28880, stack(0x00000084d8100000,0x00000084d8200000)]
=>0x0000024b2f1b2000 JavaThread "C2 CompilerThread2" daemon [_thread_in_native, id=3900, stack(0x00000084d8000000,0x00000084d8100000)]
  0x0000024b2f1a3800 JavaThread "C2 CompilerThread1" daemon [_thread_blocked, id=21864, stack(0x00000084d7f00000,0x00000084d8000000)]
  0x0000024b2f1a2000 JavaThread "C2 CompilerThread0" daemon [_thread_blocked, id=660, stack(0x00000084d7e00000,0x00000084d7f00000)]
  0x0000024b2f19f000 JavaThread "Attach Listener" daemon [_thread_blocked, id=22904, stack(0x00000084d7d00000,0x00000084d7e00000)]
  0x0000024b2f19e000 JavaThread "Signal Dispatcher" daemon [_thread_blocked, id=8384, stack(0x00000084d7c00000,0x00000084d7d00000)]
  0x0000024b2f17c000 JavaThread "Finalizer" daemon [_thread_blocked, id=5032, stack(0x00000084d7b00000,0x00000084d7c00000)]
  0x0000024b2f154800 JavaThread "Reference Handler" daemon [_thread_blocked, id=24400, stack(0x00000084d7a00000,0x00000084d7b00000)]
  0x0000024b145d1800 JavaThread "main" [_thread_blocked, id=24032, stack(0x00000084d6e00000,0x00000084d6f00000)]

Other Threads:
  0x0000024b2f14b800 VMThread [stack: 0x00000084d7900000,0x00000084d7a00000] [id=16444]
  0x0000024b2f1de800 WatcherThread [stack: 0x00000084d8300000,0x00000084d8400000] [id=18400]

VM state:not at safepoint (normal execution)

VM Mutex/Monitor currently owned by a thread: None

heap address: 0x00000006c2c00000, size: 4052 MB, Compressed Oops mode: Zero based, Oop shift amount: 3
Narrow klass base: 0x0000000000000000, Narrow klass shift: 3
Compressed class space size: 1073741824 Address: 0x00000007c0000000

Heap:
 PSYoungGen      total 369152K, used 31105K [0x000000076b980000, 0x0000000783b80000, 0x00000007c0000000)
  eden space 350720K, 3% used [0x000000076b980000,0x000000076c66a410,0x0000000781000000)
  from space 18432K, 97% used [0x0000000781780000,0x00000007828f6220,0x0000000782980000)
  to   space 14336K, 0% used [0x0000000782d80000,0x0000000782d80000,0x0000000783b80000)
 ParOldGen       total 624640K, used 418070K [0x00000006c2c00000, 0x00000006e8e00000, 0x000000076b980000)
  object space 624640K, 66% used [0x00000006c2c00000,0x00000006dc445950,0x00000006e8e00000)
 Metaspace       used 13224K, capacity 13784K, committed 14080K, reserved 1060864K
  class space    used 1803K, capacity 1962K, committed 2048K, reserved 1048576K

Card table byte_map: [0x0000024b252c0000,0x0000024b25ab0000] byte_map_base: 0x0000024b21caa000

Marking Bits: (ParMarkBitMap*) 0x000000006b9a4fb0
 Begin Bits: [0x0000024b26000000, 0x0000024b29f50000)
 End Bits:   [0x0000024b29f50000, 0x0000024b2dea0000)

Polling page: 0x0000024b14720000

CodeCache: size=245760Kb used=5378Kb max_used=5393Kb free=240381Kb
 bounds [0x0000024b15f00000, 0x0000024b16450000, 0x0000024b24f00000]
 total_blobs=2330 nmethods=1691 adapters=551
 compilation: enabled

Compilation events (10 events):
Event: 4.129 Thread 0x0000024b2f1b6000 1688       1       com.sun.javafx.tk.quantum.PaintRenderJob::getScene (5 bytes)
Event: 4.129 Thread 0x0000024b2f1b6000 nmethod 1688 0x0000024b16441290 code [0x0000024b164413e0, 0x0000024b164414f8]
Event: 4.129 Thread 0x0000024b2f1b6000 1689       1       com.sun.javafx.tk.quantum.QuantumToolkit::hasNativeSystemVsync (5 bytes)
Event: 4.129 Thread 0x0000024b2f1b6000 nmethod 1689 0x0000024b16441550 code [0x0000024b164416a0, 0x0000024b164417b8]
Event: 4.129 Thread 0x0000024b2f1b6000 1690       1       com.sun.prism.d3d.D3DPipeline::isVsyncSupported (2 bytes)
Event: 4.129 Thread 0x0000024b2f1b6000 nmethod 1690 0x0000024b16441810 code [0x0000024b16441960, 0x0000024b16441a78]
Event: 4.129 Thread 0x0000024b2f1b6000 1691       3       com.sun.javafx.geom.RectBounds::setBounds (33 bytes)
Event: 4.129 Thread 0x0000024b2f1b6000 nmethod 1691 0x0000024b16441ad0 code [0x0000024b16441c40, 0x0000024b16442138]
Event: 4.162 Thread 0x0000024b2f1a3800 1692       4       com.sun.javafx.iio.gif.GIFImageLoader2$LZWDecoder::readData (52 bytes)
Event: 4.170 Thread 0x0000024b2f1a3800 nmethod 1692 0x0000024b16445fd0 code [0x0000024b16446180, 0x0000024b164472a8]

GC Heap History (10 events):
Event: 1.339 GC heap before
{Heap before GC invocations=7 (full 2):
 PSYoungGen      total 140800K, used 2506K [0x000000076b980000, 0x000000077c000000, 0x00000007c0000000)
  eden space 130048K, 0% used [0x000000076b980000,0x000000076b980000,0x0000000773880000)
  from space 10752K, 23% used [0x0000000773880000,0x0000000773af28d0,0x0000000774300000)
  to   space 13312K, 0% used [0x000000077b300000,0x000000077b300000,0x000000077c000000)
 ParOldGen       total 293888K, used 270319K [0x00000006c2c00000, 0x00000006d4b00000, 0x000000076b980000)
  object space 293888K, 91% used [0x00000006c2c00000,0x00000006d33fbd10,0x00000006d4b00000)
 Metaspace       used 10473K, capacity 10882K, committed 11136K, reserved 1058816K
  class space    used 1465K, capacity 1571K, committed 1664K, reserved 1048576K
Event: 1.377 GC heap after
Heap after GC invocations=7 (full 2):
 PSYoungGen      total 140800K, used 0K [0x000000076b980000, 0x000000077c000000, 0x00000007c0000000)
  eden space 130048K, 0% used [0x000000076b980000,0x000000076b980000,0x0000000773880000)
  from space 10752K, 0% used [0x0000000773880000,0x0000000773880000,0x0000000774300000)
  to   space 13312K, 0% used [0x000000077b300000,0x000000077b300000,0x000000077c000000)
 ParOldGen       total 465920K, used 271354K [0x00000006c2c00000, 0x00000006df300000, 0x000000076b980000)
  object space 465920K, 58% used [0x00000006c2c00000,0x00000006d34feb40,0x00000006df300000)
 Metaspace       used 10473K, capacity 10882K, committed 11136K, reserved 1058816K
  class space    used 1465K, capacity 1571K, committed 1664K, reserved 1048576K
}
Event: 1.418 GC heap before
{Heap before GC invocations=8 (full 2):
 PSYoungGen      total 140800K, used 116194K [0x000000076b980000, 0x000000077c000000, 0x00000007c0000000)
  eden space 130048K, 89% used [0x000000076b980000,0x0000000772af8998,0x0000000773880000)
  from space 10752K, 0% used [0x0000000773880000,0x0000000773880000,0x0000000774300000)
  to   space 13312K, 0% used [0x000000077b300000,0x000000077b300000,0x000000077c000000)
 ParOldGen       total 465920K, used 271354K [0x00000006c2c00000, 0x00000006df300000, 0x000000076b980000)
  object space 465920K, 58% used [0x00000006c2c00000,0x00000006d34feb40,0x00000006df300000)
 Metaspace       used 10473K, capacity 10882K, committed 11136K, reserved 1058816K
  class space    used 1465K, capacity 1571K, committed 1664K, reserved 1048576K
Event: 1.444 GC heap after
Heap after GC invocations=8 (full 2):
 PSYoungGen      total 249344K, used 923K [0x000000076b980000, 0x000000077be00000, 0x00000007c0000000)
  eden space 238080K, 0% used [0x000000076b980000,0x000000076b980000,0x000000077a200000)
  from space 11264K, 8% used [0x000000077b300000,0x000000077b3e6e58,0x000000077be00000)
  to   space 14336K, 0% used [0x000000077a200000,0x000000077a200000,0x000000077b000000)
 ParOldGen       total 465920K, used 383854K [0x00000006c2c00000, 0x00000006df300000, 0x000000076b980000)
  object space 465920K, 82% used [0x00000006c2c00000,0x00000006da2dbb90,0x00000006df300000)
 Metaspace       used 10473K, capacity 10882K, committed 11136K, reserved 1058816K
  class space    used 1465K, capacity 1571K, committed 1664K, reserved 1048576K
}
Event: 1.444 GC heap before
{Heap before GC invocations=9 (full 3):
 PSYoungGen      total 249344K, used 923K [0x000000076b980000, 0x000000077be00000, 0x00000007c0000000)
  eden space 238080K, 0% used [0x000000076b980000,0x000000076b980000,0x000000077a200000)
  from space 11264K, 8% used [0x000000077b300000,0x000000077b3e6e58,0x000000077be00000)
  to   space 14336K, 0% used [0x000000077a200000,0x000000077a200000,0x000000077b000000)
 ParOldGen       total 465920K, used 383854K [0x00000006c2c00000, 0x00000006df300000, 0x000000076b980000)
  object space 465920K, 82% used [0x00000006c2c00000,0x00000006da2dbb90,0x00000006df300000)
 Metaspace       used 10473K, capacity 10882K, committed 11136K, reserved 1058816K
  class space    used 1465K, capacity 1571K, committed 1664K, reserved 1048576K
Event: 1.495 GC heap after
Heap after GC invocations=9 (full 3):
 PSYoungGen      total 249344K, used 0K [0x000000076b980000, 0x000000077be00000, 0x00000007c0000000)
  eden space 238080K, 0% used [0x000000076b980000,0x000000076b980000,0x000000077a200000)
  from space 11264K, 0% used [0x000000077b300000,0x000000077b300000,0x000000077be00000)
  to   space 14336K, 0% used [0x000000077a200000,0x000000077a200000,0x000000077b000000)
 ParOldGen       total 624640K, used 383813K [0x00000006c2c00000, 0x00000006e8e00000, 0x000000076b980000)
  object space 624640K, 61% used [0x00000006c2c00000,0x00000006da2d16f0,0x00000006e8e00000)
 Metaspace       used 10473K, capacity 10882K, committed 11136K, reserved 1058816K
  class space    used 1465K, capacity 1571K, committed 1664K, reserved 1048576K
}
Event: 3.386 GC heap before
{Heap before GC invocations=10 (full 3):
 PSYoungGen      total 249344K, used 229798K [0x000000076b980000, 0x000000077be00000, 0x00000007c0000000)
  eden space 238080K, 96% used [0x000000076b980000,0x00000007799e99c0,0x000000077a200000)
  from space 11264K, 0% used [0x000000077b300000,0x000000077b300000,0x000000077be00000)
  to   space 14336K, 0% used [0x000000077a200000,0x000000077a200000,0x000000077b000000)
 ParOldGen       total 624640K, used 383813K [0x00000006c2c00000, 0x00000006e8e00000, 0x000000076b980000)
  object space 624640K, 61% used [0x00000006c2c00000,0x00000006da2d16f0,0x00000006e8e00000)
 Metaspace       used 12919K, capacity 13462K, committed 13568K, reserved 1060864K
  class space    used 1792K, capacity 1961K, committed 2048K, reserved 1048576K
Event: 3.402 GC heap after
Heap after GC invocations=10 (full 3):
 PSYoungGen      total 252416K, used 14153K [0x000000076b980000, 0x0000000783e00000, 0x00000007c0000000)
  eden space 238080K, 0% used [0x000000076b980000,0x000000076b980000,0x000000077a200000)
  from space 14336K, 98% used [0x000000077a200000,0x000000077afd2410,0x000000077b000000)
  to   space 16896K, 0% used [0x0000000782d80000,0x0000000782d80000,0x0000000783e00000)
 ParOldGen       total 624640K, used 414748K [0x00000006c2c00000, 0x00000006e8e00000, 0x000000076b980000)
  object space 624640K, 66% used [0x00000006c2c00000,0x00000006dc107040,0x00000006e8e00000)
 Metaspace       used 12919K, capacity 13462K, committed 13568K, reserved 1060864K
  class space    used 1792K, capacity 1961K, committed 2048K, reserved 1048576K
}
Event: 3.660 GC heap before
{Heap before GC invocations=11 (full 3):
 PSYoungGen      total 252416K, used 246427K [0x000000076b980000, 0x0000000783e00000, 0x00000007c0000000)
  eden space 238080K, 97% used [0x000000076b980000,0x0000000779c54a28,0x000000077a200000)
  from space 14336K, 98% used [0x000000077a200000,0x000000077afd2410,0x000000077b000000)
  to   space 16896K, 0% used [0x0000000782d80000,0x0000000782d80000,0x0000000783e00000)
 ParOldGen       total 624640K, used 414748K [0x00000006c2c00000, 0x00000006e8e00000, 0x000000076b980000)
  object space 624640K, 66% used [0x00000006c2c00000,0x00000006dc107040,0x00000006e8e00000)
 Metaspace       used 13064K, capacity 13592K, committed 13824K, reserved 1060864K
  class space    used 1802K, capacity 1962K, committed 2048K, reserved 1048576K
Event: 3.671 GC heap after
Heap after GC invocations=11 (full 3):
 PSYoungGen      total 365056K, used 14299K [0x000000076b980000, 0x0000000783b80000, 0x00000007c0000000)
  eden space 350720K, 0% used [0x000000076b980000,0x000000076b980000,0x0000000781000000)
  from space 14336K, 99% used [0x0000000782d80000,0x0000000783b76e90,0x0000000783b80000)
  to   space 18432K, 0% used [0x0000000781780000,0x0000000781780000,0x0000000782980000)
 ParOldGen       total 624640K, used 418062K [0x00000006c2c00000, 0x00000006e8e00000, 0x000000076b980000)
  object space 624640K, 66% used [0x00000006c2c00000,0x00000006dc443950,0x00000006e8e00000)
 Metaspace       used 13064K, capacity 13592K, committed 13824K, reserved 1060864K
  class space    used 1802K, capacity 1962K, committed 2048K, reserved 1048576K
}

Deoptimization events (10 events):
Event: 1.814 Thread 0x0000024b31cd9000 Uncommon trap: reason=unstable_if action=reinterpret pc=0x0000024b16165630 method=com.sun.javafx.iio.png.PNGImageLoader2.paethPr(III)I @ 30
Event: 1.814 Thread 0x0000024b31cd9000 Uncommon trap: reason=unstable_if action=reinterpret pc=0x0000024b1615cdac method=java.lang.Math.abs(I)I @ 1
Event: 1.968 Thread 0x0000024b31cd9000 Uncommon trap: reason=class_check action=maybe_recompile pc=0x0000024b161ae1a8 method=java.io.DataInputStream.readShort()S @ 4
Event: 1.968 Thread 0x0000024b31cd9000 Uncommon trap: reason=class_check action=maybe_recompile pc=0x0000024b161ae1a8 method=java.io.DataInputStream.readShort()S @ 4
Event: 1.968 Thread 0x0000024b31cd9000 Uncommon trap: reason=class_check action=maybe_recompile pc=0x0000024b161ae1a8 method=java.io.DataInputStream.readShort()S @ 4
Event: 1.968 Thread 0x0000024b31cd9000 Uncommon trap: reason=class_check action=maybe_recompile pc=0x0000024b161ae1a8 method=java.io.DataInputStream.readShort()S @ 4
Event: 1.974 Thread 0x0000024b31cd9000 Uncommon trap: reason=class_check action=maybe_recompile pc=0x0000024b1601ea00 method=java.lang.String.equals(Ljava/lang/Object;)Z @ 8
Event: 1.974 Thread 0x0000024b31cd9000 Uncommon trap: reason=class_check action=maybe_recompile pc=0x0000024b1601ea00 method=java.lang.String.equals(Ljava/lang/Object;)Z @ 8
Event: 1.974 Thread 0x0000024b31cd9000 Uncommon trap: reason=class_check action=maybe_recompile pc=0x0000024b1601ea00 method=java.lang.String.equals(Ljava/lang/Object;)Z @ 8
Event: 1.975 Thread 0x0000024b31cd9000 Uncommon trap: reason=class_check action=maybe_recompile pc=0x0000024b1601ea00 method=java.lang.String.equals(Ljava/lang/Object;)Z @ 8

Classes redefined (0 events):
No events

Internal exceptions (10 events):
Event: 4.004 Thread 0x0000024b31a2e000 Exception <a 'java/lang/NullPointerException'> (0x0000000775e60c80) thrown at [C:\jenkins\workspace\8-2-build-windows-amd64-cygwin\jdk8u261\295\hotspot\src\share\vm\interpreter\linkResolver.cpp, line 1287]
Event: 4.005 Thread 0x0000024b31a2e000 Exception <a 'java/lang/NullPointerException'> (0x0000000775e66780) thrown at [C:\jenkins\workspace\8-2-build-windows-amd64-cygwin\jdk8u261\295\hotspot\src\share\vm\interpreter\linkResolver.cpp, line 1287]
Event: 4.007 Thread 0x0000024b31a2e000 Exception <a 'java/lang/NullPointerException'> (0x0000000775e6c280) thrown at [C:\jenkins\workspace\8-2-build-windows-amd64-cygwin\jdk8u261\295\hotspot\src\share\vm\interpreter\linkResolver.cpp, line 1287]
Event: 4.008 Thread 0x0000024b31a2e000 Exception <a 'java/lang/NullPointerException'> (0x0000000775e71d80) thrown at [C:\jenkins\workspace\8-2-build-windows-amd64-cygwin\jdk8u261\295\hotspot\src\share\vm\interpreter\linkResolver.cpp, line 1287]
Event: 4.010 Thread 0x0000024b31a2e000 Exception <a 'java/lang/NullPointerException'> (0x0000000775e77880) thrown at [C:\jenkins\workspace\8-2-build-windows-amd64-cygwin\jdk8u261\295\hotspot\src\share\vm\interpreter\linkResolver.cpp, line 1287]
Event: 4.012 Thread 0x0000024b31a2e000 Exception <a 'java/lang/NullPointerException'> (0x0000000775e7d380) thrown at [C:\jenkins\workspace\8-2-build-windows-amd64-cygwin\jdk8u261\295\hotspot\src\share\vm\interpreter\linkResolver.cpp, line 1287]
Event: 4.122 Thread 0x0000024b31a2e000 Exception <a 'java/lang/NullPointerException'> (0x0000000775e82e80) thrown at [C:\jenkins\workspace\8-2-build-windows-amd64-cygwin\jdk8u261\295\hotspot\src\share\vm\interpreter\linkResolver.cpp, line 1287]
Event: 4.123 Thread 0x0000024b31cd9000 Exception <a 'java/util/ConcurrentModificationException'> (0x000000076ec55cd0) thrown at [C:\jenkins\workspace\8-2-build-windows-amd64-cygwin\jdk8u261\295\hotspot\src\share\vm\prims\jvm.cpp, line 1516]
Event: 4.128 Thread 0x0000024b31a2e000 Exception <a 'java/lang/NullPointerException'> (0x0000000775e88980) thrown at [C:\jenkins\workspace\8-2-build-windows-amd64-cygwin\jdk8u261\295\hotspot\src\share\vm\interpreter\linkResolver.cpp, line 1287]
Event: 4.130 Thread 0x0000024b31a2e000 Exception <a 'java/lang/NullPointerException'> (0x0000000775e8e480) thrown at [C:\jenkins\workspace\8-2-build-windows-amd64-cygwin\jdk8u261\295\hotspot\src\share\vm\interpreter\linkResolver.cpp, line 1287]

Events (10 events):
Event: 3.568 loading class com/sun/prism/shader/FillPgram_Color_Loader
Event: 3.568 loading class com/sun/prism/shader/FillPgram_Color_Loader done
Event: 3.660 Executing VM operation: ParallelGCFailedAllocation
Event: 3.671 Executing VM operation: ParallelGCFailedAllocation done
Event: 3.707 Thread 0x0000024b31cd9000 DEOPT PACKING pc=0x0000024b161f008f sp=0x00000084d87fcf90
Event: 3.707 Thread 0x0000024b31cd9000 DEOPT UNPACKING pc=0x0000024b15f47898 sp=0x00000084d87fcca8 mode 0
Event: 3.708 Thread 0x0000024b31cd9000 DEOPT PACKING pc=0x0000024b161f008f sp=0x00000084d87fcf90
Event: 3.708 Thread 0x0000024b31cd9000 DEOPT UNPACKING pc=0x0000024b15f47898 sp=0x00000084d87fcca8 mode 0
Event: 4.118 Executing VM operation: EnableBiasedLocking
Event: 4.120 Executing VM operation: EnableBiasedLocking done


Dynamic libraries:
0x00007ff750670000 - 0x00007ff7506b7000 	C:\Program Files\Java\jre1.8.0_261\bin\javaw.exe
0x00007ffffc060000 - 0x00007ffffc269000 	C:\WINDOWS\SYSTEM32\ntdll.dll
0x00007ffffae20000 - 0x00007ffffaede000 	C:\WINDOWS\System32\KERNEL32.DLL
0x00007ffff9760000 - 0x00007ffff9adb000 	C:\WINDOWS\System32\KERNELBASE.dll
0x00007ffffa730000 - 0x00007ffffa7de000 	C:\WINDOWS\System32\ADVAPI32.dll
0x00007ffffa3b0000 - 0x00007ffffa453000 	C:\WINDOWS\System32\msvcrt.dll
0x00007ffffa5c0000 - 0x00007ffffa65e000 	C:\WINDOWS\System32\sechost.dll
0x00007ffffb490000 - 0x00007ffffb5b0000 	C:\WINDOWS\System32\RPCRT4.dll
0x00007ffffab80000 - 0x00007ffffad2d000 	C:\WINDOWS\System32\USER32.dll
0x00007ffff9c00000 - 0x00007ffff9c26000 	C:\WINDOWS\System32\win32u.dll
0x00007ffffb070000 - 0x00007ffffb099000 	C:\WINDOWS\System32\GDI32.dll
0x00007ffff9c30000 - 0x00007ffff9d48000 	C:\WINDOWS\System32\gdi32full.dll
0x00007ffff9b60000 - 0x00007ffff9bfd000 	C:\WINDOWS\System32\msvcp_win.dll
0x00007ffff9dc0000 - 0x00007ffff9ed1000 	C:\WINDOWS\System32\ucrtbase.dll
0x00007fffdc480000 - 0x00007fffdc725000 	C:\WINDOWS\WinSxS\amd64_microsoft.windows.common-controls_6595b64144ccf1df_6.0.22000.120_none_9d947278b86cc467\COMCTL32.dll
0x00007ffffaee0000 - 0x00007ffffaf12000 	C:\WINDOWS\System32\IMM32.DLL
0x00007fffcdcd0000 - 0x00007fffcdce5000 	C:\Program Files\Java\jre1.8.0_261\bin\vcruntime140.dll
0x00007fffbe510000 - 0x00007fffbe5ab000 	C:\Program Files\Java\jre1.8.0_261\bin\msvcp140.dll
0x000000006b1b0000 - 0x000000006ba1c000 	C:\Program Files\Java\jre1.8.0_261\bin\server\jvm.dll
0x00007ffffb060000 - 0x00007ffffb068000 	C:\WINDOWS\System32\PSAPI.DLL
0x00007fffe7db0000 - 0x00007fffe7db9000 	C:\WINDOWS\SYSTEM32\WSOCK32.dll
0x00007fffe8e50000 - 0x00007fffe8e83000 	C:\WINDOWS\SYSTEM32\WINMM.dll
0x00007ffff4310000 - 0x00007ffff431a000 	C:\WINDOWS\SYSTEM32\VERSION.dll
0x00007ffffa460000 - 0x00007ffffa4cf000 	C:\WINDOWS\System32\WS2_32.dll
0x00007ffff8660000 - 0x00007ffff8678000 	C:\WINDOWS\SYSTEM32\kernel.appcore.dll
0x00007fffe7da0000 - 0x00007fffe7db0000 	C:\Program Files\Java\jre1.8.0_261\bin\verify.dll
0x00007fffe79a0000 - 0x00007fffe79cb000 	C:\Program Files\Java\jre1.8.0_261\bin\java.dll
0x00007fffe4930000 - 0x00007fffe4948000 	C:\Program Files\Java\jre1.8.0_261\bin\zip.dll
0x00007ffffb6b0000 - 0x00007ffffbe67000 	C:\WINDOWS\System32\SHELL32.dll
0x00007ffff75f0000 - 0x00007ffff7e55000 	C:\WINDOWS\SYSTEM32\windows.storage.dll
0x00007ffffa7e0000 - 0x00007ffffab58000 	C:\WINDOWS\System32\combase.dll
0x00007ffff7480000 - 0x00007ffff75e6000 	C:\WINDOWS\SYSTEM32\wintypes.dll
0x00007ffffad30000 - 0x00007ffffae1a000 	C:\WINDOWS\System32\SHCORE.dll
0x00007ffffa350000 - 0x00007ffffa3ad000 	C:\WINDOWS\System32\shlwapi.dll
0x00007ffff9460000 - 0x00007ffff9481000 	C:\WINDOWS\SYSTEM32\profapi.dll
0x0000024b31a30000 - 0x0000024b31a33000 	C:\Program Files\Java\jre1.8.0_261\bin\api-ms-win-core-console-l1-1-0.dll
0x0000024b31a40000 - 0x0000024b31a43000 	C:\Program Files\Java\jre1.8.0_261\bin\api-ms-win-core-datetime-l1-1-0.dll
0x0000024b31a50000 - 0x0000024b31a53000 	C:\Program Files\Java\jre1.8.0_261\bin\api-ms-win-core-debug-l1-1-0.dll
0x0000024b31a60000 - 0x0000024b31a63000 	C:\Program Files\Java\jre1.8.0_261\bin\api-ms-win-core-errorhandling-l1-1-0.dll
0x0000024b31a70000 - 0x0000024b31a74000 	C:\Program Files\Java\jre1.8.0_261\bin\api-ms-win-core-file-l1-1-0.dll
0x0000024b31a80000 - 0x0000024b31a83000 	C:\Program Files\Java\jre1.8.0_261\bin\api-ms-win-core-file-l1-2-0.dll
0x0000024b31a90000 - 0x0000024b31a93000 	C:\Program Files\Java\jre1.8.0_261\bin\api-ms-win-core-file-l2-1-0.dll
0x0000024b31aa0000 - 0x0000024b31aa3000 	C:\Program Files\Java\jre1.8.0_261\bin\api-ms-win-core-handle-l1-1-0.dll
0x0000024b31ab0000 - 0x0000024b31ab3000 	C:\Program Files\Java\jre1.8.0_261\bin\api-ms-win-core-heap-l1-1-0.dll
0x0000024b31ac0000 - 0x0000024b31ac3000 	C:\Program Files\Java\jre1.8.0_261\bin\api-ms-win-core-interlocked-l1-1-0.dll
0x0000024b31ad0000 - 0x0000024b31ad3000 	C:\Program Files\Java\jre1.8.0_261\bin\api-ms-win-core-libraryloader-l1-1-0.dll
0x0000024b31ae0000 - 0x0000024b31ae3000 	C:\Program Files\Java\jre1.8.0_261\bin\api-ms-win-core-localization-l1-2-0.dll
0x0000024b31af0000 - 0x0000024b31af3000 	C:\Program Files\Java\jre1.8.0_261\bin\api-ms-win-core-memory-l1-1-0.dll
0x0000024b31b00000 - 0x0000024b31b03000 	C:\Program Files\Java\jre1.8.0_261\bin\api-ms-win-core-namedpipe-l1-1-0.dll
0x0000024b31b10000 - 0x0000024b31b13000 	C:\Program Files\Java\jre1.8.0_261\bin\api-ms-win-core-processenvironment-l1-1-0.dll
0x0000024b31b20000 - 0x0000024b31b23000 	C:\Program Files\Java\jre1.8.0_261\bin\api-ms-win-core-processthreads-l1-1-0.dll
0x0000024b31b30000 - 0x0000024b31b33000 	C:\Program Files\Java\jre1.8.0_261\bin\api-ms-win-core-processthreads-l1-1-1.dll
0x0000024b31b40000 - 0x0000024b31b43000 	C:\Program Files\Java\jre1.8.0_261\bin\api-ms-win-core-profile-l1-1-0.dll
0x0000024b31b50000 - 0x0000024b31b53000 	C:\Program Files\Java\jre1.8.0_261\bin\api-ms-win-core-rtlsupport-l1-1-0.dll
0x0000024b31b60000 - 0x0000024b31b63000 	C:\Program Files\Java\jre1.8.0_261\bin\api-ms-win-core-string-l1-1-0.dll
0x0000024b31b70000 - 0x0000024b31b73000 	C:\Program Files\Java\jre1.8.0_261\bin\api-ms-win-core-synch-l1-1-0.dll
0x0000024b31b80000 - 0x0000024b31b83000 	C:\Program Files\Java\jre1.8.0_261\bin\api-ms-win-core-synch-l1-2-0.dll
0x0000024b31b90000 - 0x0000024b31b93000 	C:\Program Files\Java\jre1.8.0_261\bin\api-ms-win-core-sysinfo-l1-1-0.dll
0x0000024b31ba0000 - 0x0000024b31ba3000 	C:\Program Files\Java\jre1.8.0_261\bin\api-ms-win-core-timezone-l1-1-0.dll
0x0000024b31bb0000 - 0x0000024b31bb3000 	C:\Program Files\Java\jre1.8.0_261\bin\api-ms-win-core-util-l1-1-0.dll
0x0000024b31bc0000 - 0x0000024b31bc3000 	C:\Program Files\Java\jre1.8.0_261\bin\api-ms-win-crt-conio-l1-1-0.dll
0x0000024b31bd0000 - 0x0000024b31bd4000 	C:\Program Files\Java\jre1.8.0_261\bin\api-ms-win-crt-convert-l1-1-0.dll
0x0000024b31be0000 - 0x0000024b31be3000 	C:\Program Files\Java\jre1.8.0_261\bin\api-ms-win-crt-environment-l1-1-0.dll
0x0000024b31bf0000 - 0x0000024b31bf3000 	C:\Program Files\Java\jre1.8.0_261\bin\api-ms-win-crt-filesystem-l1-1-0.dll
0x0000024b31c00000 - 0x0000024b31c03000 	C:\Program Files\Java\jre1.8.0_261\bin\api-ms-win-crt-heap-l1-1-0.dll
0x0000024b31c10000 - 0x0000024b31c13000 	C:\Program Files\Java\jre1.8.0_261\bin\api-ms-win-crt-locale-l1-1-0.dll
0x0000024b31c20000 - 0x0000024b31c25000 	C:\Program Files\Java\jre1.8.0_261\bin\api-ms-win-crt-math-l1-1-0.dll
0x0000024b31c30000 - 0x0000024b31c35000 	C:\Program Files\Java\jre1.8.0_261\bin\api-ms-win-crt-multibyte-l1-1-0.dll
0x0000024b31c40000 - 0x0000024b31c50000 	C:\Program Files\Java\jre1.8.0_261\bin\api-ms-win-crt-private-l1-1-0.dll
0x0000024b31c50000 - 0x0000024b31c53000 	C:\Program Files\Java\jre1.8.0_261\bin\api-ms-win-crt-process-l1-1-0.dll
0x0000024b31c60000 - 0x0000024b31c64000 	C:\Program Files\Java\jre1.8.0_261\bin\api-ms-win-crt-runtime-l1-1-0.dll
0x0000024b31c70000 - 0x0000024b31c74000 	C:\Program Files\Java\jre1.8.0_261\bin\api-ms-win-crt-stdio-l1-1-0.dll
0x0000024b31c80000 - 0x0000024b31c84000 	C:\Program Files\Java\jre1.8.0_261\bin\api-ms-win-crt-string-l1-1-0.dll
0x0000024b31c90000 - 0x0000024b31c93000 	C:\Program Files\Java\jre1.8.0_261\bin\api-ms-win-crt-time-l1-1-0.dll
0x0000024b31ca0000 - 0x0000024b31ca3000 	C:\Program Files\Java\jre1.8.0_261\bin\api-ms-win-crt-utility-l1-1-0.dll
0x00007fffba090000 - 0x00007fffba18c000 	C:\Program Files\Java\jre1.8.0_261\bin\ucrtbase.dll
0x00007fffbc300000 - 0x00007fffbc351000 	C:\Program Files\Java\jre1.8.0_261\bin\concrt140.dll
0x00007fffcb520000 - 0x00007fffcb543000 	C:\Program Files\Java\jre1.8.0_261\bin\prism_d3d.dll
0x00007fffdc2d0000 - 0x00007fffdc476000 	C:\WINDOWS\system32\d3d9.dll
0x00007ffff6fb0000 - 0x00007ffff6fdf000 	C:\WINDOWS\SYSTEM32\dwmapi.dll
0x00007ffff6df0000 - 0x00007ffff6e28000 	C:\WINDOWS\SYSTEM32\dxcore.dll
0x00007ffff6b40000 - 0x00007ffff6bec000 	C:\WINDOWS\system32\uxtheme.dll
0x00007ffff2ce0000 - 0x00007ffff2d24000 	C:\WINDOWS\SYSTEM32\directxdatabasehelper.dll
0x00007ffff8680000 - 0x00007ffff86b4000 	C:\WINDOWS\SYSTEM32\ntmarta.dll
0x00007ffff8dc0000 - 0x00007ffff8dd2000 	C:\WINDOWS\SYSTEM32\msasn1.dll
0x00007ffff14b0000 - 0x00007ffff14e1000 	C:\WINDOWS\SYSTEM32\cryptnet.dll
0x00007ffff9530000 - 0x00007ffff9692000 	C:\WINDOWS\System32\CRYPT32.dll
0x00007ffff8d50000 - 0x00007ffff8d5c000 	C:\WINDOWS\SYSTEM32\cryptbase.dll
0x00007ffff9d50000 - 0x00007ffff9db8000 	C:\WINDOWS\System32\WINTRUST.DLL
0x00007ffffb5b0000 - 0x00007ffffb5cf000 	C:\WINDOWS\System32\imagehlp.dll
0x00007ffff8d30000 - 0x00007ffff8d48000 	C:\WINDOWS\SYSTEM32\CRYPTSP.dll
0x00007ffff85c0000 - 0x00007ffff85f5000 	C:\WINDOWS\system32\rsaenh.dll
0x00007ffff9ae0000 - 0x00007ffff9b5f000 	C:\WINDOWS\System32\bcryptPrimitives.dll
0x00007ffff8f10000 - 0x00007ffff8f37000 	C:\WINDOWS\SYSTEM32\bcrypt.dll
0x00007fffbc180000 - 0x00007fffbc1c5000 	C:\Program Files\Java\jre1.8.0_261\bin\glass.dll
0x00007ffffa4d0000 - 0x00007ffffa5bc000 	C:\WINDOWS\System32\COMDLG32.dll
0x00007ffffbe80000 - 0x00007ffffc01a000 	C:\WINDOWS\System32\ole32.dll
0x00007ffffaf80000 - 0x00007ffffb056000 	C:\WINDOWS\System32\OLEAUT32.dll
0x00007fff9b270000 - 0x00007fff9b3a9000 	C:\ProgramData\A-Volute\A-Volute.Nahimic\Modules\Scheduled\x64\AudioDevProps2.dll
0x00007ffffb260000 - 0x00007ffffb37d000 	C:\WINDOWS\System32\MSCTF.dll
0x00007fffb1e90000 - 0x00007fffb1fa7000 	C:\WINDOWS\System32\DriverStore\FileRepository\nvmii.inf_amd64_417542b70c8bb20a\nvldumdx.dll
0x00007ffff1360000 - 0x00007ffff14a9000 	C:\WINDOWS\SYSTEM32\drvstore.dll
0x00007ffff9270000 - 0x00007ffff929c000 	C:\WINDOWS\SYSTEM32\devobj.dll
0x00007ffff9220000 - 0x00007ffff926c000 	C:\WINDOWS\SYSTEM32\CFGMGR32.dll
0x00007ffff8e50000 - 0x00007ffff8e91000 	C:\WINDOWS\SYSTEM32\wldp.dll
0x00007fff860d0000 - 0x00007fff878da000 	C:\WINDOWS\System32\DriverStore\FileRepository\nvmii.inf_amd64_417542b70c8bb20a\nvd3dumx.dll
0x00007fffa6fb0000 - 0x00007fffa7277000 	C:\WINDOWS\system32\nvspcap64.dll
0x00007ffff8b70000 - 0x00007ffff8b94000 	C:\WINDOWS\SYSTEM32\gpapi.dll
0x00007fff9c300000 - 0x00007fff9c4af000 	C:\WINDOWS\System32\DriverStore\FileRepository\iigd_dch.inf_amd64_51f685305808e3a5\igdumdim64.dll
0x00007fff937c0000 - 0x00007fff96863000 	C:\WINDOWS\System32\DriverStore\FileRepository\iigd_dch.inf_amd64_51f685305808e3a5\igd9dxva64.dll
0x00007ffff9ee0000 - 0x00007ffffa34c000 	C:\WINDOWS\System32\SETUPAPI.dll
0x00007fffed990000 - 0x00007fffedd99000 	C:\WINDOWS\System32\DriverStore\FileRepository\iigd_dch.inf_amd64_51f685305808e3a5\igdgmm64.dll
0x00007fff87ce0000 - 0x00007fff87d07000 	C:\WINDOWS\System32\DriverStore\FileRepository\iigd_dch.inf_amd64_51f685305808e3a5\igdinfo64.dll
0x00007fffe9740000 - 0x00007fffeced4000 	C:\WINDOWS\System32\DriverStore\FileRepository\iigd_dch.inf_amd64_51f685305808e3a5\igc64.dll
0x00007fffc8660000 - 0x00007fffc8674000 	C:\Program Files\Java\jre1.8.0_261\bin\javafx_font.dll
0x00007fffc4bd0000 - 0x00007fffc4e2f000 	C:\WINDOWS\SYSTEM32\dwrite.dll
0x00007ffffb5d0000 - 0x00007ffffb685000 	C:\WINDOWS\System32\clbcatq.dll
0x00007ffff07d0000 - 0x00007ffff097e000 	C:\WINDOWS\SYSTEM32\WindowsCodecs.dll
0x00007fffc3f70000 - 0x00007fffc3fcd000 	C:\WINDOWS\system32\dataexchange.dll
0x00007fffefd50000 - 0x00007fffeffb6000 	C:\WINDOWS\system32\twinapi.appcore.dll
0x00007fffe31f0000 - 0x00007fffe3222000 	C:\Program Files\Common Files\Microsoft Shared\Ink\rtscom.dll
0x00007fffcbf50000 - 0x00007fffcc07d000 	C:\WINDOWS\SYSTEM32\textinputframework.dll
0x00007ffff6750000 - 0x00007ffff6881000 	C:\WINDOWS\SYSTEM32\CoreMessaging.dll
0x00007ffff23d0000 - 0x00007ffff273d000 	C:\WINDOWS\SYSTEM32\CoreUIComponents.dll
0x00007fffc1fe0000 - 0x00007fffc1ff2000 	C:\Program Files\Java\jre1.8.0_261\bin\prism_common.dll
0x00007fffecee0000 - 0x00007fffed101000 	C:\WINDOWS\SYSTEM32\dbghelp.dll

VM Arguments:
jvm_args: -Dfile.encoding=Cp1252 
java_command: miniprojtemplate.Main
java_class_path (initial): C:\Users\innoj\workspace\MiniProject (2).zip_expanded\MiniProject\bin;C:\Users\innoj\Desktop\Inno_general files\java\eclipse\plugins\org.eclipse.fx.ide.css.jfx8_2.4.0.201605112122.jar
Launcher Type: SUN_STANDARD

Environment Variables:
PATH=C:/Program Files/Java/jre1.8.0_261/bin/server;C:/Program Files/Java/jre1.8.0_261/bin;C:/Program Files/Java/jre1.8.0_261/lib/amd64;C:\Program Files (x86)\Common Files\Oracle\Java\javapath;C:\Windows\system32;C:\Windows;C:\Windows\System32\Wbem;C:\Windows\System32\WindowsPowerShell\v1.0\;C:\Windows\System32\OpenSSH\;C:\WINDOWS\system32;C:\WINDOWS;C:\WINDOWS\System32\Wbem;C:\WINDOWS\System32\WindowsPowerShell\v1.0\;C:\WINDOWS\System32\OpenSSH\;C:\Program Files\NVIDIA Corporation\NVIDIA NvDLISR;C:\Program Files (x86)\NVIDIA Corporation\PhysX\Common;C:\Program Files\Java\jdk1.8.0_261\bin;C:\Program Files\dotnet\;C:\Users\innoj\AppData\Local\Programs\Python\Python310\Scripts\;C:\Users\innoj\AppData\Local\Programs\Python\Python310\;C:\Users\innoj\AppData\Local\Microsoft\WindowsApps;C:\Users\innoj\AppData\Local\atom\bin;C:\Users\innoj\AppData\Local\Programs\Microsoft VS Code\bin;C:\MinGW\bin;;C:\Users\innoj\Desktop\Inno_general files\java\eclipse;
USERNAME=innoj
OS=Windows_NT
PROCESSOR_IDENTIFIER=Intel64 Family 6 Model 165 Stepping 2, GenuineIntel



---------------  S Y S T E M  ---------------

OS: Windows 10.0 , 64 bit Build 22000 (10.0.22000.1335)

CPU:total 12 (initial active 12) (6 cores per cpu, 2 threads per core) family 6 model 165 stepping 2, cmov, cx8, fxsr, mmx, sse, sse2, sse3, ssse3, sse4.1, sse4.2, popcnt, avx, avx2, aes, clmul, erms, 3dnowpref, lzcnt, ht, tsc, tscinvbit, bmi1, bmi2, adx

Memory: 4k page, physical 16594732k(571460k free), swap 66926380k(13544k free)

vm_info: Java HotSpot(TM) 64-Bit Server VM (25.261-b12) for windows-amd64 JRE (1.8.0_261-b12), built on Jun 18 2020 06:56:32 by "" with unknown MS VC++:1916

time: Sun Jan  8 21:32:42 2023
timezone: Malay Peninsula Standard Time
elapsed time: 4 seconds (0d 0h 0m 4s)

